[ 2015-12-10T22:18:37+08:00 ] 219.140.140.40 /index.php/Manage/Primer/index/type/0.html
INFO: [ app_init ] --START--
INFO: Run Behavior\BuildLiteBehavior [ RunTime:0.000027s ]
INFO: [ app_init ] --END-- [ RunTime:0.000456s ]
INFO: [ app_begin ] --START--
INFO: Run Behavior\ReadHtmlCacheBehavior [ RunTime:0.000453s ]
INFO: [ app_begin ] --END-- [ RunTime:0.000539s ]
NOTIC: [2048] Declaration of Manage\Controller\PrimerController::show() should be compatible with that of Think\Controller::show() /www/web/order_genecreate_cn/public_html/Application/Manage/Controller/PrimerController.class.php 第 6 行.
NOTIC: [2048] Non-static method Manage\Controller\UserController::isLogin() should not be called statically, assuming $this from incompatible context /www/web/order_genecreate_cn/public_html/Application/Manage/Controller/PrimerController.class.php 第 8 行.
SQL: SHOW COLUMNS FROM `ge_tp_user` [ RunTime:0.0007s ]
SQL: SELECT * FROM `ge_tp_user` WHERE (  id = '98'  ) LIMIT 1   [ RunTime:0.0001s ]
SQL: SHOW COLUMNS FROM `ge_tp_role` [ RunTime:0.0004s ]
SQL: SELECT `remark` FROM `ge_tp_role` WHERE ( id =27 ) LIMIT 1   [ RunTime:0.0001s ]
SQL: SHOW COLUMNS FROM `ge_members_info` [ RunTime:0.0006s ]
SQL: SELECT `uid` FROM `ge_members_info` WHERE `name` LIKE '%%'  [ RunTime:0.0001s ]
SQL: SHOW COLUMNS FROM `ge_orders` [ RunTime:0.0007s ]
SQL: SELECT * FROM `ge_orders` WHERE `ordertype` = 2 AND `status` = 2 ORDER BY id desc LIMIT 0,15   [ RunTime:0.0001s ]
SQL: SELECT COUNT(*) AS tp_count FROM `ge_orders` WHERE `ordertype` = 2 AND `status` = 2 LIMIT 1   [ RunTime:0.0001s ]
INFO: [ view_parse ] --START--
INFO: [ template_filter ] --START--
INFO: Run Behavior\ContentReplaceBehavior [ RunTime:0.000070s ]
INFO: [ template_filter ] --END-- [ RunTime:0.000154s ]
NOTIC: [8] Undefined variable: customer /www/web/order_genecreate_cn/public_html/Application/Runtime/Cache/Manage/f6410d2c29cde6720c67eda98b4f50d5.php 第 87 行.
SQL: SELECT * FROM `ge_members_info` WHERE ( uid = 41 ) LIMIT 1   [ RunTime:0.0002s ]
SQL: SHOW COLUMNS FROM `ge_members` [ RunTime:0.0007s ]
SQL: SELECT * FROM `ge_members` WHERE ( id = 41 ) LIMIT 1   [ RunTime:0.0001s ]
SQL: SELECT * FROM `ge_members_info` WHERE ( uid = 41 ) LIMIT 1   [ RunTime:0.0001s ]
SQL: SHOW COLUMNS FROM `ge_contents` [ RunTime:0.0004s ]
SQL: SELECT `status` FROM `ge_contents` WHERE ( flag = 0 and id_order = 1009 ) ORDER BY id desc LIMIT 1   [ RunTime:0.0001s ]
SQL: SELECT `status` FROM `ge_contents` WHERE ( flag = 0 and id_order = 1009 ) ORDER BY id desc LIMIT 1   [ RunTime:0.0001s ]
SQL: SELECT `status` FROM `ge_contents` WHERE ( flag = 0 and id_order = 1009 ) ORDER BY id desc LIMIT 1   [ RunTime:0.0001s ]
SQL: SELECT * FROM `ge_members_info` WHERE ( uid = 41 ) LIMIT 1   [ RunTime:0.0001s ]
SQL: SELECT * FROM `ge_members` WHERE ( id = 41 ) LIMIT 1   [ RunTime:0.0001s ]
SQL: SELECT * FROM `ge_members_info` WHERE ( uid = 41 ) LIMIT 1   [ RunTime:0.0001s ]
SQL: SELECT `status` FROM `ge_contents` WHERE ( flag = 0 and id_order = 1008 ) ORDER BY id desc LIMIT 1   [ RunTime:0.0001s ]
SQL: SELECT `status` FROM `ge_contents` WHERE ( flag = 0 and id_order = 1008 ) ORDER BY id desc LIMIT 1   [ RunTime:0.0001s ]
SQL: SELECT `status` FROM `ge_contents` WHERE ( flag = 0 and id_order = 1008 ) ORDER BY id desc LIMIT 1   [ RunTime:0.0001s ]
SQL: SELECT * FROM `ge_members_info` WHERE ( uid = 41 ) LIMIT 1   [ RunTime:0.0001s ]
SQL: SELECT * FROM `ge_members` WHERE ( id = 41 ) LIMIT 1   [ RunTime:0.0001s ]
SQL: SELECT * FROM `ge_members_info` WHERE ( uid = 41 ) LIMIT 1   [ RunTime:0.0001s ]
SQL: SELECT `status` FROM `ge_contents` WHERE ( flag = 0 and id_order = 1007 ) ORDER BY id desc LIMIT 1   [ RunTime:0.0001s ]
SQL: SELECT `status` FROM `ge_contents` WHERE ( flag = 0 and id_order = 1007 ) ORDER BY id desc LIMIT 1   [ RunTime:0.0001s ]
SQL: SELECT `status` FROM `ge_contents` WHERE ( flag = 0 and id_order = 1007 ) ORDER BY id desc LIMIT 1   [ RunTime:0.0001s ]
SQL: SELECT * FROM `ge_members_info` WHERE ( uid = 41 ) LIMIT 1   [ RunTime:0.0001s ]
SQL: SELECT * FROM `ge_members` WHERE ( id = 41 ) LIMIT 1   [ RunTime:0.0001s ]
SQL: SELECT * FROM `ge_members_info` WHERE ( uid = 41 ) LIMIT 1   [ RunTime:0.0001s ]
SQL: SELECT `status` FROM `ge_contents` WHERE ( flag = 0 and id_order = 1006 ) ORDER BY id desc LIMIT 1   [ RunTime:0.0001s ]
SQL: SELECT `status` FROM `ge_contents` WHERE ( flag = 0 and id_order = 1006 ) ORDER BY id desc LIMIT 1   [ RunTime:0.0001s ]
SQL: SELECT `status` FROM `ge_contents` WHERE ( flag = 0 and id_order = 1006 ) ORDER BY id desc LIMIT 1   [ RunTime:0.0001s ]
SQL: SELECT * FROM `ge_members_info` WHERE ( uid = 41 ) LIMIT 1   [ RunTime:0.0001s ]
SQL: SELECT * FROM `ge_members` WHERE ( id = 41 ) LIMIT 1   [ RunTime:0.0001s ]
SQL: SELECT * FROM `ge_members_info` WHERE ( uid = 41 ) LIMIT 1   [ RunTime:0.0001s ]
SQL: SELECT `status` FROM `ge_contents` WHERE ( flag = 0 and id_order = 1005 ) ORDER BY id desc LIMIT 1   [ RunTime:0.0001s ]
SQL: SELECT `status` FROM `ge_contents` WHERE ( flag = 0 and id_order = 1005 ) ORDER BY id desc LIMIT 1   [ RunTime:0.0001s ]
SQL: SELECT `status` FROM `ge_contents` WHERE ( flag = 0 and id_order = 1005 ) ORDER BY id desc LIMIT 1   [ RunTime:0.0001s ]
SQL: SELECT * FROM `ge_members_info` WHERE ( uid = 41 ) LIMIT 1   [ RunTime:0.0001s ]
SQL: SELECT * FROM `ge_members` WHERE ( id = 41 ) LIMIT 1   [ RunTime:0.0001s ]
SQL: SELECT * FROM `ge_members_info` WHERE ( uid = 41 ) LIMIT 1   [ RunTime:0.0001s ]
SQL: SELECT `status` FROM `ge_contents` WHERE ( flag = 0 and id_order = 1004 ) ORDER BY id desc LIMIT 1   [ RunTime:0.0001s ]
SQL: SELECT `status` FROM `ge_contents` WHERE ( flag = 0 and id_order = 1004 ) ORDER BY id desc LIMIT 1   [ RunTime:0.0001s ]
SQL: SELECT `status` FROM `ge_contents` WHERE ( flag = 0 and id_order = 1004 ) ORDER BY id desc LIMIT 1   [ RunTime:0.0001s ]
SQL: SELECT * FROM `ge_members_info` WHERE ( uid = 41 ) LIMIT 1   [ RunTime:0.0001s ]
SQL: SELECT * FROM `ge_members` WHERE ( id = 41 ) LIMIT 1   [ RunTime:0.0001s ]
SQL: SELECT * FROM `ge_members_info` WHERE ( uid = 41 ) LIMIT 1   [ RunTime:0.0001s ]
SQL: SELECT `status` FROM `ge_contents` WHERE ( flag = 0 and id_order = 1003 ) ORDER BY id desc LIMIT 1   [ RunTime:0.0001s ]
SQL: SELECT `status` FROM `ge_contents` WHERE ( flag = 0 and id_order = 1003 ) ORDER BY id desc LIMIT 1   [ RunTime:0.0001s ]
SQL: SELECT `status` FROM `ge_contents` WHERE ( flag = 0 and id_order = 1003 ) ORDER BY id desc LIMIT 1   [ RunTime:0.0001s ]
SQL: SELECT * FROM `ge_members_info` WHERE ( uid = 41 ) LIMIT 1   [ RunTime:0.0001s ]
SQL: SELECT * FROM `ge_members` WHERE ( id = 41 ) LIMIT 1   [ RunTime:0.0001s ]
SQL: SELECT * FROM `ge_members_info` WHERE ( uid = 41 ) LIMIT 1   [ RunTime:0.0001s ]
SQL: SELECT `status` FROM `ge_contents` WHERE ( flag = 0 and id_order = 1002 ) ORDER BY id desc LIMIT 1   [ RunTime:0.0001s ]
SQL: SELECT `status` FROM `ge_contents` WHERE ( flag = 0 and id_order = 1002 ) ORDER BY id desc LIMIT 1   [ RunTime:0.0001s ]
SQL: SELECT `status` FROM `ge_contents` WHERE ( flag = 0 and id_order = 1002 ) ORDER BY id desc LIMIT 1   [ RunTime:0.0001s ]
SQL: SELECT * FROM `ge_members_info` WHERE ( uid = 41 ) LIMIT 1   [ RunTime:0.0001s ]
SQL: SELECT * FROM `ge_members` WHERE ( id = 41 ) LIMIT 1   [ RunTime:0.0001s ]
SQL: SELECT * FROM `ge_members_info` WHERE ( uid = 41 ) LIMIT 1   [ RunTime:0.0001s ]
SQL: SELECT `status` FROM `ge_contents` WHERE ( flag = 0 and id_order = 1001 ) ORDER BY id desc LIMIT 1   [ RunTime:0.0001s ]
SQL: SELECT `status` FROM `ge_contents` WHERE ( flag = 0 and id_order = 1001 ) ORDER BY id desc LIMIT 1   [ RunTime:0.0001s ]
SQL: SELECT `status` FROM `ge_contents` WHERE ( flag = 0 and id_order = 1001 ) ORDER BY id desc LIMIT 1   [ RunTime:0.0001s ]
SQL: SELECT * FROM `ge_members_info` WHERE ( uid = 41 ) LIMIT 1   [ RunTime:0.0001s ]
SQL: SELECT * FROM `ge_members` WHERE ( id = 41 ) LIMIT 1   [ RunTime:0.0001s ]
SQL: SELECT * FROM `ge_members_info` WHERE ( uid = 41 ) LIMIT 1   [ RunTime:0.0001s ]
SQL: SELECT `status` FROM `ge_contents` WHERE ( flag = 0 and id_order = 1000 ) ORDER BY id desc LIMIT 1   [ RunTime:0.0001s ]
SQL: SELECT `status` FROM `ge_contents` WHERE ( flag = 0 and id_order = 1000 ) ORDER BY id desc LIMIT 1   [ RunTime:0.0001s ]
SQL: SELECT `status` FROM `ge_contents` WHERE ( flag = 0 and id_order = 1000 ) ORDER BY id desc LIMIT 1   [ RunTime:0.0001s ]
SQL: SELECT * FROM `ge_members_info` WHERE ( uid = 41 ) LIMIT 1   [ RunTime:0.0001s ]
SQL: SELECT * FROM `ge_members` WHERE ( id = 41 ) LIMIT 1   [ RunTime:0.0001s ]
SQL: SELECT * FROM `ge_members_info` WHERE ( uid = 41 ) LIMIT 1   [ RunTime:0.0001s ]
SQL: SELECT `status` FROM `ge_contents` WHERE ( flag = 0 and id_order = 999 ) ORDER BY id desc LIMIT 1   [ RunTime:0.0001s ]
SQL: SELECT `status` FROM `ge_contents` WHERE ( flag = 0 and id_order = 999 ) ORDER BY id desc LIMIT 1   [ RunTime:0.0001s ]
SQL: SELECT `status` FROM `ge_contents` WHERE ( flag = 0 and id_order = 999 ) ORDER BY id desc LIMIT 1   [ RunTime:0.0001s ]
SQL: SELECT * FROM `ge_members_info` WHERE ( uid = 41 ) LIMIT 1   [ RunTime:0.0001s ]
SQL: SELECT * FROM `ge_members` WHERE ( id = 41 ) LIMIT 1   [ RunTime:0.0001s ]
SQL: SELECT * FROM `ge_members_info` WHERE ( uid = 41 ) LIMIT 1   [ RunTime:0.0001s ]
SQL: SELECT `status` FROM `ge_contents` WHERE ( flag = 0 and id_order = 998 ) ORDER BY id desc LIMIT 1   [ RunTime:0.0001s ]
SQL: SELECT `status` FROM `ge_contents` WHERE ( flag = 0 and id_order = 998 ) ORDER BY id desc LIMIT 1   [ RunTime:0.0001s ]
SQL: SELECT `status` FROM `ge_contents` WHERE ( flag = 0 and id_order = 998 ) ORDER BY id desc LIMIT 1   [ RunTime:0.0001s ]
SQL: SELECT * FROM `ge_members_info` WHERE ( uid = 41 ) LIMIT 1   [ RunTime:0.0001s ]
SQL: SELECT * FROM `ge_members` WHERE ( id = 41 ) LIMIT 1   [ RunTime:0.0001s ]
SQL: SELECT * FROM `ge_members_info` WHERE ( uid = 41 ) LIMIT 1   [ RunTime:0.0001s ]
SQL: SELECT `status` FROM `ge_contents` WHERE ( flag = 0 and id_order = 997 ) ORDER BY id desc LIMIT 1   [ RunTime:0.0001s ]
SQL: SELECT `status` FROM `ge_contents` WHERE ( flag = 0 and id_order = 997 ) ORDER BY id desc LIMIT 1   [ RunTime:0.0001s ]
SQL: SELECT `status` FROM `ge_contents` WHERE ( flag = 0 and id_order = 997 ) ORDER BY id desc LIMIT 1   [ RunTime:0.0001s ]
SQL: SELECT * FROM `ge_members_info` WHERE ( uid = 41 ) LIMIT 1   [ RunTime:0.0001s ]
SQL: SELECT * FROM `ge_members` WHERE ( id = 41 ) LIMIT 1   [ RunTime:0.0001s ]
SQL: SELECT * FROM `ge_members_info` WHERE ( uid = 41 ) LIMIT 1   [ RunTime:0.0001s ]
SQL: SELECT `status` FROM `ge_contents` WHERE ( flag = 0 and id_order = 996 ) ORDER BY id desc LIMIT 1   [ RunTime:0.0001s ]
SQL: SELECT `status` FROM `ge_contents` WHERE ( flag = 0 and id_order = 996 ) ORDER BY id desc LIMIT 1   [ RunTime:0.0001s ]
SQL: SELECT `status` FROM `ge_contents` WHERE ( flag = 0 and id_order = 996 ) ORDER BY id desc LIMIT 1   [ RunTime:0.0001s ]
SQL: SELECT * FROM `ge_members_info` WHERE ( uid = 95 ) LIMIT 1   [ RunTime:0.0001s ]
SQL: SELECT * FROM `ge_members` WHERE ( id = 95 ) LIMIT 1   [ RunTime:0.0001s ]
SQL: SELECT * FROM `ge_members_info` WHERE ( uid = 95 ) LIMIT 1   [ RunTime:0.0001s ]
SQL: SELECT `status` FROM `ge_contents` WHERE ( flag = 0 and id_order = 995 ) ORDER BY id desc LIMIT 1   [ RunTime:0.0001s ]
SQL: SELECT `status` FROM `ge_contents` WHERE ( flag = 0 and id_order = 995 ) ORDER BY id desc LIMIT 1   [ RunTime:0.0001s ]
SQL: SELECT `status` FROM `ge_contents` WHERE ( flag = 0 and id_order = 995 ) ORDER BY id desc LIMIT 1   [ RunTime:0.0001s ]
INFO: Run Behavior\ParseTemplateBehavior [ RunTime:0.037205s ]
INFO: [ view_parse ] --END-- [ RunTime:0.037267s ]
INFO: [ view_filter ] --START--
INFO: Run Behavior\WriteHtmlCacheBehavior [ RunTime:0.000370s ]
INFO: [ view_filter ] --END-- [ RunTime:0.000420s ]
INFO: [ app_end ] --START--
INFO: Run Behavior\ShowPageTraceBehavior [ RunTime:0.000510s ]
INFO: [ app_end ] --END-- [ RunTime:0.000583s ]

