[ 2015-11-28T10:51:54+08:00 ] 117.34.111.115 /index.php/Manage/User/index.html
INFO: [ app_init ] --START--
INFO: Run Behavior\BuildLiteBehavior [ RunTime:0.000022s ]
INFO: [ app_init ] --END-- [ RunTime:0.000386s ]
INFO: [ app_begin ] --START--
INFO: Run Behavior\ReadHtmlCacheBehavior [ RunTime:0.000475s ]
INFO: [ app_begin ] --END-- [ RunTime:0.000562s ]
INFO: [ view_parse ] --START--
INFO: [ template_filter ] --START--
INFO: Run Behavior\ContentReplaceBehavior [ RunTime:0.000044s ]
INFO: [ template_filter ] --END-- [ RunTime:0.000138s ]
INFO: Run Behavior\ParseTemplateBehavior [ RunTime:0.102513s ]
INFO: [ view_parse ] --END-- [ RunTime:0.102599s ]
INFO: [ view_filter ] --START--
INFO: Run Behavior\WriteHtmlCacheBehavior [ RunTime:0.016256s ]
INFO: [ view_filter ] --END-- [ RunTime:0.016352s ]
INFO: [ app_end ] --START--
INFO: Run Behavior\ShowPageTraceBehavior [ RunTime:0.008453s ]
INFO: [ app_end ] --END-- [ RunTime:0.008536s ]

[ 2015-11-28T10:51:57+08:00 ] 117.34.111.80 /index.php/Manage/User/verify.html
INFO: [ app_init ] --START--
INFO: Run Behavior\BuildLiteBehavior [ RunTime:0.000018s ]
INFO: [ app_init ] --END-- [ RunTime:0.000342s ]
INFO: [ app_begin ] --START--
INFO: Run Behavior\ReadHtmlCacheBehavior [ RunTime:0.000458s ]
INFO: [ app_begin ] --END-- [ RunTime:0.000520s ]
INFO: [ app_end ] --START--
INFO: Run Behavior\ShowPageTraceBehavior [ RunTime:0.000631s ]
INFO: [ app_end ] --END-- [ RunTime:0.000767s ]

[ 2015-11-28T10:52:17+08:00 ] 117.34.111.115 /index.php/Manage/User/verify.html?t=1448679135314
INFO: [ app_init ] --START--
INFO: Run Behavior\BuildLiteBehavior [ RunTime:0.000015s ]
INFO: [ app_init ] --END-- [ RunTime:0.000310s ]
INFO: [ app_begin ] --START--
INFO: Run Behavior\ReadHtmlCacheBehavior [ RunTime:0.000404s ]
INFO: [ app_begin ] --END-- [ RunTime:0.000463s ]
INFO: [ app_end ] --START--
INFO: Run Behavior\ShowPageTraceBehavior [ RunTime:0.000638s ]
INFO: [ app_end ] --END-- [ RunTime:0.000737s ]

[ 2015-11-28T10:52:35+08:00 ] 117.34.111.115 /index.php/Manage/User/login.html
INFO: [ app_init ] --START--
INFO: Run Behavior\BuildLiteBehavior [ RunTime:0.000015s ]
INFO: [ app_init ] --END-- [ RunTime:0.000301s ]
INFO: [ app_begin ] --START--
INFO: Run Behavior\ReadHtmlCacheBehavior [ RunTime:0.000540s ]
INFO: [ app_begin ] --END-- [ RunTime:0.000617s ]
SQL: SHOW COLUMNS FROM `ge_tp_user` [ RunTime:0.0167s ]
SQL: SELECT * FROM `ge_tp_user` WHERE ( username = '易海'  ) LIMIT 1   [ RunTime:0.0210s ]
SQL: SHOW COLUMNS FROM `ge_tp_role` [ RunTime:0.0007s ]
NOTIC: [8] Undefined index: mapping_order /www/web/order_genecreate_cn/public_html/ThinkPHP/Library/Think/Model/RelationModel.class.php 第 186 行.
NOTIC: [8] Undefined index: mapping_limit /www/web/order_genecreate_cn/public_html/ThinkPHP/Library/Think/Model/RelationModel.class.php 第 187 行.
SQL: SELECT b.id,name FROM ge_tp_role_user AS a, ge_tp_role AS b WHERE a.role_id = b.id AND a. user_id='84' [ RunTime:0.0001s ]
NOTIC: [8] Undefined index: superadmin /www/web/order_genecreate_cn/public_html/ThinkPHP/Library/Org/Util/Rbac.class.php 第 88 行.
SQL: select node.id,node.name from ge_tp_role as role,ge_tp_role_user as user,ge_tp_access as access ,ge_tp_node as node where user.user_id='84' and user.role_id=role.id and ( access.role_id=role.id  or (access.role_id=role.pid and role.pid!=0 ) ) and role.status=1 and access.node_id=node.id and node.level=1 and node.status=1 [ RunTime:0.0001s ]
SQL: select node.id,node.name from ge_tp_role as role,ge_tp_role_user as user,ge_tp_access as access ,ge_tp_node as node where user.user_id='84' and user.role_id=role.id and ( access.role_id=role.id  or (access.role_id=role.pid and role.pid!=0 ) ) and role.status=1 and access.node_id=node.id and node.level=2 and node.pid=1 and node.status=1 [ RunTime:0.0001s ]
SQL: select node.id,node.name from ge_tp_role as role,ge_tp_role_user as user,ge_tp_access as access ,ge_tp_node as node where user.user_id='84' and user.role_id=role.id and ( access.role_id=role.id  or (access.role_id=role.pid and role.pid!=0 ) ) and role.status=1 and access.node_id=node.id and node.level=3 and node.pid=17 and node.status=1 [ RunTime:0.0001s ]
SQL: select node.id,node.name from ge_tp_role as role,ge_tp_role_user as user,ge_tp_access as access ,ge_tp_node as node where user.user_id='84' and user.role_id=role.id and ( access.role_id=role.id  or (access.role_id=role.pid and role.pid!=0 ) ) and role.status=1 and access.node_id=node.id and node.level=3 and node.pid=22 and node.status=1 [ RunTime:0.0001s ]
SQL: select node.id,node.name from ge_tp_role as role,ge_tp_role_user as user,ge_tp_access as access ,ge_tp_node as node where user.user_id='84' and user.role_id=role.id and ( access.role_id=role.id  or (access.role_id=role.pid and role.pid!=0 ) ) and role.status=1 and access.node_id=node.id and node.level=3 and node.pid=26 and node.status=1 [ RunTime:0.0001s ]
SQL: select node.id,node.name from ge_tp_role as role,ge_tp_role_user as user,ge_tp_access as access ,ge_tp_node as node where user.user_id='84' and user.role_id=role.id and ( access.role_id=role.id  or (access.role_id=role.pid and role.pid!=0 ) ) and role.status=1 and access.node_id=node.id and node.level=3 and node.pid=42 and node.status=1 [ RunTime:0.0001s ]
SQL: select node.id,node.name from ge_tp_role as role,ge_tp_role_user as user,ge_tp_access as access ,ge_tp_node as node where user.user_id='84' and user.role_id=role.id and ( access.role_id=role.id  or (access.role_id=role.pid and role.pid!=0 ) ) and role.status=1 and access.node_id=node.id and node.level=3 and node.pid=50 and node.status=1 [ RunTime:0.0001s ]
SQL: UPDATE `ge_tp_user` SET `logintime`='1448679155',`loginip`='117.34.111.115' WHERE ( id = 84 ) [ RunTime:0.0079s ]
INFO: [ view_parse ] --START--
INFO: [ template_filter ] --START--
INFO: Run Behavior\ContentReplaceBehavior [ RunTime:0.000060s ]
INFO: [ template_filter ] --END-- [ RunTime:0.000172s ]
INFO: Run Behavior\ParseTemplateBehavior [ RunTime:0.053768s ]
INFO: [ view_parse ] --END-- [ RunTime:0.053857s ]
INFO: [ view_filter ] --START--
INFO: Run Behavior\WriteHtmlCacheBehavior [ RunTime:0.000238s ]
INFO: [ view_filter ] --END-- [ RunTime:0.000289s ]
INFO: [ app_end ] --START--
INFO: Run Behavior\ShowPageTraceBehavior [ RunTime:0.000546s ]
INFO: [ app_end ] --END-- [ RunTime:0.000597s ]

[ 2015-11-28T10:52:36+08:00 ] 117.34.111.115 /index.php/Manage.html
INFO: [ app_init ] --START--
INFO: Run Behavior\BuildLiteBehavior [ RunTime:0.000020s ]
INFO: [ app_init ] --END-- [ RunTime:0.000343s ]
INFO: [ app_begin ] --START--
INFO: Run Behavior\ReadHtmlCacheBehavior [ RunTime:0.000503s ]
INFO: [ app_begin ] --END-- [ RunTime:0.000581s ]
NOTIC: [2048] Non-static method Manage\Controller\UserController::isLogin() should not be called statically, assuming $this from incompatible context /www/web/order_genecreate_cn/public_html/Application/Manage/Controller/IndexController.class.php 第 8 行.
SQL: SHOW COLUMNS FROM `ge_tp_user` [ RunTime:0.0007s ]
SQL: SELECT * FROM `ge_tp_user` WHERE (  id = '84'  ) LIMIT 1   [ RunTime:0.0003s ]
INFO: [ view_parse ] --START--
INFO: [ template_filter ] --START--
INFO: Run Behavior\ContentReplaceBehavior [ RunTime:0.000049s ]
INFO: [ template_filter ] --END-- [ RunTime:0.000143s ]
INFO: Run Behavior\ParseTemplateBehavior [ RunTime:0.023533s ]
INFO: [ view_parse ] --END-- [ RunTime:0.023634s ]
INFO: [ view_filter ] --START--
INFO: Run Behavior\WriteHtmlCacheBehavior [ RunTime:0.000210s ]
INFO: [ view_filter ] --END-- [ RunTime:0.000263s ]
INFO: [ app_end ] --START--
INFO: Run Behavior\ShowPageTraceBehavior [ RunTime:0.000517s ]
INFO: [ app_end ] --END-- [ RunTime:0.000575s ]

[ 2015-11-28T10:52:37+08:00 ] 117.34.111.115 /index.php/Manage/Index/main.html
INFO: [ app_init ] --START--
INFO: Run Behavior\BuildLiteBehavior [ RunTime:0.000018s ]
INFO: [ app_init ] --END-- [ RunTime:0.000319s ]
INFO: [ app_begin ] --START--
INFO: Run Behavior\ReadHtmlCacheBehavior [ RunTime:0.000718s ]
INFO: [ app_begin ] --END-- [ RunTime:0.000820s ]
NOTIC: [2048] Non-static method Manage\Controller\UserController::isLogin() should not be called statically, assuming $this from incompatible context /www/web/order_genecreate_cn/public_html/Application/Manage/Controller/IndexController.class.php 第 67 行.
SQL: SHOW COLUMNS FROM `ge_tp_user` [ RunTime:0.0007s ]
SQL: SELECT * FROM `ge_tp_user` WHERE (  id = '84'  ) LIMIT 1   [ RunTime:0.0001s ]
INFO: [ view_parse ] --START--
INFO: [ template_filter ] --START--
INFO: Run Behavior\ContentReplaceBehavior [ RunTime:0.000058s ]
INFO: [ template_filter ] --END-- [ RunTime:0.000165s ]
INFO: Run Behavior\ParseTemplateBehavior [ RunTime:0.008304s ]
INFO: [ view_parse ] --END-- [ RunTime:0.008368s ]
INFO: [ view_filter ] --START--
INFO: Run Behavior\WriteHtmlCacheBehavior [ RunTime:0.000209s ]
INFO: [ view_filter ] --END-- [ RunTime:0.000259s ]
INFO: [ app_end ] --START--
INFO: Run Behavior\ShowPageTraceBehavior [ RunTime:0.000500s ]
INFO: [ app_end ] --END-- [ RunTime:0.000556s ]

[ 2015-11-28T10:52:37+08:00 ] 117.34.111.115 /index.php/Manage/Index/left.html
INFO: [ app_init ] --START--
INFO: Run Behavior\BuildLiteBehavior [ RunTime:0.000020s ]
INFO: [ app_init ] --END-- [ RunTime:0.000345s ]
INFO: [ app_begin ] --START--
INFO: Run Behavior\ReadHtmlCacheBehavior [ RunTime:0.000424s ]
INFO: [ app_begin ] --END-- [ RunTime:0.000482s ]
NOTIC: [2048] Non-static method Manage\Controller\UserController::isLogin() should not be called statically, assuming $this from incompatible context /www/web/order_genecreate_cn/public_html/Application/Manage/Controller/IndexController.class.php 第 18 行.
SQL: SHOW COLUMNS FROM `ge_tp_user` [ RunTime:0.0011s ]
SQL: SELECT * FROM `ge_tp_user` WHERE (  id = '84'  ) LIMIT 1   [ RunTime:0.0001s ]
SQL: SHOW COLUMNS FROM `ge_tp_node` [ RunTime:0.0008s ]
SQL: SELECT * FROM `ge_tp_node` WHERE ( level = 2 ) ORDER BY sort  [ RunTime:0.0001s ]
SQL: SELECT * FROM `ge_tp_node` WHERE ( 1=1 AND pid='17' )  [ RunTime:0.0001s ]
SQL: SELECT * FROM `ge_tp_node` WHERE ( 1=1 AND pid='22' )  [ RunTime:0.0001s ]
SQL: SELECT * FROM `ge_tp_node` WHERE ( 1=1 AND pid='26' )  [ RunTime:0.0001s ]
SQL: SELECT * FROM `ge_tp_node` WHERE ( 1=1 AND pid='30' )  [ RunTime:0.0001s ]
SQL: SELECT * FROM `ge_tp_node` WHERE ( 1=1 AND pid='42' )  [ RunTime:0.0001s ]
SQL: SELECT * FROM `ge_tp_node` WHERE ( 1=1 AND pid='2' )  [ RunTime:0.0001s ]
SQL: SELECT * FROM `ge_tp_node` WHERE ( 1=1 AND pid='50' )  [ RunTime:0.0001s ]
INFO: [ view_parse ] --START--
INFO: [ template_filter ] --START--
INFO: Run Behavior\ContentReplaceBehavior [ RunTime:0.000057s ]
INFO: [ template_filter ] --END-- [ RunTime:0.000149s ]
INFO: Run Behavior\ParseTemplateBehavior [ RunTime:0.065917s ]
INFO: [ view_parse ] --END-- [ RunTime:0.066012s ]
INFO: [ view_filter ] --START--
INFO: Run Behavior\WriteHtmlCacheBehavior [ RunTime:0.000266s ]
INFO: [ view_filter ] --END-- [ RunTime:0.000317s ]
INFO: [ app_end ] --START--
INFO: Run Behavior\ShowPageTraceBehavior [ RunTime:0.000576s ]
INFO: [ app_end ] --END-- [ RunTime:0.001026s ]

[ 2015-11-28T10:52:45+08:00 ] 117.34.111.115 /index.php/Manage/Pro/fen4/type/4.html
INFO: [ app_init ] --START--
INFO: Run Behavior\BuildLiteBehavior [ RunTime:0.000019s ]
INFO: [ app_init ] --END-- [ RunTime:0.000342s ]
INFO: [ app_begin ] --START--
INFO: Run Behavior\ReadHtmlCacheBehavior [ RunTime:0.000424s ]
INFO: [ app_begin ] --END-- [ RunTime:0.000495s ]
NOTIC: [8] Undefined index: 46d1a404e937eaeb5fee7b7bf4a01fd2 /www/web/order_genecreate_cn/public_html/ThinkPHP/Library/Org/Util/Rbac.class.php 第 176 行.
NOTIC: [2048] Non-static method Manage\Controller\UserController::isLogin() should not be called statically, assuming $this from incompatible context /www/web/order_genecreate_cn/public_html/Application/Manage/Controller/ProController.class.php 第 35 行.
SQL: SHOW COLUMNS FROM `ge_tp_user` [ RunTime:0.0007s ]
SQL: SELECT * FROM `ge_tp_user` WHERE (  id = '84'  ) LIMIT 1   [ RunTime:0.0001s ]
SQL: SHOW COLUMNS FROM `ge_tp_role_user` [ RunTime:0.0003s ]
SQL: SHOW COLUMNS FROM `ge_tp_role` [ RunTime:0.0004s ]
SQL: SHOW COLUMNS FROM `ge_fen` [ RunTime:0.0006s ]
SQL: SELECT `role_id` FROM `ge_tp_role_user` WHERE ( user_id =84 ) LIMIT 1   [ RunTime:0.0001s ]
SQL: SELECT `remark` FROM `ge_tp_role` WHERE ( id =29 ) LIMIT 1   [ RunTime:0.0001s ]
SQL: SELECT * FROM `ge_fen` WHERE `fen_type` = 4 AND `fen_sale` = '易海' AND `fen_status` < 5 ORDER BY addtime desc LIMIT 3   [ RunTime:0.0498s ]
INFO: [ view_parse ] --START--
INFO: [ template_filter ] --START--
INFO: Run Behavior\ContentReplaceBehavior [ RunTime:0.000103s ]
INFO: [ template_filter ] --END-- [ RunTime:0.000186s ]
NOTIC: [8] Undefined variable: page /www/web/order_genecreate_cn/public_html/Application/Runtime/Cache/Manage/cb6068f90da21840d9ed0d0bee1f113d.php 第 18 行.
NOTIC: [8] Undefined variable: pages /www/web/order_genecreate_cn/public_html/Application/Runtime/Cache/Manage/cb6068f90da21840d9ed0d0bee1f113d.php 第 19 行.
NOTIC: [8] Undefined variable: page /www/web/order_genecreate_cn/public_html/Application/Runtime/Cache/Manage/cb6068f90da21840d9ed0d0bee1f113d.php 第 196 行.
NOTIC: [8] Undefined variable: pages /www/web/order_genecreate_cn/public_html/Application/Runtime/Cache/Manage/cb6068f90da21840d9ed0d0bee1f113d.php 第 489 行.
NOTIC: [8] Undefined variable: pages /www/web/order_genecreate_cn/public_html/Application/Runtime/Cache/Manage/cb6068f90da21840d9ed0d0bee1f113d.php 第 493 行.
INFO: Run Behavior\ParseTemplateBehavior [ RunTime:0.142320s ]
INFO: [ view_parse ] --END-- [ RunTime:0.142457s ]
INFO: [ view_filter ] --START--
INFO: Run Behavior\WriteHtmlCacheBehavior [ RunTime:0.000232s ]
INFO: [ view_filter ] --END-- [ RunTime:0.000283s ]
INFO: [ app_end ] --START--
INFO: Run Behavior\ShowPageTraceBehavior [ RunTime:0.000553s ]
INFO: [ app_end ] --END-- [ RunTime:0.000615s ]

[ 2015-11-28T10:52:48+08:00 ] 117.34.111.115 /index.php/Manage/Pro/fen6/type/6.html
INFO: [ app_init ] --START--
INFO: Run Behavior\BuildLiteBehavior [ RunTime:0.000029s ]
INFO: [ app_init ] --END-- [ RunTime:0.000607s ]
INFO: [ app_begin ] --START--
INFO: Run Behavior\ReadHtmlCacheBehavior [ RunTime:0.000516s ]
INFO: [ app_begin ] --END-- [ RunTime:0.000587s ]
NOTIC: [8] Undefined index: 6a8426b1a019b283c29eeeb3bab14e10 /www/web/order_genecreate_cn/public_html/ThinkPHP/Library/Org/Util/Rbac.class.php 第 176 行.
NOTIC: [2048] Non-static method Manage\Controller\UserController::isLogin() should not be called statically, assuming $this from incompatible context /www/web/order_genecreate_cn/public_html/Application/Manage/Controller/ProController.class.php 第 35 行.
SQL: SHOW COLUMNS FROM `ge_tp_user` [ RunTime:0.0007s ]
SQL: SELECT * FROM `ge_tp_user` WHERE (  id = '84'  ) LIMIT 1   [ RunTime:0.0001s ]
SQL: SHOW COLUMNS FROM `ge_tp_role_user` [ RunTime:0.0004s ]
SQL: SHOW COLUMNS FROM `ge_tp_role` [ RunTime:0.0004s ]
SQL: SHOW COLUMNS FROM `ge_fen` [ RunTime:0.0006s ]
SQL: SELECT `role_id` FROM `ge_tp_role_user` WHERE ( user_id =84 ) LIMIT 1   [ RunTime:0.0001s ]
SQL: SELECT `remark` FROM `ge_tp_role` WHERE ( id =29 ) LIMIT 1   [ RunTime:0.0001s ]
SQL: SELECT * FROM `ge_fen` WHERE `fen_type` = 6 AND `fen_sale` = '易海' AND `fen_status` < 5 ORDER BY addtime desc LIMIT 3   [ RunTime:0.0004s ]
INFO: [ view_parse ] --START--
INFO: [ template_filter ] --START--
INFO: Run Behavior\ContentReplaceBehavior [ RunTime:0.000100s ]
INFO: [ template_filter ] --END-- [ RunTime:0.000177s ]
NOTIC: [8] Undefined variable: page /www/web/order_genecreate_cn/public_html/Application/Runtime/Cache/Manage/cb6068f90da21840d9ed0d0bee1f113d.php 第 18 行.
NOTIC: [8] Undefined variable: pages /www/web/order_genecreate_cn/public_html/Application/Runtime/Cache/Manage/cb6068f90da21840d9ed0d0bee1f113d.php 第 19 行.
NOTIC: [8] Undefined variable: page /www/web/order_genecreate_cn/public_html/Application/Runtime/Cache/Manage/cb6068f90da21840d9ed0d0bee1f113d.php 第 196 行.
NOTIC: [8] Undefined variable: pages /www/web/order_genecreate_cn/public_html/Application/Runtime/Cache/Manage/cb6068f90da21840d9ed0d0bee1f113d.php 第 489 行.
NOTIC: [8] Undefined variable: pages /www/web/order_genecreate_cn/public_html/Application/Runtime/Cache/Manage/cb6068f90da21840d9ed0d0bee1f113d.php 第 493 行.
INFO: Run Behavior\ParseTemplateBehavior [ RunTime:0.014776s ]
INFO: [ view_parse ] --END-- [ RunTime:0.014857s ]
INFO: [ view_filter ] --START--
INFO: Run Behavior\WriteHtmlCacheBehavior [ RunTime:0.000210s ]
INFO: [ view_filter ] --END-- [ RunTime:0.000259s ]
INFO: [ app_end ] --START--
INFO: Run Behavior\ShowPageTraceBehavior [ RunTime:0.000461s ]
INFO: [ app_end ] --END-- [ RunTime:0.000519s ]

[ 2015-11-28T10:52:54+08:00 ] 117.34.111.115 /index.php/Manage/Pro/fen1/type/1.html
INFO: [ app_init ] --START--
INFO: Run Behavior\BuildLiteBehavior [ RunTime:0.000016s ]
INFO: [ app_init ] --END-- [ RunTime:0.000384s ]
INFO: [ app_begin ] --START--
INFO: Run Behavior\ReadHtmlCacheBehavior [ RunTime:0.000473s ]
INFO: [ app_begin ] --END-- [ RunTime:0.000572s ]
NOTIC: [8] Undefined index: 798b31e85dbd7639aa635a2fb5fad17f /www/web/order_genecreate_cn/public_html/ThinkPHP/Library/Org/Util/Rbac.class.php 第 176 行.
NOTIC: [2048] Non-static method Manage\Controller\UserController::isLogin() should not be called statically, assuming $this from incompatible context /www/web/order_genecreate_cn/public_html/Application/Manage/Controller/ProController.class.php 第 35 行.
SQL: SHOW COLUMNS FROM `ge_tp_user` [ RunTime:0.0007s ]
SQL: SELECT * FROM `ge_tp_user` WHERE (  id = '84'  ) LIMIT 1   [ RunTime:0.0001s ]
SQL: SHOW COLUMNS FROM `ge_tp_role_user` [ RunTime:0.0004s ]
SQL: SHOW COLUMNS FROM `ge_tp_role` [ RunTime:0.0004s ]
SQL: SHOW COLUMNS FROM `ge_fen` [ RunTime:0.0006s ]
SQL: SELECT `role_id` FROM `ge_tp_role_user` WHERE ( user_id =84 ) LIMIT 1   [ RunTime:0.0001s ]
SQL: SELECT `remark` FROM `ge_tp_role` WHERE ( id =29 ) LIMIT 1   [ RunTime:0.0001s ]
SQL: SELECT * FROM `ge_fen` WHERE `fen_type` = 1 AND `fen_sale` = '易海' AND `fen_status` < 5 ORDER BY addtime desc LIMIT 3   [ RunTime:0.0004s ]
INFO: [ view_parse ] --START--
INFO: [ template_filter ] --START--
INFO: Run Behavior\ContentReplaceBehavior [ RunTime:0.000101s ]
INFO: [ template_filter ] --END-- [ RunTime:0.000169s ]
NOTIC: [8] Undefined variable: page /www/web/order_genecreate_cn/public_html/Application/Runtime/Cache/Manage/cb6068f90da21840d9ed0d0bee1f113d.php 第 18 行.
NOTIC: [8] Undefined variable: pages /www/web/order_genecreate_cn/public_html/Application/Runtime/Cache/Manage/cb6068f90da21840d9ed0d0bee1f113d.php 第 19 行.
NOTIC: [8] Undefined variable: page /www/web/order_genecreate_cn/public_html/Application/Runtime/Cache/Manage/cb6068f90da21840d9ed0d0bee1f113d.php 第 196 行.
NOTIC: [8] Undefined variable: pages /www/web/order_genecreate_cn/public_html/Application/Runtime/Cache/Manage/cb6068f90da21840d9ed0d0bee1f113d.php 第 489 行.
NOTIC: [8] Undefined variable: pages /www/web/order_genecreate_cn/public_html/Application/Runtime/Cache/Manage/cb6068f90da21840d9ed0d0bee1f113d.php 第 493 行.
INFO: Run Behavior\ParseTemplateBehavior [ RunTime:0.014794s ]
INFO: [ view_parse ] --END-- [ RunTime:0.014862s ]
INFO: [ view_filter ] --START--
INFO: Run Behavior\WriteHtmlCacheBehavior [ RunTime:0.000224s ]
INFO: [ view_filter ] --END-- [ RunTime:0.000276s ]
INFO: [ app_end ] --START--
INFO: Run Behavior\ShowPageTraceBehavior [ RunTime:0.000503s ]
INFO: [ app_end ] --END-- [ RunTime:0.000571s ]

[ 2015-11-28T10:52:54+08:00 ] 117.34.111.105 /index.php/Manage/Pro/fen3/type/3.html
INFO: [ app_init ] --START--
INFO: Run Behavior\BuildLiteBehavior [ RunTime:0.000016s ]
INFO: [ app_init ] --END-- [ RunTime:0.000298s ]
INFO: [ app_begin ] --START--
INFO: Run Behavior\ReadHtmlCacheBehavior [ RunTime:0.000467s ]
INFO: [ app_begin ] --END-- [ RunTime:0.000550s ]
NOTIC: [8] Undefined index: 2ad58f75825745bd6c44070764d0ef38 /www/web/order_genecreate_cn/public_html/ThinkPHP/Library/Org/Util/Rbac.class.php 第 176 行.
NOTIC: [2048] Non-static method Manage\Controller\UserController::isLogin() should not be called statically, assuming $this from incompatible context /www/web/order_genecreate_cn/public_html/Application/Manage/Controller/ProController.class.php 第 35 行.
SQL: SHOW COLUMNS FROM `ge_tp_user` [ RunTime:0.0007s ]
SQL: SELECT * FROM `ge_tp_user` WHERE (  id = '84'  ) LIMIT 1   [ RunTime:0.0001s ]
SQL: SHOW COLUMNS FROM `ge_tp_role_user` [ RunTime:0.0004s ]
SQL: SHOW COLUMNS FROM `ge_tp_role` [ RunTime:0.0004s ]
SQL: SHOW COLUMNS FROM `ge_fen` [ RunTime:0.0005s ]
SQL: SELECT `role_id` FROM `ge_tp_role_user` WHERE ( user_id =84 ) LIMIT 1   [ RunTime:0.0001s ]
SQL: SELECT `remark` FROM `ge_tp_role` WHERE ( id =29 ) LIMIT 1   [ RunTime:0.0001s ]
SQL: SELECT * FROM `ge_fen` WHERE `fen_type` = 3 AND `fen_sale` = '易海' AND `fen_status` < 5 ORDER BY addtime desc LIMIT 3   [ RunTime:0.0004s ]
INFO: [ view_parse ] --START--
INFO: [ template_filter ] --START--
INFO: Run Behavior\ContentReplaceBehavior [ RunTime:0.000127s ]
INFO: [ template_filter ] --END-- [ RunTime:0.000209s ]
NOTIC: [8] Undefined variable: page /www/web/order_genecreate_cn/public_html/Application/Runtime/Cache/Manage/cb6068f90da21840d9ed0d0bee1f113d.php 第 18 行.
NOTIC: [8] Undefined variable: pages /www/web/order_genecreate_cn/public_html/Application/Runtime/Cache/Manage/cb6068f90da21840d9ed0d0bee1f113d.php 第 19 行.
NOTIC: [8] Undefined variable: page /www/web/order_genecreate_cn/public_html/Application/Runtime/Cache/Manage/cb6068f90da21840d9ed0d0bee1f113d.php 第 196 行.
SQL: SHOW COLUMNS FROM `ge_feninfo` [ RunTime:0.0007s ]
SQL: SHOW COLUMNS FROM `ge_pro_trace` [ RunTime:0.0004s ]
SQL: SELECT `id` FROM `ge_feninfo` WHERE ( fen_guan_id =289 ) LIMIT 1   [ RunTime:0.0129s ]
SQL: SELECT `addtime` FROM `ge_pro_trace` WHERE ( guan_id =288 ) ORDER BY id desc LIMIT 1   [ RunTime:0.0122s ]
SQL: SELECT `id` FROM `ge_feninfo` WHERE ( fen_guan_id =203 ) LIMIT 1   [ RunTime:0.0003s ]
SQL: SELECT `addtime` FROM `ge_pro_trace` WHERE ( guan_id =204 ) ORDER BY id desc LIMIT 1   [ RunTime:0.0216s ]
SQL: SELECT `id` FROM `ge_feninfo` WHERE ( fen_guan_id =199 ) LIMIT 1   [ RunTime:0.0003s ]
SQL: SELECT `addtime` FROM `ge_pro_trace` WHERE ( guan_id =200 ) ORDER BY id desc LIMIT 1   [ RunTime:0.0006s ]
NOTIC: [8] Undefined variable: pages /www/web/order_genecreate_cn/public_html/Application/Runtime/Cache/Manage/cb6068f90da21840d9ed0d0bee1f113d.php 第 489 行.
NOTIC: [8] Undefined variable: pages /www/web/order_genecreate_cn/public_html/Application/Runtime/Cache/Manage/cb6068f90da21840d9ed0d0bee1f113d.php 第 493 行.
INFO: Run Behavior\ParseTemplateBehavior [ RunTime:0.156309s ]
INFO: [ view_parse ] --END-- [ RunTime:0.156369s ]
INFO: [ view_filter ] --START--
INFO: Run Behavior\WriteHtmlCacheBehavior [ RunTime:0.000315s ]
INFO: [ view_filter ] --END-- [ RunTime:0.000366s ]
INFO: [ app_end ] --START--
INFO: Run Behavior\ShowPageTraceBehavior [ RunTime:0.000518s ]
INFO: [ app_end ] --END-- [ RunTime:0.000577s ]

[ 2015-11-28T10:53:08+08:00 ] 117.34.111.115 /index.php/Manage/Pro/fen_index/id/289/type/3.html
INFO: [ app_init ] --START--
INFO: Run Behavior\BuildLiteBehavior [ RunTime:0.000019s ]
INFO: [ app_init ] --END-- [ RunTime:0.000344s ]
INFO: [ app_begin ] --START--
INFO: Run Behavior\ReadHtmlCacheBehavior [ RunTime:0.000440s ]
INFO: [ app_begin ] --END-- [ RunTime:0.000505s ]
NOTIC: [8] Undefined index: d81474637ce189735008b13767b89d59 /www/web/order_genecreate_cn/public_html/ThinkPHP/Library/Org/Util/Rbac.class.php 第 176 行.
NOTIC: [2048] Non-static method Manage\Controller\UserController::isLogin() should not be called statically, assuming $this from incompatible context /www/web/order_genecreate_cn/public_html/Application/Manage/Controller/ProController.class.php 第 846 行.
SQL: SHOW COLUMNS FROM `ge_tp_user` [ RunTime:0.0007s ]
SQL: SELECT * FROM `ge_tp_user` WHERE (  id = '84'  ) LIMIT 1   [ RunTime:0.0001s ]
SQL: SHOW COLUMNS FROM `ge_fen` [ RunTime:0.0005s ]
SQL: SHOW COLUMNS FROM `ge_feninfo` [ RunTime:0.0004s ]
SQL: SHOW COLUMNS FROM `ge_pro_trace` [ RunTime:0.0004s ]
SQL: SELECT * FROM `ge_fen` WHERE ( id = 289 ) ORDER BY id desc LIMIT 1   [ RunTime:0.0003s ]
SQL: SELECT * FROM `ge_feninfo` WHERE ( fen_guan_id = 289 ) ORDER BY id desc LIMIT 1   [ RunTime:0.0002s ]
SQL: SELECT DISTINCT  `status` FROM `ge_pro_trace` WHERE ( guan_id = 288 ) ORDER BY id asc  [ RunTime:0.0196s ]
SQL: SELECT * FROM `ge_pro_trace` WHERE ( guan_id = 288 ) ORDER BY id asc  [ RunTime:0.0005s ]
SQL: SELECT DISTINCT  `guan_id`,`status` FROM `ge_pro_trace` WHERE ( guan_id = 288 ) ORDER BY id asc LIMIT 1   [ RunTime:0.0008s ]
NOTIC: [8] Undefined variable: end_status /www/web/order_genecreate_cn/public_html/Application/Manage/Controller/ProController.class.php 第 928 行.
NOTIC: [8] Undefined variable: end_status_guan /www/web/order_genecreate_cn/public_html/Application/Manage/Controller/ProController.class.php 第 930 行.
INFO: [ view_parse ] --START--
INFO: [ template_filter ] --START--
INFO: Run Behavior\ContentReplaceBehavior [ RunTime:0.000095s ]
INFO: [ template_filter ] --END-- [ RunTime:0.000179s ]
NOTIC: [8] Undefined variable: page /www/web/order_genecreate_cn/public_html/Application/Runtime/Cache/Manage/b53f3adf0d20cc93cd0813c92f2ba9b9.php 第 18 行.
NOTIC: [8] Undefined variable: pages /www/web/order_genecreate_cn/public_html/Application/Runtime/Cache/Manage/b53f3adf0d20cc93cd0813c92f2ba9b9.php 第 19 行.
NOTIC: [8] Undefined variable: page /www/web/order_genecreate_cn/public_html/Application/Runtime/Cache/Manage/b53f3adf0d20cc93cd0813c92f2ba9b9.php 第 53 行.
NOTIC: [8] Undefined index: status /www/web/order_genecreate_cn/public_html/Application/Runtime/Cache/Manage/b53f3adf0d20cc93cd0813c92f2ba9b9.php 第 319 行.
SQL: SELECT `content` FROM `ge_pro_trace` WHERE `status` = 1 AND `guan_id` = 288 ORDER BY id desc LIMIT 1   [ RunTime:0.0005s ]
SQL: SELECT * FROM `ge_pro_trace` WHERE `status` = 1 AND `guan_id` = 288 ORDER BY id desc  [ RunTime:0.0004s ]
NOTIC: [8] Undefined variable: daye /www/web/order_genecreate_cn/public_html/Application/Manage/Common/function.php 第 714 行.
INFO: Run Behavior\ParseTemplateBehavior [ RunTime:0.032924s ]
INFO: [ view_parse ] --END-- [ RunTime:0.033020s ]
INFO: [ view_filter ] --START--
INFO: Run Behavior\WriteHtmlCacheBehavior [ RunTime:0.000292s ]
INFO: [ view_filter ] --END-- [ RunTime:0.000349s ]
INFO: [ app_end ] --START--
INFO: Run Behavior\ShowPageTraceBehavior [ RunTime:0.000578s ]
INFO: [ app_end ] --END-- [ RunTime:0.000642s ]

[ 2015-11-28T10:53:17+08:00 ] 117.34.111.115 /index.php/Manage/Pro/fen_index/id/203/type/3.html
INFO: [ app_init ] --START--
INFO: Run Behavior\BuildLiteBehavior [ RunTime:0.000017s ]
INFO: [ app_init ] --END-- [ RunTime:0.000317s ]
INFO: [ app_begin ] --START--
INFO: Run Behavior\ReadHtmlCacheBehavior [ RunTime:0.000442s ]
INFO: [ app_begin ] --END-- [ RunTime:0.000506s ]
NOTIC: [2048] Non-static method Manage\Controller\UserController::isLogin() should not be called statically, assuming $this from incompatible context /www/web/order_genecreate_cn/public_html/Application/Manage/Controller/ProController.class.php 第 846 行.
SQL: SHOW COLUMNS FROM `ge_tp_user` [ RunTime:0.0007s ]
SQL: SELECT * FROM `ge_tp_user` WHERE (  id = '84'  ) LIMIT 1   [ RunTime:0.0001s ]
SQL: SHOW COLUMNS FROM `ge_fen` [ RunTime:0.0006s ]
SQL: SHOW COLUMNS FROM `ge_feninfo` [ RunTime:0.0004s ]
SQL: SHOW COLUMNS FROM `ge_pro_trace` [ RunTime:0.0004s ]
SQL: SELECT * FROM `ge_fen` WHERE ( id = 203 ) ORDER BY id desc LIMIT 1   [ RunTime:0.0003s ]
SQL: SELECT * FROM `ge_feninfo` WHERE ( fen_guan_id = 203 ) ORDER BY id desc LIMIT 1   [ RunTime:0.0004s ]
SQL: SELECT DISTINCT  `status` FROM `ge_pro_trace` WHERE ( guan_id = 204 ) ORDER BY id asc  [ RunTime:0.0005s ]
SQL: SELECT * FROM `ge_pro_trace` WHERE ( guan_id = 204 ) ORDER BY id asc  [ RunTime:0.0003s ]
SQL: SELECT DISTINCT  `guan_id`,`status` FROM `ge_pro_trace` WHERE ( guan_id = 204 ) ORDER BY id asc LIMIT 1   [ RunTime:0.0005s ]
NOTIC: [8] Undefined variable: end_status /www/web/order_genecreate_cn/public_html/Application/Manage/Controller/ProController.class.php 第 928 行.
NOTIC: [8] Undefined variable: end_status_guan /www/web/order_genecreate_cn/public_html/Application/Manage/Controller/ProController.class.php 第 930 行.
INFO: [ view_parse ] --START--
INFO: [ template_filter ] --START--
INFO: Run Behavior\ContentReplaceBehavior [ RunTime:0.000104s ]
INFO: [ template_filter ] --END-- [ RunTime:0.000182s ]
NOTIC: [8] Undefined variable: page /www/web/order_genecreate_cn/public_html/Application/Runtime/Cache/Manage/b53f3adf0d20cc93cd0813c92f2ba9b9.php 第 18 行.
NOTIC: [8] Undefined variable: pages /www/web/order_genecreate_cn/public_html/Application/Runtime/Cache/Manage/b53f3adf0d20cc93cd0813c92f2ba9b9.php 第 19 行.
NOTIC: [8] Undefined variable: page /www/web/order_genecreate_cn/public_html/Application/Runtime/Cache/Manage/b53f3adf0d20cc93cd0813c92f2ba9b9.php 第 53 行.
NOTIC: [8] Undefined index: status /www/web/order_genecreate_cn/public_html/Application/Runtime/Cache/Manage/b53f3adf0d20cc93cd0813c92f2ba9b9.php 第 319 行.
SQL: SELECT `content` FROM `ge_pro_trace` WHERE `status` = 1 AND `guan_id` = 204 ORDER BY id desc LIMIT 1   [ RunTime:0.0009s ]
SQL: SELECT * FROM `ge_pro_trace` WHERE `status` = 1 AND `guan_id` = 204 ORDER BY id desc  [ RunTime:0.0004s ]
NOTIC: [8] Undefined variable: daye /www/web/order_genecreate_cn/public_html/Application/Manage/Common/function.php 第 714 行.
INFO: Run Behavior\ParseTemplateBehavior [ RunTime:0.018863s ]
INFO: [ view_parse ] --END-- [ RunTime:0.018921s ]
INFO: [ view_filter ] --START--
INFO: Run Behavior\WriteHtmlCacheBehavior [ RunTime:0.000218s ]
INFO: [ view_filter ] --END-- [ RunTime:0.000269s ]
INFO: [ app_end ] --START--
INFO: Run Behavior\ShowPageTraceBehavior [ RunTime:0.000475s ]
INFO: [ app_end ] --END-- [ RunTime:0.000533s ]

[ 2015-11-28T10:53:33+08:00 ] 117.34.111.115 /index.php/Manage/Pro/fen_index/id/199/type/3.html
INFO: [ app_init ] --START--
INFO: Run Behavior\BuildLiteBehavior [ RunTime:0.000023s ]
INFO: [ app_init ] --END-- [ RunTime:0.000487s ]
INFO: [ app_begin ] --START--
INFO: Run Behavior\ReadHtmlCacheBehavior [ RunTime:0.000466s ]
INFO: [ app_begin ] --END-- [ RunTime:0.000525s ]
NOTIC: [2048] Non-static method Manage\Controller\UserController::isLogin() should not be called statically, assuming $this from incompatible context /www/web/order_genecreate_cn/public_html/Application/Manage/Controller/ProController.class.php 第 846 行.
SQL: SHOW COLUMNS FROM `ge_tp_user` [ RunTime:0.0008s ]
SQL: SELECT * FROM `ge_tp_user` WHERE (  id = '84'  ) LIMIT 1   [ RunTime:0.0001s ]
SQL: SHOW COLUMNS FROM `ge_fen` [ RunTime:0.0006s ]
SQL: SHOW COLUMNS FROM `ge_feninfo` [ RunTime:0.0004s ]
SQL: SHOW COLUMNS FROM `ge_pro_trace` [ RunTime:0.0006s ]
SQL: SELECT * FROM `ge_fen` WHERE ( id = 199 ) ORDER BY id desc LIMIT 1   [ RunTime:0.0002s ]
SQL: SELECT * FROM `ge_feninfo` WHERE ( fen_guan_id = 199 ) ORDER BY id desc LIMIT 1   [ RunTime:0.0003s ]
SQL: SELECT DISTINCT  `status` FROM `ge_pro_trace` WHERE ( guan_id = 200 ) ORDER BY id asc  [ RunTime:0.0006s ]
SQL: SELECT * FROM `ge_pro_trace` WHERE ( guan_id = 200 ) ORDER BY id asc  [ RunTime:0.0003s ]
SQL: SELECT DISTINCT  `guan_id`,`status` FROM `ge_pro_trace` WHERE ( guan_id = 200 ) ORDER BY id asc LIMIT 1   [ RunTime:0.0005s ]
NOTIC: [8] Undefined variable: end_status /www/web/order_genecreate_cn/public_html/Application/Manage/Controller/ProController.class.php 第 928 行.
NOTIC: [8] Undefined variable: end_status_guan /www/web/order_genecreate_cn/public_html/Application/Manage/Controller/ProController.class.php 第 930 行.
INFO: [ view_parse ] --START--
INFO: [ template_filter ] --START--
INFO: Run Behavior\ContentReplaceBehavior [ RunTime:0.000105s ]
INFO: [ template_filter ] --END-- [ RunTime:0.000176s ]
NOTIC: [8] Undefined variable: page /www/web/order_genecreate_cn/public_html/Application/Runtime/Cache/Manage/b53f3adf0d20cc93cd0813c92f2ba9b9.php 第 18 行.
NOTIC: [8] Undefined variable: pages /www/web/order_genecreate_cn/public_html/Application/Runtime/Cache/Manage/b53f3adf0d20cc93cd0813c92f2ba9b9.php 第 19 行.
NOTIC: [8] Undefined variable: page /www/web/order_genecreate_cn/public_html/Application/Runtime/Cache/Manage/b53f3adf0d20cc93cd0813c92f2ba9b9.php 第 53 行.
NOTIC: [8] Undefined index: status /www/web/order_genecreate_cn/public_html/Application/Runtime/Cache/Manage/b53f3adf0d20cc93cd0813c92f2ba9b9.php 第 319 行.
SQL: SELECT `content` FROM `ge_pro_trace` WHERE `status` = 1 AND `guan_id` = 200 ORDER BY id desc LIMIT 1   [ RunTime:0.0008s ]
SQL: SELECT * FROM `ge_pro_trace` WHERE `status` = 1 AND `guan_id` = 200 ORDER BY id desc  [ RunTime:0.0004s ]
NOTIC: [8] Undefined variable: daye /www/web/order_genecreate_cn/public_html/Application/Manage/Common/function.php 第 643 行.
INFO: Run Behavior\ParseTemplateBehavior [ RunTime:0.017421s ]
INFO: [ view_parse ] --END-- [ RunTime:0.017501s ]
INFO: [ view_filter ] --START--
INFO: Run Behavior\WriteHtmlCacheBehavior [ RunTime:0.000228s ]
INFO: [ view_filter ] --END-- [ RunTime:0.000278s ]
INFO: [ app_end ] --START--
INFO: Run Behavior\ShowPageTraceBehavior [ RunTime:0.000517s ]
INFO: [ app_end ] --END-- [ RunTime:0.000576s ]

[ 2015-11-28T10:53:57+08:00 ] 117.34.111.115 /index.php/Manage/Pro/fen1/type/1.html
INFO: [ app_init ] --START--
INFO: Run Behavior\BuildLiteBehavior [ RunTime:0.000015s ]
INFO: [ app_init ] --END-- [ RunTime:0.000367s ]
INFO: [ app_begin ] --START--
INFO: Run Behavior\ReadHtmlCacheBehavior [ RunTime:0.000555s ]
INFO: [ app_begin ] --END-- [ RunTime:0.000645s ]
NOTIC: [2048] Non-static method Manage\Controller\UserController::isLogin() should not be called statically, assuming $this from incompatible context /www/web/order_genecreate_cn/public_html/Application/Manage/Controller/ProController.class.php 第 35 行.
SQL: SHOW COLUMNS FROM `ge_tp_user` [ RunTime:0.0007s ]
SQL: SELECT * FROM `ge_tp_user` WHERE (  id = '84'  ) LIMIT 1   [ RunTime:0.0001s ]
SQL: SHOW COLUMNS FROM `ge_tp_role_user` [ RunTime:0.0004s ]
SQL: SHOW COLUMNS FROM `ge_tp_role` [ RunTime:0.0004s ]
SQL: SHOW COLUMNS FROM `ge_fen` [ RunTime:0.0005s ]
SQL: SELECT `role_id` FROM `ge_tp_role_user` WHERE ( user_id =84 ) LIMIT 1   [ RunTime:0.0001s ]
SQL: SELECT `remark` FROM `ge_tp_role` WHERE ( id =29 ) LIMIT 1   [ RunTime:0.0001s ]
SQL: SELECT * FROM `ge_fen` WHERE `fen_type` = 1 AND `fen_sale` = '易海' AND `fen_status` < 5 ORDER BY addtime desc LIMIT 3   [ RunTime:0.0001s ]
INFO: [ view_parse ] --START--
INFO: [ template_filter ] --START--
INFO: Run Behavior\ContentReplaceBehavior [ RunTime:0.000094s ]
INFO: [ template_filter ] --END-- [ RunTime:0.000153s ]
NOTIC: [8] Undefined variable: page /www/web/order_genecreate_cn/public_html/Application/Runtime/Cache/Manage/cb6068f90da21840d9ed0d0bee1f113d.php 第 18 行.
NOTIC: [8] Undefined variable: pages /www/web/order_genecreate_cn/public_html/Application/Runtime/Cache/Manage/cb6068f90da21840d9ed0d0bee1f113d.php 第 19 行.
NOTIC: [8] Undefined variable: page /www/web/order_genecreate_cn/public_html/Application/Runtime/Cache/Manage/cb6068f90da21840d9ed0d0bee1f113d.php 第 196 行.
NOTIC: [8] Undefined variable: pages /www/web/order_genecreate_cn/public_html/Application/Runtime/Cache/Manage/cb6068f90da21840d9ed0d0bee1f113d.php 第 489 行.
NOTIC: [8] Undefined variable: pages /www/web/order_genecreate_cn/public_html/Application/Runtime/Cache/Manage/cb6068f90da21840d9ed0d0bee1f113d.php 第 493 行.
INFO: Run Behavior\ParseTemplateBehavior [ RunTime:0.013174s ]
INFO: [ view_parse ] --END-- [ RunTime:0.013238s ]
INFO: [ view_filter ] --START--
INFO: Run Behavior\WriteHtmlCacheBehavior [ RunTime:0.000208s ]
INFO: [ view_filter ] --END-- [ RunTime:0.000259s ]
INFO: [ app_end ] --START--
INFO: Run Behavior\ShowPageTraceBehavior [ RunTime:0.000474s ]
INFO: [ app_end ] --END-- [ RunTime:0.000544s ]

[ 2015-11-28T10:54:01+08:00 ] 117.34.111.115 /index.php/Manage/Pro/fen2/type/2.html
INFO: [ app_init ] --START--
INFO: Run Behavior\BuildLiteBehavior [ RunTime:0.000016s ]
INFO: [ app_init ] --END-- [ RunTime:0.000375s ]
INFO: [ app_begin ] --START--
INFO: Run Behavior\ReadHtmlCacheBehavior [ RunTime:0.000587s ]
INFO: [ app_begin ] --END-- [ RunTime:0.000652s ]
NOTIC: [8] Undefined index: db03a30dc00c07f13d137d6b49a0ae90 /www/web/order_genecreate_cn/public_html/ThinkPHP/Library/Org/Util/Rbac.class.php 第 176 行.
NOTIC: [2048] Non-static method Manage\Controller\UserController::isLogin() should not be called statically, assuming $this from incompatible context /www/web/order_genecreate_cn/public_html/Application/Manage/Controller/ProController.class.php 第 35 行.
SQL: SHOW COLUMNS FROM `ge_tp_user` [ RunTime:0.0007s ]
SQL: SELECT * FROM `ge_tp_user` WHERE (  id = '84'  ) LIMIT 1   [ RunTime:0.0001s ]
SQL: SHOW COLUMNS FROM `ge_tp_role_user` [ RunTime:0.0004s ]
SQL: SHOW COLUMNS FROM `ge_tp_role` [ RunTime:0.0004s ]
SQL: SHOW COLUMNS FROM `ge_fen` [ RunTime:0.0005s ]
SQL: SELECT `role_id` FROM `ge_tp_role_user` WHERE ( user_id =84 ) LIMIT 1   [ RunTime:0.0001s ]
SQL: SELECT `remark` FROM `ge_tp_role` WHERE ( id =29 ) LIMIT 1   [ RunTime:0.0001s ]
SQL: SELECT * FROM `ge_fen` WHERE `fen_type` = 2 AND `fen_sale` = '易海' AND `fen_status` < 5 ORDER BY addtime desc LIMIT 3   [ RunTime:0.0004s ]
INFO: [ view_parse ] --START--
INFO: [ template_filter ] --START--
INFO: Run Behavior\ContentReplaceBehavior [ RunTime:0.000101s ]
INFO: [ template_filter ] --END-- [ RunTime:0.000178s ]
NOTIC: [8] Undefined variable: page /www/web/order_genecreate_cn/public_html/Application/Runtime/Cache/Manage/cb6068f90da21840d9ed0d0bee1f113d.php 第 18 行.
NOTIC: [8] Undefined variable: pages /www/web/order_genecreate_cn/public_html/Application/Runtime/Cache/Manage/cb6068f90da21840d9ed0d0bee1f113d.php 第 19 行.
NOTIC: [8] Undefined variable: page /www/web/order_genecreate_cn/public_html/Application/Runtime/Cache/Manage/cb6068f90da21840d9ed0d0bee1f113d.php 第 196 行.
NOTIC: [8] Undefined variable: pages /www/web/order_genecreate_cn/public_html/Application/Runtime/Cache/Manage/cb6068f90da21840d9ed0d0bee1f113d.php 第 489 行.
NOTIC: [8] Undefined variable: pages /www/web/order_genecreate_cn/public_html/Application/Runtime/Cache/Manage/cb6068f90da21840d9ed0d0bee1f113d.php 第 493 行.
INFO: Run Behavior\ParseTemplateBehavior [ RunTime:0.014482s ]
INFO: [ view_parse ] --END-- [ RunTime:0.014560s ]
INFO: [ view_filter ] --START--
INFO: Run Behavior\WriteHtmlCacheBehavior [ RunTime:0.000230s ]
INFO: [ view_filter ] --END-- [ RunTime:0.000280s ]
INFO: [ app_end ] --START--
INFO: Run Behavior\ShowPageTraceBehavior [ RunTime:0.000495s ]
INFO: [ app_end ] --END-- [ RunTime:0.000559s ]

[ 2015-11-28T10:54:03+08:00 ] 117.34.111.115 /index.php/Manage/Pro/fen3/type/3.html
INFO: [ app_init ] --START--
INFO: Run Behavior\BuildLiteBehavior [ RunTime:0.000018s ]
INFO: [ app_init ] --END-- [ RunTime:0.000332s ]
INFO: [ app_begin ] --START--
INFO: Run Behavior\ReadHtmlCacheBehavior [ RunTime:0.000419s ]
INFO: [ app_begin ] --END-- [ RunTime:0.000498s ]
NOTIC: [2048] Non-static method Manage\Controller\UserController::isLogin() should not be called statically, assuming $this from incompatible context /www/web/order_genecreate_cn/public_html/Application/Manage/Controller/ProController.class.php 第 35 行.
SQL: SHOW COLUMNS FROM `ge_tp_user` [ RunTime:0.0009s ]
SQL: SELECT * FROM `ge_tp_user` WHERE (  id = '84'  ) LIMIT 1   [ RunTime:0.0001s ]
SQL: SHOW COLUMNS FROM `ge_tp_role_user` [ RunTime:0.0004s ]
SQL: SHOW COLUMNS FROM `ge_tp_role` [ RunTime:0.0004s ]
SQL: SHOW COLUMNS FROM `ge_fen` [ RunTime:0.0005s ]
SQL: SELECT `role_id` FROM `ge_tp_role_user` WHERE ( user_id =84 ) LIMIT 1   [ RunTime:0.0001s ]
SQL: SELECT `remark` FROM `ge_tp_role` WHERE ( id =29 ) LIMIT 1   [ RunTime:0.0001s ]
SQL: SELECT * FROM `ge_fen` WHERE `fen_type` = 3 AND `fen_sale` = '易海' AND `fen_status` < 5 ORDER BY addtime desc LIMIT 3   [ RunTime:0.0001s ]
INFO: [ view_parse ] --START--
INFO: [ template_filter ] --START--
INFO: Run Behavior\ContentReplaceBehavior [ RunTime:0.000118s ]
INFO: [ template_filter ] --END-- [ RunTime:0.000198s ]
NOTIC: [8] Undefined variable: page /www/web/order_genecreate_cn/public_html/Application/Runtime/Cache/Manage/cb6068f90da21840d9ed0d0bee1f113d.php 第 18 行.
NOTIC: [8] Undefined variable: pages /www/web/order_genecreate_cn/public_html/Application/Runtime/Cache/Manage/cb6068f90da21840d9ed0d0bee1f113d.php 第 19 行.
NOTIC: [8] Undefined variable: page /www/web/order_genecreate_cn/public_html/Application/Runtime/Cache/Manage/cb6068f90da21840d9ed0d0bee1f113d.php 第 196 行.
SQL: SHOW COLUMNS FROM `ge_feninfo` [ RunTime:0.0006s ]
SQL: SHOW COLUMNS FROM `ge_pro_trace` [ RunTime:0.0008s ]
SQL: SELECT `id` FROM `ge_feninfo` WHERE ( fen_guan_id =289 ) LIMIT 1   [ RunTime:0.0001s ]
SQL: SELECT `addtime` FROM `ge_pro_trace` WHERE ( guan_id =288 ) ORDER BY id desc LIMIT 1   [ RunTime:0.0001s ]
SQL: SELECT `id` FROM `ge_feninfo` WHERE ( fen_guan_id =203 ) LIMIT 1   [ RunTime:0.0001s ]
SQL: SELECT `addtime` FROM `ge_pro_trace` WHERE ( guan_id =204 ) ORDER BY id desc LIMIT 1   [ RunTime:0.0001s ]
SQL: SELECT `id` FROM `ge_feninfo` WHERE ( fen_guan_id =199 ) LIMIT 1   [ RunTime:0.0001s ]
SQL: SELECT `addtime` FROM `ge_pro_trace` WHERE ( guan_id =200 ) ORDER BY id desc LIMIT 1   [ RunTime:0.0001s ]
NOTIC: [8] Undefined variable: pages /www/web/order_genecreate_cn/public_html/Application/Runtime/Cache/Manage/cb6068f90da21840d9ed0d0bee1f113d.php 第 489 行.
NOTIC: [8] Undefined variable: pages /www/web/order_genecreate_cn/public_html/Application/Runtime/Cache/Manage/cb6068f90da21840d9ed0d0bee1f113d.php 第 493 行.
INFO: Run Behavior\ParseTemplateBehavior [ RunTime:0.018309s ]
INFO: [ view_parse ] --END-- [ RunTime:0.018406s ]
INFO: [ view_filter ] --START--
INFO: Run Behavior\WriteHtmlCacheBehavior [ RunTime:0.000283s ]
INFO: [ view_filter ] --END-- [ RunTime:0.000352s ]
INFO: [ app_end ] --START--
INFO: Run Behavior\ShowPageTraceBehavior [ RunTime:0.000580s ]
INFO: [ app_end ] --END-- [ RunTime:0.000639s ]

[ 2015-11-28T10:54:04+08:00 ] 117.34.111.115 /index.php/Manage/Pro/fen4/type/4.html
INFO: [ app_init ] --START--
INFO: Run Behavior\BuildLiteBehavior [ RunTime:0.000016s ]
INFO: [ app_init ] --END-- [ RunTime:0.000294s ]
INFO: [ app_begin ] --START--
INFO: Run Behavior\ReadHtmlCacheBehavior [ RunTime:0.000404s ]
INFO: [ app_begin ] --END-- [ RunTime:0.000461s ]
NOTIC: [2048] Non-static method Manage\Controller\UserController::isLogin() should not be called statically, assuming $this from incompatible context /www/web/order_genecreate_cn/public_html/Application/Manage/Controller/ProController.class.php 第 35 行.
SQL: SHOW COLUMNS FROM `ge_tp_user` [ RunTime:0.0007s ]
SQL: SELECT * FROM `ge_tp_user` WHERE (  id = '84'  ) LIMIT 1   [ RunTime:0.0001s ]
SQL: SHOW COLUMNS FROM `ge_tp_role_user` [ RunTime:0.0004s ]
SQL: SHOW COLUMNS FROM `ge_tp_role` [ RunTime:0.0004s ]
SQL: SHOW COLUMNS FROM `ge_fen` [ RunTime:0.0006s ]
SQL: SELECT `role_id` FROM `ge_tp_role_user` WHERE ( user_id =84 ) LIMIT 1   [ RunTime:0.0001s ]
SQL: SELECT `remark` FROM `ge_tp_role` WHERE ( id =29 ) LIMIT 1   [ RunTime:0.0001s ]
SQL: SELECT * FROM `ge_fen` WHERE `fen_type` = 4 AND `fen_sale` = '易海' AND `fen_status` < 5 ORDER BY addtime desc LIMIT 3   [ RunTime:0.0001s ]
INFO: [ view_parse ] --START--
INFO: [ template_filter ] --START--
INFO: Run Behavior\ContentReplaceBehavior [ RunTime:0.000101s ]
INFO: [ template_filter ] --END-- [ RunTime:0.000177s ]
NOTIC: [8] Undefined variable: page /www/web/order_genecreate_cn/public_html/Application/Runtime/Cache/Manage/cb6068f90da21840d9ed0d0bee1f113d.php 第 18 行.
NOTIC: [8] Undefined variable: pages /www/web/order_genecreate_cn/public_html/Application/Runtime/Cache/Manage/cb6068f90da21840d9ed0d0bee1f113d.php 第 19 行.
NOTIC: [8] Undefined variable: page /www/web/order_genecreate_cn/public_html/Application/Runtime/Cache/Manage/cb6068f90da21840d9ed0d0bee1f113d.php 第 196 行.
NOTIC: [8] Undefined variable: pages /www/web/order_genecreate_cn/public_html/Application/Runtime/Cache/Manage/cb6068f90da21840d9ed0d0bee1f113d.php 第 489 行.
NOTIC: [8] Undefined variable: pages /www/web/order_genecreate_cn/public_html/Application/Runtime/Cache/Manage/cb6068f90da21840d9ed0d0bee1f113d.php 第 493 行.
INFO: Run Behavior\ParseTemplateBehavior [ RunTime:0.013812s ]
INFO: [ view_parse ] --END-- [ RunTime:0.013871s ]
INFO: [ view_filter ] --START--
INFO: Run Behavior\WriteHtmlCacheBehavior [ RunTime:0.000205s ]
INFO: [ view_filter ] --END-- [ RunTime:0.000253s ]
INFO: [ app_end ] --START--
INFO: Run Behavior\ShowPageTraceBehavior [ RunTime:0.000425s ]
INFO: [ app_end ] --END-- [ RunTime:0.000503s ]

[ 2015-11-28T11:02:07+08:00 ] 108.162.214.15 /index.php/Manage/Primer/index/type/0.html
INFO: [ app_init ] --START--
INFO: Run Behavior\BuildLiteBehavior [ RunTime:0.000016s ]
INFO: [ app_init ] --END-- [ RunTime:0.000299s ]
INFO: [ app_begin ] --START--
INFO: Run Behavior\ReadHtmlCacheBehavior [ RunTime:0.000432s ]
INFO: [ app_begin ] --END-- [ RunTime:0.000494s ]
NOTIC: [2048] Declaration of Manage\Controller\PrimerController::show() should be compatible with that of Think\Controller::show() /www/web/order_genecreate_cn/public_html/Application/Manage/Controller/PrimerController.class.php 第 6 行.
NOTIC: [8] Undefined index: 6781676e52afd2fafa9f430ace32555e /www/web/order_genecreate_cn/public_html/ThinkPHP/Library/Org/Util/Rbac.class.php 第 176 行.
NOTIC: [2048] Non-static method Manage\Controller\UserController::isLogin() should not be called statically, assuming $this from incompatible context /www/web/order_genecreate_cn/public_html/Application/Manage/Controller/PrimerController.class.php 第 8 行.
SQL: SHOW COLUMNS FROM `ge_tp_user` [ RunTime:0.0008s ]
SQL: SELECT * FROM `ge_tp_user` WHERE (  id = '84'  ) LIMIT 1   [ RunTime:0.0001s ]
SQL: SHOW COLUMNS FROM `ge_tp_role` [ RunTime:0.0005s ]
SQL: SELECT `remark` FROM `ge_tp_role` WHERE ( id =29 ) LIMIT 1   [ RunTime:0.0001s ]
SQL: SHOW COLUMNS FROM `ge_members_info` [ RunTime:0.0006s ]
SQL: SELECT `uid` FROM `ge_members_info` WHERE `name` LIKE '%%'  [ RunTime:0.0001s ]
SQL: SHOW COLUMNS FROM `ge_orders` [ RunTime:0.0007s ]
SQL: SELECT * FROM `ge_orders` WHERE `sale_name` = '易海' AND `ordertype` = 2 AND `status` = 2 ORDER BY id desc LIMIT 0,15   [ RunTime:0.0155s ]
SQL: SELECT COUNT(*) AS tp_count FROM `ge_orders` WHERE `sale_name` = '易海' AND `ordertype` = 2 AND `status` = 2 LIMIT 1   [ RunTime:0.0005s ]
INFO: [ view_parse ] --START--
INFO: [ template_filter ] --START--
INFO: Run Behavior\ContentReplaceBehavior [ RunTime:0.000092s ]
INFO: [ template_filter ] --END-- [ RunTime:0.000195s ]
NOTIC: [8] Undefined variable: customer /www/web/order_genecreate_cn/public_html/Application/Runtime/Cache/Manage/f6410d2c29cde6720c67eda98b4f50d5.php 第 87 行.
INFO: Run Behavior\ParseTemplateBehavior [ RunTime:0.045335s ]
INFO: [ view_parse ] --END-- [ RunTime:0.045409s ]
INFO: [ view_filter ] --START--
INFO: Run Behavior\WriteHtmlCacheBehavior [ RunTime:0.000217s ]
INFO: [ view_filter ] --END-- [ RunTime:0.000267s ]
INFO: [ app_end ] --START--
INFO: Run Behavior\ShowPageTraceBehavior [ RunTime:0.000475s ]
INFO: [ app_end ] --END-- [ RunTime:0.000528s ]

[ 2015-11-28T11:24:31+08:00 ] 117.34.111.100 /index.php/Manage/User/index.html
INFO: [ app_init ] --START--
INFO: Run Behavior\BuildLiteBehavior [ RunTime:0.000018s ]
INFO: [ app_init ] --END-- [ RunTime:0.000304s ]
INFO: [ app_begin ] --START--
INFO: Run Behavior\ReadHtmlCacheBehavior [ RunTime:0.000505s ]
INFO: [ app_begin ] --END-- [ RunTime:0.000564s ]
INFO: [ view_parse ] --START--
INFO: [ template_filter ] --START--
INFO: Run Behavior\ContentReplaceBehavior [ RunTime:0.000059s ]
INFO: [ template_filter ] --END-- [ RunTime:0.000164s ]
INFO: Run Behavior\ParseTemplateBehavior [ RunTime:0.006586s ]
INFO: [ view_parse ] --END-- [ RunTime:0.006674s ]
INFO: [ view_filter ] --START--
INFO: Run Behavior\WriteHtmlCacheBehavior [ RunTime:0.000219s ]
INFO: [ view_filter ] --END-- [ RunTime:0.000277s ]
INFO: [ app_end ] --START--
INFO: Run Behavior\ShowPageTraceBehavior [ RunTime:0.000466s ]
INFO: [ app_end ] --END-- [ RunTime:0.000518s ]

[ 2015-11-28T11:24:32+08:00 ] 117.34.111.100 /index.php/Manage/User/verify.html
INFO: [ app_init ] --START--
INFO: Run Behavior\BuildLiteBehavior [ RunTime:0.000027s ]
INFO: [ app_init ] --END-- [ RunTime:0.000473s ]
INFO: [ app_begin ] --START--
INFO: Run Behavior\ReadHtmlCacheBehavior [ RunTime:0.000513s ]
INFO: [ app_begin ] --END-- [ RunTime:0.000595s ]
INFO: [ app_end ] --START--
INFO: Run Behavior\ShowPageTraceBehavior [ RunTime:0.000533s ]
INFO: [ app_end ] --END-- [ RunTime:0.000614s ]

[ 2015-11-28T18:12:22+08:00 ] 117.34.111.115 /index.php/Manage.html
INFO: [ app_init ] --START--
INFO: Run Behavior\BuildLiteBehavior [ RunTime:0.000015s ]
INFO: [ app_init ] --END-- [ RunTime:0.000323s ]
INFO: [ app_begin ] --START--
INFO: Run Behavior\ReadHtmlCacheBehavior [ RunTime:0.000504s ]
INFO: [ app_begin ] --END-- [ RunTime:0.000572s ]
NOTIC: [2048] Non-static method Manage\Controller\UserController::isLogin() should not be called statically, assuming $this from incompatible context /www/web/order_genecreate_cn/public_html/Application/Manage/Controller/IndexController.class.php 第 8 行.
SQL: SHOW COLUMNS FROM `ge_tp_user` [ RunTime:0.0007s ]
SQL: SELECT * FROM `ge_tp_user` WHERE (  id = '98'  ) LIMIT 1   [ RunTime:0.0002s ]
INFO: [ view_parse ] --START--
INFO: [ template_filter ] --START--
INFO: Run Behavior\ContentReplaceBehavior [ RunTime:0.000049s ]
INFO: [ template_filter ] --END-- [ RunTime:0.000132s ]
INFO: Run Behavior\ParseTemplateBehavior [ RunTime:0.005762s ]
INFO: [ view_parse ] --END-- [ RunTime:0.005839s ]
INFO: [ view_filter ] --START--
INFO: Run Behavior\WriteHtmlCacheBehavior [ RunTime:0.000209s ]
INFO: [ view_filter ] --END-- [ RunTime:0.000258s ]
INFO: [ app_end ] --START--
INFO: Run Behavior\ShowPageTraceBehavior [ RunTime:0.000549s ]
INFO: [ app_end ] --END-- [ RunTime:0.000605s ]

[ 2015-11-28T18:12:23+08:00 ] 117.34.111.115 /index.php/Manage/Index/main.html
INFO: [ app_init ] --START--
INFO: Run Behavior\BuildLiteBehavior [ RunTime:0.000018s ]
INFO: [ app_init ] --END-- [ RunTime:0.000356s ]
INFO: [ app_begin ] --START--
INFO: Run Behavior\ReadHtmlCacheBehavior [ RunTime:0.000438s ]
INFO: [ app_begin ] --END-- [ RunTime:0.000497s ]
NOTIC: [2048] Non-static method Manage\Controller\UserController::isLogin() should not be called statically, assuming $this from incompatible context /www/web/order_genecreate_cn/public_html/Application/Manage/Controller/IndexController.class.php 第 67 行.
SQL: SHOW COLUMNS FROM `ge_tp_user` [ RunTime:0.0007s ]
SQL: SELECT * FROM `ge_tp_user` WHERE (  id = '98'  ) LIMIT 1   [ RunTime:0.0001s ]
INFO: [ view_parse ] --START--
INFO: [ template_filter ] --START--
INFO: Run Behavior\ContentReplaceBehavior [ RunTime:0.000056s ]
INFO: [ template_filter ] --END-- [ RunTime:0.000143s ]
INFO: Run Behavior\ParseTemplateBehavior [ RunTime:0.006581s ]
INFO: [ view_parse ] --END-- [ RunTime:0.006643s ]
INFO: [ view_filter ] --START--
INFO: Run Behavior\WriteHtmlCacheBehavior [ RunTime:0.000200s ]
INFO: [ view_filter ] --END-- [ RunTime:0.000261s ]
INFO: [ app_end ] --START--
INFO: Run Behavior\ShowPageTraceBehavior [ RunTime:0.000457s ]
INFO: [ app_end ] --END-- [ RunTime:0.000509s ]

[ 2015-11-28T18:12:25+08:00 ] 117.34.111.115 /index.php/Manage/Index/left.html
INFO: [ app_init ] --START--
INFO: Run Behavior\BuildLiteBehavior [ RunTime:0.000016s ]
INFO: [ app_init ] --END-- [ RunTime:0.000299s ]
INFO: [ app_begin ] --START--
INFO: Run Behavior\ReadHtmlCacheBehavior [ RunTime:0.000492s ]
INFO: [ app_begin ] --END-- [ RunTime:0.000551s ]
NOTIC: [2048] Non-static method Manage\Controller\UserController::isLogin() should not be called statically, assuming $this from incompatible context /www/web/order_genecreate_cn/public_html/Application/Manage/Controller/IndexController.class.php 第 18 行.
SQL: SHOW COLUMNS FROM `ge_tp_user` [ RunTime:0.0007s ]
SQL: SELECT * FROM `ge_tp_user` WHERE (  id = '98'  ) LIMIT 1   [ RunTime:0.0001s ]
SQL: SHOW COLUMNS FROM `ge_tp_node` [ RunTime:0.0005s ]
SQL: SELECT * FROM `ge_tp_node` WHERE ( level = 2 ) ORDER BY sort  [ RunTime:0.0001s ]
SQL: SELECT * FROM `ge_tp_node` WHERE ( 1=1 AND pid='17' )  [ RunTime:0.0001s ]
SQL: SELECT * FROM `ge_tp_node` WHERE ( 1=1 AND pid='22' )  [ RunTime:0.0001s ]
SQL: SELECT * FROM `ge_tp_node` WHERE ( 1=1 AND pid='26' )  [ RunTime:0.0001s ]
SQL: SELECT * FROM `ge_tp_node` WHERE ( 1=1 AND pid='30' )  [ RunTime:0.0001s ]
SQL: SELECT * FROM `ge_tp_node` WHERE ( 1=1 AND pid='42' )  [ RunTime:0.0001s ]
SQL: SELECT * FROM `ge_tp_node` WHERE ( 1=1 AND pid='2' )  [ RunTime:0.0001s ]
SQL: SELECT * FROM `ge_tp_node` WHERE ( 1=1 AND pid='50' )  [ RunTime:0.0001s ]
INFO: [ view_parse ] --START--
INFO: [ template_filter ] --START--
INFO: Run Behavior\ContentReplaceBehavior [ RunTime:0.000060s ]
INFO: [ template_filter ] --END-- [ RunTime:0.000136s ]
INFO: Run Behavior\ParseTemplateBehavior [ RunTime:0.011156s ]
INFO: [ view_parse ] --END-- [ RunTime:0.011217s ]
INFO: [ view_filter ] --START--
INFO: Run Behavior\WriteHtmlCacheBehavior [ RunTime:0.000206s ]
INFO: [ view_filter ] --END-- [ RunTime:0.000253s ]
INFO: [ app_end ] --START--
INFO: Run Behavior\ShowPageTraceBehavior [ RunTime:0.000514s ]
INFO: [ app_end ] --END-- [ RunTime:0.000569s ]

[ 2015-11-28T18:12:33+08:00 ] 117.34.111.115 /index.php/Manage/Primer/index/type/0.html
INFO: [ app_init ] --START--
INFO: Run Behavior\BuildLiteBehavior [ RunTime:0.000019s ]
INFO: [ app_init ] --END-- [ RunTime:0.000311s ]
INFO: [ app_begin ] --START--
INFO: Run Behavior\ReadHtmlCacheBehavior [ RunTime:0.000467s ]
INFO: [ app_begin ] --END-- [ RunTime:0.000553s ]
NOTIC: [2048] Declaration of Manage\Controller\PrimerController::show() should be compatible with that of Think\Controller::show() /www/web/order_genecreate_cn/public_html/Application/Manage/Controller/PrimerController.class.php 第 6 行.
NOTIC: [2048] Non-static method Manage\Controller\UserController::isLogin() should not be called statically, assuming $this from incompatible context /www/web/order_genecreate_cn/public_html/Application/Manage/Controller/PrimerController.class.php 第 8 行.
SQL: SHOW COLUMNS FROM `ge_tp_user` [ RunTime:0.0007s ]
SQL: SELECT * FROM `ge_tp_user` WHERE (  id = '98'  ) LIMIT 1   [ RunTime:0.0001s ]
SQL: SHOW COLUMNS FROM `ge_tp_role` [ RunTime:0.0004s ]
SQL: SELECT `remark` FROM `ge_tp_role` WHERE ( id =27 ) LIMIT 1   [ RunTime:0.0001s ]
SQL: SHOW COLUMNS FROM `ge_members_info` [ RunTime:0.0006s ]
SQL: SELECT `uid` FROM `ge_members_info` WHERE `name` LIKE '%%'  [ RunTime:0.0001s ]
SQL: SHOW COLUMNS FROM `ge_orders` [ RunTime:0.0010s ]
SQL: SELECT * FROM `ge_orders` WHERE `ordertype` = 2 AND `status` = 2 ORDER BY id desc LIMIT 0,15   [ RunTime:0.0001s ]
SQL: SELECT COUNT(*) AS tp_count FROM `ge_orders` WHERE `ordertype` = 2 AND `status` = 2 LIMIT 1   [ RunTime:0.0001s ]
INFO: [ view_parse ] --START--
INFO: [ template_filter ] --START--
INFO: Run Behavior\ContentReplaceBehavior [ RunTime:0.000059s ]
INFO: [ template_filter ] --END-- [ RunTime:0.000125s ]
NOTIC: [8] Undefined variable: customer /www/web/order_genecreate_cn/public_html/Application/Runtime/Cache/Manage/f6410d2c29cde6720c67eda98b4f50d5.php 第 87 行.
SQL: SELECT * FROM `ge_members_info` WHERE ( uid = 57 ) LIMIT 1   [ RunTime:0.0002s ]
SQL: SHOW COLUMNS FROM `ge_members` [ RunTime:0.0007s ]
SQL: SELECT * FROM `ge_members` WHERE ( id = 57 ) LIMIT 1   [ RunTime:0.0001s ]
SQL: SELECT * FROM `ge_members_info` WHERE ( uid = 57 ) LIMIT 1   [ RunTime:0.0001s ]
SQL: SHOW COLUMNS FROM `ge_contents` [ RunTime:0.0006s ]
SQL: SELECT `status` FROM `ge_contents` WHERE ( flag = 0 and id_order = 940 ) ORDER BY id desc LIMIT 1   [ RunTime:0.0001s ]
SQL: SELECT `status` FROM `ge_contents` WHERE ( flag = 0 and id_order = 940 ) ORDER BY id desc LIMIT 1   [ RunTime:0.0001s ]
SQL: SELECT `status` FROM `ge_contents` WHERE ( flag = 0 and id_order = 940 ) ORDER BY id desc LIMIT 1   [ RunTime:0.0001s ]
SQL: SELECT * FROM `ge_members_info` WHERE ( uid = 79 ) LIMIT 1   [ RunTime:0.0001s ]
SQL: SELECT * FROM `ge_members` WHERE ( id = 79 ) LIMIT 1   [ RunTime:0.0001s ]
SQL: SELECT * FROM `ge_members_info` WHERE ( uid = 79 ) LIMIT 1   [ RunTime:0.0001s ]
SQL: SELECT `status` FROM `ge_contents` WHERE ( flag = 0 and id_order = 939 ) ORDER BY id desc LIMIT 1   [ RunTime:0.0001s ]
SQL: SELECT `status` FROM `ge_contents` WHERE ( flag = 0 and id_order = 939 ) ORDER BY id desc LIMIT 1   [ RunTime:0.0001s ]
SQL: SELECT `status` FROM `ge_contents` WHERE ( flag = 0 and id_order = 939 ) ORDER BY id desc LIMIT 1   [ RunTime:0.0001s ]
SQL: SELECT * FROM `ge_members_info` WHERE ( uid = 57 ) LIMIT 1   [ RunTime:0.0001s ]
SQL: SELECT * FROM `ge_members` WHERE ( id = 57 ) LIMIT 1   [ RunTime:0.0001s ]
SQL: SELECT * FROM `ge_members_info` WHERE ( uid = 57 ) LIMIT 1   [ RunTime:0.0001s ]
SQL: SELECT `status` FROM `ge_contents` WHERE ( flag = 0 and id_order = 938 ) ORDER BY id desc LIMIT 1   [ RunTime:0.0001s ]
SQL: SELECT `status` FROM `ge_contents` WHERE ( flag = 0 and id_order = 938 ) ORDER BY id desc LIMIT 1   [ RunTime:0.0001s ]
SQL: SELECT `status` FROM `ge_contents` WHERE ( flag = 0 and id_order = 938 ) ORDER BY id desc LIMIT 1   [ RunTime:0.0001s ]
SQL: SELECT * FROM `ge_members_info` WHERE ( uid = 57 ) LIMIT 1   [ RunTime:0.0001s ]
SQL: SELECT * FROM `ge_members` WHERE ( id = 57 ) LIMIT 1   [ RunTime:0.0001s ]
SQL: SELECT * FROM `ge_members_info` WHERE ( uid = 57 ) LIMIT 1   [ RunTime:0.0001s ]
SQL: SELECT `status` FROM `ge_contents` WHERE ( flag = 0 and id_order = 937 ) ORDER BY id desc LIMIT 1   [ RunTime:0.0001s ]
SQL: SELECT `status` FROM `ge_contents` WHERE ( flag = 0 and id_order = 937 ) ORDER BY id desc LIMIT 1   [ RunTime:0.0001s ]
SQL: SELECT `status` FROM `ge_contents` WHERE ( flag = 0 and id_order = 937 ) ORDER BY id desc LIMIT 1   [ RunTime:0.0001s ]
SQL: SELECT * FROM `ge_members_info` WHERE ( uid = 60 ) LIMIT 1   [ RunTime:0.0001s ]
SQL: SELECT * FROM `ge_members` WHERE ( id = 60 ) LIMIT 1   [ RunTime:0.0001s ]
SQL: SELECT * FROM `ge_members_info` WHERE ( uid = 60 ) LIMIT 1   [ RunTime:0.0001s ]
SQL: SELECT `status` FROM `ge_contents` WHERE ( flag = 0 and id_order = 936 ) ORDER BY id desc LIMIT 1   [ RunTime:0.0001s ]
SQL: SELECT `status` FROM `ge_contents` WHERE ( flag = 0 and id_order = 936 ) ORDER BY id desc LIMIT 1   [ RunTime:0.0001s ]
SQL: SELECT `status` FROM `ge_contents` WHERE ( flag = 0 and id_order = 936 ) ORDER BY id desc LIMIT 1   [ RunTime:0.0001s ]
SQL: SELECT * FROM `ge_members_info` WHERE ( uid = 60 ) LIMIT 1   [ RunTime:0.0001s ]
SQL: SELECT * FROM `ge_members` WHERE ( id = 60 ) LIMIT 1   [ RunTime:0.0001s ]
SQL: SELECT * FROM `ge_members_info` WHERE ( uid = 60 ) LIMIT 1   [ RunTime:0.0001s ]
SQL: SELECT `status` FROM `ge_contents` WHERE ( flag = 0 and id_order = 935 ) ORDER BY id desc LIMIT 1   [ RunTime:0.0001s ]
SQL: SELECT `status` FROM `ge_contents` WHERE ( flag = 0 and id_order = 935 ) ORDER BY id desc LIMIT 1   [ RunTime:0.0001s ]
SQL: SELECT `status` FROM `ge_contents` WHERE ( flag = 0 and id_order = 935 ) ORDER BY id desc LIMIT 1   [ RunTime:0.0001s ]
SQL: SELECT * FROM `ge_members_info` WHERE ( uid = 57 ) LIMIT 1   [ RunTime:0.0001s ]
SQL: SELECT * FROM `ge_members` WHERE ( id = 57 ) LIMIT 1   [ RunTime:0.0001s ]
SQL: SELECT * FROM `ge_members_info` WHERE ( uid = 57 ) LIMIT 1   [ RunTime:0.0001s ]
SQL: SELECT `status` FROM `ge_contents` WHERE ( flag = 0 and id_order = 933 ) ORDER BY id desc LIMIT 1   [ RunTime:0.0001s ]
SQL: SELECT `status` FROM `ge_contents` WHERE ( flag = 0 and id_order = 933 ) ORDER BY id desc LIMIT 1   [ RunTime:0.0001s ]
SQL: SELECT `status` FROM `ge_contents` WHERE ( flag = 0 and id_order = 933 ) ORDER BY id desc LIMIT 1   [ RunTime:0.0001s ]
SQL: SELECT * FROM `ge_members_info` WHERE ( uid = 60 ) LIMIT 1   [ RunTime:0.0001s ]
SQL: SELECT * FROM `ge_members` WHERE ( id = 60 ) LIMIT 1   [ RunTime:0.0001s ]
SQL: SELECT * FROM `ge_members_info` WHERE ( uid = 60 ) LIMIT 1   [ RunTime:0.0001s ]
SQL: SELECT `status` FROM `ge_contents` WHERE ( flag = 0 and id_order = 932 ) ORDER BY id desc LIMIT 1   [ RunTime:0.0001s ]
SQL: SELECT `status` FROM `ge_contents` WHERE ( flag = 0 and id_order = 932 ) ORDER BY id desc LIMIT 1   [ RunTime:0.0001s ]
SQL: SELECT `status` FROM `ge_contents` WHERE ( flag = 0 and id_order = 932 ) ORDER BY id desc LIMIT 1   [ RunTime:0.0001s ]
SQL: SELECT * FROM `ge_members_info` WHERE ( uid = 78 ) LIMIT 1   [ RunTime:0.0001s ]
SQL: SELECT * FROM `ge_members` WHERE ( id = 78 ) LIMIT 1   [ RunTime:0.0001s ]
SQL: SELECT * FROM `ge_members_info` WHERE ( uid = 78 ) LIMIT 1   [ RunTime:0.0001s ]
SQL: SELECT `status` FROM `ge_contents` WHERE ( flag = 0 and id_order = 931 ) ORDER BY id desc LIMIT 1   [ RunTime:0.0001s ]
SQL: SELECT `status` FROM `ge_contents` WHERE ( flag = 0 and id_order = 931 ) ORDER BY id desc LIMIT 1   [ RunTime:0.0001s ]
SQL: SELECT `status` FROM `ge_contents` WHERE ( flag = 0 and id_order = 931 ) ORDER BY id desc LIMIT 1   [ RunTime:0.0001s ]
SQL: SELECT * FROM `ge_members_info` WHERE ( uid = 57 ) LIMIT 1   [ RunTime:0.0001s ]
SQL: SELECT * FROM `ge_members` WHERE ( id = 57 ) LIMIT 1   [ RunTime:0.0001s ]
SQL: SELECT * FROM `ge_members_info` WHERE ( uid = 57 ) LIMIT 1   [ RunTime:0.0001s ]
SQL: SELECT `status` FROM `ge_contents` WHERE ( flag = 0 and id_order = 930 ) ORDER BY id desc LIMIT 1   [ RunTime:0.0001s ]
SQL: SELECT `status` FROM `ge_contents` WHERE ( flag = 0 and id_order = 930 ) ORDER BY id desc LIMIT 1   [ RunTime:0.0001s ]
SQL: SELECT `status` FROM `ge_contents` WHERE ( flag = 0 and id_order = 930 ) ORDER BY id desc LIMIT 1   [ RunTime:0.0001s ]
SQL: SELECT * FROM `ge_members_info` WHERE ( uid = 57 ) LIMIT 1   [ RunTime:0.0001s ]
SQL: SELECT * FROM `ge_members` WHERE ( id = 57 ) LIMIT 1   [ RunTime:0.0001s ]
SQL: SELECT * FROM `ge_members_info` WHERE ( uid = 57 ) LIMIT 1   [ RunTime:0.0001s ]
SQL: SELECT `status` FROM `ge_contents` WHERE ( flag = 0 and id_order = 929 ) ORDER BY id desc LIMIT 1   [ RunTime:0.0001s ]
SQL: SELECT `status` FROM `ge_contents` WHERE ( flag = 0 and id_order = 929 ) ORDER BY id desc LIMIT 1   [ RunTime:0.0001s ]
SQL: SELECT `status` FROM `ge_contents` WHERE ( flag = 0 and id_order = 929 ) ORDER BY id desc LIMIT 1   [ RunTime:0.0001s ]
SQL: SELECT * FROM `ge_members_info` WHERE ( uid = 78 ) LIMIT 1   [ RunTime:0.0001s ]
SQL: SELECT * FROM `ge_members` WHERE ( id = 78 ) LIMIT 1   [ RunTime:0.0001s ]
SQL: SELECT * FROM `ge_members_info` WHERE ( uid = 78 ) LIMIT 1   [ RunTime:0.0001s ]
SQL: SELECT `status` FROM `ge_contents` WHERE ( flag = 0 and id_order = 928 ) ORDER BY id desc LIMIT 1   [ RunTime:0.0001s ]
SQL: SELECT `status` FROM `ge_contents` WHERE ( flag = 0 and id_order = 928 ) ORDER BY id desc LIMIT 1   [ RunTime:0.0001s ]
SQL: SELECT `status` FROM `ge_contents` WHERE ( flag = 0 and id_order = 928 ) ORDER BY id desc LIMIT 1   [ RunTime:0.0001s ]
SQL: SELECT * FROM `ge_members_info` WHERE ( uid = 78 ) LIMIT 1   [ RunTime:0.0001s ]
SQL: SELECT * FROM `ge_members` WHERE ( id = 78 ) LIMIT 1   [ RunTime:0.0001s ]
SQL: SELECT * FROM `ge_members_info` WHERE ( uid = 78 ) LIMIT 1   [ RunTime:0.0001s ]
SQL: SELECT `status` FROM `ge_contents` WHERE ( flag = 0 and id_order = 927 ) ORDER BY id desc LIMIT 1   [ RunTime:0.0001s ]
SQL: SELECT `status` FROM `ge_contents` WHERE ( flag = 0 and id_order = 927 ) ORDER BY id desc LIMIT 1   [ RunTime:0.0001s ]
SQL: SELECT `status` FROM `ge_contents` WHERE ( flag = 0 and id_order = 927 ) ORDER BY id desc LIMIT 1   [ RunTime:0.0001s ]
SQL: SELECT * FROM `ge_members_info` WHERE ( uid = 60 ) LIMIT 1   [ RunTime:0.0001s ]
SQL: SELECT * FROM `ge_members` WHERE ( id = 60 ) LIMIT 1   [ RunTime:0.0001s ]
SQL: SELECT * FROM `ge_members_info` WHERE ( uid = 60 ) LIMIT 1   [ RunTime:0.0001s ]
SQL: SELECT `status` FROM `ge_contents` WHERE ( flag = 0 and id_order = 926 ) ORDER BY id desc LIMIT 1   [ RunTime:0.0001s ]
SQL: SELECT `status` FROM `ge_contents` WHERE ( flag = 0 and id_order = 926 ) ORDER BY id desc LIMIT 1   [ RunTime:0.0001s ]
SQL: SELECT `status` FROM `ge_contents` WHERE ( flag = 0 and id_order = 926 ) ORDER BY id desc LIMIT 1   [ RunTime:0.0001s ]
SQL: SELECT * FROM `ge_members_info` WHERE ( uid = 60 ) LIMIT 1   [ RunTime:0.0001s ]
SQL: SELECT * FROM `ge_members` WHERE ( id = 60 ) LIMIT 1   [ RunTime:0.0001s ]
SQL: SELECT * FROM `ge_members_info` WHERE ( uid = 60 ) LIMIT 1   [ RunTime:0.0001s ]
SQL: SELECT `status` FROM `ge_contents` WHERE ( flag = 0 and id_order = 925 ) ORDER BY id desc LIMIT 1   [ RunTime:0.0001s ]
SQL: SELECT `status` FROM `ge_contents` WHERE ( flag = 0 and id_order = 925 ) ORDER BY id desc LIMIT 1   [ RunTime:0.0001s ]
SQL: SELECT `status` FROM `ge_contents` WHERE ( flag = 0 and id_order = 925 ) ORDER BY id desc LIMIT 1   [ RunTime:0.0001s ]
INFO: Run Behavior\ParseTemplateBehavior [ RunTime:0.038980s ]
INFO: [ view_parse ] --END-- [ RunTime:0.039049s ]
INFO: [ view_filter ] --START--
INFO: Run Behavior\WriteHtmlCacheBehavior [ RunTime:0.000336s ]
INFO: [ view_filter ] --END-- [ RunTime:0.000388s ]
INFO: [ app_end ] --START--
INFO: Run Behavior\ShowPageTraceBehavior [ RunTime:0.000450s ]
INFO: [ app_end ] --END-- [ RunTime:0.000506s ]

