[ 2015-11-21T00:02:59+08:00 ] 117.34.111.120 /index.php/Manage/Pro/fen_add.html
INFO: [ app_init ] --START--
INFO: Run Behavior\BuildLiteBehavior [ RunTime:0.000040s ]
INFO: [ app_init ] --END-- [ RunTime:0.000325s ]
INFO: [ app_begin ] --START--
INFO: Run Behavior\ReadHtmlCacheBehavior [ RunTime:0.000498s ]
INFO: [ app_begin ] --END-- [ RunTime:0.000558s ]
NOTIC: [8] Undefined index: 26e9a90f5269d607e696ddc6bac0a322 /www/web/order_genecreate_cn/public_html/ThinkPHP/Library/Org/Util/Rbac.class.php 第 176 行.

[ 2015-11-21T00:03:12+08:00 ] 117.34.111.100 /index.php/Manage/Pro/fen_more/type/3.html
INFO: [ app_init ] --START--
INFO: Run Behavior\BuildLiteBehavior [ RunTime:0.000019s ]
INFO: [ app_init ] --END-- [ RunTime:0.000312s ]
INFO: [ app_begin ] --START--
INFO: Run Behavior\ReadHtmlCacheBehavior [ RunTime:0.000431s ]
INFO: [ app_begin ] --END-- [ RunTime:0.000490s ]
NOTIC: [8] Undefined index: 4c223e5340c8381654233f641bafd53d /www/web/order_genecreate_cn/public_html/ThinkPHP/Library/Org/Util/Rbac.class.php 第 176 行.
NOTIC: [2048] Non-static method Manage\Controller\UserController::isLogin() should not be called statically, assuming $this from incompatible context /www/web/order_genecreate_cn/public_html/Application/Manage/Controller/ProController.class.php 第 686 行.
SQL: SHOW COLUMNS FROM `ge_tp_user` [ RunTime:0.0009s ]
SQL: SELECT * FROM `ge_tp_user` WHERE (  id = '78'  ) LIMIT 1   [ RunTime:0.0001s ]
SQL: SHOW COLUMNS FROM `ge_tp_role_user` [ RunTime:0.0004s ]
SQL: SHOW COLUMNS FROM `ge_tp_role` [ RunTime:0.0004s ]
SQL: SELECT `role_id` FROM `ge_tp_role_user` WHERE ( user_id =78 ) LIMIT 1   [ RunTime:0.0001s ]
SQL: SELECT `remark` FROM `ge_tp_role` WHERE ( id =29 ) LIMIT 1   [ RunTime:0.0001s ]
SQL: SHOW COLUMNS FROM `ge_fen` [ RunTime:0.0006s ]
SQL: SELECT * FROM `ge_fen` WHERE `fen_type` = 3 AND `fen_sale` = '赵鹏辉' AND `fen_status` < 5 ORDER BY addtime desc LIMIT 0,8   [ RunTime:0.0004s ]
SQL: SELECT COUNT(*) AS tp_count FROM `ge_fen` WHERE `fen_type` = 3 AND `fen_sale` = '赵鹏辉' AND `fen_status` < 5 LIMIT 1   [ RunTime:0.0003s ]
INFO: [ view_parse ] --START--
INFO: [ template_filter ] --START--
INFO: Run Behavior\ContentReplaceBehavior [ RunTime:0.000092s ]
INFO: [ template_filter ] --END-- [ RunTime:0.000186s ]
SQL: SHOW COLUMNS FROM `ge_feninfo` [ RunTime:0.0008s ]
SQL: SHOW COLUMNS FROM `ge_pro_trace` [ RunTime:0.0004s ]
SQL: SELECT `id` FROM `ge_feninfo` WHERE ( fen_guan_id =200 ) LIMIT 1   [ RunTime:0.0001s ]
SQL: SELECT `addtime` FROM `ge_pro_trace` WHERE ( guan_id =201 ) ORDER BY id desc LIMIT 1   [ RunTime:0.0001s ]
SQL: SELECT `id` FROM `ge_feninfo` WHERE ( fen_guan_id =192 ) LIMIT 1   [ RunTime:0.0001s ]
SQL: SELECT `addtime` FROM `ge_pro_trace` WHERE ( guan_id =193 ) ORDER BY id desc LIMIT 1   [ RunTime:0.0001s ]
INFO: Run Behavior\ParseTemplateBehavior [ RunTime:0.014362s ]
INFO: [ view_parse ] --END-- [ RunTime:0.014423s ]
INFO: [ view_filter ] --START--
INFO: Run Behavior\WriteHtmlCacheBehavior [ RunTime:0.000265s ]
INFO: [ view_filter ] --END-- [ RunTime:0.000320s ]
INFO: [ app_end ] --START--
INFO: Run Behavior\ShowPageTraceBehavior [ RunTime:0.000458s ]
INFO: [ app_end ] --END-- [ RunTime:0.000527s ]

[ 2015-11-21T00:03:16+08:00 ] 117.34.111.100 /index.php/Manage/Pro/fen_more/type/3.html
INFO: [ app_init ] --START--
INFO: Run Behavior\BuildLiteBehavior [ RunTime:0.000018s ]
INFO: [ app_init ] --END-- [ RunTime:0.000355s ]
INFO: [ app_begin ] --START--
INFO: Run Behavior\ReadHtmlCacheBehavior [ RunTime:0.000439s ]
INFO: [ app_begin ] --END-- [ RunTime:0.000508s ]
NOTIC: [2048] Non-static method Manage\Controller\UserController::isLogin() should not be called statically, assuming $this from incompatible context /www/web/order_genecreate_cn/public_html/Application/Manage/Controller/ProController.class.php 第 686 行.
SQL: SHOW COLUMNS FROM `ge_tp_user` [ RunTime:0.0007s ]
SQL: SELECT * FROM `ge_tp_user` WHERE (  id = '78'  ) LIMIT 1   [ RunTime:0.0001s ]
SQL: SHOW COLUMNS FROM `ge_tp_role_user` [ RunTime:0.0004s ]
SQL: SHOW COLUMNS FROM `ge_tp_role` [ RunTime:0.0004s ]
SQL: SELECT `role_id` FROM `ge_tp_role_user` WHERE ( user_id =78 ) LIMIT 1   [ RunTime:0.0001s ]
SQL: SELECT `remark` FROM `ge_tp_role` WHERE ( id =29 ) LIMIT 1   [ RunTime:0.0001s ]
SQL: SHOW COLUMNS FROM `ge_fen` [ RunTime:0.0006s ]
SQL: SELECT * FROM `ge_fen` WHERE `fen_type` = 3 AND `fen_sale` = '赵鹏辉' AND `fen_status` < 5 ORDER BY addtime desc LIMIT 0,8   [ RunTime:0.0001s ]
SQL: SELECT COUNT(*) AS tp_count FROM `ge_fen` WHERE `fen_type` = 3 AND `fen_sale` = '赵鹏辉' AND `fen_status` < 5 LIMIT 1   [ RunTime:0.0001s ]
INFO: [ view_parse ] --START--
INFO: [ template_filter ] --START--
INFO: Run Behavior\ContentReplaceBehavior [ RunTime:0.000091s ]
INFO: [ template_filter ] --END-- [ RunTime:0.000164s ]
SQL: SHOW COLUMNS FROM `ge_feninfo` [ RunTime:0.0007s ]
SQL: SHOW COLUMNS FROM `ge_pro_trace` [ RunTime:0.0004s ]
SQL: SELECT `id` FROM `ge_feninfo` WHERE ( fen_guan_id =200 ) LIMIT 1   [ RunTime:0.0001s ]
SQL: SELECT `addtime` FROM `ge_pro_trace` WHERE ( guan_id =201 ) ORDER BY id desc LIMIT 1   [ RunTime:0.0001s ]
SQL: SELECT `id` FROM `ge_feninfo` WHERE ( fen_guan_id =192 ) LIMIT 1   [ RunTime:0.0001s ]
SQL: SELECT `addtime` FROM `ge_pro_trace` WHERE ( guan_id =193 ) ORDER BY id desc LIMIT 1   [ RunTime:0.0001s ]
INFO: Run Behavior\ParseTemplateBehavior [ RunTime:0.014135s ]
INFO: [ view_parse ] --END-- [ RunTime:0.014211s ]
INFO: [ view_filter ] --START--
INFO: Run Behavior\WriteHtmlCacheBehavior [ RunTime:0.000264s ]
INFO: [ view_filter ] --END-- [ RunTime:0.000332s ]
INFO: [ app_end ] --START--
INFO: Run Behavior\ShowPageTraceBehavior [ RunTime:0.000435s ]
INFO: [ app_end ] --END-- [ RunTime:0.000495s ]

[ 2015-11-21T00:03:17+08:00 ] 117.34.111.100 /index.php/Manage/Pro/fen_more/type/3.html
INFO: [ app_init ] --START--
INFO: Run Behavior\BuildLiteBehavior [ RunTime:0.000017s ]
INFO: [ app_init ] --END-- [ RunTime:0.000330s ]
INFO: [ app_begin ] --START--
INFO: Run Behavior\ReadHtmlCacheBehavior [ RunTime:0.000485s ]
INFO: [ app_begin ] --END-- [ RunTime:0.000553s ]
NOTIC: [2048] Non-static method Manage\Controller\UserController::isLogin() should not be called statically, assuming $this from incompatible context /www/web/order_genecreate_cn/public_html/Application/Manage/Controller/ProController.class.php 第 686 行.
SQL: SHOW COLUMNS FROM `ge_tp_user` [ RunTime:0.0007s ]
SQL: SELECT * FROM `ge_tp_user` WHERE (  id = '78'  ) LIMIT 1   [ RunTime:0.0001s ]
SQL: SHOW COLUMNS FROM `ge_tp_role_user` [ RunTime:0.0004s ]
SQL: SHOW COLUMNS FROM `ge_tp_role` [ RunTime:0.0004s ]
SQL: SELECT `role_id` FROM `ge_tp_role_user` WHERE ( user_id =78 ) LIMIT 1   [ RunTime:0.0001s ]
SQL: SELECT `remark` FROM `ge_tp_role` WHERE ( id =29 ) LIMIT 1   [ RunTime:0.0001s ]
SQL: SHOW COLUMNS FROM `ge_fen` [ RunTime:0.0005s ]
SQL: SELECT * FROM `ge_fen` WHERE `fen_type` = 3 AND `fen_sale` = '赵鹏辉' AND `fen_status` < 5 ORDER BY addtime desc LIMIT 0,8   [ RunTime:0.0001s ]
SQL: SELECT COUNT(*) AS tp_count FROM `ge_fen` WHERE `fen_type` = 3 AND `fen_sale` = '赵鹏辉' AND `fen_status` < 5 LIMIT 1   [ RunTime:0.0001s ]
INFO: [ view_parse ] --START--
INFO: [ template_filter ] --START--
INFO: Run Behavior\ContentReplaceBehavior [ RunTime:0.000076s ]
INFO: [ template_filter ] --END-- [ RunTime:0.000157s ]
SQL: SHOW COLUMNS FROM `ge_feninfo` [ RunTime:0.0007s ]
SQL: SHOW COLUMNS FROM `ge_pro_trace` [ RunTime:0.0008s ]
SQL: SELECT `id` FROM `ge_feninfo` WHERE ( fen_guan_id =200 ) LIMIT 1   [ RunTime:0.0001s ]
SQL: SELECT `addtime` FROM `ge_pro_trace` WHERE ( guan_id =201 ) ORDER BY id desc LIMIT 1   [ RunTime:0.0001s ]
SQL: SELECT `id` FROM `ge_feninfo` WHERE ( fen_guan_id =192 ) LIMIT 1   [ RunTime:0.0001s ]
SQL: SELECT `addtime` FROM `ge_pro_trace` WHERE ( guan_id =193 ) ORDER BY id desc LIMIT 1   [ RunTime:0.0001s ]
INFO: Run Behavior\ParseTemplateBehavior [ RunTime:0.017169s ]
INFO: [ view_parse ] --END-- [ RunTime:0.017246s ]
INFO: [ view_filter ] --START--
INFO: Run Behavior\WriteHtmlCacheBehavior [ RunTime:0.000268s ]
INFO: [ view_filter ] --END-- [ RunTime:0.000318s ]
INFO: [ app_end ] --START--
INFO: Run Behavior\ShowPageTraceBehavior [ RunTime:0.000458s ]
INFO: [ app_end ] --END-- [ RunTime:0.000536s ]

[ 2015-11-21T00:03:40+08:00 ] 117.34.111.100 /index.php/Manage/Pro/fen_index/id/200.html
INFO: [ app_init ] --START--
INFO: Run Behavior\BuildLiteBehavior [ RunTime:0.000019s ]
INFO: [ app_init ] --END-- [ RunTime:0.000339s ]
INFO: [ app_begin ] --START--
INFO: Run Behavior\ReadHtmlCacheBehavior [ RunTime:0.000442s ]
INFO: [ app_begin ] --END-- [ RunTime:0.000499s ]
NOTIC: [2048] Non-static method Manage\Controller\UserController::isLogin() should not be called statically, assuming $this from incompatible context /www/web/order_genecreate_cn/public_html/Application/Manage/Controller/ProController.class.php 第 824 行.
SQL: SHOW COLUMNS FROM `ge_tp_user` [ RunTime:0.0007s ]
SQL: SELECT * FROM `ge_tp_user` WHERE (  id = '78'  ) LIMIT 1   [ RunTime:0.0002s ]
SQL: SHOW COLUMNS FROM `ge_fen` [ RunTime:0.0007s ]
SQL: SHOW COLUMNS FROM `ge_feninfo` [ RunTime:0.0004s ]
SQL: SHOW COLUMNS FROM `ge_pro_trace` [ RunTime:0.0004s ]
SQL: SELECT * FROM `ge_fen` WHERE ( id = 200 ) ORDER BY id desc LIMIT 1   [ RunTime:0.0001s ]
SQL: SELECT * FROM `ge_feninfo` WHERE ( fen_guan_id = 200 ) ORDER BY id desc LIMIT 1   [ RunTime:0.0001s ]
SQL: SELECT DISTINCT  `status` FROM `ge_pro_trace` WHERE ( guan_id = 201 ) ORDER BY id asc  [ RunTime:0.0001s ]
SQL: SELECT * FROM `ge_pro_trace` WHERE ( guan_id = 201 ) ORDER BY id asc  [ RunTime:0.0001s ]
SQL: SELECT DISTINCT  `guan_id`,`status` FROM `ge_pro_trace` WHERE ( guan_id = 201 ) ORDER BY id asc LIMIT 1   [ RunTime:0.0001s ]
NOTIC: [8] Undefined variable: end_status /www/web/order_genecreate_cn/public_html/Application/Manage/Controller/ProController.class.php 第 906 行.
NOTIC: [8] Undefined variable: end_status_guan /www/web/order_genecreate_cn/public_html/Application/Manage/Controller/ProController.class.php 第 908 行.
INFO: [ view_parse ] --START--
INFO: [ template_filter ] --START--
INFO: Run Behavior\ContentReplaceBehavior [ RunTime:0.000095s ]
INFO: [ template_filter ] --END-- [ RunTime:0.000177s ]
NOTIC: [8] Undefined variable: page /www/web/order_genecreate_cn/public_html/Application/Runtime/Cache/Manage/b53f3adf0d20cc93cd0813c92f2ba9b9.php 第 18 行.
NOTIC: [8] Undefined variable: pages /www/web/order_genecreate_cn/public_html/Application/Runtime/Cache/Manage/b53f3adf0d20cc93cd0813c92f2ba9b9.php 第 19 行.
NOTIC: [8] Undefined variable: page /www/web/order_genecreate_cn/public_html/Application/Runtime/Cache/Manage/b53f3adf0d20cc93cd0813c92f2ba9b9.php 第 53 行.
NOTIC: [8] Undefined index: status /www/web/order_genecreate_cn/public_html/Application/Runtime/Cache/Manage/b53f3adf0d20cc93cd0813c92f2ba9b9.php 第 319 行.
SQL: SELECT `content` FROM `ge_pro_trace` WHERE `status` = 1 AND `guan_id` = 201 ORDER BY id desc LIMIT 1   [ RunTime:0.0002s ]
SQL: SELECT * FROM `ge_pro_trace` WHERE `status` = 1 AND `guan_id` = 201 ORDER BY id desc  [ RunTime:0.0001s ]
NOTIC: [8] Undefined variable: daye /www/web/order_genecreate_cn/public_html/Application/Manage/Common/function.php 第 714 行.
INFO: Run Behavior\ParseTemplateBehavior [ RunTime:0.016092s ]
INFO: [ view_parse ] --END-- [ RunTime:0.016147s ]
INFO: [ view_filter ] --START--
INFO: Run Behavior\WriteHtmlCacheBehavior [ RunTime:0.000214s ]
INFO: [ view_filter ] --END-- [ RunTime:0.000264s ]
INFO: [ app_end ] --START--
INFO: Run Behavior\ShowPageTraceBehavior [ RunTime:0.000427s ]
INFO: [ app_end ] --END-- [ RunTime:0.000483s ]

[ 2015-11-21T00:07:39+08:00 ] 117.34.111.100 /index.php/Manage/Pro/fen_index/id/192.html
INFO: [ app_init ] --START--
INFO: Run Behavior\BuildLiteBehavior [ RunTime:0.000019s ]
INFO: [ app_init ] --END-- [ RunTime:0.000333s ]
INFO: [ app_begin ] --START--
INFO: Run Behavior\ReadHtmlCacheBehavior [ RunTime:0.000506s ]
INFO: [ app_begin ] --END-- [ RunTime:0.000572s ]
NOTIC: [2048] Non-static method Manage\Controller\UserController::isLogin() should not be called statically, assuming $this from incompatible context /www/web/order_genecreate_cn/public_html/Application/Manage/Controller/ProController.class.php 第 824 行.
SQL: SHOW COLUMNS FROM `ge_tp_user` [ RunTime:0.0009s ]
SQL: SELECT * FROM `ge_tp_user` WHERE (  id = '78'  ) LIMIT 1   [ RunTime:0.0001s ]
SQL: SHOW COLUMNS FROM `ge_fen` [ RunTime:0.0006s ]
SQL: SHOW COLUMNS FROM `ge_feninfo` [ RunTime:0.0004s ]
SQL: SHOW COLUMNS FROM `ge_pro_trace` [ RunTime:0.0004s ]
SQL: SELECT * FROM `ge_fen` WHERE ( id = 192 ) ORDER BY id desc LIMIT 1   [ RunTime:0.0002s ]
SQL: SELECT * FROM `ge_feninfo` WHERE ( fen_guan_id = 192 ) ORDER BY id desc LIMIT 1   [ RunTime:0.0003s ]
SQL: SELECT DISTINCT  `status` FROM `ge_pro_trace` WHERE ( guan_id = 193 ) ORDER BY id asc  [ RunTime:0.0005s ]
SQL: SELECT * FROM `ge_pro_trace` WHERE ( guan_id = 193 ) ORDER BY id asc  [ RunTime:0.0003s ]
SQL: SELECT DISTINCT  `guan_id`,`status` FROM `ge_pro_trace` WHERE ( guan_id = 193 ) ORDER BY id asc LIMIT 1   [ RunTime:0.0005s ]
NOTIC: [8] Undefined variable: end_status /www/web/order_genecreate_cn/public_html/Application/Manage/Controller/ProController.class.php 第 906 行.
NOTIC: [8] Undefined variable: end_status_guan /www/web/order_genecreate_cn/public_html/Application/Manage/Controller/ProController.class.php 第 908 行.
INFO: [ view_parse ] --START--
INFO: [ template_filter ] --START--
INFO: Run Behavior\ContentReplaceBehavior [ RunTime:0.000115s ]
INFO: [ template_filter ] --END-- [ RunTime:0.000218s ]
NOTIC: [8] Undefined variable: page /www/web/order_genecreate_cn/public_html/Application/Runtime/Cache/Manage/b53f3adf0d20cc93cd0813c92f2ba9b9.php 第 18 行.
NOTIC: [8] Undefined variable: pages /www/web/order_genecreate_cn/public_html/Application/Runtime/Cache/Manage/b53f3adf0d20cc93cd0813c92f2ba9b9.php 第 19 行.
NOTIC: [8] Undefined variable: page /www/web/order_genecreate_cn/public_html/Application/Runtime/Cache/Manage/b53f3adf0d20cc93cd0813c92f2ba9b9.php 第 53 行.
NOTIC: [8] Undefined index: status /www/web/order_genecreate_cn/public_html/Application/Runtime/Cache/Manage/b53f3adf0d20cc93cd0813c92f2ba9b9.php 第 319 行.
SQL: SELECT `content` FROM `ge_pro_trace` WHERE `status` = 1 AND `guan_id` = 193 ORDER BY id desc LIMIT 1   [ RunTime:0.0007s ]
SQL: SELECT * FROM `ge_pro_trace` WHERE `status` = 1 AND `guan_id` = 193 ORDER BY id desc  [ RunTime:0.0004s ]
NOTIC: [8] Undefined variable: daye /www/web/order_genecreate_cn/public_html/Application/Manage/Common/function.php 第 714 行.
INFO: Run Behavior\ParseTemplateBehavior [ RunTime:0.017479s ]
INFO: [ view_parse ] --END-- [ RunTime:0.017539s ]
INFO: [ view_filter ] --START--
INFO: Run Behavior\WriteHtmlCacheBehavior [ RunTime:0.000224s ]
INFO: [ view_filter ] --END-- [ RunTime:0.000274s ]
INFO: [ app_end ] --START--
INFO: Run Behavior\ShowPageTraceBehavior [ RunTime:0.000484s ]
INFO: [ app_end ] --END-- [ RunTime:0.000541s ]

[ 2015-11-21T00:08:08+08:00 ] 117.34.111.100 /index.php/Manage/Pro/fen2/type/2.html
INFO: [ app_init ] --START--
INFO: Run Behavior\BuildLiteBehavior [ RunTime:0.000022s ]
INFO: [ app_init ] --END-- [ RunTime:0.000343s ]
INFO: [ app_begin ] --START--
INFO: Run Behavior\ReadHtmlCacheBehavior [ RunTime:0.000459s ]
INFO: [ app_begin ] --END-- [ RunTime:0.000535s ]
NOTIC: [8] Undefined index: db03a30dc00c07f13d137d6b49a0ae90 /www/web/order_genecreate_cn/public_html/ThinkPHP/Library/Org/Util/Rbac.class.php 第 176 行.
NOTIC: [2048] Non-static method Manage\Controller\UserController::isLogin() should not be called statically, assuming $this from incompatible context /www/web/order_genecreate_cn/public_html/Application/Manage/Controller/ProController.class.php 第 35 行.
SQL: SHOW COLUMNS FROM `ge_tp_user` [ RunTime:0.0007s ]
SQL: SELECT * FROM `ge_tp_user` WHERE (  id = '78'  ) LIMIT 1   [ RunTime:0.0001s ]
SQL: SHOW COLUMNS FROM `ge_tp_role_user` [ RunTime:0.0003s ]
SQL: SHOW COLUMNS FROM `ge_tp_role` [ RunTime:0.0005s ]
SQL: SHOW COLUMNS FROM `ge_fen` [ RunTime:0.0005s ]
SQL: SELECT `role_id` FROM `ge_tp_role_user` WHERE ( user_id =78 ) LIMIT 1   [ RunTime:0.0001s ]
SQL: SELECT `remark` FROM `ge_tp_role` WHERE ( id =29 ) LIMIT 1   [ RunTime:0.0001s ]
SQL: SELECT * FROM `ge_fen` WHERE `fen_type` = 2 AND `fen_sale` = '赵鹏辉' AND `fen_status` < 5 ORDER BY addtime desc LIMIT 3   [ RunTime:0.0004s ]
INFO: [ view_parse ] --START--
INFO: [ template_filter ] --START--
INFO: Run Behavior\ContentReplaceBehavior [ RunTime:0.000124s ]
INFO: [ template_filter ] --END-- [ RunTime:0.000222s ]
NOTIC: [8] Undefined variable: page /www/web/order_genecreate_cn/public_html/Application/Runtime/Cache/Manage/cb6068f90da21840d9ed0d0bee1f113d.php 第 18 行.
NOTIC: [8] Undefined variable: pages /www/web/order_genecreate_cn/public_html/Application/Runtime/Cache/Manage/cb6068f90da21840d9ed0d0bee1f113d.php 第 19 行.
NOTIC: [8] Undefined variable: page /www/web/order_genecreate_cn/public_html/Application/Runtime/Cache/Manage/cb6068f90da21840d9ed0d0bee1f113d.php 第 196 行.
NOTIC: [8] Undefined variable: pages /www/web/order_genecreate_cn/public_html/Application/Runtime/Cache/Manage/cb6068f90da21840d9ed0d0bee1f113d.php 第 489 行.
NOTIC: [8] Undefined variable: pages /www/web/order_genecreate_cn/public_html/Application/Runtime/Cache/Manage/cb6068f90da21840d9ed0d0bee1f113d.php 第 493 行.
INFO: Run Behavior\ParseTemplateBehavior [ RunTime:0.015041s ]
INFO: [ view_parse ] --END-- [ RunTime:0.015107s ]
INFO: [ view_filter ] --START--
INFO: Run Behavior\WriteHtmlCacheBehavior [ RunTime:0.000213s ]
INFO: [ view_filter ] --END-- [ RunTime:0.000260s ]
INFO: [ app_end ] --START--
INFO: Run Behavior\ShowPageTraceBehavior [ RunTime:0.000476s ]
INFO: [ app_end ] --END-- [ RunTime:0.000536s ]

[ 2015-11-21T00:08:11+08:00 ] 117.34.111.100 /index.php/Manage/Pro/fen3/type/3.html
INFO: [ app_init ] --START--
INFO: Run Behavior\BuildLiteBehavior [ RunTime:0.000023s ]
INFO: [ app_init ] --END-- [ RunTime:0.000440s ]
INFO: [ app_begin ] --START--
INFO: Run Behavior\ReadHtmlCacheBehavior [ RunTime:0.000425s ]
INFO: [ app_begin ] --END-- [ RunTime:0.000489s ]
NOTIC: [2048] Non-static method Manage\Controller\UserController::isLogin() should not be called statically, assuming $this from incompatible context /www/web/order_genecreate_cn/public_html/Application/Manage/Controller/ProController.class.php 第 35 行.
SQL: SHOW COLUMNS FROM `ge_tp_user` [ RunTime:0.0008s ]
SQL: SELECT * FROM `ge_tp_user` WHERE (  id = '78'  ) LIMIT 1   [ RunTime:0.0001s ]
SQL: SHOW COLUMNS FROM `ge_tp_role_user` [ RunTime:0.0006s ]
SQL: SHOW COLUMNS FROM `ge_tp_role` [ RunTime:0.0004s ]
SQL: SHOW COLUMNS FROM `ge_fen` [ RunTime:0.0006s ]
SQL: SELECT `role_id` FROM `ge_tp_role_user` WHERE ( user_id =78 ) LIMIT 1   [ RunTime:0.0001s ]
SQL: SELECT `remark` FROM `ge_tp_role` WHERE ( id =29 ) LIMIT 1   [ RunTime:0.0001s ]
SQL: SELECT * FROM `ge_fen` WHERE `fen_type` = 3 AND `fen_sale` = '赵鹏辉' AND `fen_status` < 5 ORDER BY addtime desc LIMIT 3   [ RunTime:0.0001s ]
INFO: [ view_parse ] --START--
INFO: [ template_filter ] --START--
INFO: Run Behavior\ContentReplaceBehavior [ RunTime:0.000102s ]
INFO: [ template_filter ] --END-- [ RunTime:0.000172s ]
NOTIC: [8] Undefined variable: page /www/web/order_genecreate_cn/public_html/Application/Runtime/Cache/Manage/cb6068f90da21840d9ed0d0bee1f113d.php 第 18 行.
NOTIC: [8] Undefined variable: pages /www/web/order_genecreate_cn/public_html/Application/Runtime/Cache/Manage/cb6068f90da21840d9ed0d0bee1f113d.php 第 19 行.
NOTIC: [8] Undefined variable: page /www/web/order_genecreate_cn/public_html/Application/Runtime/Cache/Manage/cb6068f90da21840d9ed0d0bee1f113d.php 第 196 行.
SQL: SHOW COLUMNS FROM `ge_feninfo` [ RunTime:0.0007s ]
SQL: SHOW COLUMNS FROM `ge_pro_trace` [ RunTime:0.0004s ]
SQL: SELECT `id` FROM `ge_feninfo` WHERE ( fen_guan_id =200 ) LIMIT 1   [ RunTime:0.0001s ]
SQL: SELECT `addtime` FROM `ge_pro_trace` WHERE ( guan_id =201 ) ORDER BY id desc LIMIT 1   [ RunTime:0.0001s ]
SQL: SELECT `id` FROM `ge_feninfo` WHERE ( fen_guan_id =192 ) LIMIT 1   [ RunTime:0.0001s ]
SQL: SELECT `addtime` FROM `ge_pro_trace` WHERE ( guan_id =193 ) ORDER BY id desc LIMIT 1   [ RunTime:0.0001s ]
NOTIC: [8] Undefined variable: pages /www/web/order_genecreate_cn/public_html/Application/Runtime/Cache/Manage/cb6068f90da21840d9ed0d0bee1f113d.php 第 489 行.
NOTIC: [8] Undefined variable: pages /www/web/order_genecreate_cn/public_html/Application/Runtime/Cache/Manage/cb6068f90da21840d9ed0d0bee1f113d.php 第 493 行.
INFO: Run Behavior\ParseTemplateBehavior [ RunTime:0.015677s ]
INFO: [ view_parse ] --END-- [ RunTime:0.015731s ]
INFO: [ view_filter ] --START--
INFO: Run Behavior\WriteHtmlCacheBehavior [ RunTime:0.000211s ]
INFO: [ view_filter ] --END-- [ RunTime:0.000260s ]
INFO: [ app_end ] --START--
INFO: Run Behavior\ShowPageTraceBehavior [ RunTime:0.000461s ]
INFO: [ app_end ] --END-- [ RunTime:0.000517s ]

[ 2015-11-21T00:08:14+08:00 ] 117.34.111.100 /index.php/Manage/Pro/fen_index/id/192/type/3.html
INFO: [ app_init ] --START--
INFO: Run Behavior\BuildLiteBehavior [ RunTime:0.000015s ]
INFO: [ app_init ] --END-- [ RunTime:0.000328s ]
INFO: [ app_begin ] --START--
INFO: Run Behavior\ReadHtmlCacheBehavior [ RunTime:0.000445s ]
INFO: [ app_begin ] --END-- [ RunTime:0.000513s ]
NOTIC: [2048] Non-static method Manage\Controller\UserController::isLogin() should not be called statically, assuming $this from incompatible context /www/web/order_genecreate_cn/public_html/Application/Manage/Controller/ProController.class.php 第 824 行.
SQL: SHOW COLUMNS FROM `ge_tp_user` [ RunTime:0.0010s ]
SQL: SELECT * FROM `ge_tp_user` WHERE (  id = '78'  ) LIMIT 1   [ RunTime:0.0001s ]
SQL: SHOW COLUMNS FROM `ge_fen` [ RunTime:0.0007s ]
SQL: SHOW COLUMNS FROM `ge_feninfo` [ RunTime:0.0005s ]
SQL: SHOW COLUMNS FROM `ge_pro_trace` [ RunTime:0.0004s ]
SQL: SELECT * FROM `ge_fen` WHERE ( id = 192 ) ORDER BY id desc LIMIT 1   [ RunTime:0.0001s ]
SQL: SELECT * FROM `ge_feninfo` WHERE ( fen_guan_id = 192 ) ORDER BY id desc LIMIT 1   [ RunTime:0.0001s ]
SQL: SELECT DISTINCT  `status` FROM `ge_pro_trace` WHERE ( guan_id = 193 ) ORDER BY id asc  [ RunTime:0.0001s ]
SQL: SELECT * FROM `ge_pro_trace` WHERE ( guan_id = 193 ) ORDER BY id asc  [ RunTime:0.0001s ]
SQL: SELECT DISTINCT  `guan_id`,`status` FROM `ge_pro_trace` WHERE ( guan_id = 193 ) ORDER BY id asc LIMIT 1   [ RunTime:0.0001s ]
NOTIC: [8] Undefined variable: end_status /www/web/order_genecreate_cn/public_html/Application/Manage/Controller/ProController.class.php 第 906 行.
NOTIC: [8] Undefined variable: end_status_guan /www/web/order_genecreate_cn/public_html/Application/Manage/Controller/ProController.class.php 第 908 行.
INFO: [ view_parse ] --START--
INFO: [ template_filter ] --START--
INFO: Run Behavior\ContentReplaceBehavior [ RunTime:0.000089s ]
INFO: [ template_filter ] --END-- [ RunTime:0.000159s ]
NOTIC: [8] Undefined variable: page /www/web/order_genecreate_cn/public_html/Application/Runtime/Cache/Manage/b53f3adf0d20cc93cd0813c92f2ba9b9.php 第 18 行.
NOTIC: [8] Undefined variable: pages /www/web/order_genecreate_cn/public_html/Application/Runtime/Cache/Manage/b53f3adf0d20cc93cd0813c92f2ba9b9.php 第 19 行.
NOTIC: [8] Undefined variable: page /www/web/order_genecreate_cn/public_html/Application/Runtime/Cache/Manage/b53f3adf0d20cc93cd0813c92f2ba9b9.php 第 53 行.
NOTIC: [8] Undefined index: status /www/web/order_genecreate_cn/public_html/Application/Runtime/Cache/Manage/b53f3adf0d20cc93cd0813c92f2ba9b9.php 第 319 行.
SQL: SELECT `content` FROM `ge_pro_trace` WHERE `status` = 1 AND `guan_id` = 193 ORDER BY id desc LIMIT 1   [ RunTime:0.0001s ]
SQL: SELECT * FROM `ge_pro_trace` WHERE `status` = 1 AND `guan_id` = 193 ORDER BY id desc  [ RunTime:0.0001s ]
NOTIC: [8] Undefined variable: daye /www/web/order_genecreate_cn/public_html/Application/Manage/Common/function.php 第 714 行.
INFO: Run Behavior\ParseTemplateBehavior [ RunTime:0.015090s ]
INFO: [ view_parse ] --END-- [ RunTime:0.015143s ]
INFO: [ view_filter ] --START--
INFO: Run Behavior\WriteHtmlCacheBehavior [ RunTime:0.000267s ]
INFO: [ view_filter ] --END-- [ RunTime:0.000318s ]
INFO: [ app_end ] --START--
INFO: Run Behavior\ShowPageTraceBehavior [ RunTime:0.000448s ]
INFO: [ app_end ] --END-- [ RunTime:0.000504s ]

[ 2015-11-21T00:08:25+08:00 ] 117.34.111.120 /index.php/Manage/Pro/fen5/type/5.html
INFO: [ app_init ] --START--
INFO: Run Behavior\BuildLiteBehavior [ RunTime:0.000018s ]
INFO: [ app_init ] --END-- [ RunTime:0.000333s ]
INFO: [ app_begin ] --START--
INFO: Run Behavior\ReadHtmlCacheBehavior [ RunTime:0.000444s ]
INFO: [ app_begin ] --END-- [ RunTime:0.000506s ]
NOTIC: [2048] Non-static method Manage\Controller\UserController::isLogin() should not be called statically, assuming $this from incompatible context /www/web/order_genecreate_cn/public_html/Application/Manage/Controller/ProController.class.php 第 35 行.
SQL: SHOW COLUMNS FROM `ge_tp_user` [ RunTime:0.0008s ]
SQL: SELECT * FROM `ge_tp_user` WHERE (  id = '78'  ) LIMIT 1   [ RunTime:0.0001s ]
SQL: SHOW COLUMNS FROM `ge_tp_role_user` [ RunTime:0.0005s ]
SQL: SHOW COLUMNS FROM `ge_tp_role` [ RunTime:0.0004s ]
SQL: SHOW COLUMNS FROM `ge_fen` [ RunTime:0.0006s ]
SQL: SELECT `role_id` FROM `ge_tp_role_user` WHERE ( user_id =78 ) LIMIT 1   [ RunTime:0.0001s ]
SQL: SELECT `remark` FROM `ge_tp_role` WHERE ( id =29 ) LIMIT 1   [ RunTime:0.0001s ]
SQL: SELECT * FROM `ge_fen` WHERE `fen_type` = 5 AND `fen_sale` = '赵鹏辉' AND `fen_status` < 5 ORDER BY addtime desc LIMIT 3   [ RunTime:0.0001s ]
INFO: [ view_parse ] --START--
INFO: [ template_filter ] --START--
INFO: Run Behavior\ContentReplaceBehavior [ RunTime:0.000100s ]
INFO: [ template_filter ] --END-- [ RunTime:0.000205s ]
NOTIC: [8] Undefined variable: page /www/web/order_genecreate_cn/public_html/Application/Runtime/Cache/Manage/cb6068f90da21840d9ed0d0bee1f113d.php 第 18 行.
NOTIC: [8] Undefined variable: pages /www/web/order_genecreate_cn/public_html/Application/Runtime/Cache/Manage/cb6068f90da21840d9ed0d0bee1f113d.php 第 19 行.
NOTIC: [8] Undefined variable: page /www/web/order_genecreate_cn/public_html/Application/Runtime/Cache/Manage/cb6068f90da21840d9ed0d0bee1f113d.php 第 196 行.
SQL: SHOW COLUMNS FROM `ge_feninfo` [ RunTime:0.0008s ]
SQL: SHOW COLUMNS FROM `ge_pro_trace` [ RunTime:0.0004s ]
SQL: SELECT `id` FROM `ge_feninfo` WHERE ( fen_guan_id =161 ) LIMIT 1   [ RunTime:0.0001s ]
SQL: SELECT `addtime` FROM `ge_pro_trace` WHERE ( guan_id =163 ) ORDER BY id desc LIMIT 1   [ RunTime:0.0001s ]
SQL: SELECT `id` FROM `ge_feninfo` WHERE ( fen_guan_id =124 ) LIMIT 1   [ RunTime:0.0001s ]
SQL: SELECT `addtime` FROM `ge_pro_trace` WHERE ( guan_id =114 ) ORDER BY id desc LIMIT 1   [ RunTime:0.0001s ]
NOTIC: [8] Undefined variable: pages /www/web/order_genecreate_cn/public_html/Application/Runtime/Cache/Manage/cb6068f90da21840d9ed0d0bee1f113d.php 第 489 行.
NOTIC: [8] Undefined variable: pages /www/web/order_genecreate_cn/public_html/Application/Runtime/Cache/Manage/cb6068f90da21840d9ed0d0bee1f113d.php 第 493 行.
INFO: Run Behavior\ParseTemplateBehavior [ RunTime:0.017948s ]
INFO: [ view_parse ] --END-- [ RunTime:0.018028s ]
INFO: [ view_filter ] --START--
INFO: Run Behavior\WriteHtmlCacheBehavior [ RunTime:0.000268s ]
INFO: [ view_filter ] --END-- [ RunTime:0.000345s ]
INFO: [ app_end ] --START--
INFO: Run Behavior\ShowPageTraceBehavior [ RunTime:0.000542s ]
INFO: [ app_end ] --END-- [ RunTime:0.000617s ]

[ 2015-11-21T00:08:30+08:00 ] 117.34.111.100 /index.php/Manage/Pro/fen5/type/5.html
INFO: [ app_init ] --START--
INFO: Run Behavior\BuildLiteBehavior [ RunTime:0.000019s ]
INFO: [ app_init ] --END-- [ RunTime:0.000340s ]
INFO: [ app_begin ] --START--
INFO: Run Behavior\ReadHtmlCacheBehavior [ RunTime:0.000500s ]
INFO: [ app_begin ] --END-- [ RunTime:0.000562s ]
NOTIC: [2048] Non-static method Manage\Controller\UserController::isLogin() should not be called statically, assuming $this from incompatible context /www/web/order_genecreate_cn/public_html/Application/Manage/Controller/ProController.class.php 第 35 行.
SQL: SHOW COLUMNS FROM `ge_tp_user` [ RunTime:0.0009s ]
SQL: SELECT * FROM `ge_tp_user` WHERE (  id = '78'  ) LIMIT 1   [ RunTime:0.0001s ]
SQL: SHOW COLUMNS FROM `ge_tp_role_user` [ RunTime:0.0006s ]
SQL: SHOW COLUMNS FROM `ge_tp_role` [ RunTime:0.0006s ]
SQL: SHOW COLUMNS FROM `ge_fen` [ RunTime:0.0008s ]
SQL: SELECT `role_id` FROM `ge_tp_role_user` WHERE ( user_id =78 ) LIMIT 1   [ RunTime:0.0001s ]
SQL: SELECT `remark` FROM `ge_tp_role` WHERE ( id =29 ) LIMIT 1   [ RunTime:0.0001s ]
SQL: SELECT * FROM `ge_fen` WHERE `fen_type` = 5 AND `fen_sale` = '赵鹏辉' AND `fen_status` < 5 ORDER BY addtime desc LIMIT 3   [ RunTime:0.0001s ]
INFO: [ view_parse ] --START--
INFO: [ template_filter ] --START--
INFO: Run Behavior\ContentReplaceBehavior [ RunTime:0.000105s ]
INFO: [ template_filter ] --END-- [ RunTime:0.000194s ]
NOTIC: [8] Undefined variable: page /www/web/order_genecreate_cn/public_html/Application/Runtime/Cache/Manage/cb6068f90da21840d9ed0d0bee1f113d.php 第 18 行.
NOTIC: [8] Undefined variable: pages /www/web/order_genecreate_cn/public_html/Application/Runtime/Cache/Manage/cb6068f90da21840d9ed0d0bee1f113d.php 第 19 行.
NOTIC: [8] Undefined variable: page /www/web/order_genecreate_cn/public_html/Application/Runtime/Cache/Manage/cb6068f90da21840d9ed0d0bee1f113d.php 第 196 行.
SQL: SHOW COLUMNS FROM `ge_feninfo` [ RunTime:0.0007s ]
SQL: SHOW COLUMNS FROM `ge_pro_trace` [ RunTime:0.0004s ]
SQL: SELECT `id` FROM `ge_feninfo` WHERE ( fen_guan_id =161 ) LIMIT 1   [ RunTime:0.0001s ]
SQL: SELECT `addtime` FROM `ge_pro_trace` WHERE ( guan_id =163 ) ORDER BY id desc LIMIT 1   [ RunTime:0.0001s ]
SQL: SELECT `id` FROM `ge_feninfo` WHERE ( fen_guan_id =124 ) LIMIT 1   [ RunTime:0.0001s ]
SQL: SELECT `addtime` FROM `ge_pro_trace` WHERE ( guan_id =114 ) ORDER BY id desc LIMIT 1   [ RunTime:0.0001s ]
NOTIC: [8] Undefined variable: pages /www/web/order_genecreate_cn/public_html/Application/Runtime/Cache/Manage/cb6068f90da21840d9ed0d0bee1f113d.php 第 489 行.
NOTIC: [8] Undefined variable: pages /www/web/order_genecreate_cn/public_html/Application/Runtime/Cache/Manage/cb6068f90da21840d9ed0d0bee1f113d.php 第 493 行.
INFO: Run Behavior\ParseTemplateBehavior [ RunTime:0.016691s ]
INFO: [ view_parse ] --END-- [ RunTime:0.016757s ]
INFO: [ view_filter ] --START--
INFO: Run Behavior\WriteHtmlCacheBehavior [ RunTime:0.000224s ]
INFO: [ view_filter ] --END-- [ RunTime:0.000273s ]
INFO: [ app_end ] --START--
INFO: Run Behavior\ShowPageTraceBehavior [ RunTime:0.000550s ]
INFO: [ app_end ] --END-- [ RunTime:0.000629s ]

[ 2015-11-21T00:08:34+08:00 ] 117.34.111.100 /index.php/Manage/Pro/fen_index/id/161/type/5.html
INFO: [ app_init ] --START--
INFO: Run Behavior\BuildLiteBehavior [ RunTime:0.000017s ]
INFO: [ app_init ] --END-- [ RunTime:0.000323s ]
INFO: [ app_begin ] --START--
INFO: Run Behavior\ReadHtmlCacheBehavior [ RunTime:0.000467s ]
INFO: [ app_begin ] --END-- [ RunTime:0.000543s ]
NOTIC: [2048] Non-static method Manage\Controller\UserController::isLogin() should not be called statically, assuming $this from incompatible context /www/web/order_genecreate_cn/public_html/Application/Manage/Controller/ProController.class.php 第 824 行.
SQL: SHOW COLUMNS FROM `ge_tp_user` [ RunTime:0.0007s ]
SQL: SELECT * FROM `ge_tp_user` WHERE (  id = '78'  ) LIMIT 1   [ RunTime:0.0001s ]
SQL: SHOW COLUMNS FROM `ge_fen` [ RunTime:0.0006s ]
SQL: SHOW COLUMNS FROM `ge_feninfo` [ RunTime:0.0004s ]
SQL: SHOW COLUMNS FROM `ge_pro_trace` [ RunTime:0.0004s ]
SQL: SELECT * FROM `ge_fen` WHERE ( id = 161 ) ORDER BY id desc LIMIT 1   [ RunTime:0.0001s ]
SQL: SELECT * FROM `ge_feninfo` WHERE ( fen_guan_id = 161 ) ORDER BY id desc LIMIT 1   [ RunTime:0.0001s ]
SQL: SELECT DISTINCT  `status` FROM `ge_pro_trace` WHERE ( guan_id = 163 ) ORDER BY id asc  [ RunTime:0.0001s ]
SQL: SELECT * FROM `ge_pro_trace` WHERE ( guan_id = 163 ) ORDER BY id asc  [ RunTime:0.0001s ]
SQL: SELECT DISTINCT  `guan_id`,`status` FROM `ge_pro_trace` WHERE ( guan_id = 163 ) ORDER BY id asc LIMIT 4   [ RunTime:0.0001s ]
NOTIC: [8] Undefined variable: end_status /www/web/order_genecreate_cn/public_html/Application/Manage/Controller/ProController.class.php 第 906 行.
NOTIC: [8] Undefined variable: end_status_guan /www/web/order_genecreate_cn/public_html/Application/Manage/Controller/ProController.class.php 第 908 行.
INFO: [ view_parse ] --START--
INFO: [ template_filter ] --START--
INFO: Run Behavior\ContentReplaceBehavior [ RunTime:0.000098s ]
INFO: [ template_filter ] --END-- [ RunTime:0.000196s ]
NOTIC: [8] Undefined variable: page /www/web/order_genecreate_cn/public_html/Application/Runtime/Cache/Manage/b53f3adf0d20cc93cd0813c92f2ba9b9.php 第 18 行.
NOTIC: [8] Undefined variable: pages /www/web/order_genecreate_cn/public_html/Application/Runtime/Cache/Manage/b53f3adf0d20cc93cd0813c92f2ba9b9.php 第 19 行.
NOTIC: [8] Undefined variable: page /www/web/order_genecreate_cn/public_html/Application/Runtime/Cache/Manage/b53f3adf0d20cc93cd0813c92f2ba9b9.php 第 53 行.
NOTIC: [8] Undefined index: status /www/web/order_genecreate_cn/public_html/Application/Runtime/Cache/Manage/b53f3adf0d20cc93cd0813c92f2ba9b9.php 第 319 行.
SQL: SELECT `content` FROM `ge_pro_trace` WHERE `status` = 1 AND `guan_id` = 163 ORDER BY id desc LIMIT 1   [ RunTime:0.0001s ]
SQL: SELECT * FROM `ge_pro_trace` WHERE `status` = 1 AND `guan_id` = 163 ORDER BY id desc  [ RunTime:0.0001s ]
NOTIC: [8] Undefined variable: daye /www/web/order_genecreate_cn/public_html/Application/Manage/Common/function.php 第 714 行.
NOTIC: [8] Undefined index: status /www/web/order_genecreate_cn/public_html/Application/Runtime/Cache/Manage/b53f3adf0d20cc93cd0813c92f2ba9b9.php 第 319 行.
SQL: SELECT `content` FROM `ge_pro_trace` WHERE `status` = 2 AND `guan_id` = 163 ORDER BY id desc LIMIT 1   [ RunTime:0.0001s ]
SQL: SELECT * FROM `ge_pro_trace` WHERE `status` = 2 AND `guan_id` = 163 ORDER BY id desc  [ RunTime:0.0001s ]
NOTIC: [8] Undefined variable: daye /www/web/order_genecreate_cn/public_html/Application/Manage/Common/function.php 第 714 行.
NOTIC: [8] Undefined index: status /www/web/order_genecreate_cn/public_html/Application/Runtime/Cache/Manage/b53f3adf0d20cc93cd0813c92f2ba9b9.php 第 319 行.
SQL: SELECT `content` FROM `ge_pro_trace` WHERE `status` = 3 AND `guan_id` = 163 ORDER BY id desc LIMIT 1   [ RunTime:0.0001s ]
SQL: SELECT * FROM `ge_pro_trace` WHERE `status` = 3 AND `guan_id` = 163 ORDER BY id desc  [ RunTime:0.0001s ]
NOTIC: [8] Undefined variable: daye /www/web/order_genecreate_cn/public_html/Application/Manage/Common/function.php 第 714 行.
NOTIC: [8] Undefined index: status /www/web/order_genecreate_cn/public_html/Application/Runtime/Cache/Manage/b53f3adf0d20cc93cd0813c92f2ba9b9.php 第 319 行.
SQL: SELECT `content` FROM `ge_pro_trace` WHERE `status` = 4 AND `guan_id` = 163 ORDER BY id desc LIMIT 1   [ RunTime:0.0001s ]
SQL: SELECT * FROM `ge_pro_trace` WHERE `status` = 4 AND `guan_id` = 163 ORDER BY id desc  [ RunTime:0.0001s ]
NOTIC: [8] Undefined variable: daye /www/web/order_genecreate_cn/public_html/Application/Manage/Common/function.php 第 714 行.
INFO: Run Behavior\ParseTemplateBehavior [ RunTime:0.019354s ]
INFO: [ view_parse ] --END-- [ RunTime:0.019426s ]
INFO: [ view_filter ] --START--
INFO: Run Behavior\WriteHtmlCacheBehavior [ RunTime:0.000363s ]
INFO: [ view_filter ] --END-- [ RunTime:0.000441s ]
INFO: [ app_end ] --START--
INFO: Run Behavior\ShowPageTraceBehavior [ RunTime:0.000541s ]
INFO: [ app_end ] --END-- [ RunTime:0.000622s ]

[ 2015-11-21T16:21:55+08:00 ] 61.54.46.87 /index.php/Manage/User/index.html
INFO: [ app_init ] --START--
INFO: Run Behavior\BuildLiteBehavior [ RunTime:0.000025s ]
INFO: [ app_init ] --END-- [ RunTime:0.000506s ]
INFO: [ app_begin ] --START--
INFO: Run Behavior\ReadHtmlCacheBehavior [ RunTime:0.000727s ]
INFO: [ app_begin ] --END-- [ RunTime:0.000846s ]
INFO: [ view_parse ] --START--
INFO: [ template_filter ] --START--
INFO: Run Behavior\ContentReplaceBehavior [ RunTime:0.000044s ]
INFO: [ template_filter ] --END-- [ RunTime:0.000137s ]
INFO: Run Behavior\ParseTemplateBehavior [ RunTime:0.037873s ]
INFO: [ view_parse ] --END-- [ RunTime:0.038016s ]
INFO: [ view_filter ] --START--
INFO: Run Behavior\WriteHtmlCacheBehavior [ RunTime:0.000248s ]
INFO: [ view_filter ] --END-- [ RunTime:0.000304s ]
INFO: [ app_end ] --START--
INFO: Run Behavior\ShowPageTraceBehavior [ RunTime:0.000511s ]
INFO: [ app_end ] --END-- [ RunTime:0.000566s ]

[ 2015-11-21T16:21:55+08:00 ] 116.31.126.12 /index.php/Manage/User/index.html
INFO: [ app_init ] --START--
INFO: Run Behavior\BuildLiteBehavior [ RunTime:0.000016s ]
INFO: [ app_init ] --END-- [ RunTime:0.000352s ]
INFO: [ app_begin ] --START--
INFO: Run Behavior\ReadHtmlCacheBehavior [ RunTime:0.000464s ]
INFO: [ app_begin ] --END-- [ RunTime:0.000557s ]
INFO: [ view_parse ] --START--
INFO: [ template_filter ] --START--
INFO: Run Behavior\ContentReplaceBehavior [ RunTime:0.000045s ]
INFO: [ template_filter ] --END-- [ RunTime:0.000139s ]
INFO: Run Behavior\ParseTemplateBehavior [ RunTime:0.007550s ]
INFO: [ view_parse ] --END-- [ RunTime:0.007631s ]
INFO: [ view_filter ] --START--
INFO: Run Behavior\WriteHtmlCacheBehavior [ RunTime:0.000248s ]
INFO: [ view_filter ] --END-- [ RunTime:0.000297s ]
INFO: [ app_end ] --START--
INFO: Run Behavior\ShowPageTraceBehavior [ RunTime:0.000548s ]
INFO: [ app_end ] --END-- [ RunTime:0.000602s ]

[ 2015-11-21T16:21:56+08:00 ] 61.54.46.87 /index.php/Manage/User/verify.html
INFO: [ app_init ] --START--
INFO: Run Behavior\BuildLiteBehavior [ RunTime:0.000016s ]
INFO: [ app_init ] --END-- [ RunTime:0.000340s ]
INFO: [ app_begin ] --START--
INFO: Run Behavior\ReadHtmlCacheBehavior [ RunTime:0.000476s ]
INFO: [ app_begin ] --END-- [ RunTime:0.000539s ]
INFO: [ app_end ] --START--
INFO: Run Behavior\ShowPageTraceBehavior [ RunTime:0.000806s ]
INFO: [ app_end ] --END-- [ RunTime:0.000987s ]

[ 2015-11-21T16:22:23+08:00 ] 61.54.46.87 /index.php/Manage/User/login.html
INFO: [ app_init ] --START--
INFO: Run Behavior\BuildLiteBehavior [ RunTime:0.000023s ]
INFO: [ app_init ] --END-- [ RunTime:0.000403s ]
INFO: [ app_begin ] --START--
INFO: Run Behavior\ReadHtmlCacheBehavior [ RunTime:0.000493s ]
INFO: [ app_begin ] --END-- [ RunTime:0.000583s ]
SQL: SHOW COLUMNS FROM `ge_tp_user` [ RunTime:0.0008s ]
SQL: SELECT * FROM `ge_tp_user` WHERE ( username = 'houjiale'  ) LIMIT 1   [ RunTime:0.0004s ]
INFO: [ view_parse ] --START--
INFO: [ template_filter ] --START--
INFO: Run Behavior\ContentReplaceBehavior [ RunTime:0.000056s ]
INFO: [ template_filter ] --END-- [ RunTime:0.000160s ]
INFO: Run Behavior\ParseTemplateBehavior [ RunTime:0.046737s ]
INFO: [ view_parse ] --END-- [ RunTime:0.046803s ]
INFO: [ view_filter ] --START--
INFO: Run Behavior\WriteHtmlCacheBehavior [ RunTime:0.000211s ]
INFO: [ view_filter ] --END-- [ RunTime:0.000259s ]

[ 2015-11-21T16:22:50+08:00 ] 61.54.46.87 /index.php/Manage/User/login.html
INFO: [ app_init ] --START--
INFO: Run Behavior\BuildLiteBehavior [ RunTime:0.000018s ]
INFO: [ app_init ] --END-- [ RunTime:0.000343s ]
INFO: [ app_begin ] --START--
INFO: Run Behavior\ReadHtmlCacheBehavior [ RunTime:0.000501s ]
INFO: [ app_begin ] --END-- [ RunTime:0.000582s ]
INFO: [ view_parse ] --START--
INFO: [ template_filter ] --START--
INFO: Run Behavior\ContentReplaceBehavior [ RunTime:0.000044s ]
INFO: [ template_filter ] --END-- [ RunTime:0.000123s ]
INFO: Run Behavior\ParseTemplateBehavior [ RunTime:0.005808s ]
INFO: [ view_parse ] --END-- [ RunTime:0.005872s ]
INFO: [ view_filter ] --START--
INFO: Run Behavior\WriteHtmlCacheBehavior [ RunTime:0.000194s ]
INFO: [ view_filter ] --END-- [ RunTime:0.000240s ]

[ 2015-11-21T17:46:38+08:00 ] 117.34.111.120 /index.php/Manage.html
INFO: [ app_init ] --START--
INFO: Run Behavior\BuildLiteBehavior [ RunTime:0.000018s ]
INFO: [ app_init ] --END-- [ RunTime:0.000324s ]
INFO: [ app_begin ] --START--
INFO: Run Behavior\ReadHtmlCacheBehavior [ RunTime:0.000488s ]
INFO: [ app_begin ] --END-- [ RunTime:0.000547s ]

[ 2015-11-21T17:46:39+08:00 ] 117.34.111.120 /index.php/Manage/User/index.html
INFO: [ app_init ] --START--
INFO: Run Behavior\BuildLiteBehavior [ RunTime:0.000019s ]
INFO: [ app_init ] --END-- [ RunTime:0.000315s ]
INFO: [ app_begin ] --START--
INFO: Run Behavior\ReadHtmlCacheBehavior [ RunTime:0.000449s ]
INFO: [ app_begin ] --END-- [ RunTime:0.000509s ]
INFO: [ view_parse ] --START--
INFO: [ template_filter ] --START--
INFO: Run Behavior\ContentReplaceBehavior [ RunTime:0.000034s ]
INFO: [ template_filter ] --END-- [ RunTime:0.000095s ]
INFO: Run Behavior\ParseTemplateBehavior [ RunTime:0.005398s ]
INFO: [ view_parse ] --END-- [ RunTime:0.005461s ]
INFO: [ view_filter ] --START--
INFO: Run Behavior\WriteHtmlCacheBehavior [ RunTime:0.000215s ]
INFO: [ view_filter ] --END-- [ RunTime:0.000267s ]
INFO: [ app_end ] --START--
INFO: Run Behavior\ShowPageTraceBehavior [ RunTime:0.000511s ]
INFO: [ app_end ] --END-- [ RunTime:0.000565s ]

[ 2015-11-21T17:46:43+08:00 ] 117.34.111.120 /index.php/Manage/User/verify.html
INFO: [ app_init ] --START--
INFO: Run Behavior\BuildLiteBehavior [ RunTime:0.000018s ]
INFO: [ app_init ] --END-- [ RunTime:0.000323s ]
INFO: [ app_begin ] --START--
INFO: Run Behavior\ReadHtmlCacheBehavior [ RunTime:0.000477s ]
INFO: [ app_begin ] --END-- [ RunTime:0.000539s ]
INFO: [ app_end ] --START--
INFO: Run Behavior\ShowPageTraceBehavior [ RunTime:0.000590s ]
INFO: [ app_end ] --END-- [ RunTime:0.000682s ]

[ 2015-11-21T17:47:03+08:00 ] 117.34.111.120 /index.php/Manage/User/login.html
INFO: [ app_init ] --START--
INFO: Run Behavior\BuildLiteBehavior [ RunTime:0.000020s ]
INFO: [ app_init ] --END-- [ RunTime:0.000365s ]
INFO: [ app_begin ] --START--
INFO: Run Behavior\ReadHtmlCacheBehavior [ RunTime:0.000480s ]
INFO: [ app_begin ] --END-- [ RunTime:0.000544s ]
SQL: SHOW COLUMNS FROM `ge_tp_user` [ RunTime:0.0007s ]
SQL: SELECT * FROM `ge_tp_user` WHERE ( username = '王赛'  ) LIMIT 1   [ RunTime:0.0221s ]
SQL: SHOW COLUMNS FROM `ge_tp_role` [ RunTime:0.0006s ]
NOTIC: [8] Undefined index: mapping_order /www/web/order_genecreate_cn/public_html/ThinkPHP/Library/Think/Model/RelationModel.class.php 第 186 行.
NOTIC: [8] Undefined index: mapping_limit /www/web/order_genecreate_cn/public_html/ThinkPHP/Library/Think/Model/RelationModel.class.php 第 187 行.
SQL: SELECT b.id,name FROM ge_tp_role_user AS a, ge_tp_role AS b WHERE a.role_id = b.id AND a. user_id='109' [ RunTime:0.0001s ]
NOTIC: [8] Undefined index: superadmin /www/web/order_genecreate_cn/public_html/ThinkPHP/Library/Org/Util/Rbac.class.php 第 88 行.
SQL: select node.id,node.name from ge_tp_role as role,ge_tp_role_user as user,ge_tp_access as access ,ge_tp_node as node where user.user_id='109' and user.role_id=role.id and ( access.role_id=role.id  or (access.role_id=role.pid and role.pid!=0 ) ) and role.status=1 and access.node_id=node.id and node.level=1 and node.status=1 [ RunTime:0.0001s ]
SQL: select node.id,node.name from ge_tp_role as role,ge_tp_role_user as user,ge_tp_access as access ,ge_tp_node as node where user.user_id='109' and user.role_id=role.id and ( access.role_id=role.id  or (access.role_id=role.pid and role.pid!=0 ) ) and role.status=1 and access.node_id=node.id and node.level=2 and node.pid=1 and node.status=1 [ RunTime:0.0001s ]
SQL: select node.id,node.name from ge_tp_role as role,ge_tp_role_user as user,ge_tp_access as access ,ge_tp_node as node where user.user_id='109' and user.role_id=role.id and ( access.role_id=role.id  or (access.role_id=role.pid and role.pid!=0 ) ) and role.status=1 and access.node_id=node.id and node.level=3 and node.pid=17 and node.status=1 [ RunTime:0.0001s ]
SQL: select node.id,node.name from ge_tp_role as role,ge_tp_role_user as user,ge_tp_access as access ,ge_tp_node as node where user.user_id='109' and user.role_id=role.id and ( access.role_id=role.id  or (access.role_id=role.pid and role.pid!=0 ) ) and role.status=1 and access.node_id=node.id and node.level=3 and node.pid=22 and node.status=1 [ RunTime:0.0001s ]
SQL: select node.id,node.name from ge_tp_role as role,ge_tp_role_user as user,ge_tp_access as access ,ge_tp_node as node where user.user_id='109' and user.role_id=role.id and ( access.role_id=role.id  or (access.role_id=role.pid and role.pid!=0 ) ) and role.status=1 and access.node_id=node.id and node.level=3 and node.pid=26 and node.status=1 [ RunTime:0.0001s ]
SQL: select node.id,node.name from ge_tp_role as role,ge_tp_role_user as user,ge_tp_access as access ,ge_tp_node as node where user.user_id='109' and user.role_id=role.id and ( access.role_id=role.id  or (access.role_id=role.pid and role.pid!=0 ) ) and role.status=1 and access.node_id=node.id and node.level=3 and node.pid=42 and node.status=1 [ RunTime:0.0001s ]
SQL: select node.id,node.name from ge_tp_role as role,ge_tp_role_user as user,ge_tp_access as access ,ge_tp_node as node where user.user_id='109' and user.role_id=role.id and ( access.role_id=role.id  or (access.role_id=role.pid and role.pid!=0 ) ) and role.status=1 and access.node_id=node.id and node.level=3 and node.pid=50 and node.status=1 [ RunTime:0.0001s ]
SQL: UPDATE `ge_tp_user` SET `logintime`='1448099222',`loginip`='117.34.111.120' WHERE ( id = 109 ) [ RunTime:0.0180s ]
INFO: [ view_parse ] --START--
INFO: [ template_filter ] --START--
INFO: Run Behavior\ContentReplaceBehavior [ RunTime:0.000054s ]
INFO: [ template_filter ] --END-- [ RunTime:0.000132s ]
INFO: Run Behavior\ParseTemplateBehavior [ RunTime:0.180735s ]
INFO: [ view_parse ] --END-- [ RunTime:0.180865s ]
INFO: [ view_filter ] --START--
INFO: Run Behavior\WriteHtmlCacheBehavior [ RunTime:0.000251s ]
INFO: [ view_filter ] --END-- [ RunTime:0.000305s ]
INFO: [ app_end ] --START--
INFO: Run Behavior\ShowPageTraceBehavior [ RunTime:0.000588s ]
INFO: [ app_end ] --END-- [ RunTime:0.000642s ]

[ 2015-11-21T17:47:04+08:00 ] 117.34.111.120 /index.php/Manage.html
INFO: [ app_init ] --START--
INFO: Run Behavior\BuildLiteBehavior [ RunTime:0.000017s ]
INFO: [ app_init ] --END-- [ RunTime:0.000305s ]
INFO: [ app_begin ] --START--
INFO: Run Behavior\ReadHtmlCacheBehavior [ RunTime:0.000442s ]
INFO: [ app_begin ] --END-- [ RunTime:0.000500s ]
NOTIC: [2048] Non-static method Manage\Controller\UserController::isLogin() should not be called statically, assuming $this from incompatible context /www/web/order_genecreate_cn/public_html/Application/Manage/Controller/IndexController.class.php 第 8 行.
SQL: SHOW COLUMNS FROM `ge_tp_user` [ RunTime:0.0007s ]
SQL: SELECT * FROM `ge_tp_user` WHERE (  id = '109'  ) LIMIT 1   [ RunTime:0.0003s ]
INFO: [ view_parse ] --START--
INFO: [ template_filter ] --START--
INFO: Run Behavior\ContentReplaceBehavior [ RunTime:0.000045s ]
INFO: [ template_filter ] --END-- [ RunTime:0.000132s ]
INFO: Run Behavior\ParseTemplateBehavior [ RunTime:0.024370s ]
INFO: [ view_parse ] --END-- [ RunTime:0.024441s ]
INFO: [ view_filter ] --START--
INFO: Run Behavior\WriteHtmlCacheBehavior [ RunTime:0.000196s ]
INFO: [ view_filter ] --END-- [ RunTime:0.000245s ]
INFO: [ app_end ] --START--
INFO: Run Behavior\ShowPageTraceBehavior [ RunTime:0.000538s ]
INFO: [ app_end ] --END-- [ RunTime:0.000596s ]

[ 2015-11-21T17:47:04+08:00 ] 117.34.111.120 /index.php/Manage/Index/main.html
INFO: [ app_init ] --START--
INFO: Run Behavior\BuildLiteBehavior [ RunTime:0.000017s ]
INFO: [ app_init ] --END-- [ RunTime:0.000389s ]
INFO: [ app_begin ] --START--
INFO: Run Behavior\ReadHtmlCacheBehavior [ RunTime:0.000520s ]
INFO: [ app_begin ] --END-- [ RunTime:0.000607s ]
NOTIC: [2048] Non-static method Manage\Controller\UserController::isLogin() should not be called statically, assuming $this from incompatible context /www/web/order_genecreate_cn/public_html/Application/Manage/Controller/IndexController.class.php 第 67 行.
SQL: SHOW COLUMNS FROM `ge_tp_user` [ RunTime:0.0007s ]
SQL: SELECT * FROM `ge_tp_user` WHERE (  id = '109'  ) LIMIT 1   [ RunTime:0.0001s ]
INFO: [ view_parse ] --START--
INFO: [ template_filter ] --START--
INFO: Run Behavior\ContentReplaceBehavior [ RunTime:0.000061s ]
INFO: [ template_filter ] --END-- [ RunTime:0.000157s ]
INFO: Run Behavior\ParseTemplateBehavior [ RunTime:0.008575s ]
INFO: [ view_parse ] --END-- [ RunTime:0.008637s ]
INFO: [ view_filter ] --START--
INFO: Run Behavior\WriteHtmlCacheBehavior [ RunTime:0.000202s ]
INFO: [ view_filter ] --END-- [ RunTime:0.000257s ]
INFO: [ app_end ] --START--
INFO: Run Behavior\ShowPageTraceBehavior [ RunTime:0.000609s ]
INFO: [ app_end ] --END-- [ RunTime:0.000681s ]

[ 2015-11-21T17:47:04+08:00 ] 117.34.111.120 /index.php/Manage/Index/left.html
INFO: [ app_init ] --START--
INFO: Run Behavior\BuildLiteBehavior [ RunTime:0.000022s ]
INFO: [ app_init ] --END-- [ RunTime:0.000438s ]
INFO: [ app_begin ] --START--
INFO: Run Behavior\ReadHtmlCacheBehavior [ RunTime:0.000578s ]
INFO: [ app_begin ] --END-- [ RunTime:0.000669s ]
NOTIC: [2048] Non-static method Manage\Controller\UserController::isLogin() should not be called statically, assuming $this from incompatible context /www/web/order_genecreate_cn/public_html/Application/Manage/Controller/IndexController.class.php 第 18 行.
SQL: SHOW COLUMNS FROM `ge_tp_user` [ RunTime:0.0008s ]
SQL: SELECT * FROM `ge_tp_user` WHERE (  id = '109'  ) LIMIT 1   [ RunTime:0.0001s ]
SQL: SHOW COLUMNS FROM `ge_tp_node` [ RunTime:0.0009s ]
SQL: SELECT * FROM `ge_tp_node` WHERE ( level = 2 ) ORDER BY sort  [ RunTime:0.0001s ]
SQL: SELECT * FROM `ge_tp_node` WHERE ( 1=1 AND pid='17' )  [ RunTime:0.0001s ]
SQL: SELECT * FROM `ge_tp_node` WHERE ( 1=1 AND pid='22' )  [ RunTime:0.0001s ]
SQL: SELECT * FROM `ge_tp_node` WHERE ( 1=1 AND pid='26' )  [ RunTime:0.0001s ]
SQL: SELECT * FROM `ge_tp_node` WHERE ( 1=1 AND pid='30' )  [ RunTime:0.0001s ]
SQL: SELECT * FROM `ge_tp_node` WHERE ( 1=1 AND pid='42' )  [ RunTime:0.0001s ]
SQL: SELECT * FROM `ge_tp_node` WHERE ( 1=1 AND pid='2' )  [ RunTime:0.0001s ]
SQL: SELECT * FROM `ge_tp_node` WHERE ( 1=1 AND pid='50' )  [ RunTime:0.0001s ]
INFO: [ view_parse ] --START--
INFO: [ template_filter ] --START--
INFO: Run Behavior\ContentReplaceBehavior [ RunTime:0.000059s ]
INFO: [ template_filter ] --END-- [ RunTime:0.000152s ]
INFO: Run Behavior\ParseTemplateBehavior [ RunTime:0.066910s ]
INFO: [ view_parse ] --END-- [ RunTime:0.067000s ]
INFO: [ view_filter ] --START--
INFO: Run Behavior\WriteHtmlCacheBehavior [ RunTime:0.000241s ]
INFO: [ view_filter ] --END-- [ RunTime:0.000293s ]
INFO: [ app_end ] --START--
INFO: Run Behavior\ShowPageTraceBehavior [ RunTime:0.000443s ]
INFO: [ app_end ] --END-- [ RunTime:0.000500s ]

[ 2015-11-21T17:48:01+08:00 ] 117.34.111.110 /index.php/Manage.html
INFO: [ app_init ] --START--
INFO: Run Behavior\BuildLiteBehavior [ RunTime:0.000017s ]
INFO: [ app_init ] --END-- [ RunTime:0.000303s ]
INFO: [ app_begin ] --START--
INFO: Run Behavior\ReadHtmlCacheBehavior [ RunTime:0.000418s ]
INFO: [ app_begin ] --END-- [ RunTime:0.000474s ]

[ 2015-11-21T17:48:01+08:00 ] 117.34.111.110 /index.php/Manage/User/index.html
INFO: [ app_init ] --START--
INFO: Run Behavior\BuildLiteBehavior [ RunTime:0.000019s ]
INFO: [ app_init ] --END-- [ RunTime:0.000319s ]
INFO: [ app_begin ] --START--
INFO: Run Behavior\ReadHtmlCacheBehavior [ RunTime:0.000412s ]
INFO: [ app_begin ] --END-- [ RunTime:0.000473s ]
INFO: [ view_parse ] --START--
INFO: [ template_filter ] --START--
INFO: Run Behavior\ContentReplaceBehavior [ RunTime:0.000039s ]
INFO: [ template_filter ] --END-- [ RunTime:0.000102s ]
INFO: Run Behavior\ParseTemplateBehavior [ RunTime:0.005266s ]
INFO: [ view_parse ] --END-- [ RunTime:0.005340s ]
INFO: [ view_filter ] --START--
INFO: Run Behavior\WriteHtmlCacheBehavior [ RunTime:0.000193s ]
INFO: [ view_filter ] --END-- [ RunTime:0.000240s ]
INFO: [ app_end ] --START--
INFO: Run Behavior\ShowPageTraceBehavior [ RunTime:0.000538s ]
INFO: [ app_end ] --END-- [ RunTime:0.000588s ]

[ 2015-11-21T17:48:02+08:00 ] 117.34.111.110 /index.php/Manage/User/verify.html
INFO: [ app_init ] --START--
INFO: Run Behavior\BuildLiteBehavior [ RunTime:0.000019s ]
INFO: [ app_init ] --END-- [ RunTime:0.000319s ]
INFO: [ app_begin ] --START--
INFO: Run Behavior\ReadHtmlCacheBehavior [ RunTime:0.000531s ]
INFO: [ app_begin ] --END-- [ RunTime:0.000592s ]
INFO: [ app_end ] --START--
INFO: Run Behavior\ShowPageTraceBehavior [ RunTime:0.000497s ]
INFO: [ app_end ] --END-- [ RunTime:0.000569s ]

[ 2015-11-21T17:48:32+08:00 ] 117.34.111.110 /index.php/Manage/User/login.html
INFO: [ app_init ] --START--
INFO: Run Behavior\BuildLiteBehavior [ RunTime:0.000019s ]
INFO: [ app_init ] --END-- [ RunTime:0.000319s ]
INFO: [ app_begin ] --START--
INFO: Run Behavior\ReadHtmlCacheBehavior [ RunTime:0.000431s ]
INFO: [ app_begin ] --END-- [ RunTime:0.000502s ]
SQL: SHOW COLUMNS FROM `ge_tp_user` [ RunTime:0.0008s ]
SQL: SELECT * FROM `ge_tp_user` WHERE ( username = '王赛'  ) LIMIT 1   [ RunTime:0.0003s ]
SQL: SHOW COLUMNS FROM `ge_tp_role` [ RunTime:0.0004s ]
NOTIC: [8] Undefined index: mapping_order /www/web/order_genecreate_cn/public_html/ThinkPHP/Library/Think/Model/RelationModel.class.php 第 186 行.
NOTIC: [8] Undefined index: mapping_limit /www/web/order_genecreate_cn/public_html/ThinkPHP/Library/Think/Model/RelationModel.class.php 第 187 行.
SQL: SELECT b.id,name FROM ge_tp_role_user AS a, ge_tp_role AS b WHERE a.role_id = b.id AND a. user_id='109' [ RunTime:0.0001s ]
NOTIC: [8] Undefined index: superadmin /www/web/order_genecreate_cn/public_html/ThinkPHP/Library/Org/Util/Rbac.class.php 第 88 行.
SQL: select node.id,node.name from ge_tp_role as role,ge_tp_role_user as user,ge_tp_access as access ,ge_tp_node as node where user.user_id='109' and user.role_id=role.id and ( access.role_id=role.id  or (access.role_id=role.pid and role.pid!=0 ) ) and role.status=1 and access.node_id=node.id and node.level=1 and node.status=1 [ RunTime:0.0001s ]
SQL: select node.id,node.name from ge_tp_role as role,ge_tp_role_user as user,ge_tp_access as access ,ge_tp_node as node where user.user_id='109' and user.role_id=role.id and ( access.role_id=role.id  or (access.role_id=role.pid and role.pid!=0 ) ) and role.status=1 and access.node_id=node.id and node.level=2 and node.pid=1 and node.status=1 [ RunTime:0.0001s ]
SQL: select node.id,node.name from ge_tp_role as role,ge_tp_role_user as user,ge_tp_access as access ,ge_tp_node as node where user.user_id='109' and user.role_id=role.id and ( access.role_id=role.id  or (access.role_id=role.pid and role.pid!=0 ) ) and role.status=1 and access.node_id=node.id and node.level=3 and node.pid=17 and node.status=1 [ RunTime:0.0001s ]
SQL: select node.id,node.name from ge_tp_role as role,ge_tp_role_user as user,ge_tp_access as access ,ge_tp_node as node where user.user_id='109' and user.role_id=role.id and ( access.role_id=role.id  or (access.role_id=role.pid and role.pid!=0 ) ) and role.status=1 and access.node_id=node.id and node.level=3 and node.pid=22 and node.status=1 [ RunTime:0.0001s ]
SQL: select node.id,node.name from ge_tp_role as role,ge_tp_role_user as user,ge_tp_access as access ,ge_tp_node as node where user.user_id='109' and user.role_id=role.id and ( access.role_id=role.id  or (access.role_id=role.pid and role.pid!=0 ) ) and role.status=1 and access.node_id=node.id and node.level=3 and node.pid=26 and node.status=1 [ RunTime:0.0001s ]
SQL: select node.id,node.name from ge_tp_role as role,ge_tp_role_user as user,ge_tp_access as access ,ge_tp_node as node where user.user_id='109' and user.role_id=role.id and ( access.role_id=role.id  or (access.role_id=role.pid and role.pid!=0 ) ) and role.status=1 and access.node_id=node.id and node.level=3 and node.pid=42 and node.status=1 [ RunTime:0.0001s ]
SQL: select node.id,node.name from ge_tp_role as role,ge_tp_role_user as user,ge_tp_access as access ,ge_tp_node as node where user.user_id='109' and user.role_id=role.id and ( access.role_id=role.id  or (access.role_id=role.pid and role.pid!=0 ) ) and role.status=1 and access.node_id=node.id and node.level=3 and node.pid=50 and node.status=1 [ RunTime:0.0001s ]
SQL: UPDATE `ge_tp_user` SET `logintime`='1448099312',`loginip`='117.34.111.110' WHERE ( id = 109 ) [ RunTime:0.0003s ]
INFO: [ view_parse ] --START--
INFO: [ template_filter ] --START--
INFO: Run Behavior\ContentReplaceBehavior [ RunTime:0.000040s ]
INFO: [ template_filter ] --END-- [ RunTime:0.000105s ]
INFO: Run Behavior\ParseTemplateBehavior [ RunTime:0.005161s ]
INFO: [ view_parse ] --END-- [ RunTime:0.005220s ]
INFO: [ view_filter ] --START--
INFO: Run Behavior\WriteHtmlCacheBehavior [ RunTime:0.000210s ]
INFO: [ view_filter ] --END-- [ RunTime:0.000257s ]
INFO: [ app_end ] --START--
INFO: Run Behavior\ShowPageTraceBehavior [ RunTime:0.000493s ]
INFO: [ app_end ] --END-- [ RunTime:0.000543s ]

[ 2015-11-21T17:48:33+08:00 ] 117.34.111.110 /index.php/Manage.html
INFO: [ app_init ] --START--
INFO: Run Behavior\BuildLiteBehavior [ RunTime:0.000018s ]
INFO: [ app_init ] --END-- [ RunTime:0.000347s ]
INFO: [ app_begin ] --START--
INFO: Run Behavior\ReadHtmlCacheBehavior [ RunTime:0.000471s ]
INFO: [ app_begin ] --END-- [ RunTime:0.000540s ]
NOTIC: [2048] Non-static method Manage\Controller\UserController::isLogin() should not be called statically, assuming $this from incompatible context /www/web/order_genecreate_cn/public_html/Application/Manage/Controller/IndexController.class.php 第 8 行.
SQL: SHOW COLUMNS FROM `ge_tp_user` [ RunTime:0.0007s ]
SQL: SELECT * FROM `ge_tp_user` WHERE (  id = '109'  ) LIMIT 1   [ RunTime:0.0003s ]
INFO: [ view_parse ] --START--
INFO: [ template_filter ] --START--
INFO: Run Behavior\ContentReplaceBehavior [ RunTime:0.000042s ]
INFO: [ template_filter ] --END-- [ RunTime:0.000110s ]
INFO: Run Behavior\ParseTemplateBehavior [ RunTime:0.005935s ]
INFO: [ view_parse ] --END-- [ RunTime:0.006008s ]
INFO: [ view_filter ] --START--
INFO: Run Behavior\WriteHtmlCacheBehavior [ RunTime:0.000224s ]
INFO: [ view_filter ] --END-- [ RunTime:0.000287s ]
INFO: [ app_end ] --START--
INFO: Run Behavior\ShowPageTraceBehavior [ RunTime:0.000503s ]
INFO: [ app_end ] --END-- [ RunTime:0.000566s ]

[ 2015-11-21T17:48:33+08:00 ] 117.34.111.110 /index.php/Manage/Index/left.html
INFO: [ app_init ] --START--
INFO: Run Behavior\BuildLiteBehavior [ RunTime:0.000015s ]
INFO: [ app_init ] --END-- [ RunTime:0.000304s ]
INFO: [ app_begin ] --START--
INFO: Run Behavior\ReadHtmlCacheBehavior [ RunTime:0.000484s ]
INFO: [ app_begin ] --END-- [ RunTime:0.000583s ]
NOTIC: [2048] Non-static method Manage\Controller\UserController::isLogin() should not be called statically, assuming $this from incompatible context /www/web/order_genecreate_cn/public_html/Application/Manage/Controller/IndexController.class.php 第 18 行.
SQL: SHOW COLUMNS FROM `ge_tp_user` [ RunTime:0.0007s ]
SQL: SELECT * FROM `ge_tp_user` WHERE (  id = '109'  ) LIMIT 1   [ RunTime:0.0001s ]
SQL: SHOW COLUMNS FROM `ge_tp_node` [ RunTime:0.0005s ]
SQL: SELECT * FROM `ge_tp_node` WHERE ( level = 2 ) ORDER BY sort  [ RunTime:0.0001s ]
SQL: SELECT * FROM `ge_tp_node` WHERE ( 1=1 AND pid='17' )  [ RunTime:0.0001s ]
SQL: SELECT * FROM `ge_tp_node` WHERE ( 1=1 AND pid='22' )  [ RunTime:0.0001s ]
SQL: SELECT * FROM `ge_tp_node` WHERE ( 1=1 AND pid='26' )  [ RunTime:0.0001s ]
SQL: SELECT * FROM `ge_tp_node` WHERE ( 1=1 AND pid='30' )  [ RunTime:0.0001s ]
SQL: SELECT * FROM `ge_tp_node` WHERE ( 1=1 AND pid='42' )  [ RunTime:0.0001s ]
SQL: SELECT * FROM `ge_tp_node` WHERE ( 1=1 AND pid='2' )  [ RunTime:0.0001s ]
SQL: SELECT * FROM `ge_tp_node` WHERE ( 1=1 AND pid='50' )  [ RunTime:0.0001s ]
INFO: [ view_parse ] --START--
INFO: [ template_filter ] --START--
INFO: Run Behavior\ContentReplaceBehavior [ RunTime:0.000054s ]
INFO: [ template_filter ] --END-- [ RunTime:0.000130s ]
INFO: Run Behavior\ParseTemplateBehavior [ RunTime:0.011281s ]
INFO: [ view_parse ] --END-- [ RunTime:0.011347s ]
INFO: [ view_filter ] --START--
INFO: Run Behavior\WriteHtmlCacheBehavior [ RunTime:0.000264s ]
INFO: [ view_filter ] --END-- [ RunTime:0.000326s ]
INFO: [ app_end ] --START--
INFO: Run Behavior\ShowPageTraceBehavior [ RunTime:0.000530s ]
INFO: [ app_end ] --END-- [ RunTime:0.000593s ]

[ 2015-11-21T17:48:33+08:00 ] 117.34.111.110 /index.php/Manage/Index/main.html
INFO: [ app_init ] --START--
INFO: Run Behavior\BuildLiteBehavior [ RunTime:0.000017s ]
INFO: [ app_init ] --END-- [ RunTime:0.000349s ]
INFO: [ app_begin ] --START--
INFO: Run Behavior\ReadHtmlCacheBehavior [ RunTime:0.000721s ]
INFO: [ app_begin ] --END-- [ RunTime:0.000829s ]
NOTIC: [2048] Non-static method Manage\Controller\UserController::isLogin() should not be called statically, assuming $this from incompatible context /www/web/order_genecreate_cn/public_html/Application/Manage/Controller/IndexController.class.php 第 67 行.
SQL: SHOW COLUMNS FROM `ge_tp_user` [ RunTime:0.0007s ]
SQL: SELECT * FROM `ge_tp_user` WHERE (  id = '109'  ) LIMIT 1   [ RunTime:0.0001s ]
INFO: [ view_parse ] --START--
INFO: [ template_filter ] --START--
INFO: Run Behavior\ContentReplaceBehavior [ RunTime:0.000057s ]
INFO: [ template_filter ] --END-- [ RunTime:0.000149s ]
INFO: Run Behavior\ParseTemplateBehavior [ RunTime:0.006815s ]
INFO: [ view_parse ] --END-- [ RunTime:0.006877s ]
INFO: [ view_filter ] --START--
INFO: Run Behavior\WriteHtmlCacheBehavior [ RunTime:0.000215s ]
INFO: [ view_filter ] --END-- [ RunTime:0.000266s ]
INFO: [ app_end ] --START--
INFO: Run Behavior\ShowPageTraceBehavior [ RunTime:0.000599s ]
INFO: [ app_end ] --END-- [ RunTime:0.000657s ]

[ 2015-11-21T17:48:49+08:00 ] 117.34.111.110 /index.php/Manage/Pro/fen3/type/3.html
INFO: [ app_init ] --START--
INFO: Run Behavior\BuildLiteBehavior [ RunTime:0.000016s ]
INFO: [ app_init ] --END-- [ RunTime:0.000434s ]
INFO: [ app_begin ] --START--
INFO: Run Behavior\ReadHtmlCacheBehavior [ RunTime:0.000493s ]
INFO: [ app_begin ] --END-- [ RunTime:0.000567s ]
NOTIC: [8] Undefined index: 2ad58f75825745bd6c44070764d0ef38 /www/web/order_genecreate_cn/public_html/ThinkPHP/Library/Org/Util/Rbac.class.php 第 176 行.
NOTIC: [2048] Non-static method Manage\Controller\UserController::isLogin() should not be called statically, assuming $this from incompatible context /www/web/order_genecreate_cn/public_html/Application/Manage/Controller/ProController.class.php 第 35 行.
SQL: SHOW COLUMNS FROM `ge_tp_user` [ RunTime:0.0010s ]
SQL: SELECT * FROM `ge_tp_user` WHERE (  id = '109'  ) LIMIT 1   [ RunTime:0.0001s ]
SQL: SHOW COLUMNS FROM `ge_tp_role_user` [ RunTime:0.0005s ]
SQL: SHOW COLUMNS FROM `ge_tp_role` [ RunTime:0.0006s ]
SQL: SHOW COLUMNS FROM `ge_fen` [ RunTime:0.0009s ]
SQL: SELECT `role_id` FROM `ge_tp_role_user` WHERE ( user_id =109 ) LIMIT 1   [ RunTime:0.0001s ]
SQL: SELECT `remark` FROM `ge_tp_role` WHERE ( id =29 ) LIMIT 1   [ RunTime:0.0001s ]
SQL: SELECT * FROM `ge_fen` WHERE `fen_type` = 3 AND `fen_sale` = '王赛' AND `fen_status` < 5 ORDER BY addtime desc LIMIT 3   [ RunTime:0.0709s ]
INFO: [ view_parse ] --START--
INFO: [ template_filter ] --START--
INFO: Run Behavior\ContentReplaceBehavior [ RunTime:0.000107s ]
INFO: [ template_filter ] --END-- [ RunTime:0.000194s ]
NOTIC: [8] Undefined variable: page /www/web/order_genecreate_cn/public_html/Application/Runtime/Cache/Manage/cb6068f90da21840d9ed0d0bee1f113d.php 第 18 行.
NOTIC: [8] Undefined variable: pages /www/web/order_genecreate_cn/public_html/Application/Runtime/Cache/Manage/cb6068f90da21840d9ed0d0bee1f113d.php 第 19 行.
NOTIC: [8] Undefined variable: page /www/web/order_genecreate_cn/public_html/Application/Runtime/Cache/Manage/cb6068f90da21840d9ed0d0bee1f113d.php 第 196 行.
SQL: SHOW COLUMNS FROM `ge_feninfo` [ RunTime:0.0008s ]
SQL: SHOW COLUMNS FROM `ge_pro_trace` [ RunTime:0.0004s ]
SQL: SELECT `id` FROM `ge_feninfo` WHERE ( fen_guan_id =221 ) LIMIT 1   [ RunTime:0.0226s ]
SQL: SELECT `addtime` FROM `ge_pro_trace` WHERE ( guan_id =233 ) ORDER BY id desc LIMIT 1   [ RunTime:0.0108s ]
NOTIC: [8] Undefined variable: pages /www/web/order_genecreate_cn/public_html/Application/Runtime/Cache/Manage/cb6068f90da21840d9ed0d0bee1f113d.php 第 489 行.
NOTIC: [8] Undefined variable: pages /www/web/order_genecreate_cn/public_html/Application/Runtime/Cache/Manage/cb6068f90da21840d9ed0d0bee1f113d.php 第 493 行.
INFO: Run Behavior\ParseTemplateBehavior [ RunTime:0.054419s ]
INFO: [ view_parse ] --END-- [ RunTime:0.054502s ]
INFO: [ view_filter ] --START--
INFO: Run Behavior\WriteHtmlCacheBehavior [ RunTime:0.000365s ]
INFO: [ view_filter ] --END-- [ RunTime:0.000435s ]
INFO: [ app_end ] --START--
INFO: Run Behavior\ShowPageTraceBehavior [ RunTime:0.000597s ]
INFO: [ app_end ] --END-- [ RunTime:0.000662s ]

[ 2015-11-21T17:49:14+08:00 ] 117.34.111.110 /index.php/Manage/Pro/fen_index/id/221/type/3.html
INFO: [ app_init ] --START--
INFO: Run Behavior\BuildLiteBehavior [ RunTime:0.000018s ]
INFO: [ app_init ] --END-- [ RunTime:0.000351s ]
INFO: [ app_begin ] --START--
INFO: Run Behavior\ReadHtmlCacheBehavior [ RunTime:0.000443s ]
INFO: [ app_begin ] --END-- [ RunTime:0.000505s ]
NOTIC: [8] Undefined index: d81474637ce189735008b13767b89d59 /www/web/order_genecreate_cn/public_html/ThinkPHP/Library/Org/Util/Rbac.class.php 第 176 行.
NOTIC: [2048] Non-static method Manage\Controller\UserController::isLogin() should not be called statically, assuming $this from incompatible context /www/web/order_genecreate_cn/public_html/Application/Manage/Controller/ProController.class.php 第 824 行.
SQL: SHOW COLUMNS FROM `ge_tp_user` [ RunTime:0.0008s ]
SQL: SELECT * FROM `ge_tp_user` WHERE (  id = '109'  ) LIMIT 1   [ RunTime:0.0001s ]
SQL: SHOW COLUMNS FROM `ge_fen` [ RunTime:0.0008s ]
SQL: SHOW COLUMNS FROM `ge_feninfo` [ RunTime:0.0005s ]
SQL: SHOW COLUMNS FROM `ge_pro_trace` [ RunTime:0.0004s ]
SQL: SELECT * FROM `ge_fen` WHERE ( id = 221 ) ORDER BY id desc LIMIT 1   [ RunTime:0.0003s ]
SQL: SELECT * FROM `ge_feninfo` WHERE ( fen_guan_id = 221 ) ORDER BY id desc LIMIT 1   [ RunTime:0.0003s ]
SQL: SELECT DISTINCT  `status` FROM `ge_pro_trace` WHERE ( guan_id = 233 ) ORDER BY id asc  [ RunTime:0.0130s ]
SQL: SELECT * FROM `ge_pro_trace` WHERE ( guan_id = 233 ) ORDER BY id asc  [ RunTime:0.0004s ]
SQL: SELECT DISTINCT  `guan_id`,`status` FROM `ge_pro_trace` WHERE ( guan_id = 233 ) ORDER BY id asc LIMIT 1   [ RunTime:0.0007s ]
NOTIC: [8] Undefined variable: end_status /www/web/order_genecreate_cn/public_html/Application/Manage/Controller/ProController.class.php 第 906 行.
NOTIC: [8] Undefined variable: end_status_guan /www/web/order_genecreate_cn/public_html/Application/Manage/Controller/ProController.class.php 第 908 行.
INFO: [ view_parse ] --START--
INFO: [ template_filter ] --START--
INFO: Run Behavior\ContentReplaceBehavior [ RunTime:0.000105s ]
INFO: [ template_filter ] --END-- [ RunTime:0.000187s ]
NOTIC: [8] Undefined variable: page /www/web/order_genecreate_cn/public_html/Application/Runtime/Cache/Manage/b53f3adf0d20cc93cd0813c92f2ba9b9.php 第 18 行.
NOTIC: [8] Undefined variable: pages /www/web/order_genecreate_cn/public_html/Application/Runtime/Cache/Manage/b53f3adf0d20cc93cd0813c92f2ba9b9.php 第 19 行.
NOTIC: [8] Undefined variable: page /www/web/order_genecreate_cn/public_html/Application/Runtime/Cache/Manage/b53f3adf0d20cc93cd0813c92f2ba9b9.php 第 53 行.
NOTIC: [8] Undefined index: status /www/web/order_genecreate_cn/public_html/Application/Runtime/Cache/Manage/b53f3adf0d20cc93cd0813c92f2ba9b9.php 第 319 行.
SQL: SELECT `content` FROM `ge_pro_trace` WHERE `status` = 1 AND `guan_id` = 233 ORDER BY id desc LIMIT 1   [ RunTime:0.0006s ]
SQL: SELECT * FROM `ge_pro_trace` WHERE `status` = 1 AND `guan_id` = 233 ORDER BY id desc  [ RunTime:0.0004s ]
NOTIC: [8] Undefined variable: daye /www/web/order_genecreate_cn/public_html/Application/Manage/Common/function.php 第 714 行.
INFO: Run Behavior\ParseTemplateBehavior [ RunTime:0.029269s ]
INFO: [ view_parse ] --END-- [ RunTime:0.029329s ]
INFO: [ view_filter ] --START--
INFO: Run Behavior\WriteHtmlCacheBehavior [ RunTime:0.000252s ]
INFO: [ view_filter ] --END-- [ RunTime:0.000302s ]
INFO: [ app_end ] --START--
INFO: Run Behavior\ShowPageTraceBehavior [ RunTime:0.000626s ]
INFO: [ app_end ] --END-- [ RunTime:0.000684s ]

[ 2015-11-21T17:49:15+08:00 ] 117.34.111.110 /index.php/Manage/Pro/fen_index/id/221/type/3.html
INFO: [ app_init ] --START--
INFO: Run Behavior\BuildLiteBehavior [ RunTime:0.000016s ]
INFO: [ app_init ] --END-- [ RunTime:0.000346s ]
INFO: [ app_begin ] --START--
INFO: Run Behavior\ReadHtmlCacheBehavior [ RunTime:0.000457s ]
INFO: [ app_begin ] --END-- [ RunTime:0.000541s ]
NOTIC: [2048] Non-static method Manage\Controller\UserController::isLogin() should not be called statically, assuming $this from incompatible context /www/web/order_genecreate_cn/public_html/Application/Manage/Controller/ProController.class.php 第 824 行.
SQL: SHOW COLUMNS FROM `ge_tp_user` [ RunTime:0.0009s ]
SQL: SELECT * FROM `ge_tp_user` WHERE (  id = '109'  ) LIMIT 1   [ RunTime:0.0001s ]
SQL: SHOW COLUMNS FROM `ge_fen` [ RunTime:0.0008s ]
SQL: SHOW COLUMNS FROM `ge_feninfo` [ RunTime:0.0006s ]
SQL: SHOW COLUMNS FROM `ge_pro_trace` [ RunTime:0.0005s ]
SQL: SELECT * FROM `ge_fen` WHERE ( id = 221 ) ORDER BY id desc LIMIT 1   [ RunTime:0.0001s ]
SQL: SELECT * FROM `ge_feninfo` WHERE ( fen_guan_id = 221 ) ORDER BY id desc LIMIT 1   [ RunTime:0.0001s ]
SQL: SELECT DISTINCT  `status` FROM `ge_pro_trace` WHERE ( guan_id = 233 ) ORDER BY id asc  [ RunTime:0.0001s ]
SQL: SELECT * FROM `ge_pro_trace` WHERE ( guan_id = 233 ) ORDER BY id asc  [ RunTime:0.0001s ]
SQL: SELECT DISTINCT  `guan_id`,`status` FROM `ge_pro_trace` WHERE ( guan_id = 233 ) ORDER BY id asc LIMIT 1   [ RunTime:0.0001s ]
NOTIC: [8] Undefined variable: end_status /www/web/order_genecreate_cn/public_html/Application/Manage/Controller/ProController.class.php 第 906 行.
NOTIC: [8] Undefined variable: end_status_guan /www/web/order_genecreate_cn/public_html/Application/Manage/Controller/ProController.class.php 第 908 行.
INFO: [ view_parse ] --START--
INFO: [ template_filter ] --START--
INFO: Run Behavior\ContentReplaceBehavior [ RunTime:0.000104s ]
INFO: [ template_filter ] --END-- [ RunTime:0.000175s ]
NOTIC: [8] Undefined variable: page /www/web/order_genecreate_cn/public_html/Application/Runtime/Cache/Manage/b53f3adf0d20cc93cd0813c92f2ba9b9.php 第 18 行.
NOTIC: [8] Undefined variable: pages /www/web/order_genecreate_cn/public_html/Application/Runtime/Cache/Manage/b53f3adf0d20cc93cd0813c92f2ba9b9.php 第 19 行.
NOTIC: [8] Undefined variable: page /www/web/order_genecreate_cn/public_html/Application/Runtime/Cache/Manage/b53f3adf0d20cc93cd0813c92f2ba9b9.php 第 53 行.
NOTIC: [8] Undefined index: status /www/web/order_genecreate_cn/public_html/Application/Runtime/Cache/Manage/b53f3adf0d20cc93cd0813c92f2ba9b9.php 第 319 行.
SQL: SELECT `content` FROM `ge_pro_trace` WHERE `status` = 1 AND `guan_id` = 233 ORDER BY id desc LIMIT 1   [ RunTime:0.0002s ]
SQL: SELECT * FROM `ge_pro_trace` WHERE `status` = 1 AND `guan_id` = 233 ORDER BY id desc  [ RunTime:0.0001s ]
NOTIC: [8] Undefined variable: daye /www/web/order_genecreate_cn/public_html/Application/Manage/Common/function.php 第 714 行.
INFO: Run Behavior\ParseTemplateBehavior [ RunTime:0.017538s ]
INFO: [ view_parse ] --END-- [ RunTime:0.017599s ]
INFO: [ view_filter ] --START--
INFO: Run Behavior\WriteHtmlCacheBehavior [ RunTime:0.000228s ]
INFO: [ view_filter ] --END-- [ RunTime:0.000281s ]
INFO: [ app_end ] --START--
INFO: Run Behavior\ShowPageTraceBehavior [ RunTime:0.000542s ]
INFO: [ app_end ] --END-- [ RunTime:0.000611s ]

