[ 2016-01-16T13:17:08+08:00 ] 111.175.141.196 /index.php/Manage.html
INFO: [ app_init ] --START--
INFO: Run Behavior\BuildLiteBehavior [ RunTime:0.000016s ]
INFO: [ app_init ] --END-- [ RunTime:0.000306s ]
INFO: [ app_begin ] --START--
INFO: Run Behavior\ReadHtmlCacheBehavior [ RunTime:0.000465s ]
INFO: [ app_begin ] --END-- [ RunTime:0.000536s ]
NOTIC: [2048] Non-static method Manage\Controller\UserController::isLogin() should not be called statically, assuming $this from incompatible context /www/web/order_genecreate_cn/public_html/Application/Manage/Controller/IndexController.class.php 第 8 行.
SQL: SHOW COLUMNS FROM `ge_tp_user` [ RunTime:0.0246s ]
SQL: SELECT * FROM `ge_tp_user` WHERE (  id = '98'  ) LIMIT 1   [ RunTime:0.0001s ]
INFO: [ view_parse ] --START--
INFO: [ template_filter ] --START--
INFO: Run Behavior\ContentReplaceBehavior [ RunTime:0.000046s ]
INFO: [ template_filter ] --END-- [ RunTime:0.000126s ]
INFO: Run Behavior\ParseTemplateBehavior [ RunTime:0.043997s ]
INFO: [ view_parse ] --END-- [ RunTime:0.044104s ]
INFO: [ view_filter ] --START--
INFO: Run Behavior\WriteHtmlCacheBehavior [ RunTime:0.000229s ]
INFO: [ view_filter ] --END-- [ RunTime:0.000282s ]
INFO: [ app_end ] --START--
INFO: Run Behavior\ShowPageTraceBehavior [ RunTime:0.000541s ]
INFO: [ app_end ] --END-- [ RunTime:0.000603s ]

[ 2016-01-16T13:17:08+08:00 ] 111.175.141.196 /index.php/Manage/Index/left.html
INFO: [ app_init ] --START--
INFO: Run Behavior\BuildLiteBehavior [ RunTime:0.000022s ]
INFO: [ app_init ] --END-- [ RunTime:0.000322s ]
INFO: [ app_begin ] --START--
INFO: Run Behavior\ReadHtmlCacheBehavior [ RunTime:0.000445s ]
INFO: [ app_begin ] --END-- [ RunTime:0.000510s ]
NOTIC: [2048] Non-static method Manage\Controller\UserController::isLogin() should not be called statically, assuming $this from incompatible context /www/web/order_genecreate_cn/public_html/Application/Manage/Controller/IndexController.class.php 第 18 行.
SQL: SHOW COLUMNS FROM `ge_tp_user` [ RunTime:0.0008s ]
SQL: SELECT * FROM `ge_tp_user` WHERE (  id = '98'  ) LIMIT 1   [ RunTime:0.0001s ]
SQL: SHOW COLUMNS FROM `ge_tp_node` [ RunTime:0.0009s ]
SQL: SELECT * FROM `ge_tp_node` WHERE ( level = 2 ) ORDER BY sort  [ RunTime:0.0001s ]
SQL: SELECT * FROM `ge_tp_node` WHERE ( 1=1 AND pid='17' )  [ RunTime:0.0001s ]
SQL: SELECT * FROM `ge_tp_node` WHERE ( 1=1 AND pid='22' )  [ RunTime:0.0001s ]
SQL: SELECT * FROM `ge_tp_node` WHERE ( 1=1 AND pid='26' )  [ RunTime:0.0001s ]
SQL: SELECT * FROM `ge_tp_node` WHERE ( 1=1 AND pid='30' )  [ RunTime:0.0001s ]
SQL: SELECT * FROM `ge_tp_node` WHERE ( 1=1 AND pid='42' )  [ RunTime:0.0001s ]
SQL: SELECT * FROM `ge_tp_node` WHERE ( 1=1 AND pid='2' )  [ RunTime:0.0001s ]
SQL: SELECT * FROM `ge_tp_node` WHERE ( 1=1 AND pid='50' )  [ RunTime:0.0001s ]
INFO: [ view_parse ] --START--
INFO: [ template_filter ] --START--
INFO: Run Behavior\ContentReplaceBehavior [ RunTime:0.000055s ]
INFO: [ template_filter ] --END-- [ RunTime:0.000140s ]
INFO: Run Behavior\ParseTemplateBehavior [ RunTime:0.099496s ]
INFO: [ view_parse ] --END-- [ RunTime:0.099574s ]
INFO: [ view_filter ] --START--
INFO: Run Behavior\WriteHtmlCacheBehavior [ RunTime:0.000219s ]
INFO: [ view_filter ] --END-- [ RunTime:0.000266s ]
INFO: [ app_end ] --START--
INFO: Run Behavior\ShowPageTraceBehavior [ RunTime:0.000447s ]
INFO: [ app_end ] --END-- [ RunTime:0.000499s ]

[ 2016-01-16T13:17:08+08:00 ] 111.175.141.196 /index.php/Manage/Index/main.html
INFO: [ app_init ] --START--
INFO: Run Behavior\BuildLiteBehavior [ RunTime:0.000014s ]
INFO: [ app_init ] --END-- [ RunTime:0.000319s ]
INFO: [ app_begin ] --START--
INFO: Run Behavior\ReadHtmlCacheBehavior [ RunTime:0.000455s ]
INFO: [ app_begin ] --END-- [ RunTime:0.000514s ]
NOTIC: [2048] Non-static method Manage\Controller\UserController::isLogin() should not be called statically, assuming $this from incompatible context /www/web/order_genecreate_cn/public_html/Application/Manage/Controller/IndexController.class.php 第 67 行.
SQL: SHOW COLUMNS FROM `ge_tp_user` [ RunTime:0.0007s ]
SQL: SELECT * FROM `ge_tp_user` WHERE (  id = '98'  ) LIMIT 1   [ RunTime:0.0001s ]
INFO: [ view_parse ] --START--
INFO: [ template_filter ] --START--
INFO: Run Behavior\ContentReplaceBehavior [ RunTime:0.000064s ]
INFO: [ template_filter ] --END-- [ RunTime:0.000153s ]
INFO: Run Behavior\ParseTemplateBehavior [ RunTime:0.008267s ]
INFO: [ view_parse ] --END-- [ RunTime:0.008330s ]
INFO: [ view_filter ] --START--
INFO: Run Behavior\WriteHtmlCacheBehavior [ RunTime:0.000191s ]
INFO: [ view_filter ] --END-- [ RunTime:0.000241s ]
INFO: [ app_end ] --START--
INFO: Run Behavior\ShowPageTraceBehavior [ RunTime:0.000562s ]
INFO: [ app_end ] --END-- [ RunTime:0.000622s ]

[ 2016-01-16T13:17:10+08:00 ] 111.175.141.196 /index.php/Manage/Primer/index/type/0.html
INFO: [ app_init ] --START--
INFO: Run Behavior\BuildLiteBehavior [ RunTime:0.000014s ]
INFO: [ app_init ] --END-- [ RunTime:0.000312s ]
INFO: [ app_begin ] --START--
INFO: Run Behavior\ReadHtmlCacheBehavior [ RunTime:0.000463s ]
INFO: [ app_begin ] --END-- [ RunTime:0.000570s ]
NOTIC: [2048] Declaration of Manage\Controller\PrimerController::show() should be compatible with that of Think\Controller::show() /www/web/order_genecreate_cn/public_html/Application/Manage/Controller/PrimerController.class.php 第 6 行.
NOTIC: [2048] Non-static method Manage\Controller\UserController::isLogin() should not be called statically, assuming $this from incompatible context /www/web/order_genecreate_cn/public_html/Application/Manage/Controller/PrimerController.class.php 第 8 行.
SQL: SHOW COLUMNS FROM `ge_tp_user` [ RunTime:0.0007s ]
SQL: SELECT * FROM `ge_tp_user` WHERE (  id = '98'  ) LIMIT 1   [ RunTime:0.0001s ]
SQL: SHOW COLUMNS FROM `ge_tp_role` [ RunTime:0.0004s ]
SQL: SELECT `remark` FROM `ge_tp_role` WHERE ( id =27 ) LIMIT 1   [ RunTime:0.0001s ]
SQL: SHOW COLUMNS FROM `ge_members_info` [ RunTime:0.0006s ]
SQL: SELECT `uid` FROM `ge_members_info` WHERE `name` LIKE '%%'  [ RunTime:0.0001s ]
SQL: SHOW COLUMNS FROM `ge_orders` [ RunTime:0.0006s ]
SQL: SELECT * FROM `ge_orders` WHERE `ordertype` = 2 AND `status` = 2 ORDER BY id desc LIMIT 0,15   [ RunTime:0.0001s ]
SQL: SELECT COUNT(*) AS tp_count FROM `ge_orders` WHERE `ordertype` = 2 AND `status` = 2 LIMIT 1   [ RunTime:0.0001s ]
INFO: [ view_parse ] --START--
INFO: [ template_filter ] --START--
INFO: Run Behavior\ContentReplaceBehavior [ RunTime:0.000067s ]
INFO: [ template_filter ] --END-- [ RunTime:0.000151s ]
NOTIC: [8] Undefined variable: customer /www/web/order_genecreate_cn/public_html/Application/Runtime/Cache/Manage/f6410d2c29cde6720c67eda98b4f50d5.php 第 87 行.
SQL: SELECT * FROM `ge_members_info` WHERE ( uid = 41 ) LIMIT 1   [ RunTime:0.0001s ]
SQL: SHOW COLUMNS FROM `ge_members` [ RunTime:0.0006s ]
SQL: SELECT * FROM `ge_members` WHERE ( id = 41 ) LIMIT 1   [ RunTime:0.0001s ]
SQL: SELECT * FROM `ge_members_info` WHERE ( uid = 41 ) LIMIT 1   [ RunTime:0.0001s ]
SQL: SHOW COLUMNS FROM `ge_contents` [ RunTime:0.0004s ]
SQL: SELECT `status` FROM `ge_contents` WHERE ( flag = 0 and id_order = 1176 ) ORDER BY id desc LIMIT 1   [ RunTime:0.0001s ]
SQL: SELECT `status` FROM `ge_contents` WHERE ( flag = 0 and id_order = 1176 ) ORDER BY id desc LIMIT 1   [ RunTime:0.0001s ]
SQL: SELECT `status` FROM `ge_contents` WHERE ( flag = 0 and id_order = 1176 ) ORDER BY id desc LIMIT 1   [ RunTime:0.0001s ]
SQL: SELECT * FROM `ge_members_info` WHERE ( uid = 41 ) LIMIT 1   [ RunTime:0.0001s ]
SQL: SELECT * FROM `ge_members` WHERE ( id = 41 ) LIMIT 1   [ RunTime:0.0001s ]
SQL: SELECT * FROM `ge_members_info` WHERE ( uid = 41 ) LIMIT 1   [ RunTime:0.0001s ]
SQL: SELECT `status` FROM `ge_contents` WHERE ( flag = 0 and id_order = 1175 ) ORDER BY id desc LIMIT 1   [ RunTime:0.0001s ]
SQL: SELECT `status` FROM `ge_contents` WHERE ( flag = 0 and id_order = 1175 ) ORDER BY id desc LIMIT 1   [ RunTime:0.0001s ]
SQL: SELECT `status` FROM `ge_contents` WHERE ( flag = 0 and id_order = 1175 ) ORDER BY id desc LIMIT 1   [ RunTime:0.0001s ]
SQL: SELECT * FROM `ge_members_info` WHERE ( uid = 41 ) LIMIT 1   [ RunTime:0.0001s ]
SQL: SELECT * FROM `ge_members` WHERE ( id = 41 ) LIMIT 1   [ RunTime:0.0001s ]
SQL: SELECT * FROM `ge_members_info` WHERE ( uid = 41 ) LIMIT 1   [ RunTime:0.0001s ]
SQL: SELECT `status` FROM `ge_contents` WHERE ( flag = 0 and id_order = 1174 ) ORDER BY id desc LIMIT 1   [ RunTime:0.0001s ]
SQL: SELECT `status` FROM `ge_contents` WHERE ( flag = 0 and id_order = 1174 ) ORDER BY id desc LIMIT 1   [ RunTime:0.0001s ]
SQL: SELECT `status` FROM `ge_contents` WHERE ( flag = 0 and id_order = 1174 ) ORDER BY id desc LIMIT 1   [ RunTime:0.0001s ]
SQL: SELECT * FROM `ge_members_info` WHERE ( uid = 57 ) LIMIT 1   [ RunTime:0.0002s ]
SQL: SELECT * FROM `ge_members` WHERE ( id = 57 ) LIMIT 1   [ RunTime:0.0001s ]
SQL: SELECT * FROM `ge_members_info` WHERE ( uid = 57 ) LIMIT 1   [ RunTime:0.0001s ]
SQL: SELECT `status` FROM `ge_contents` WHERE ( flag = 0 and id_order = 1173 ) ORDER BY id desc LIMIT 1   [ RunTime:0.0001s ]
SQL: SELECT `status` FROM `ge_contents` WHERE ( flag = 0 and id_order = 1173 ) ORDER BY id desc LIMIT 1   [ RunTime:0.0001s ]
SQL: SELECT `status` FROM `ge_contents` WHERE ( flag = 0 and id_order = 1173 ) ORDER BY id desc LIMIT 1   [ RunTime:0.0001s ]
SQL: SELECT * FROM `ge_members_info` WHERE ( uid = 41 ) LIMIT 1   [ RunTime:0.0001s ]
SQL: SELECT * FROM `ge_members` WHERE ( id = 41 ) LIMIT 1   [ RunTime:0.0001s ]
SQL: SELECT * FROM `ge_members_info` WHERE ( uid = 41 ) LIMIT 1   [ RunTime:0.0001s ]
SQL: SELECT `status` FROM `ge_contents` WHERE ( flag = 0 and id_order = 1172 ) ORDER BY id desc LIMIT 1   [ RunTime:0.0001s ]
SQL: SELECT `status` FROM `ge_contents` WHERE ( flag = 0 and id_order = 1172 ) ORDER BY id desc LIMIT 1   [ RunTime:0.0001s ]
SQL: SELECT `status` FROM `ge_contents` WHERE ( flag = 0 and id_order = 1172 ) ORDER BY id desc LIMIT 1   [ RunTime:0.0001s ]
SQL: SELECT * FROM `ge_members_info` WHERE ( uid = 41 ) LIMIT 1   [ RunTime:0.0001s ]
SQL: SELECT * FROM `ge_members` WHERE ( id = 41 ) LIMIT 1   [ RunTime:0.0001s ]
SQL: SELECT * FROM `ge_members_info` WHERE ( uid = 41 ) LIMIT 1   [ RunTime:0.0001s ]
SQL: SELECT `status` FROM `ge_contents` WHERE ( flag = 0 and id_order = 1171 ) ORDER BY id desc LIMIT 1   [ RunTime:0.0001s ]
SQL: SELECT `status` FROM `ge_contents` WHERE ( flag = 0 and id_order = 1171 ) ORDER BY id desc LIMIT 1   [ RunTime:0.0001s ]
SQL: SELECT `status` FROM `ge_contents` WHERE ( flag = 0 and id_order = 1171 ) ORDER BY id desc LIMIT 1   [ RunTime:0.0001s ]
SQL: SELECT * FROM `ge_members_info` WHERE ( uid = 41 ) LIMIT 1   [ RunTime:0.0001s ]
SQL: SELECT * FROM `ge_members` WHERE ( id = 41 ) LIMIT 1   [ RunTime:0.0001s ]
SQL: SELECT * FROM `ge_members_info` WHERE ( uid = 41 ) LIMIT 1   [ RunTime:0.0001s ]
SQL: SELECT `status` FROM `ge_contents` WHERE ( flag = 0 and id_order = 1170 ) ORDER BY id desc LIMIT 1   [ RunTime:0.0001s ]
SQL: SELECT `status` FROM `ge_contents` WHERE ( flag = 0 and id_order = 1170 ) ORDER BY id desc LIMIT 1   [ RunTime:0.0001s ]
SQL: SELECT `status` FROM `ge_contents` WHERE ( flag = 0 and id_order = 1170 ) ORDER BY id desc LIMIT 1   [ RunTime:0.0001s ]
SQL: SELECT * FROM `ge_members_info` WHERE ( uid = 41 ) LIMIT 1   [ RunTime:0.0001s ]
SQL: SELECT * FROM `ge_members` WHERE ( id = 41 ) LIMIT 1   [ RunTime:0.0001s ]
SQL: SELECT * FROM `ge_members_info` WHERE ( uid = 41 ) LIMIT 1   [ RunTime:0.0001s ]
SQL: SELECT `status` FROM `ge_contents` WHERE ( flag = 0 and id_order = 1169 ) ORDER BY id desc LIMIT 1   [ RunTime:0.0001s ]
SQL: SELECT `status` FROM `ge_contents` WHERE ( flag = 0 and id_order = 1169 ) ORDER BY id desc LIMIT 1   [ RunTime:0.0001s ]
SQL: SELECT `status` FROM `ge_contents` WHERE ( flag = 0 and id_order = 1169 ) ORDER BY id desc LIMIT 1   [ RunTime:0.0001s ]
SQL: SELECT * FROM `ge_members_info` WHERE ( uid = 60 ) LIMIT 1   [ RunTime:0.0001s ]
SQL: SELECT * FROM `ge_members` WHERE ( id = 60 ) LIMIT 1   [ RunTime:0.0001s ]
SQL: SELECT * FROM `ge_members_info` WHERE ( uid = 60 ) LIMIT 1   [ RunTime:0.0001s ]
SQL: SELECT `status` FROM `ge_contents` WHERE ( flag = 0 and id_order = 1168 ) ORDER BY id desc LIMIT 1   [ RunTime:0.0001s ]
SQL: SELECT `status` FROM `ge_contents` WHERE ( flag = 0 and id_order = 1168 ) ORDER BY id desc LIMIT 1   [ RunTime:0.0001s ]
SQL: SELECT `status` FROM `ge_contents` WHERE ( flag = 0 and id_order = 1168 ) ORDER BY id desc LIMIT 1   [ RunTime:0.0001s ]
SQL: SELECT * FROM `ge_members_info` WHERE ( uid = 41 ) LIMIT 1   [ RunTime:0.0001s ]
SQL: SELECT * FROM `ge_members` WHERE ( id = 41 ) LIMIT 1   [ RunTime:0.0001s ]
SQL: SELECT * FROM `ge_members_info` WHERE ( uid = 41 ) LIMIT 1   [ RunTime:0.0001s ]
SQL: SELECT `status` FROM `ge_contents` WHERE ( flag = 0 and id_order = 1167 ) ORDER BY id desc LIMIT 1   [ RunTime:0.0001s ]
SQL: SELECT `status` FROM `ge_contents` WHERE ( flag = 0 and id_order = 1167 ) ORDER BY id desc LIMIT 1   [ RunTime:0.0001s ]
SQL: SELECT `status` FROM `ge_contents` WHERE ( flag = 0 and id_order = 1167 ) ORDER BY id desc LIMIT 1   [ RunTime:0.0001s ]
SQL: SELECT * FROM `ge_members_info` WHERE ( uid = 41 ) LIMIT 1   [ RunTime:0.0001s ]
SQL: SELECT * FROM `ge_members` WHERE ( id = 41 ) LIMIT 1   [ RunTime:0.0001s ]
SQL: SELECT * FROM `ge_members_info` WHERE ( uid = 41 ) LIMIT 1   [ RunTime:0.0001s ]
SQL: SELECT `status` FROM `ge_contents` WHERE ( flag = 0 and id_order = 1166 ) ORDER BY id desc LIMIT 1   [ RunTime:0.0001s ]
SQL: SELECT `status` FROM `ge_contents` WHERE ( flag = 0 and id_order = 1166 ) ORDER BY id desc LIMIT 1   [ RunTime:0.0001s ]
SQL: SELECT `status` FROM `ge_contents` WHERE ( flag = 0 and id_order = 1166 ) ORDER BY id desc LIMIT 1   [ RunTime:0.0001s ]
SQL: SELECT * FROM `ge_members_info` WHERE ( uid = 41 ) LIMIT 1   [ RunTime:0.0001s ]
SQL: SELECT * FROM `ge_members` WHERE ( id = 41 ) LIMIT 1   [ RunTime:0.0001s ]
SQL: SELECT * FROM `ge_members_info` WHERE ( uid = 41 ) LIMIT 1   [ RunTime:0.0001s ]
SQL: SELECT `status` FROM `ge_contents` WHERE ( flag = 0 and id_order = 1165 ) ORDER BY id desc LIMIT 1   [ RunTime:0.0001s ]
SQL: SELECT `status` FROM `ge_contents` WHERE ( flag = 0 and id_order = 1165 ) ORDER BY id desc LIMIT 1   [ RunTime:0.0001s ]
SQL: SELECT `status` FROM `ge_contents` WHERE ( flag = 0 and id_order = 1165 ) ORDER BY id desc LIMIT 1   [ RunTime:0.0001s ]
SQL: SELECT * FROM `ge_members_info` WHERE ( uid = 41 ) LIMIT 1   [ RunTime:0.0001s ]
SQL: SELECT * FROM `ge_members` WHERE ( id = 41 ) LIMIT 1   [ RunTime:0.0001s ]
SQL: SELECT * FROM `ge_members_info` WHERE ( uid = 41 ) LIMIT 1   [ RunTime:0.0001s ]
SQL: SELECT `status` FROM `ge_contents` WHERE ( flag = 0 and id_order = 1164 ) ORDER BY id desc LIMIT 1   [ RunTime:0.0001s ]
SQL: SELECT `status` FROM `ge_contents` WHERE ( flag = 0 and id_order = 1164 ) ORDER BY id desc LIMIT 1   [ RunTime:0.0001s ]
SQL: SELECT `status` FROM `ge_contents` WHERE ( flag = 0 and id_order = 1164 ) ORDER BY id desc LIMIT 1   [ RunTime:0.0001s ]
SQL: SELECT * FROM `ge_members_info` WHERE ( uid = 41 ) LIMIT 1   [ RunTime:0.0001s ]
SQL: SELECT * FROM `ge_members` WHERE ( id = 41 ) LIMIT 1   [ RunTime:0.0001s ]
SQL: SELECT * FROM `ge_members_info` WHERE ( uid = 41 ) LIMIT 1   [ RunTime:0.0001s ]
SQL: SELECT `status` FROM `ge_contents` WHERE ( flag = 0 and id_order = 1163 ) ORDER BY id desc LIMIT 1   [ RunTime:0.0001s ]
SQL: SELECT `status` FROM `ge_contents` WHERE ( flag = 0 and id_order = 1163 ) ORDER BY id desc LIMIT 1   [ RunTime:0.0001s ]
SQL: SELECT `status` FROM `ge_contents` WHERE ( flag = 0 and id_order = 1163 ) ORDER BY id desc LIMIT 1   [ RunTime:0.0001s ]
SQL: SELECT * FROM `ge_members_info` WHERE ( uid = 41 ) LIMIT 1   [ RunTime:0.0001s ]
SQL: SELECT * FROM `ge_members` WHERE ( id = 41 ) LIMIT 1   [ RunTime:0.0001s ]
SQL: SELECT * FROM `ge_members_info` WHERE ( uid = 41 ) LIMIT 1   [ RunTime:0.0001s ]
SQL: SELECT `status` FROM `ge_contents` WHERE ( flag = 0 and id_order = 1162 ) ORDER BY id desc LIMIT 1   [ RunTime:0.0001s ]
SQL: SELECT `status` FROM `ge_contents` WHERE ( flag = 0 and id_order = 1162 ) ORDER BY id desc LIMIT 1   [ RunTime:0.0001s ]
SQL: SELECT `status` FROM `ge_contents` WHERE ( flag = 0 and id_order = 1162 ) ORDER BY id desc LIMIT 1   [ RunTime:0.0001s ]
INFO: Run Behavior\ParseTemplateBehavior [ RunTime:0.050040s ]
INFO: [ view_parse ] --END-- [ RunTime:0.050102s ]
INFO: [ view_filter ] --START--
INFO: Run Behavior\WriteHtmlCacheBehavior [ RunTime:0.000271s ]
INFO: [ view_filter ] --END-- [ RunTime:0.000336s ]
INFO: [ app_end ] --START--
INFO: Run Behavior\ShowPageTraceBehavior [ RunTime:0.000521s ]
INFO: [ app_end ] --END-- [ RunTime:0.000590s ]

[ 2016-01-16T15:38:37+08:00 ] 119.147.207.158 /index.php/Manage/User/index.html
INFO: [ app_init ] --START--
INFO: Run Behavior\BuildLiteBehavior [ RunTime:0.000014s ]
INFO: [ app_init ] --END-- [ RunTime:0.000291s ]
INFO: [ app_begin ] --START--
INFO: Run Behavior\ReadHtmlCacheBehavior [ RunTime:0.000442s ]
INFO: [ app_begin ] --END-- [ RunTime:0.000507s ]
INFO: [ view_parse ] --START--
INFO: [ template_filter ] --START--
INFO: Run Behavior\ContentReplaceBehavior [ RunTime:0.000041s ]
INFO: [ template_filter ] --END-- [ RunTime:0.000115s ]
INFO: Run Behavior\ParseTemplateBehavior [ RunTime:0.019862s ]
INFO: [ view_parse ] --END-- [ RunTime:0.019932s ]
INFO: [ view_filter ] --START--
INFO: Run Behavior\WriteHtmlCacheBehavior [ RunTime:0.000195s ]
INFO: [ view_filter ] --END-- [ RunTime:0.000263s ]
INFO: [ app_end ] --START--
INFO: Run Behavior\ShowPageTraceBehavior [ RunTime:0.000482s ]
INFO: [ app_end ] --END-- [ RunTime:0.000531s ]

[ 2016-01-16T16:51:14+08:00 ] 101.226.68.177 /index.php/Manage/User/index.html
INFO: [ app_init ] --START--
INFO: Run Behavior\BuildLiteBehavior [ RunTime:0.000016s ]
INFO: [ app_init ] --END-- [ RunTime:0.000333s ]
INFO: [ app_begin ] --START--
INFO: Run Behavior\ReadHtmlCacheBehavior [ RunTime:0.000502s ]
INFO: [ app_begin ] --END-- [ RunTime:0.000618s ]
INFO: [ view_parse ] --START--
INFO: [ template_filter ] --START--
INFO: Run Behavior\ContentReplaceBehavior [ RunTime:0.000036s ]
INFO: [ template_filter ] --END-- [ RunTime:0.000095s ]
INFO: Run Behavior\ParseTemplateBehavior [ RunTime:0.005545s ]
INFO: [ view_parse ] --END-- [ RunTime:0.005617s ]
INFO: [ view_filter ] --START--
INFO: Run Behavior\WriteHtmlCacheBehavior [ RunTime:0.000212s ]
INFO: [ view_filter ] --END-- [ RunTime:0.000257s ]
INFO: [ app_end ] --START--
INFO: Run Behavior\ShowPageTraceBehavior [ RunTime:0.000509s ]
INFO: [ app_end ] --END-- [ RunTime:0.000558s ]

[ 2016-01-16T16:51:14+08:00 ] 101.226.68.177 /index.php/Manage/User/verify.html
INFO: [ app_init ] --START--
INFO: Run Behavior\BuildLiteBehavior [ RunTime:0.000017s ]
INFO: [ app_init ] --END-- [ RunTime:0.000358s ]
INFO: [ app_begin ] --START--
INFO: Run Behavior\ReadHtmlCacheBehavior [ RunTime:0.000456s ]
INFO: [ app_begin ] --END-- [ RunTime:0.000522s ]
INFO: [ app_end ] --START--
INFO: Run Behavior\ShowPageTraceBehavior [ RunTime:0.000633s ]
INFO: [ app_end ] --END-- [ RunTime:0.000745s ]

[ 2016-01-16T19:13:03+08:00 ] 101.226.68.217 /index.php/Manage.html
INFO: [ app_init ] --START--
INFO: Run Behavior\BuildLiteBehavior [ RunTime:0.000020s ]
INFO: [ app_init ] --END-- [ RunTime:0.000342s ]
INFO: [ app_begin ] --START--
INFO: Run Behavior\ReadHtmlCacheBehavior [ RunTime:0.000420s ]
INFO: [ app_begin ] --END-- [ RunTime:0.000497s ]

[ 2016-01-16T19:13:03+08:00 ] 101.226.68.217 /index.php/Manage/User/index.html
INFO: [ app_init ] --START--
INFO: Run Behavior\BuildLiteBehavior [ RunTime:0.000020s ]
INFO: [ app_init ] --END-- [ RunTime:0.000347s ]
INFO: [ app_begin ] --START--
INFO: Run Behavior\ReadHtmlCacheBehavior [ RunTime:0.000523s ]
INFO: [ app_begin ] --END-- [ RunTime:0.000593s ]
INFO: [ view_parse ] --START--
INFO: [ template_filter ] --START--
INFO: Run Behavior\ContentReplaceBehavior [ RunTime:0.000037s ]
INFO: [ template_filter ] --END-- [ RunTime:0.000107s ]
INFO: Run Behavior\ParseTemplateBehavior [ RunTime:0.005902s ]
INFO: [ view_parse ] --END-- [ RunTime:0.005967s ]
INFO: [ view_filter ] --START--
INFO: Run Behavior\WriteHtmlCacheBehavior [ RunTime:0.000201s ]
INFO: [ view_filter ] --END-- [ RunTime:0.000248s ]
INFO: [ app_end ] --START--
INFO: Run Behavior\ShowPageTraceBehavior [ RunTime:0.000498s ]
INFO: [ app_end ] --END-- [ RunTime:0.000549s ]

[ 2016-01-16T22:47:37+08:00 ] 101.226.65.105 /index.php/Manage/User/index.html
INFO: [ app_init ] --START--
INFO: Run Behavior\BuildLiteBehavior [ RunTime:0.000022s ]
INFO: [ app_init ] --END-- [ RunTime:0.000334s ]
INFO: [ app_begin ] --START--
INFO: Run Behavior\ReadHtmlCacheBehavior [ RunTime:0.000407s ]
INFO: [ app_begin ] --END-- [ RunTime:0.000465s ]
INFO: [ view_parse ] --START--
INFO: [ template_filter ] --START--
INFO: Run Behavior\ContentReplaceBehavior [ RunTime:0.000032s ]
INFO: [ template_filter ] --END-- [ RunTime:0.000087s ]
INFO: Run Behavior\ParseTemplateBehavior [ RunTime:0.005411s ]
INFO: [ view_parse ] --END-- [ RunTime:0.005469s ]
INFO: [ view_filter ] --START--
INFO: Run Behavior\WriteHtmlCacheBehavior [ RunTime:0.000188s ]
INFO: [ view_filter ] --END-- [ RunTime:0.000234s ]
INFO: [ app_end ] --START--
INFO: Run Behavior\ShowPageTraceBehavior [ RunTime:0.000474s ]
INFO: [ app_end ] --END-- [ RunTime:0.000525s ]

[ 2016-01-16T22:47:37+08:00 ] 119.147.207.158 /index.php/Manage/User/index.html
INFO: [ app_init ] --START--
INFO: Run Behavior\BuildLiteBehavior [ RunTime:0.000015s ]
INFO: [ app_init ] --END-- [ RunTime:0.000347s ]
INFO: [ app_begin ] --START--
INFO: Run Behavior\ReadHtmlCacheBehavior [ RunTime:0.000483s ]
INFO: [ app_begin ] --END-- [ RunTime:0.000550s ]
INFO: [ view_parse ] --START--
INFO: [ template_filter ] --START--
INFO: Run Behavior\ContentReplaceBehavior [ RunTime:0.000036s ]
INFO: [ template_filter ] --END-- [ RunTime:0.000108s ]
INFO: Run Behavior\ParseTemplateBehavior [ RunTime:0.005774s ]
INFO: [ view_parse ] --END-- [ RunTime:0.005846s ]
INFO: [ view_filter ] --START--
INFO: Run Behavior\WriteHtmlCacheBehavior [ RunTime:0.000214s ]
INFO: [ view_filter ] --END-- [ RunTime:0.000261s ]
INFO: [ app_end ] --START--
INFO: Run Behavior\ShowPageTraceBehavior [ RunTime:0.000507s ]
INFO: [ app_end ] --END-- [ RunTime:0.000561s ]

