[ 2016-01-02T11:34:34+08:00 ] 59.172.37.234 /index.php/Manage/User/index.html
INFO: [ app_init ] --START--
INFO: Run Behavior\BuildLiteBehavior [ RunTime:0.000015s ]
INFO: [ app_init ] --END-- [ RunTime:0.000442s ]
INFO: [ app_begin ] --START--
INFO: Run Behavior\ReadHtmlCacheBehavior [ RunTime:0.000584s ]
INFO: [ app_begin ] --END-- [ RunTime:0.000679s ]
INFO: [ view_parse ] --START--
INFO: [ template_filter ] --START--
INFO: Run Behavior\ContentReplaceBehavior [ RunTime:0.000047s ]
INFO: [ template_filter ] --END-- [ RunTime:0.000182s ]
INFO: Run Behavior\ParseTemplateBehavior [ RunTime:0.058588s ]
INFO: [ view_parse ] --END-- [ RunTime:0.058698s ]
INFO: [ view_filter ] --START--
INFO: Run Behavior\WriteHtmlCacheBehavior [ RunTime:0.010171s ]
INFO: [ view_filter ] --END-- [ RunTime:0.010275s ]
INFO: [ app_end ] --START--
INFO: Run Behavior\ShowPageTraceBehavior [ RunTime:0.008178s ]
INFO: [ app_end ] --END-- [ RunTime:0.008268s ]

[ 2016-01-02T11:34:35+08:00 ] 59.172.37.234 /index.php/Manage/User/verify.html
INFO: [ app_init ] --START--
INFO: Run Behavior\BuildLiteBehavior [ RunTime:0.000016s ]
INFO: [ app_init ] --END-- [ RunTime:0.000344s ]
INFO: [ app_begin ] --START--
INFO: Run Behavior\ReadHtmlCacheBehavior [ RunTime:0.000462s ]
INFO: [ app_begin ] --END-- [ RunTime:0.000530s ]
INFO: [ app_end ] --START--
INFO: Run Behavior\ShowPageTraceBehavior [ RunTime:0.000712s ]
INFO: [ app_end ] --END-- [ RunTime:0.000817s ]

[ 2016-01-02T11:35:05+08:00 ] 59.172.37.234 /index.php/Manage/User/login.html
INFO: [ app_init ] --START--
INFO: Run Behavior\BuildLiteBehavior [ RunTime:0.000019s ]
INFO: [ app_init ] --END-- [ RunTime:0.000337s ]
INFO: [ app_begin ] --START--
INFO: Run Behavior\ReadHtmlCacheBehavior [ RunTime:0.000489s ]
INFO: [ app_begin ] --END-- [ RunTime:0.000575s ]
SQL: SHOW COLUMNS FROM `ge_tp_user` [ RunTime:0.0195s ]
SQL: SELECT * FROM `ge_tp_user` WHERE ( username = 'li.li@genecreate.com'  ) LIMIT 1   [ RunTime:0.0431s ]
SQL: SHOW COLUMNS FROM `ge_tp_role` [ RunTime:0.0008s ]
NOTIC: [8] Undefined index: mapping_order /www/web/order_genecreate_cn/public_html/ThinkPHP/Library/Think/Model/RelationModel.class.php 第 186 行.
NOTIC: [8] Undefined index: mapping_limit /www/web/order_genecreate_cn/public_html/ThinkPHP/Library/Think/Model/RelationModel.class.php 第 187 行.
SQL: SELECT b.id,name FROM ge_tp_role_user AS a, ge_tp_role AS b WHERE a.role_id = b.id AND a. user_id='105' [ RunTime:0.0001s ]
NOTIC: [8] Undefined index: superadmin /www/web/order_genecreate_cn/public_html/ThinkPHP/Library/Org/Util/Rbac.class.php 第 88 行.
SQL: select node.id,node.name from ge_tp_role as role,ge_tp_role_user as user,ge_tp_access as access ,ge_tp_node as node where user.user_id='105' and user.role_id=role.id and ( access.role_id=role.id  or (access.role_id=role.pid and role.pid!=0 ) ) and role.status=1 and access.node_id=node.id and node.level=1 and node.status=1 [ RunTime:0.0002s ]
SQL: select node.id,node.name from ge_tp_role as role,ge_tp_role_user as user,ge_tp_access as access ,ge_tp_node as node where user.user_id='105' and user.role_id=role.id and ( access.role_id=role.id  or (access.role_id=role.pid and role.pid!=0 ) ) and role.status=1 and access.node_id=node.id and node.level=2 and node.pid=1 and node.status=1 [ RunTime:0.0002s ]
SQL: select node.id,node.name from ge_tp_role as role,ge_tp_role_user as user,ge_tp_access as access ,ge_tp_node as node where user.user_id='105' and user.role_id=role.id and ( access.role_id=role.id  or (access.role_id=role.pid and role.pid!=0 ) ) and role.status=1 and access.node_id=node.id and node.level=3 and node.pid=30 and node.status=1 [ RunTime:0.0001s ]
SQL: select node.id,node.name from ge_tp_role as role,ge_tp_role_user as user,ge_tp_access as access ,ge_tp_node as node where user.user_id='105' and user.role_id=role.id and ( access.role_id=role.id  or (access.role_id=role.pid and role.pid!=0 ) ) and role.status=1 and access.node_id=node.id and node.level=3 and node.pid=42 and node.status=1 [ RunTime:0.0001s ]
SQL: select node.id,node.name from ge_tp_role as role,ge_tp_role_user as user,ge_tp_access as access ,ge_tp_node as node where user.user_id='105' and user.role_id=role.id and ( access.role_id=role.id  or (access.role_id=role.pid and role.pid!=0 ) ) and role.status=1 and access.node_id=node.id and node.level=3 and node.pid=50 and node.status=1 [ RunTime:0.0001s ]
SQL: UPDATE `ge_tp_user` SET `logintime`='1451705705',`loginip`='59.172.37.234' WHERE ( id = 105 ) [ RunTime:0.0004s ]
INFO: [ view_parse ] --START--
INFO: [ template_filter ] --START--
INFO: Run Behavior\ContentReplaceBehavior [ RunTime:0.000044s ]
INFO: [ template_filter ] --END-- [ RunTime:0.000136s ]
INFO: Run Behavior\ParseTemplateBehavior [ RunTime:0.052386s ]
INFO: [ view_parse ] --END-- [ RunTime:0.052496s ]
INFO: [ view_filter ] --START--
INFO: Run Behavior\WriteHtmlCacheBehavior [ RunTime:0.000292s ]
INFO: [ view_filter ] --END-- [ RunTime:0.000342s ]
INFO: [ app_end ] --START--
INFO: Run Behavior\ShowPageTraceBehavior [ RunTime:0.000540s ]
INFO: [ app_end ] --END-- [ RunTime:0.000600s ]

[ 2016-01-02T11:35:07+08:00 ] 59.172.37.234 /index.php/Manage.html
INFO: [ app_init ] --START--
INFO: Run Behavior\BuildLiteBehavior [ RunTime:0.000020s ]
INFO: [ app_init ] --END-- [ RunTime:0.000360s ]
INFO: [ app_begin ] --START--
INFO: Run Behavior\ReadHtmlCacheBehavior [ RunTime:0.000593s ]
INFO: [ app_begin ] --END-- [ RunTime:0.000693s ]
NOTIC: [2048] Non-static method Manage\Controller\UserController::isLogin() should not be called statically, assuming $this from incompatible context /www/web/order_genecreate_cn/public_html/Application/Manage/Controller/IndexController.class.php 第 8 行.
SQL: SHOW COLUMNS FROM `ge_tp_user` [ RunTime:0.0008s ]
SQL: SELECT * FROM `ge_tp_user` WHERE (  id = '105'  ) LIMIT 1   [ RunTime:0.0003s ]
INFO: [ view_parse ] --START--
INFO: [ template_filter ] --START--
INFO: Run Behavior\ContentReplaceBehavior [ RunTime:0.000075s ]
INFO: [ template_filter ] --END-- [ RunTime:0.000168s ]
INFO: Run Behavior\ParseTemplateBehavior [ RunTime:0.019062s ]
INFO: [ view_parse ] --END-- [ RunTime:0.019136s ]
INFO: [ view_filter ] --START--
INFO: Run Behavior\WriteHtmlCacheBehavior [ RunTime:0.000233s ]
INFO: [ view_filter ] --END-- [ RunTime:0.000295s ]
INFO: [ app_end ] --START--
INFO: Run Behavior\ShowPageTraceBehavior [ RunTime:0.000504s ]
INFO: [ app_end ] --END-- [ RunTime:0.000570s ]

[ 2016-01-02T11:35:07+08:00 ] 59.172.37.234 /index.php/Manage/Index/main.html
INFO: [ app_init ] --START--
INFO: Run Behavior\BuildLiteBehavior [ RunTime:0.000020s ]
INFO: [ app_init ] --END-- [ RunTime:0.000394s ]
INFO: [ app_begin ] --START--
INFO: Run Behavior\ReadHtmlCacheBehavior [ RunTime:0.000449s ]
INFO: [ app_begin ] --END-- [ RunTime:0.000513s ]
NOTIC: [2048] Non-static method Manage\Controller\UserController::isLogin() should not be called statically, assuming $this from incompatible context /www/web/order_genecreate_cn/public_html/Application/Manage/Controller/IndexController.class.php 第 67 行.
SQL: SHOW COLUMNS FROM `ge_tp_user` [ RunTime:0.0008s ]
SQL: SELECT * FROM `ge_tp_user` WHERE (  id = '105'  ) LIMIT 1   [ RunTime:0.0001s ]
INFO: [ view_parse ] --START--
INFO: [ template_filter ] --START--
INFO: Run Behavior\ContentReplaceBehavior [ RunTime:0.000061s ]
INFO: [ template_filter ] --END-- [ RunTime:0.000157s ]
INFO: Run Behavior\ParseTemplateBehavior [ RunTime:0.012214s ]
INFO: [ view_parse ] --END-- [ RunTime:0.012279s ]
INFO: [ view_filter ] --START--
INFO: Run Behavior\WriteHtmlCacheBehavior [ RunTime:0.000210s ]
INFO: [ view_filter ] --END-- [ RunTime:0.000267s ]
INFO: [ app_end ] --START--
INFO: Run Behavior\ShowPageTraceBehavior [ RunTime:0.000500s ]
INFO: [ app_end ] --END-- [ RunTime:0.000586s ]

[ 2016-01-02T11:35:07+08:00 ] 59.172.37.234 /index.php/Manage/Index/left.html
INFO: [ app_init ] --START--
INFO: Run Behavior\BuildLiteBehavior [ RunTime:0.000023s ]
INFO: [ app_init ] --END-- [ RunTime:0.000517s ]
INFO: [ app_begin ] --START--
INFO: Run Behavior\ReadHtmlCacheBehavior [ RunTime:0.000413s ]
INFO: [ app_begin ] --END-- [ RunTime:0.000473s ]
NOTIC: [2048] Non-static method Manage\Controller\UserController::isLogin() should not be called statically, assuming $this from incompatible context /www/web/order_genecreate_cn/public_html/Application/Manage/Controller/IndexController.class.php 第 18 行.
SQL: SHOW COLUMNS FROM `ge_tp_user` [ RunTime:0.0007s ]
SQL: SELECT * FROM `ge_tp_user` WHERE (  id = '105'  ) LIMIT 1   [ RunTime:0.0001s ]
SQL: SHOW COLUMNS FROM `ge_tp_node` [ RunTime:0.0008s ]
SQL: SELECT * FROM `ge_tp_node` WHERE ( level = 2 ) ORDER BY sort  [ RunTime:0.0001s ]
SQL: SELECT * FROM `ge_tp_node` WHERE ( 1=1 AND pid='17' )  [ RunTime:0.0001s ]
SQL: SELECT * FROM `ge_tp_node` WHERE ( 1=1 AND pid='22' )  [ RunTime:0.0001s ]
SQL: SELECT * FROM `ge_tp_node` WHERE ( 1=1 AND pid='26' )  [ RunTime:0.0001s ]
SQL: SELECT * FROM `ge_tp_node` WHERE ( 1=1 AND pid='30' )  [ RunTime:0.0001s ]
SQL: SELECT * FROM `ge_tp_node` WHERE ( 1=1 AND pid='42' )  [ RunTime:0.0001s ]
SQL: SELECT * FROM `ge_tp_node` WHERE ( 1=1 AND pid='2' )  [ RunTime:0.0001s ]
SQL: SELECT * FROM `ge_tp_node` WHERE ( 1=1 AND pid='50' )  [ RunTime:0.0001s ]
INFO: [ view_parse ] --START--
INFO: [ template_filter ] --START--
INFO: Run Behavior\ContentReplaceBehavior [ RunTime:0.000060s ]
INFO: [ template_filter ] --END-- [ RunTime:0.000149s ]
INFO: Run Behavior\ParseTemplateBehavior [ RunTime:0.077832s ]
INFO: [ view_parse ] --END-- [ RunTime:0.077901s ]
INFO: [ view_filter ] --START--
INFO: Run Behavior\WriteHtmlCacheBehavior [ RunTime:0.000214s ]
INFO: [ view_filter ] --END-- [ RunTime:0.000262s ]
INFO: [ app_end ] --START--
INFO: Run Behavior\ShowPageTraceBehavior [ RunTime:0.000461s ]
INFO: [ app_end ] --END-- [ RunTime:0.000536s ]

[ 2016-01-02T11:35:11+08:00 ] 59.172.37.234 /index.php/Manage/Pro/fen1/type/1.html
INFO: [ app_init ] --START--
INFO: Run Behavior\BuildLiteBehavior [ RunTime:0.000017s ]
INFO: [ app_init ] --END-- [ RunTime:0.000309s ]
INFO: [ app_begin ] --START--
INFO: Run Behavior\ReadHtmlCacheBehavior [ RunTime:0.000497s ]
INFO: [ app_begin ] --END-- [ RunTime:0.000564s ]
NOTIC: [8] Undefined index: 798b31e85dbd7639aa635a2fb5fad17f /www/web/order_genecreate_cn/public_html/ThinkPHP/Library/Org/Util/Rbac.class.php 第 176 行.
NOTIC: [2048] Non-static method Manage\Controller\UserController::isLogin() should not be called statically, assuming $this from incompatible context /www/web/order_genecreate_cn/public_html/Application/Manage/Controller/ProController.class.php 第 35 行.
SQL: SHOW COLUMNS FROM `ge_tp_user` [ RunTime:0.0007s ]
SQL: SELECT * FROM `ge_tp_user` WHERE (  id = '105'  ) LIMIT 1   [ RunTime:0.0001s ]
SQL: SHOW COLUMNS FROM `ge_tp_role_user` [ RunTime:0.0004s ]
SQL: SHOW COLUMNS FROM `ge_tp_role` [ RunTime:0.0004s ]
SQL: SHOW COLUMNS FROM `ge_fen` [ RunTime:0.0006s ]
SQL: SELECT `role_id` FROM `ge_tp_role_user` WHERE ( user_id =105 ) LIMIT 1   [ RunTime:0.0001s ]
SQL: SELECT `remark` FROM `ge_tp_role` WHERE ( id =18 ) LIMIT 1   [ RunTime:0.0001s ]
SQL: SELECT * FROM `ge_fen` WHERE `fen_type` = 1 AND `fen_status` < 5 ORDER BY addtime desc LIMIT 3   [ RunTime:0.1216s ]
INFO: [ view_parse ] --START--
INFO: [ template_filter ] --START--
INFO: Run Behavior\ContentReplaceBehavior [ RunTime:0.000105s ]
INFO: [ template_filter ] --END-- [ RunTime:0.000198s ]
NOTIC: [8] Undefined variable: page /www/web/order_genecreate_cn/public_html/Application/Runtime/Cache/Manage/cb6068f90da21840d9ed0d0bee1f113d.php 第 18 行.
NOTIC: [8] Undefined variable: pages /www/web/order_genecreate_cn/public_html/Application/Runtime/Cache/Manage/cb6068f90da21840d9ed0d0bee1f113d.php 第 19 行.
NOTIC: [8] Undefined variable: page /www/web/order_genecreate_cn/public_html/Application/Runtime/Cache/Manage/cb6068f90da21840d9ed0d0bee1f113d.php 第 196 行.
SQL: SHOW COLUMNS FROM `ge_feninfo` [ RunTime:0.0007s ]
SQL: SHOW COLUMNS FROM `ge_pro_trace` [ RunTime:0.0007s ]
SQL: SELECT `id` FROM `ge_feninfo` WHERE ( fen_guan_id =442 ) LIMIT 1   [ RunTime:0.0155s ]
SQL: SELECT `id` FROM `ge_feninfo` WHERE ( fen_guan_id =367 ) LIMIT 1   [ RunTime:0.0003s ]
SQL: SELECT `addtime` FROM `ge_pro_trace` WHERE ( guan_id =360 ) ORDER BY id desc LIMIT 1   [ RunTime:0.0158s ]
SQL: SELECT `id` FROM `ge_feninfo` WHERE ( fen_guan_id =334 ) LIMIT 1   [ RunTime:0.0003s ]
SQL: SELECT `addtime` FROM `ge_pro_trace` WHERE ( guan_id =356 ) ORDER BY id desc LIMIT 1   [ RunTime:0.0088s ]
NOTIC: [8] Undefined variable: pages /www/web/order_genecreate_cn/public_html/Application/Runtime/Cache/Manage/cb6068f90da21840d9ed0d0bee1f113d.php 第 489 行.
NOTIC: [8] Undefined variable: pages /www/web/order_genecreate_cn/public_html/Application/Runtime/Cache/Manage/cb6068f90da21840d9ed0d0bee1f113d.php 第 493 行.
INFO: Run Behavior\ParseTemplateBehavior [ RunTime:0.087256s ]
INFO: [ view_parse ] --END-- [ RunTime:0.087375s ]
INFO: [ view_filter ] --START--
INFO: Run Behavior\WriteHtmlCacheBehavior [ RunTime:0.000417s ]
INFO: [ view_filter ] --END-- [ RunTime:0.000502s ]
INFO: [ app_end ] --START--
INFO: Run Behavior\ShowPageTraceBehavior [ RunTime:0.000775s ]
INFO: [ app_end ] --END-- [ RunTime:0.000902s ]

[ 2016-01-02T11:35:37+08:00 ] 59.172.37.234 /index.php/Manage/Pro/fen_more/type/1.html
INFO: [ app_init ] --START--
INFO: Run Behavior\BuildLiteBehavior [ RunTime:0.000016s ]
INFO: [ app_init ] --END-- [ RunTime:0.000356s ]
INFO: [ app_begin ] --START--
INFO: Run Behavior\ReadHtmlCacheBehavior [ RunTime:0.000540s ]
INFO: [ app_begin ] --END-- [ RunTime:0.000608s ]
NOTIC: [8] Undefined index: 4c223e5340c8381654233f641bafd53d /www/web/order_genecreate_cn/public_html/ThinkPHP/Library/Org/Util/Rbac.class.php 第 176 行.
NOTIC: [2048] Non-static method Manage\Controller\UserController::isLogin() should not be called statically, assuming $this from incompatible context /www/web/order_genecreate_cn/public_html/Application/Manage/Controller/ProController.class.php 第 690 行.
SQL: SHOW COLUMNS FROM `ge_tp_user` [ RunTime:0.0007s ]
SQL: SELECT * FROM `ge_tp_user` WHERE (  id = '105'  ) LIMIT 1   [ RunTime:0.0001s ]
SQL: SHOW COLUMNS FROM `ge_tp_role_user` [ RunTime:0.0004s ]
SQL: SHOW COLUMNS FROM `ge_tp_role` [ RunTime:0.0004s ]
SQL: SELECT `role_id` FROM `ge_tp_role_user` WHERE ( user_id =105 ) LIMIT 1   [ RunTime:0.0001s ]
SQL: SELECT `remark` FROM `ge_tp_role` WHERE ( id =18 ) LIMIT 1   [ RunTime:0.0001s ]
SQL: SHOW COLUMNS FROM `ge_fen` [ RunTime:0.0005s ]
SQL: SELECT * FROM `ge_fen` WHERE `fen_type` = 1 AND `fen_status` < 5 ORDER BY addtime desc LIMIT 0,8   [ RunTime:0.0006s ]
SQL: SELECT COUNT(*) AS tp_count FROM `ge_fen` WHERE `fen_type` = 1 AND `fen_status` < 5 LIMIT 1   [ RunTime:0.0004s ]
INFO: [ view_parse ] --START--
INFO: [ template_filter ] --START--
INFO: Run Behavior\ContentReplaceBehavior [ RunTime:0.000073s ]
INFO: [ template_filter ] --END-- [ RunTime:0.000160s ]
SQL: SHOW COLUMNS FROM `ge_feninfo` [ RunTime:0.0008s ]
SQL: SHOW COLUMNS FROM `ge_pro_trace` [ RunTime:0.0004s ]
SQL: SELECT `id` FROM `ge_feninfo` WHERE ( fen_guan_id =442 ) LIMIT 1   [ RunTime:0.0001s ]
SQL: SELECT `id` FROM `ge_feninfo` WHERE ( fen_guan_id =367 ) LIMIT 1   [ RunTime:0.0001s ]
SQL: SELECT `addtime` FROM `ge_pro_trace` WHERE ( guan_id =360 ) ORDER BY id desc LIMIT 1   [ RunTime:0.0001s ]
SQL: SELECT `id` FROM `ge_feninfo` WHERE ( fen_guan_id =334 ) LIMIT 1   [ RunTime:0.0001s ]
SQL: SELECT `addtime` FROM `ge_pro_trace` WHERE ( guan_id =356 ) ORDER BY id desc LIMIT 1   [ RunTime:0.0001s ]
SQL: SELECT `id` FROM `ge_feninfo` WHERE ( fen_guan_id =364 ) LIMIT 1   [ RunTime:0.0004s ]
SQL: SELECT `addtime` FROM `ge_pro_trace` WHERE ( guan_id =358 ) ORDER BY id desc LIMIT 1   [ RunTime:0.0008s ]
SQL: SELECT `id` FROM `ge_feninfo` WHERE ( fen_guan_id =328 ) LIMIT 1   [ RunTime:0.0004s ]
SQL: SELECT `id` FROM `ge_feninfo` WHERE ( fen_guan_id =327 ) LIMIT 1   [ RunTime:0.0002s ]
SQL: SELECT `addtime` FROM `ge_pro_trace` WHERE ( guan_id =363 ) ORDER BY id desc LIMIT 1   [ RunTime:0.0019s ]
SQL: SELECT `id` FROM `ge_feninfo` WHERE ( fen_guan_id =329 ) LIMIT 1   [ RunTime:0.0003s ]
SQL: SELECT `id` FROM `ge_feninfo` WHERE ( fen_guan_id =330 ) LIMIT 1   [ RunTime:0.0003s ]
INFO: Run Behavior\ParseTemplateBehavior [ RunTime:0.060365s ]
INFO: [ view_parse ] --END-- [ RunTime:0.060427s ]
INFO: [ view_filter ] --START--
INFO: Run Behavior\WriteHtmlCacheBehavior [ RunTime:0.000253s ]
INFO: [ view_filter ] --END-- [ RunTime:0.000302s ]
INFO: [ app_end ] --START--
INFO: Run Behavior\ShowPageTraceBehavior [ RunTime:0.000501s ]
INFO: [ app_end ] --END-- [ RunTime:0.000560s ]

[ 2016-01-02T11:35:47+08:00 ] 59.172.37.234 /index.php/Manage/Pro/fen_more/type/1/p/2.html
INFO: [ app_init ] --START--
INFO: Run Behavior\BuildLiteBehavior [ RunTime:0.000018s ]
INFO: [ app_init ] --END-- [ RunTime:0.000335s ]
INFO: [ app_begin ] --START--
INFO: Run Behavior\ReadHtmlCacheBehavior [ RunTime:0.000484s ]
INFO: [ app_begin ] --END-- [ RunTime:0.000555s ]
NOTIC: [2048] Non-static method Manage\Controller\UserController::isLogin() should not be called statically, assuming $this from incompatible context /www/web/order_genecreate_cn/public_html/Application/Manage/Controller/ProController.class.php 第 690 行.
SQL: SHOW COLUMNS FROM `ge_tp_user` [ RunTime:0.0008s ]
SQL: SELECT * FROM `ge_tp_user` WHERE (  id = '105'  ) LIMIT 1   [ RunTime:0.0001s ]
SQL: SHOW COLUMNS FROM `ge_tp_role_user` [ RunTime:0.0004s ]
SQL: SHOW COLUMNS FROM `ge_tp_role` [ RunTime:0.0004s ]
SQL: SELECT `role_id` FROM `ge_tp_role_user` WHERE ( user_id =105 ) LIMIT 1   [ RunTime:0.0001s ]
SQL: SELECT `remark` FROM `ge_tp_role` WHERE ( id =18 ) LIMIT 1   [ RunTime:0.0001s ]
SQL: SHOW COLUMNS FROM `ge_fen` [ RunTime:0.0006s ]
SQL: SELECT * FROM `ge_fen` WHERE `fen_type` = 1 AND `fen_status` < 5 ORDER BY addtime desc LIMIT 8,8   [ RunTime:0.0006s ]
SQL: SELECT COUNT(*) AS tp_count FROM `ge_fen` WHERE `fen_type` = 1 AND `fen_status` < 5 LIMIT 1   [ RunTime:0.0001s ]
INFO: [ view_parse ] --START--
INFO: [ template_filter ] --START--
INFO: Run Behavior\ContentReplaceBehavior [ RunTime:0.000074s ]
INFO: [ template_filter ] --END-- [ RunTime:0.000147s ]
SQL: SHOW COLUMNS FROM `ge_feninfo` [ RunTime:0.0008s ]
SQL: SHOW COLUMNS FROM `ge_pro_trace` [ RunTime:0.0004s ]
SQL: SELECT `id` FROM `ge_feninfo` WHERE ( fen_guan_id =331 ) LIMIT 1   [ RunTime:0.0004s ]
SQL: SELECT `addtime` FROM `ge_pro_trace` WHERE ( guan_id =362 ) ORDER BY id desc LIMIT 1   [ RunTime:0.0006s ]
SQL: SELECT `id` FROM `ge_feninfo` WHERE ( fen_guan_id =332 ) LIMIT 1   [ RunTime:0.0002s ]
SQL: SELECT `addtime` FROM `ge_pro_trace` WHERE ( guan_id =348 ) ORDER BY id desc LIMIT 1   [ RunTime:0.0022s ]
SQL: SELECT `id` FROM `ge_feninfo` WHERE ( fen_guan_id =333 ) LIMIT 1   [ RunTime:0.0002s ]
SQL: SELECT `addtime` FROM `ge_pro_trace` WHERE ( guan_id =357 ) ORDER BY id desc LIMIT 1   [ RunTime:0.0009s ]
SQL: SELECT `id` FROM `ge_feninfo` WHERE ( fen_guan_id =370 ) LIMIT 1   [ RunTime:0.0003s ]
SQL: SELECT `addtime` FROM `ge_pro_trace` WHERE ( guan_id =392 ) ORDER BY id desc LIMIT 1   [ RunTime:0.0005s ]
SQL: SELECT `id` FROM `ge_feninfo` WHERE ( fen_guan_id =369 ) LIMIT 1   [ RunTime:0.0003s ]
SQL: SELECT `addtime` FROM `ge_pro_trace` WHERE ( guan_id =361 ) ORDER BY id desc LIMIT 1   [ RunTime:0.0006s ]
SQL: SELECT `id` FROM `ge_feninfo` WHERE ( fen_guan_id =368 ) LIMIT 1   [ RunTime:0.0003s ]
SQL: SELECT `id` FROM `ge_feninfo` WHERE ( fen_guan_id =366 ) LIMIT 1   [ RunTime:0.0003s ]
SQL: SELECT `addtime` FROM `ge_pro_trace` WHERE ( guan_id =382 ) ORDER BY id desc LIMIT 1   [ RunTime:0.0006s ]
SQL: SELECT `id` FROM `ge_feninfo` WHERE ( fen_guan_id =352 ) LIMIT 1   [ RunTime:0.0002s ]
SQL: SELECT `addtime` FROM `ge_pro_trace` WHERE ( guan_id =327 ) ORDER BY id desc LIMIT 1   [ RunTime:0.0029s ]
INFO: Run Behavior\ParseTemplateBehavior [ RunTime:0.043329s ]
INFO: [ view_parse ] --END-- [ RunTime:0.043396s ]
INFO: [ view_filter ] --START--
INFO: Run Behavior\WriteHtmlCacheBehavior [ RunTime:0.000236s ]
INFO: [ view_filter ] --END-- [ RunTime:0.000285s ]
INFO: [ app_end ] --START--
INFO: Run Behavior\ShowPageTraceBehavior [ RunTime:0.000484s ]
INFO: [ app_end ] --END-- [ RunTime:0.000543s ]

[ 2016-01-02T11:35:50+08:00 ] 59.172.37.234 /index.php/Manage/Pro/fen_editor/id/370/type/1.html
INFO: [ app_init ] --START--
INFO: Run Behavior\BuildLiteBehavior [ RunTime:0.000017s ]
INFO: [ app_init ] --END-- [ RunTime:0.000319s ]
INFO: [ app_begin ] --START--
INFO: Run Behavior\ReadHtmlCacheBehavior [ RunTime:0.000459s ]
INFO: [ app_begin ] --END-- [ RunTime:0.000518s ]
NOTIC: [8] Undefined index: 1a0a5f48b5cf348440bd1abec0930686 /www/web/order_genecreate_cn/public_html/ThinkPHP/Library/Org/Util/Rbac.class.php 第 176 行.
NOTIC: [2048] Non-static method Manage\Controller\UserController::isLogin() should not be called statically, assuming $this from incompatible context /www/web/order_genecreate_cn/public_html/Application/Manage/Controller/ProController.class.php 第 956 行.
SQL: SHOW COLUMNS FROM `ge_tp_user` [ RunTime:0.0006s ]
SQL: SELECT * FROM `ge_tp_user` WHERE (  id = '105'  ) LIMIT 1   [ RunTime:0.0001s ]
SQL: SHOW COLUMNS FROM `ge_fen` [ RunTime:0.0007s ]
SQL: SHOW COLUMNS FROM `ge_feninfo` [ RunTime:0.0005s ]
SQL: SHOW COLUMNS FROM `ge_pro_trace` [ RunTime:0.0004s ]
SQL: SELECT * FROM `ge_fen` WHERE ( id = 370 ) ORDER BY id desc LIMIT 1   [ RunTime:0.0003s ]
SQL: SELECT * FROM `ge_feninfo` WHERE ( fen_guan_id = 370 ) ORDER BY id desc LIMIT 1   [ RunTime:0.0003s ]
SQL: SELECT DISTINCT  `status` FROM `ge_pro_trace` WHERE ( guan_id = 392 ) ORDER BY id asc  [ RunTime:0.0337s ]
SQL: SELECT * FROM `ge_pro_trace` WHERE ( guan_id = 392 ) ORDER BY id asc  [ RunTime:0.0006s ]
SQL: SELECT DISTINCT  `guan_id`,`status` FROM `ge_pro_trace` WHERE ( guan_id = 392 ) ORDER BY id asc  [ RunTime:0.0006s ]
INFO: [ view_parse ] --START--
INFO: [ template_filter ] --START--
INFO: Run Behavior\ContentReplaceBehavior [ RunTime:0.000148s ]
INFO: [ template_filter ] --END-- [ RunTime:0.000225s ]
NOTIC: [8] Undefined variable: page /www/web/order_genecreate_cn/public_html/Application/Runtime/Cache/Manage/27ecf2747963499c757f3d965d30bb5a.php 第 252 行.
NOTIC: [8] Undefined variable: fen_row /www/web/order_genecreate_cn/public_html/Application/Runtime/Cache/Manage/27ecf2747963499c757f3d965d30bb5a.php 第 517 行.
SQL: SELECT * FROM `ge_pro_trace` WHERE `status` = 1 AND `guan_id` = 392 ORDER BY id desc  [ RunTime:0.0008s ]
INFO: Run Behavior\ParseTemplateBehavior [ RunTime:0.074161s ]
INFO: [ view_parse ] --END-- [ RunTime:0.074219s ]
INFO: [ view_filter ] --START--
INFO: Run Behavior\WriteHtmlCacheBehavior [ RunTime:0.000239s ]
INFO: [ view_filter ] --END-- [ RunTime:0.000289s ]
INFO: [ app_end ] --START--
INFO: Run Behavior\ShowPageTraceBehavior [ RunTime:0.000451s ]
INFO: [ app_end ] --END-- [ RunTime:0.000516s ]

[ 2016-01-02T11:36:16+08:00 ] 59.172.37.234 /index.php/Manage/Pro/fen_trace_editor/type/1.html
INFO: [ app_init ] --START--
INFO: Run Behavior\BuildLiteBehavior [ RunTime:0.000015s ]
INFO: [ app_init ] --END-- [ RunTime:0.000317s ]
INFO: [ app_begin ] --START--
INFO: Run Behavior\ReadHtmlCacheBehavior [ RunTime:0.000397s ]
INFO: [ app_begin ] --END-- [ RunTime:0.000456s ]
NOTIC: [8] Undefined index: a2415a8108f5376029012dcf8509fae4 /www/web/order_genecreate_cn/public_html/ThinkPHP/Library/Org/Util/Rbac.class.php 第 176 行.
NOTIC: [2048] Non-static method Manage\Controller\UserController::isLogin() should not be called statically, assuming $this from incompatible context /www/web/order_genecreate_cn/public_html/Application/Manage/Controller/ProController.class.php 第 320 行.
SQL: SHOW COLUMNS FROM `ge_tp_user` [ RunTime:0.0006s ]
SQL: SELECT * FROM `ge_tp_user` WHERE (  id = '105'  ) LIMIT 1   [ RunTime:0.0001s ]
SQL: SHOW COLUMNS FROM `ge_feninfo` [ RunTime:0.0005s ]
SQL: SHOW COLUMNS FROM `ge_pro_trace` [ RunTime:0.0004s ]
SQL: SELECT * FROM `ge_feninfo` WHERE ( fen_guan_id = 370 ) ORDER BY id desc LIMIT 1   [ RunTime:0.0001s ]
SQL: UPDATE `ge_feninfo` SET `fen_guan_id`='370',`fen_pro_man`='李立',`fen_pro_js`='对福寿螺5个基因进行RACE实验以及信号通路的探索',`fen_pro_sm`='福寿螺不同组织',`fen_pro_date`='20151101',`fen_pro_ys`='包括福寿螺不同组织以及血液RNA提取试剂盒',`addtime`='1451705776' WHERE ( id = 392 ) [ RunTime:0.0005s ]
SQL: SELECT * FROM `ge_pro_trace` WHERE `status` = 1 AND `guan_id` = 392 ORDER BY id desc LIMIT 1   [ RunTime:0.0015s ]
SQL: UPDATE `ge_pro_trace` SET `content`='正在进行3个基因的RACE实验，已经送去做亚克隆。',`guan_id`='392',`addtime`='1451705776',`status`='1' WHERE `status` = 1 AND `guan_id` = 392 [ RunTime:0.0017s ]
INFO: [ app_end ] --START--
INFO: Run Behavior\ShowPageTraceBehavior [ RunTime:0.000523s ]
INFO: [ app_end ] --END-- [ RunTime:0.000583s ]

[ 2016-01-02T11:36:22+08:00 ] 59.172.37.234 /index.php/Manage/Pro/fen_editor/id/370/type/1.html
INFO: [ app_init ] --START--
INFO: Run Behavior\BuildLiteBehavior [ RunTime:0.000017s ]
INFO: [ app_init ] --END-- [ RunTime:0.000339s ]
INFO: [ app_begin ] --START--
INFO: Run Behavior\ReadHtmlCacheBehavior [ RunTime:0.000455s ]
INFO: [ app_begin ] --END-- [ RunTime:0.000545s ]
NOTIC: [2048] Non-static method Manage\Controller\UserController::isLogin() should not be called statically, assuming $this from incompatible context /www/web/order_genecreate_cn/public_html/Application/Manage/Controller/ProController.class.php 第 956 行.
SQL: SHOW COLUMNS FROM `ge_tp_user` [ RunTime:0.0007s ]
SQL: SELECT * FROM `ge_tp_user` WHERE (  id = '105'  ) LIMIT 1   [ RunTime:0.0001s ]
SQL: SHOW COLUMNS FROM `ge_fen` [ RunTime:0.0006s ]
SQL: SHOW COLUMNS FROM `ge_feninfo` [ RunTime:0.0004s ]
SQL: SHOW COLUMNS FROM `ge_pro_trace` [ RunTime:0.0004s ]
SQL: SELECT * FROM `ge_fen` WHERE ( id = 370 ) ORDER BY id desc LIMIT 1   [ RunTime:0.0001s ]
SQL: SELECT * FROM `ge_feninfo` WHERE ( fen_guan_id = 370 ) ORDER BY id desc LIMIT 1   [ RunTime:0.0004s ]
SQL: SELECT DISTINCT  `status` FROM `ge_pro_trace` WHERE ( guan_id = 392 ) ORDER BY id asc  [ RunTime:0.0008s ]
SQL: SELECT * FROM `ge_pro_trace` WHERE ( guan_id = 392 ) ORDER BY id asc  [ RunTime:0.0009s ]
SQL: SELECT DISTINCT  `guan_id`,`status` FROM `ge_pro_trace` WHERE ( guan_id = 392 ) ORDER BY id asc  [ RunTime:0.0006s ]
INFO: [ view_parse ] --START--
INFO: [ template_filter ] --START--
INFO: Run Behavior\ContentReplaceBehavior [ RunTime:0.000145s ]
INFO: [ template_filter ] --END-- [ RunTime:0.000209s ]
NOTIC: [8] Undefined variable: page /www/web/order_genecreate_cn/public_html/Application/Runtime/Cache/Manage/27ecf2747963499c757f3d965d30bb5a.php 第 252 行.
NOTIC: [8] Undefined variable: fen_row /www/web/order_genecreate_cn/public_html/Application/Runtime/Cache/Manage/27ecf2747963499c757f3d965d30bb5a.php 第 517 行.
SQL: SELECT * FROM `ge_pro_trace` WHERE `status` = 1 AND `guan_id` = 392 ORDER BY id desc  [ RunTime:0.0008s ]
INFO: Run Behavior\ParseTemplateBehavior [ RunTime:0.018735s ]
INFO: [ view_parse ] --END-- [ RunTime:0.018794s ]
INFO: [ view_filter ] --START--
INFO: Run Behavior\WriteHtmlCacheBehavior [ RunTime:0.000211s ]
INFO: [ view_filter ] --END-- [ RunTime:0.000262s ]
INFO: [ app_end ] --START--
INFO: Run Behavior\ShowPageTraceBehavior [ RunTime:0.000479s ]
INFO: [ app_end ] --END-- [ RunTime:0.000542s ]

[ 2016-01-02T11:36:26+08:00 ] 59.172.37.234 /index.php/Manage/Pro/fen_row_add?id=&status_id=2&trace_id=392
INFO: [ app_init ] --START--
INFO: Run Behavior\BuildLiteBehavior [ RunTime:0.000014s ]
INFO: [ app_init ] --END-- [ RunTime:0.000294s ]
INFO: [ app_begin ] --START--
INFO: Run Behavior\ReadHtmlCacheBehavior [ RunTime:0.000462s ]
INFO: [ app_begin ] --END-- [ RunTime:0.000514s ]
NOTIC: [8] Undefined index: d48b58746fb040f376cc86eaed47b71b /www/web/order_genecreate_cn/public_html/ThinkPHP/Library/Org/Util/Rbac.class.php 第 176 行.
NOTIC: [2048] Non-static method Manage\Controller\UserController::isLogin() should not be called statically, assuming $this from incompatible context /www/web/order_genecreate_cn/public_html/Application/Manage/Controller/ProController.class.php 第 551 行.
SQL: SHOW COLUMNS FROM `ge_tp_user` [ RunTime:0.0007s ]
SQL: SELECT * FROM `ge_tp_user` WHERE (  id = '105'  ) LIMIT 1   [ RunTime:0.0001s ]
SQL: SHOW COLUMNS FROM `ge_pro_trace` [ RunTime:0.0004s ]
SQL: SELECT `guan_id` FROM `ge_pro_trace` WHERE ( id = 0 ) LIMIT 1   [ RunTime:0.0002s ]
SQL: SELECT * FROM `ge_pro_trace` WHERE `status` = 1 AND `guan_id` = 392 ORDER BY id desc LIMIT 1   [ RunTime:0.0006s ]
SQL: SELECT * FROM `ge_pro_trace` WHERE `status` = 1 AND `guan_id` = 392 ORDER BY id desc  [ RunTime:0.0001s ]
SQL: UPDATE `ge_pro_trace` SET `status`='1',`guan_id`='392' WHERE ( id =1232 ) [ RunTime:0.0002s ]
SQL: UPDATE `ge_pro_trace` SET `status`='1',`guan_id`='392' WHERE ( id =1231 ) [ RunTime:0.0002s ]
INFO: [ app_end ] --START--
INFO: Run Behavior\ShowPageTraceBehavior [ RunTime:0.000508s ]
INFO: [ app_end ] --END-- [ RunTime:0.000582s ]

[ 2016-01-02T11:39:26+08:00 ] 59.172.37.234 /index.php/Manage/Pro/fen_trace_editor/type/1.html
INFO: [ app_init ] --START--
INFO: Run Behavior\BuildLiteBehavior [ RunTime:0.000017s ]
INFO: [ app_init ] --END-- [ RunTime:0.000382s ]
INFO: [ app_begin ] --START--
INFO: Run Behavior\ReadHtmlCacheBehavior [ RunTime:0.000519s ]
INFO: [ app_begin ] --END-- [ RunTime:0.000616s ]
NOTIC: [2048] Non-static method Manage\Controller\UserController::isLogin() should not be called statically, assuming $this from incompatible context /www/web/order_genecreate_cn/public_html/Application/Manage/Controller/ProController.class.php 第 320 行.
SQL: SHOW COLUMNS FROM `ge_tp_user` [ RunTime:0.0007s ]
SQL: SELECT * FROM `ge_tp_user` WHERE (  id = '105'  ) LIMIT 1   [ RunTime:0.0001s ]
SQL: SHOW COLUMNS FROM `ge_feninfo` [ RunTime:0.0005s ]
SQL: SHOW COLUMNS FROM `ge_pro_trace` [ RunTime:0.0004s ]
SQL: SELECT * FROM `ge_feninfo` WHERE ( fen_guan_id = 370 ) ORDER BY id desc LIMIT 1   [ RunTime:0.0001s ]
SQL: UPDATE `ge_feninfo` SET `fen_guan_id`='370',`fen_pro_man`='李立',`fen_pro_js`='对福寿螺5个基因进行RACE实验以及信号通路的探索',`fen_pro_sm`='福寿螺不同组织',`fen_pro_date`='20151101',`fen_pro_ys`='包括福寿螺不同组织以及血液RNA提取试剂盒',`addtime`='1451705966' WHERE ( id = 392 ) [ RunTime:0.0003s ]
SQL: SELECT * FROM `ge_pro_trace` WHERE `status` = 2 AND `guan_id` = 392 ORDER BY id desc LIMIT 1   [ RunTime:0.0020s ]
SQL: INSERT INTO `ge_pro_trace` (`content`,`guan_id`,`addtime`,`status`) VALUES ('1、34968329618484三个基因亚克隆之后仍在测序之中2、666538914两个基因，又重新PCR扩增后，仍然没有扩增出来，元旦之后需要跟客户沟通','392','1451705966','2') [ RunTime:0.0002s ]
INFO: [ app_end ] --START--
INFO: Run Behavior\ShowPageTraceBehavior [ RunTime:0.000508s ]
INFO: [ app_end ] --END-- [ RunTime:0.000592s ]

[ 2016-01-02T11:39:30+08:00 ] 59.172.37.234 /index.php/Manage/Pro/fen_index/id/370.html
INFO: [ app_init ] --START--
INFO: Run Behavior\BuildLiteBehavior [ RunTime:0.000016s ]
INFO: [ app_init ] --END-- [ RunTime:0.000325s ]
INFO: [ app_begin ] --START--
INFO: Run Behavior\ReadHtmlCacheBehavior [ RunTime:0.000476s ]
INFO: [ app_begin ] --END-- [ RunTime:0.000544s ]
NOTIC: [8] Undefined index: d81474637ce189735008b13767b89d59 /www/web/order_genecreate_cn/public_html/ThinkPHP/Library/Org/Util/Rbac.class.php 第 176 行.
NOTIC: [2048] Non-static method Manage\Controller\UserController::isLogin() should not be called statically, assuming $this from incompatible context /www/web/order_genecreate_cn/public_html/Application/Manage/Controller/ProController.class.php 第 846 行.
SQL: SHOW COLUMNS FROM `ge_tp_user` [ RunTime:0.0007s ]
SQL: SELECT * FROM `ge_tp_user` WHERE (  id = '105'  ) LIMIT 1   [ RunTime:0.0001s ]
SQL: SHOW COLUMNS FROM `ge_fen` [ RunTime:0.0006s ]
SQL: SHOW COLUMNS FROM `ge_feninfo` [ RunTime:0.0004s ]
SQL: SHOW COLUMNS FROM `ge_pro_trace` [ RunTime:0.0004s ]
SQL: SELECT * FROM `ge_fen` WHERE ( id = 370 ) ORDER BY id desc LIMIT 1   [ RunTime:0.0001s ]
SQL: SELECT * FROM `ge_feninfo` WHERE ( fen_guan_id = 370 ) ORDER BY id desc LIMIT 1   [ RunTime:0.0004s ]
SQL: SELECT DISTINCT  `status` FROM `ge_pro_trace` WHERE ( guan_id = 392 ) ORDER BY id asc  [ RunTime:0.0007s ]
SQL: SELECT * FROM `ge_pro_trace` WHERE ( guan_id = 392 ) ORDER BY id asc  [ RunTime:0.0005s ]
SQL: SELECT DISTINCT  `guan_id`,`status` FROM `ge_pro_trace` WHERE ( guan_id = 392 ) ORDER BY id asc LIMIT 2   [ RunTime:0.0017s ]
NOTIC: [8] Undefined variable: end_status /www/web/order_genecreate_cn/public_html/Application/Manage/Controller/ProController.class.php 第 928 行.
NOTIC: [8] Undefined variable: end_status_guan /www/web/order_genecreate_cn/public_html/Application/Manage/Controller/ProController.class.php 第 930 行.
INFO: [ view_parse ] --START--
INFO: [ template_filter ] --START--
INFO: Run Behavior\ContentReplaceBehavior [ RunTime:0.000090s ]
INFO: [ template_filter ] --END-- [ RunTime:0.000163s ]
NOTIC: [8] Undefined variable: page /www/web/order_genecreate_cn/public_html/Application/Runtime/Cache/Manage/b53f3adf0d20cc93cd0813c92f2ba9b9.php 第 18 行.
NOTIC: [8] Undefined variable: pages /www/web/order_genecreate_cn/public_html/Application/Runtime/Cache/Manage/b53f3adf0d20cc93cd0813c92f2ba9b9.php 第 19 行.
NOTIC: [8] Undefined variable: page /www/web/order_genecreate_cn/public_html/Application/Runtime/Cache/Manage/b53f3adf0d20cc93cd0813c92f2ba9b9.php 第 53 行.
NOTIC: [8] Undefined index: status /www/web/order_genecreate_cn/public_html/Application/Runtime/Cache/Manage/b53f3adf0d20cc93cd0813c92f2ba9b9.php 第 319 行.
SQL: SELECT `content` FROM `ge_pro_trace` WHERE `status` = 1 AND `guan_id` = 392 ORDER BY id desc LIMIT 1   [ RunTime:0.0007s ]
SQL: SELECT * FROM `ge_pro_trace` WHERE `status` = 1 AND `guan_id` = 392 ORDER BY id desc  [ RunTime:0.0006s ]
NOTIC: [8] Undefined variable: daye /www/web/order_genecreate_cn/public_html/Application/Manage/Common/function.php 第 719 行.
NOTIC: [8] Undefined index: status /www/web/order_genecreate_cn/public_html/Application/Runtime/Cache/Manage/b53f3adf0d20cc93cd0813c92f2ba9b9.php 第 319 行.
SQL: SELECT `content` FROM `ge_pro_trace` WHERE `status` = 2 AND `guan_id` = 392 ORDER BY id desc LIMIT 1   [ RunTime:0.0002s ]
SQL: SELECT * FROM `ge_pro_trace` WHERE `status` = 2 AND `guan_id` = 392 ORDER BY id desc  [ RunTime:0.0006s ]
NOTIC: [8] Undefined variable: daye /www/web/order_genecreate_cn/public_html/Application/Manage/Common/function.php 第 719 行.
INFO: Run Behavior\ParseTemplateBehavior [ RunTime:0.026536s ]
INFO: [ view_parse ] --END-- [ RunTime:0.026595s ]
INFO: [ view_filter ] --START--
INFO: Run Behavior\WriteHtmlCacheBehavior [ RunTime:0.000222s ]
INFO: [ view_filter ] --END-- [ RunTime:0.000271s ]
INFO: [ app_end ] --START--
INFO: Run Behavior\ShowPageTraceBehavior [ RunTime:0.000507s ]
INFO: [ app_end ] --END-- [ RunTime:0.000570s ]

[ 2016-01-02T19:13:52+08:00 ] 223.81.192.15 /index.php/Manage.html
INFO: [ app_init ] --START--
INFO: Run Behavior\BuildLiteBehavior [ RunTime:0.000018s ]
INFO: [ app_init ] --END-- [ RunTime:0.000316s ]
INFO: [ app_begin ] --START--
INFO: Run Behavior\ReadHtmlCacheBehavior [ RunTime:0.000452s ]
INFO: [ app_begin ] --END-- [ RunTime:0.000513s ]

[ 2016-01-02T19:13:52+08:00 ] 223.81.192.15 /index.php/Manage/User/index.html
INFO: [ app_init ] --START--
INFO: Run Behavior\BuildLiteBehavior [ RunTime:0.000016s ]
INFO: [ app_init ] --END-- [ RunTime:0.000312s ]
INFO: [ app_begin ] --START--
INFO: Run Behavior\ReadHtmlCacheBehavior [ RunTime:0.000455s ]
INFO: [ app_begin ] --END-- [ RunTime:0.000521s ]
INFO: [ view_parse ] --START--
INFO: [ template_filter ] --START--
INFO: Run Behavior\ContentReplaceBehavior [ RunTime:0.000034s ]
INFO: [ template_filter ] --END-- [ RunTime:0.000094s ]
INFO: Run Behavior\ParseTemplateBehavior [ RunTime:0.005773s ]
INFO: [ view_parse ] --END-- [ RunTime:0.005834s ]
INFO: [ view_filter ] --START--
INFO: Run Behavior\WriteHtmlCacheBehavior [ RunTime:0.000203s ]
INFO: [ view_filter ] --END-- [ RunTime:0.000254s ]
INFO: [ app_end ] --START--
INFO: Run Behavior\ShowPageTraceBehavior [ RunTime:0.000479s ]
INFO: [ app_end ] --END-- [ RunTime:0.000528s ]

[ 2016-01-02T19:13:53+08:00 ] 223.81.192.15 /index.php/Manage/User/verify.html
INFO: [ app_init ] --START--
INFO: Run Behavior\BuildLiteBehavior [ RunTime:0.000026s ]
INFO: [ app_init ] --END-- [ RunTime:0.000480s ]
INFO: [ app_begin ] --START--
INFO: Run Behavior\ReadHtmlCacheBehavior [ RunTime:0.000456s ]
INFO: [ app_begin ] --END-- [ RunTime:0.000528s ]
INFO: [ app_end ] --START--
INFO: Run Behavior\ShowPageTraceBehavior [ RunTime:0.000798s ]
INFO: [ app_end ] --END-- [ RunTime:0.000924s ]

[ 2016-01-02T19:13:55+08:00 ] 223.81.192.15 /index.php/Manage.html
INFO: [ app_init ] --START--
INFO: Run Behavior\BuildLiteBehavior [ RunTime:0.000019s ]
INFO: [ app_init ] --END-- [ RunTime:0.000488s ]
INFO: [ app_begin ] --START--
INFO: Run Behavior\ReadHtmlCacheBehavior [ RunTime:0.000481s ]
INFO: [ app_begin ] --END-- [ RunTime:0.000559s ]

[ 2016-01-02T19:13:56+08:00 ] 223.81.192.15 /index.php/Manage/User/index.html
INFO: [ app_init ] --START--
INFO: Run Behavior\BuildLiteBehavior [ RunTime:0.000020s ]
INFO: [ app_init ] --END-- [ RunTime:0.000350s ]
INFO: [ app_begin ] --START--
INFO: Run Behavior\ReadHtmlCacheBehavior [ RunTime:0.000466s ]
INFO: [ app_begin ] --END-- [ RunTime:0.000534s ]
INFO: [ view_parse ] --START--
INFO: [ template_filter ] --START--
INFO: Run Behavior\ContentReplaceBehavior [ RunTime:0.000039s ]
INFO: [ template_filter ] --END-- [ RunTime:0.000110s ]
INFO: Run Behavior\ParseTemplateBehavior [ RunTime:0.006030s ]
INFO: [ view_parse ] --END-- [ RunTime:0.006092s ]
INFO: [ view_filter ] --START--
INFO: Run Behavior\WriteHtmlCacheBehavior [ RunTime:0.000202s ]
INFO: [ view_filter ] --END-- [ RunTime:0.000252s ]
INFO: [ app_end ] --START--
INFO: Run Behavior\ShowPageTraceBehavior [ RunTime:0.000518s ]
INFO: [ app_end ] --END-- [ RunTime:0.000569s ]

[ 2016-01-02T19:14:01+08:00 ] 223.81.192.15 /index.php/Manage/User/verify.html
INFO: [ app_init ] --START--
INFO: Run Behavior\BuildLiteBehavior [ RunTime:0.000017s ]
INFO: [ app_init ] --END-- [ RunTime:0.000328s ]
INFO: [ app_begin ] --START--
INFO: Run Behavior\ReadHtmlCacheBehavior [ RunTime:0.000416s ]
INFO: [ app_begin ] --END-- [ RunTime:0.000473s ]
INFO: [ app_end ] --START--
INFO: Run Behavior\ShowPageTraceBehavior [ RunTime:0.000651s ]
INFO: [ app_end ] --END-- [ RunTime:0.000717s ]

[ 2016-01-02T20:08:55+08:00 ] 101.226.51.230 /index.php/Manage.html
INFO: [ app_init ] --START--
INFO: Run Behavior\BuildLiteBehavior [ RunTime:0.000024s ]
INFO: [ app_init ] --END-- [ RunTime:0.000487s ]
INFO: [ app_begin ] --START--
INFO: Run Behavior\ReadHtmlCacheBehavior [ RunTime:0.000569s ]
INFO: [ app_begin ] --END-- [ RunTime:0.000644s ]

[ 2016-01-02T20:08:55+08:00 ] 101.226.51.230 /index.php/Manage/User/index.html
INFO: [ app_init ] --START--
INFO: Run Behavior\BuildLiteBehavior [ RunTime:0.000015s ]
INFO: [ app_init ] --END-- [ RunTime:0.000362s ]
INFO: [ app_begin ] --START--
INFO: Run Behavior\ReadHtmlCacheBehavior [ RunTime:0.000477s ]
INFO: [ app_begin ] --END-- [ RunTime:0.000544s ]
INFO: [ view_parse ] --START--
INFO: [ template_filter ] --START--
INFO: Run Behavior\ContentReplaceBehavior [ RunTime:0.000039s ]
INFO: [ template_filter ] --END-- [ RunTime:0.000120s ]
INFO: Run Behavior\ParseTemplateBehavior [ RunTime:0.006236s ]
INFO: [ view_parse ] --END-- [ RunTime:0.006320s ]
INFO: [ view_filter ] --START--
INFO: Run Behavior\WriteHtmlCacheBehavior [ RunTime:0.000207s ]
INFO: [ view_filter ] --END-- [ RunTime:0.000256s ]
INFO: [ app_end ] --START--
INFO: Run Behavior\ShowPageTraceBehavior [ RunTime:0.000539s ]
INFO: [ app_end ] --END-- [ RunTime:0.000593s ]

