[ 2016-02-20T09:13:34+08:00 ] 59.173.189.175 /index.php/Manage/Primer/index/type/0.html
INFO: [ app_init ] --START--
INFO: Run Behavior\BuildLiteBehavior [ RunTime:0.000029s ]
INFO: [ app_init ] --END-- [ RunTime:0.000558s ]
INFO: [ app_begin ] --START--
INFO: Run Behavior\ReadHtmlCacheBehavior [ RunTime:0.000558s ]
INFO: [ app_begin ] --END-- [ RunTime:0.000672s ]
NOTIC: [2048] Declaration of Manage\Controller\PrimerController::show() should be compatible with that of Think\Controller::show() /www/web/order_genecreate_cn/public_html/Application/Manage/Controller/PrimerController.class.php 第 6 行.
NOTIC: [2048] Non-static method Manage\Controller\UserController::isLogin() should not be called statically, assuming $this from incompatible context /www/web/order_genecreate_cn/public_html/Application/Manage/Controller/PrimerController.class.php 第 8 行.
SQL: SHOW COLUMNS FROM `ge_tp_user` [ RunTime:0.0007s ]
SQL: SELECT * FROM `ge_tp_user` WHERE (  id = '98'  ) LIMIT 1   [ RunTime:0.0001s ]
SQL: SHOW COLUMNS FROM `ge_tp_role` [ RunTime:0.0004s ]
SQL: SELECT `remark` FROM `ge_tp_role` WHERE ( id =27 ) LIMIT 1   [ RunTime:0.0001s ]
SQL: SHOW COLUMNS FROM `ge_members_info` [ RunTime:0.0006s ]
SQL: SELECT `uid` FROM `ge_members_info` WHERE `name` LIKE '%%'  [ RunTime:0.0001s ]
SQL: SHOW COLUMNS FROM `ge_orders` [ RunTime:0.0009s ]
SQL: SELECT * FROM `ge_orders` WHERE `ordertype` = 2 AND `status` = 2 ORDER BY id desc LIMIT 0,15   [ RunTime:0.0001s ]
SQL: SELECT COUNT(*) AS tp_count FROM `ge_orders` WHERE `ordertype` = 2 AND `status` = 2 LIMIT 1   [ RunTime:0.0001s ]
INFO: [ view_parse ] --START--
INFO: [ template_filter ] --START--
INFO: Run Behavior\ContentReplaceBehavior [ RunTime:0.000064s ]
INFO: [ template_filter ] --END-- [ RunTime:0.000147s ]
NOTIC: [8] Undefined variable: customer /www/web/order_genecreate_cn/public_html/Application/Runtime/Cache/Manage/f6410d2c29cde6720c67eda98b4f50d5.php 第 87 行.
SQL: SELECT * FROM `ge_members_info` WHERE ( uid = 41 ) LIMIT 1   [ RunTime:0.0002s ]
SQL: SHOW COLUMNS FROM `ge_members` [ RunTime:0.0007s ]
SQL: SELECT * FROM `ge_members` WHERE ( id = 41 ) LIMIT 1   [ RunTime:0.0001s ]
SQL: SELECT * FROM `ge_members_info` WHERE ( uid = 41 ) LIMIT 1   [ RunTime:0.0001s ]
SQL: SHOW COLUMNS FROM `ge_contents` [ RunTime:0.0004s ]
SQL: SELECT `status` FROM `ge_contents` WHERE ( flag = 0 and id_order = 1318 ) ORDER BY id desc LIMIT 1   [ RunTime:0.0001s ]
SQL: SELECT `status` FROM `ge_contents` WHERE ( flag = 0 and id_order = 1318 ) ORDER BY id desc LIMIT 1   [ RunTime:0.0001s ]
SQL: SELECT `status` FROM `ge_contents` WHERE ( flag = 0 and id_order = 1318 ) ORDER BY id desc LIMIT 1   [ RunTime:0.0001s ]
SQL: SELECT * FROM `ge_members_info` WHERE ( uid = 41 ) LIMIT 1   [ RunTime:0.0001s ]
SQL: SELECT * FROM `ge_members` WHERE ( id = 41 ) LIMIT 1   [ RunTime:0.0001s ]
SQL: SELECT * FROM `ge_members_info` WHERE ( uid = 41 ) LIMIT 1   [ RunTime:0.0001s ]
SQL: SELECT `status` FROM `ge_contents` WHERE ( flag = 0 and id_order = 1317 ) ORDER BY id desc LIMIT 1   [ RunTime:0.0001s ]
SQL: SELECT `status` FROM `ge_contents` WHERE ( flag = 0 and id_order = 1317 ) ORDER BY id desc LIMIT 1   [ RunTime:0.0001s ]
SQL: SELECT `status` FROM `ge_contents` WHERE ( flag = 0 and id_order = 1317 ) ORDER BY id desc LIMIT 1   [ RunTime:0.0001s ]
SQL: SELECT * FROM `ge_members_info` WHERE ( uid = 41 ) LIMIT 1   [ RunTime:0.0001s ]
SQL: SELECT * FROM `ge_members` WHERE ( id = 41 ) LIMIT 1   [ RunTime:0.0001s ]
SQL: SELECT * FROM `ge_members_info` WHERE ( uid = 41 ) LIMIT 1   [ RunTime:0.0001s ]
SQL: SELECT `status` FROM `ge_contents` WHERE ( flag = 0 and id_order = 1316 ) ORDER BY id desc LIMIT 1   [ RunTime:0.0001s ]
SQL: SELECT `status` FROM `ge_contents` WHERE ( flag = 0 and id_order = 1316 ) ORDER BY id desc LIMIT 1   [ RunTime:0.0001s ]
SQL: SELECT `status` FROM `ge_contents` WHERE ( flag = 0 and id_order = 1316 ) ORDER BY id desc LIMIT 1   [ RunTime:0.0001s ]
SQL: SELECT * FROM `ge_members_info` WHERE ( uid = 41 ) LIMIT 1   [ RunTime:0.0001s ]
SQL: SELECT * FROM `ge_members` WHERE ( id = 41 ) LIMIT 1   [ RunTime:0.0001s ]
SQL: SELECT * FROM `ge_members_info` WHERE ( uid = 41 ) LIMIT 1   [ RunTime:0.0001s ]
SQL: SELECT `status` FROM `ge_contents` WHERE ( flag = 0 and id_order = 1315 ) ORDER BY id desc LIMIT 1   [ RunTime:0.0001s ]
SQL: SELECT `status` FROM `ge_contents` WHERE ( flag = 0 and id_order = 1315 ) ORDER BY id desc LIMIT 1   [ RunTime:0.0001s ]
SQL: SELECT `status` FROM `ge_contents` WHERE ( flag = 0 and id_order = 1315 ) ORDER BY id desc LIMIT 1   [ RunTime:0.0001s ]
SQL: SELECT * FROM `ge_members_info` WHERE ( uid = 60 ) LIMIT 1   [ RunTime:0.0001s ]
SQL: SELECT * FROM `ge_members` WHERE ( id = 60 ) LIMIT 1   [ RunTime:0.0001s ]
SQL: SELECT * FROM `ge_members_info` WHERE ( uid = 60 ) LIMIT 1   [ RunTime:0.0001s ]
SQL: SELECT `status` FROM `ge_contents` WHERE ( flag = 0 and id_order = 1314 ) ORDER BY id desc LIMIT 1   [ RunTime:0.0001s ]
SQL: SELECT `status` FROM `ge_contents` WHERE ( flag = 0 and id_order = 1314 ) ORDER BY id desc LIMIT 1   [ RunTime:0.0001s ]
SQL: SELECT `status` FROM `ge_contents` WHERE ( flag = 0 and id_order = 1314 ) ORDER BY id desc LIMIT 1   [ RunTime:0.0001s ]
SQL: SELECT * FROM `ge_members_info` WHERE ( uid = 41 ) LIMIT 1   [ RunTime:0.0001s ]
SQL: SELECT * FROM `ge_members` WHERE ( id = 41 ) LIMIT 1   [ RunTime:0.0001s ]
SQL: SELECT * FROM `ge_members_info` WHERE ( uid = 41 ) LIMIT 1   [ RunTime:0.0001s ]
SQL: SELECT `status` FROM `ge_contents` WHERE ( flag = 0 and id_order = 1313 ) ORDER BY id desc LIMIT 1   [ RunTime:0.0001s ]
SQL: SELECT `status` FROM `ge_contents` WHERE ( flag = 0 and id_order = 1313 ) ORDER BY id desc LIMIT 1   [ RunTime:0.0001s ]
SQL: SELECT `status` FROM `ge_contents` WHERE ( flag = 0 and id_order = 1313 ) ORDER BY id desc LIMIT 1   [ RunTime:0.0001s ]
SQL: SELECT * FROM `ge_members_info` WHERE ( uid = 41 ) LIMIT 1   [ RunTime:0.0001s ]
SQL: SELECT * FROM `ge_members` WHERE ( id = 41 ) LIMIT 1   [ RunTime:0.0001s ]
SQL: SELECT * FROM `ge_members_info` WHERE ( uid = 41 ) LIMIT 1   [ RunTime:0.0001s ]
SQL: SELECT `status` FROM `ge_contents` WHERE ( flag = 0 and id_order = 1312 ) ORDER BY id desc LIMIT 1   [ RunTime:0.0001s ]
SQL: SELECT `status` FROM `ge_contents` WHERE ( flag = 0 and id_order = 1312 ) ORDER BY id desc LIMIT 1   [ RunTime:0.0001s ]
SQL: SELECT `status` FROM `ge_contents` WHERE ( flag = 0 and id_order = 1312 ) ORDER BY id desc LIMIT 1   [ RunTime:0.0001s ]
SQL: SELECT * FROM `ge_members_info` WHERE ( uid = 41 ) LIMIT 1   [ RunTime:0.0001s ]
SQL: SELECT * FROM `ge_members` WHERE ( id = 41 ) LIMIT 1   [ RunTime:0.0001s ]
SQL: SELECT * FROM `ge_members_info` WHERE ( uid = 41 ) LIMIT 1   [ RunTime:0.0001s ]
SQL: SELECT `status` FROM `ge_contents` WHERE ( flag = 0 and id_order = 1311 ) ORDER BY id desc LIMIT 1   [ RunTime:0.0001s ]
SQL: SELECT `status` FROM `ge_contents` WHERE ( flag = 0 and id_order = 1311 ) ORDER BY id desc LIMIT 1   [ RunTime:0.0001s ]
SQL: SELECT `status` FROM `ge_contents` WHERE ( flag = 0 and id_order = 1311 ) ORDER BY id desc LIMIT 1   [ RunTime:0.0001s ]
SQL: SELECT * FROM `ge_members_info` WHERE ( uid = 57 ) LIMIT 1   [ RunTime:0.0001s ]
SQL: SELECT * FROM `ge_members` WHERE ( id = 57 ) LIMIT 1   [ RunTime:0.0001s ]
SQL: SELECT * FROM `ge_members_info` WHERE ( uid = 57 ) LIMIT 1   [ RunTime:0.0001s ]
SQL: SELECT `status` FROM `ge_contents` WHERE ( flag = 0 and id_order = 1310 ) ORDER BY id desc LIMIT 1   [ RunTime:0.0001s ]
SQL: SELECT `status` FROM `ge_contents` WHERE ( flag = 0 and id_order = 1310 ) ORDER BY id desc LIMIT 1   [ RunTime:0.0001s ]
SQL: SELECT `status` FROM `ge_contents` WHERE ( flag = 0 and id_order = 1310 ) ORDER BY id desc LIMIT 1   [ RunTime:0.0001s ]
SQL: SELECT * FROM `ge_members_info` WHERE ( uid = 41 ) LIMIT 1   [ RunTime:0.0001s ]
SQL: SELECT * FROM `ge_members` WHERE ( id = 41 ) LIMIT 1   [ RunTime:0.0001s ]
SQL: SELECT * FROM `ge_members_info` WHERE ( uid = 41 ) LIMIT 1   [ RunTime:0.0001s ]
SQL: SELECT `status` FROM `ge_contents` WHERE ( flag = 0 and id_order = 1308 ) ORDER BY id desc LIMIT 1   [ RunTime:0.0001s ]
SQL: SELECT `status` FROM `ge_contents` WHERE ( flag = 0 and id_order = 1308 ) ORDER BY id desc LIMIT 1   [ RunTime:0.0001s ]
SQL: SELECT `status` FROM `ge_contents` WHERE ( flag = 0 and id_order = 1308 ) ORDER BY id desc LIMIT 1   [ RunTime:0.0001s ]
SQL: SELECT * FROM `ge_members_info` WHERE ( uid = 41 ) LIMIT 1   [ RunTime:0.0001s ]
SQL: SELECT * FROM `ge_members` WHERE ( id = 41 ) LIMIT 1   [ RunTime:0.0001s ]
SQL: SELECT * FROM `ge_members_info` WHERE ( uid = 41 ) LIMIT 1   [ RunTime:0.0001s ]
SQL: SELECT `status` FROM `ge_contents` WHERE ( flag = 0 and id_order = 1307 ) ORDER BY id desc LIMIT 1   [ RunTime:0.0001s ]
SQL: SELECT `status` FROM `ge_contents` WHERE ( flag = 0 and id_order = 1307 ) ORDER BY id desc LIMIT 1   [ RunTime:0.0001s ]
SQL: SELECT `status` FROM `ge_contents` WHERE ( flag = 0 and id_order = 1307 ) ORDER BY id desc LIMIT 1   [ RunTime:0.0001s ]
SQL: SELECT * FROM `ge_members_info` WHERE ( uid = 41 ) LIMIT 1   [ RunTime:0.0001s ]
SQL: SELECT * FROM `ge_members` WHERE ( id = 41 ) LIMIT 1   [ RunTime:0.0001s ]
SQL: SELECT * FROM `ge_members_info` WHERE ( uid = 41 ) LIMIT 1   [ RunTime:0.0001s ]
SQL: SELECT `status` FROM `ge_contents` WHERE ( flag = 0 and id_order = 1306 ) ORDER BY id desc LIMIT 1   [ RunTime:0.0001s ]
SQL: SELECT `status` FROM `ge_contents` WHERE ( flag = 0 and id_order = 1306 ) ORDER BY id desc LIMIT 1   [ RunTime:0.0001s ]
SQL: SELECT `status` FROM `ge_contents` WHERE ( flag = 0 and id_order = 1306 ) ORDER BY id desc LIMIT 1   [ RunTime:0.0001s ]
SQL: SELECT * FROM `ge_members_info` WHERE ( uid = 41 ) LIMIT 1   [ RunTime:0.0001s ]
SQL: SELECT * FROM `ge_members` WHERE ( id = 41 ) LIMIT 1   [ RunTime:0.0001s ]
SQL: SELECT * FROM `ge_members_info` WHERE ( uid = 41 ) LIMIT 1   [ RunTime:0.0001s ]
SQL: SELECT `status` FROM `ge_contents` WHERE ( flag = 0 and id_order = 1305 ) ORDER BY id desc LIMIT 1   [ RunTime:0.0001s ]
SQL: SELECT `status` FROM `ge_contents` WHERE ( flag = 0 and id_order = 1305 ) ORDER BY id desc LIMIT 1   [ RunTime:0.0001s ]
SQL: SELECT `status` FROM `ge_contents` WHERE ( flag = 0 and id_order = 1305 ) ORDER BY id desc LIMIT 1   [ RunTime:0.0001s ]
SQL: SELECT * FROM `ge_members_info` WHERE ( uid = 41 ) LIMIT 1   [ RunTime:0.0001s ]
SQL: SELECT * FROM `ge_members` WHERE ( id = 41 ) LIMIT 1   [ RunTime:0.0001s ]
SQL: SELECT * FROM `ge_members_info` WHERE ( uid = 41 ) LIMIT 1   [ RunTime:0.0001s ]
SQL: SELECT `status` FROM `ge_contents` WHERE ( flag = 0 and id_order = 1304 ) ORDER BY id desc LIMIT 1   [ RunTime:0.0001s ]
SQL: SELECT `status` FROM `ge_contents` WHERE ( flag = 0 and id_order = 1304 ) ORDER BY id desc LIMIT 1   [ RunTime:0.0001s ]
SQL: SELECT `status` FROM `ge_contents` WHERE ( flag = 0 and id_order = 1304 ) ORDER BY id desc LIMIT 1   [ RunTime:0.0001s ]
SQL: SELECT * FROM `ge_members_info` WHERE ( uid = 60 ) LIMIT 1   [ RunTime:0.0001s ]
SQL: SELECT * FROM `ge_members` WHERE ( id = 60 ) LIMIT 1   [ RunTime:0.0001s ]
SQL: SELECT * FROM `ge_members_info` WHERE ( uid = 60 ) LIMIT 1   [ RunTime:0.0001s ]
SQL: SELECT `status` FROM `ge_contents` WHERE ( flag = 0 and id_order = 1303 ) ORDER BY id desc LIMIT 1   [ RunTime:0.0001s ]
SQL: SELECT `status` FROM `ge_contents` WHERE ( flag = 0 and id_order = 1303 ) ORDER BY id desc LIMIT 1   [ RunTime:0.0001s ]
SQL: SELECT `status` FROM `ge_contents` WHERE ( flag = 0 and id_order = 1303 ) ORDER BY id desc LIMIT 1   [ RunTime:0.0001s ]
INFO: Run Behavior\ParseTemplateBehavior [ RunTime:0.159355s ]
INFO: [ view_parse ] --END-- [ RunTime:0.159421s ]
INFO: [ view_filter ] --START--
INFO: Run Behavior\WriteHtmlCacheBehavior [ RunTime:0.017123s ]
INFO: [ view_filter ] --END-- [ RunTime:0.017209s ]
INFO: [ app_end ] --START--
INFO: Run Behavior\ShowPageTraceBehavior [ RunTime:0.007608s ]
INFO: [ app_end ] --END-- [ RunTime:0.007694s ]

[ 2016-02-20T09:13:35+08:00 ] 59.173.189.175 /index.php/Manage/Primer/index/type/0.html
INFO: [ app_init ] --START--
INFO: Run Behavior\BuildLiteBehavior [ RunTime:0.000020s ]
INFO: [ app_init ] --END-- [ RunTime:0.000374s ]
INFO: [ app_begin ] --START--
INFO: Run Behavior\ReadHtmlCacheBehavior [ RunTime:0.000477s ]
INFO: [ app_begin ] --END-- [ RunTime:0.000559s ]
NOTIC: [2048] Declaration of Manage\Controller\PrimerController::show() should be compatible with that of Think\Controller::show() /www/web/order_genecreate_cn/public_html/Application/Manage/Controller/PrimerController.class.php 第 6 行.
NOTIC: [2048] Non-static method Manage\Controller\UserController::isLogin() should not be called statically, assuming $this from incompatible context /www/web/order_genecreate_cn/public_html/Application/Manage/Controller/PrimerController.class.php 第 8 行.
SQL: SHOW COLUMNS FROM `ge_tp_user` [ RunTime:0.0007s ]
SQL: SELECT * FROM `ge_tp_user` WHERE (  id = '98'  ) LIMIT 1   [ RunTime:0.0001s ]
SQL: SHOW COLUMNS FROM `ge_tp_role` [ RunTime:0.0004s ]
SQL: SELECT `remark` FROM `ge_tp_role` WHERE ( id =27 ) LIMIT 1   [ RunTime:0.0001s ]
SQL: SHOW COLUMNS FROM `ge_members_info` [ RunTime:0.0005s ]
SQL: SELECT `uid` FROM `ge_members_info` WHERE `name` LIKE '%%'  [ RunTime:0.0001s ]
SQL: SHOW COLUMNS FROM `ge_orders` [ RunTime:0.0008s ]
SQL: SELECT * FROM `ge_orders` WHERE `ordertype` = 2 AND `status` = 2 ORDER BY id desc LIMIT 0,15   [ RunTime:0.0001s ]
SQL: SELECT COUNT(*) AS tp_count FROM `ge_orders` WHERE `ordertype` = 2 AND `status` = 2 LIMIT 1   [ RunTime:0.0001s ]
INFO: [ view_parse ] --START--
INFO: [ template_filter ] --START--
INFO: Run Behavior\ContentReplaceBehavior [ RunTime:0.000056s ]
INFO: [ template_filter ] --END-- [ RunTime:0.000118s ]
NOTIC: [8] Undefined variable: customer /www/web/order_genecreate_cn/public_html/Application/Runtime/Cache/Manage/f6410d2c29cde6720c67eda98b4f50d5.php 第 87 行.
SQL: SELECT * FROM `ge_members_info` WHERE ( uid = 41 ) LIMIT 1   [ RunTime:0.0001s ]
SQL: SHOW COLUMNS FROM `ge_members` [ RunTime:0.0005s ]
SQL: SELECT * FROM `ge_members` WHERE ( id = 41 ) LIMIT 1   [ RunTime:0.0001s ]
SQL: SELECT * FROM `ge_members_info` WHERE ( uid = 41 ) LIMIT 1   [ RunTime:0.0001s ]
SQL: SHOW COLUMNS FROM `ge_contents` [ RunTime:0.0004s ]
SQL: SELECT `status` FROM `ge_contents` WHERE ( flag = 0 and id_order = 1318 ) ORDER BY id desc LIMIT 1   [ RunTime:0.0001s ]
SQL: SELECT `status` FROM `ge_contents` WHERE ( flag = 0 and id_order = 1318 ) ORDER BY id desc LIMIT 1   [ RunTime:0.0001s ]
SQL: SELECT `status` FROM `ge_contents` WHERE ( flag = 0 and id_order = 1318 ) ORDER BY id desc LIMIT 1   [ RunTime:0.0001s ]
SQL: SELECT * FROM `ge_members_info` WHERE ( uid = 41 ) LIMIT 1   [ RunTime:0.0001s ]
SQL: SELECT * FROM `ge_members` WHERE ( id = 41 ) LIMIT 1   [ RunTime:0.0001s ]
SQL: SELECT * FROM `ge_members_info` WHERE ( uid = 41 ) LIMIT 1   [ RunTime:0.0001s ]
SQL: SELECT `status` FROM `ge_contents` WHERE ( flag = 0 and id_order = 1317 ) ORDER BY id desc LIMIT 1   [ RunTime:0.0001s ]
SQL: SELECT `status` FROM `ge_contents` WHERE ( flag = 0 and id_order = 1317 ) ORDER BY id desc LIMIT 1   [ RunTime:0.0001s ]
SQL: SELECT `status` FROM `ge_contents` WHERE ( flag = 0 and id_order = 1317 ) ORDER BY id desc LIMIT 1   [ RunTime:0.0001s ]
SQL: SELECT * FROM `ge_members_info` WHERE ( uid = 41 ) LIMIT 1   [ RunTime:0.0001s ]
SQL: SELECT * FROM `ge_members` WHERE ( id = 41 ) LIMIT 1   [ RunTime:0.0001s ]
SQL: SELECT * FROM `ge_members_info` WHERE ( uid = 41 ) LIMIT 1   [ RunTime:0.0001s ]
SQL: SELECT `status` FROM `ge_contents` WHERE ( flag = 0 and id_order = 1316 ) ORDER BY id desc LIMIT 1   [ RunTime:0.0001s ]
SQL: SELECT `status` FROM `ge_contents` WHERE ( flag = 0 and id_order = 1316 ) ORDER BY id desc LIMIT 1   [ RunTime:0.0001s ]
SQL: SELECT `status` FROM `ge_contents` WHERE ( flag = 0 and id_order = 1316 ) ORDER BY id desc LIMIT 1   [ RunTime:0.0001s ]
SQL: SELECT * FROM `ge_members_info` WHERE ( uid = 41 ) LIMIT 1   [ RunTime:0.0001s ]
SQL: SELECT * FROM `ge_members` WHERE ( id = 41 ) LIMIT 1   [ RunTime:0.0001s ]
SQL: SELECT * FROM `ge_members_info` WHERE ( uid = 41 ) LIMIT 1   [ RunTime:0.0001s ]
SQL: SELECT `status` FROM `ge_contents` WHERE ( flag = 0 and id_order = 1315 ) ORDER BY id desc LIMIT 1   [ RunTime:0.0001s ]
SQL: SELECT `status` FROM `ge_contents` WHERE ( flag = 0 and id_order = 1315 ) ORDER BY id desc LIMIT 1   [ RunTime:0.0001s ]
SQL: SELECT `status` FROM `ge_contents` WHERE ( flag = 0 and id_order = 1315 ) ORDER BY id desc LIMIT 1   [ RunTime:0.0001s ]
SQL: SELECT * FROM `ge_members_info` WHERE ( uid = 60 ) LIMIT 1   [ RunTime:0.0001s ]
SQL: SELECT * FROM `ge_members` WHERE ( id = 60 ) LIMIT 1   [ RunTime:0.0001s ]
SQL: SELECT * FROM `ge_members_info` WHERE ( uid = 60 ) LIMIT 1   [ RunTime:0.0001s ]
SQL: SELECT `status` FROM `ge_contents` WHERE ( flag = 0 and id_order = 1314 ) ORDER BY id desc LIMIT 1   [ RunTime:0.0001s ]
SQL: SELECT `status` FROM `ge_contents` WHERE ( flag = 0 and id_order = 1314 ) ORDER BY id desc LIMIT 1   [ RunTime:0.0001s ]
SQL: SELECT `status` FROM `ge_contents` WHERE ( flag = 0 and id_order = 1314 ) ORDER BY id desc LIMIT 1   [ RunTime:0.0001s ]
SQL: SELECT * FROM `ge_members_info` WHERE ( uid = 41 ) LIMIT 1   [ RunTime:0.0001s ]
SQL: SELECT * FROM `ge_members` WHERE ( id = 41 ) LIMIT 1   [ RunTime:0.0001s ]
SQL: SELECT * FROM `ge_members_info` WHERE ( uid = 41 ) LIMIT 1   [ RunTime:0.0001s ]
SQL: SELECT `status` FROM `ge_contents` WHERE ( flag = 0 and id_order = 1313 ) ORDER BY id desc LIMIT 1   [ RunTime:0.0001s ]
SQL: SELECT `status` FROM `ge_contents` WHERE ( flag = 0 and id_order = 1313 ) ORDER BY id desc LIMIT 1   [ RunTime:0.0001s ]
SQL: SELECT `status` FROM `ge_contents` WHERE ( flag = 0 and id_order = 1313 ) ORDER BY id desc LIMIT 1   [ RunTime:0.0001s ]
SQL: SELECT * FROM `ge_members_info` WHERE ( uid = 41 ) LIMIT 1   [ RunTime:0.0001s ]
SQL: SELECT * FROM `ge_members` WHERE ( id = 41 ) LIMIT 1   [ RunTime:0.0001s ]
SQL: SELECT * FROM `ge_members_info` WHERE ( uid = 41 ) LIMIT 1   [ RunTime:0.0001s ]
SQL: SELECT `status` FROM `ge_contents` WHERE ( flag = 0 and id_order = 1312 ) ORDER BY id desc LIMIT 1   [ RunTime:0.0001s ]
SQL: SELECT `status` FROM `ge_contents` WHERE ( flag = 0 and id_order = 1312 ) ORDER BY id desc LIMIT 1   [ RunTime:0.0001s ]
SQL: SELECT `status` FROM `ge_contents` WHERE ( flag = 0 and id_order = 1312 ) ORDER BY id desc LIMIT 1   [ RunTime:0.0001s ]
SQL: SELECT * FROM `ge_members_info` WHERE ( uid = 41 ) LIMIT 1   [ RunTime:0.0001s ]
SQL: SELECT * FROM `ge_members` WHERE ( id = 41 ) LIMIT 1   [ RunTime:0.0001s ]
SQL: SELECT * FROM `ge_members_info` WHERE ( uid = 41 ) LIMIT 1   [ RunTime:0.0001s ]
SQL: SELECT `status` FROM `ge_contents` WHERE ( flag = 0 and id_order = 1311 ) ORDER BY id desc LIMIT 1   [ RunTime:0.0001s ]
SQL: SELECT `status` FROM `ge_contents` WHERE ( flag = 0 and id_order = 1311 ) ORDER BY id desc LIMIT 1   [ RunTime:0.0001s ]
SQL: SELECT `status` FROM `ge_contents` WHERE ( flag = 0 and id_order = 1311 ) ORDER BY id desc LIMIT 1   [ RunTime:0.0001s ]
SQL: SELECT * FROM `ge_members_info` WHERE ( uid = 57 ) LIMIT 1   [ RunTime:0.0001s ]
SQL: SELECT * FROM `ge_members` WHERE ( id = 57 ) LIMIT 1   [ RunTime:0.0001s ]
SQL: SELECT * FROM `ge_members_info` WHERE ( uid = 57 ) LIMIT 1   [ RunTime:0.0001s ]
SQL: SELECT `status` FROM `ge_contents` WHERE ( flag = 0 and id_order = 1310 ) ORDER BY id desc LIMIT 1   [ RunTime:0.0001s ]
SQL: SELECT `status` FROM `ge_contents` WHERE ( flag = 0 and id_order = 1310 ) ORDER BY id desc LIMIT 1   [ RunTime:0.0001s ]
SQL: SELECT `status` FROM `ge_contents` WHERE ( flag = 0 and id_order = 1310 ) ORDER BY id desc LIMIT 1   [ RunTime:0.0001s ]
SQL: SELECT * FROM `ge_members_info` WHERE ( uid = 41 ) LIMIT 1   [ RunTime:0.0001s ]
SQL: SELECT * FROM `ge_members` WHERE ( id = 41 ) LIMIT 1   [ RunTime:0.0001s ]
SQL: SELECT * FROM `ge_members_info` WHERE ( uid = 41 ) LIMIT 1   [ RunTime:0.0001s ]
SQL: SELECT `status` FROM `ge_contents` WHERE ( flag = 0 and id_order = 1308 ) ORDER BY id desc LIMIT 1   [ RunTime:0.0001s ]
SQL: SELECT `status` FROM `ge_contents` WHERE ( flag = 0 and id_order = 1308 ) ORDER BY id desc LIMIT 1   [ RunTime:0.0001s ]
SQL: SELECT `status` FROM `ge_contents` WHERE ( flag = 0 and id_order = 1308 ) ORDER BY id desc LIMIT 1   [ RunTime:0.0001s ]
SQL: SELECT * FROM `ge_members_info` WHERE ( uid = 41 ) LIMIT 1   [ RunTime:0.0001s ]
SQL: SELECT * FROM `ge_members` WHERE ( id = 41 ) LIMIT 1   [ RunTime:0.0001s ]
SQL: SELECT * FROM `ge_members_info` WHERE ( uid = 41 ) LIMIT 1   [ RunTime:0.0001s ]
SQL: SELECT `status` FROM `ge_contents` WHERE ( flag = 0 and id_order = 1307 ) ORDER BY id desc LIMIT 1   [ RunTime:0.0001s ]
SQL: SELECT `status` FROM `ge_contents` WHERE ( flag = 0 and id_order = 1307 ) ORDER BY id desc LIMIT 1   [ RunTime:0.0001s ]
SQL: SELECT `status` FROM `ge_contents` WHERE ( flag = 0 and id_order = 1307 ) ORDER BY id desc LIMIT 1   [ RunTime:0.0001s ]
SQL: SELECT * FROM `ge_members_info` WHERE ( uid = 41 ) LIMIT 1   [ RunTime:0.0001s ]
SQL: SELECT * FROM `ge_members` WHERE ( id = 41 ) LIMIT 1   [ RunTime:0.0001s ]
SQL: SELECT * FROM `ge_members_info` WHERE ( uid = 41 ) LIMIT 1   [ RunTime:0.0001s ]
SQL: SELECT `status` FROM `ge_contents` WHERE ( flag = 0 and id_order = 1306 ) ORDER BY id desc LIMIT 1   [ RunTime:0.0001s ]
SQL: SELECT `status` FROM `ge_contents` WHERE ( flag = 0 and id_order = 1306 ) ORDER BY id desc LIMIT 1   [ RunTime:0.0001s ]
SQL: SELECT `status` FROM `ge_contents` WHERE ( flag = 0 and id_order = 1306 ) ORDER BY id desc LIMIT 1   [ RunTime:0.0001s ]
SQL: SELECT * FROM `ge_members_info` WHERE ( uid = 41 ) LIMIT 1   [ RunTime:0.0001s ]
SQL: SELECT * FROM `ge_members` WHERE ( id = 41 ) LIMIT 1   [ RunTime:0.0001s ]
SQL: SELECT * FROM `ge_members_info` WHERE ( uid = 41 ) LIMIT 1   [ RunTime:0.0001s ]
SQL: SELECT `status` FROM `ge_contents` WHERE ( flag = 0 and id_order = 1305 ) ORDER BY id desc LIMIT 1   [ RunTime:0.0001s ]
SQL: SELECT `status` FROM `ge_contents` WHERE ( flag = 0 and id_order = 1305 ) ORDER BY id desc LIMIT 1   [ RunTime:0.0001s ]
SQL: SELECT `status` FROM `ge_contents` WHERE ( flag = 0 and id_order = 1305 ) ORDER BY id desc LIMIT 1   [ RunTime:0.0001s ]
SQL: SELECT * FROM `ge_members_info` WHERE ( uid = 41 ) LIMIT 1   [ RunTime:0.0001s ]
SQL: SELECT * FROM `ge_members` WHERE ( id = 41 ) LIMIT 1   [ RunTime:0.0001s ]
SQL: SELECT * FROM `ge_members_info` WHERE ( uid = 41 ) LIMIT 1   [ RunTime:0.0001s ]
SQL: SELECT `status` FROM `ge_contents` WHERE ( flag = 0 and id_order = 1304 ) ORDER BY id desc LIMIT 1   [ RunTime:0.0001s ]
SQL: SELECT `status` FROM `ge_contents` WHERE ( flag = 0 and id_order = 1304 ) ORDER BY id desc LIMIT 1   [ RunTime:0.0001s ]
SQL: SELECT `status` FROM `ge_contents` WHERE ( flag = 0 and id_order = 1304 ) ORDER BY id desc LIMIT 1   [ RunTime:0.0001s ]
SQL: SELECT * FROM `ge_members_info` WHERE ( uid = 60 ) LIMIT 1   [ RunTime:0.0001s ]
SQL: SELECT * FROM `ge_members` WHERE ( id = 60 ) LIMIT 1   [ RunTime:0.0001s ]
SQL: SELECT * FROM `ge_members_info` WHERE ( uid = 60 ) LIMIT 1   [ RunTime:0.0001s ]
SQL: SELECT `status` FROM `ge_contents` WHERE ( flag = 0 and id_order = 1303 ) ORDER BY id desc LIMIT 1   [ RunTime:0.0001s ]
SQL: SELECT `status` FROM `ge_contents` WHERE ( flag = 0 and id_order = 1303 ) ORDER BY id desc LIMIT 1   [ RunTime:0.0001s ]
SQL: SELECT `status` FROM `ge_contents` WHERE ( flag = 0 and id_order = 1303 ) ORDER BY id desc LIMIT 1   [ RunTime:0.0001s ]
INFO: Run Behavior\ParseTemplateBehavior [ RunTime:0.036719s ]
INFO: [ view_parse ] --END-- [ RunTime:0.036778s ]
INFO: [ view_filter ] --START--
INFO: Run Behavior\WriteHtmlCacheBehavior [ RunTime:0.000223s ]
INFO: [ view_filter ] --END-- [ RunTime:0.000271s ]
INFO: [ app_end ] --START--
INFO: Run Behavior\ShowPageTraceBehavior [ RunTime:0.000452s ]
INFO: [ app_end ] --END-- [ RunTime:0.000509s ]

[ 2016-02-20T13:47:30+08:00 ] 59.173.189.175 /index.php/Manage/Primer/index/type/0.html
INFO: [ app_init ] --START--
INFO: Run Behavior\BuildLiteBehavior [ RunTime:0.000015s ]
INFO: [ app_init ] --END-- [ RunTime:0.000301s ]
INFO: [ app_begin ] --START--
INFO: Run Behavior\ReadHtmlCacheBehavior [ RunTime:0.000676s ]
INFO: [ app_begin ] --END-- [ RunTime:0.000755s ]
NOTIC: [2048] Declaration of Manage\Controller\PrimerController::show() should be compatible with that of Think\Controller::show() /www/web/order_genecreate_cn/public_html/Application/Manage/Controller/PrimerController.class.php 第 6 行.
NOTIC: [2048] Non-static method Manage\Controller\UserController::isLogin() should not be called statically, assuming $this from incompatible context /www/web/order_genecreate_cn/public_html/Application/Manage/Controller/PrimerController.class.php 第 8 行.
SQL: SHOW COLUMNS FROM `ge_tp_user` [ RunTime:0.0007s ]
SQL: SELECT * FROM `ge_tp_user` WHERE (  id = '98'  ) LIMIT 1   [ RunTime:0.0001s ]
SQL: SHOW COLUMNS FROM `ge_tp_role` [ RunTime:0.0004s ]
SQL: SELECT `remark` FROM `ge_tp_role` WHERE ( id =27 ) LIMIT 1   [ RunTime:0.0001s ]
SQL: SHOW COLUMNS FROM `ge_members_info` [ RunTime:0.0006s ]
SQL: SELECT `uid` FROM `ge_members_info` WHERE `name` LIKE '%%'  [ RunTime:0.0001s ]
SQL: SHOW COLUMNS FROM `ge_orders` [ RunTime:0.0008s ]
SQL: SELECT * FROM `ge_orders` WHERE `ordertype` = 2 AND `status` = 2 ORDER BY id desc LIMIT 0,15   [ RunTime:0.0004s ]
SQL: SELECT COUNT(*) AS tp_count FROM `ge_orders` WHERE `ordertype` = 2 AND `status` = 2 LIMIT 1   [ RunTime:0.0005s ]
INFO: [ view_parse ] --START--
INFO: [ template_filter ] --START--
INFO: Run Behavior\ContentReplaceBehavior [ RunTime:0.000098s ]
INFO: [ template_filter ] --END-- [ RunTime:0.000155s ]
NOTIC: [8] Undefined variable: customer /www/web/order_genecreate_cn/public_html/Application/Runtime/Cache/Manage/f6410d2c29cde6720c67eda98b4f50d5.php 第 87 行.
SQL: SELECT * FROM `ge_members_info` WHERE ( uid = 41 ) LIMIT 1   [ RunTime:0.0001s ]
SQL: SHOW COLUMNS FROM `ge_members` [ RunTime:0.0005s ]
SQL: SELECT * FROM `ge_members` WHERE ( id = 41 ) LIMIT 1   [ RunTime:0.0002s ]
SQL: SELECT * FROM `ge_members_info` WHERE ( uid = 41 ) LIMIT 1   [ RunTime:0.0001s ]
SQL: SHOW COLUMNS FROM `ge_contents` [ RunTime:0.0004s ]
SQL: SELECT `status` FROM `ge_contents` WHERE ( flag = 0 and id_order = 1319 ) ORDER BY id desc LIMIT 1   [ RunTime:0.0338s ]
SQL: SELECT `status` FROM `ge_contents` WHERE ( flag = 0 and id_order = 1319 ) ORDER BY id desc LIMIT 1   [ RunTime:0.0001s ]
SQL: SELECT `status` FROM `ge_contents` WHERE ( flag = 0 and id_order = 1319 ) ORDER BY id desc LIMIT 1   [ RunTime:0.0001s ]
SQL: SELECT * FROM `ge_members_info` WHERE ( uid = 41 ) LIMIT 1   [ RunTime:0.0001s ]
SQL: SELECT * FROM `ge_members` WHERE ( id = 41 ) LIMIT 1   [ RunTime:0.0001s ]
SQL: SELECT * FROM `ge_members_info` WHERE ( uid = 41 ) LIMIT 1   [ RunTime:0.0001s ]
SQL: SELECT `status` FROM `ge_contents` WHERE ( flag = 0 and id_order = 1318 ) ORDER BY id desc LIMIT 1   [ RunTime:0.0001s ]
SQL: SELECT `status` FROM `ge_contents` WHERE ( flag = 0 and id_order = 1318 ) ORDER BY id desc LIMIT 1   [ RunTime:0.0001s ]
SQL: SELECT `status` FROM `ge_contents` WHERE ( flag = 0 and id_order = 1318 ) ORDER BY id desc LIMIT 1   [ RunTime:0.0001s ]
SQL: SELECT * FROM `ge_members_info` WHERE ( uid = 41 ) LIMIT 1   [ RunTime:0.0001s ]
SQL: SELECT * FROM `ge_members` WHERE ( id = 41 ) LIMIT 1   [ RunTime:0.0001s ]
SQL: SELECT * FROM `ge_members_info` WHERE ( uid = 41 ) LIMIT 1   [ RunTime:0.0001s ]
SQL: SELECT `status` FROM `ge_contents` WHERE ( flag = 0 and id_order = 1317 ) ORDER BY id desc LIMIT 1   [ RunTime:0.0001s ]
SQL: SELECT `status` FROM `ge_contents` WHERE ( flag = 0 and id_order = 1317 ) ORDER BY id desc LIMIT 1   [ RunTime:0.0001s ]
SQL: SELECT `status` FROM `ge_contents` WHERE ( flag = 0 and id_order = 1317 ) ORDER BY id desc LIMIT 1   [ RunTime:0.0001s ]
SQL: SELECT * FROM `ge_members_info` WHERE ( uid = 41 ) LIMIT 1   [ RunTime:0.0001s ]
SQL: SELECT * FROM `ge_members` WHERE ( id = 41 ) LIMIT 1   [ RunTime:0.0001s ]
SQL: SELECT * FROM `ge_members_info` WHERE ( uid = 41 ) LIMIT 1   [ RunTime:0.0001s ]
SQL: SELECT `status` FROM `ge_contents` WHERE ( flag = 0 and id_order = 1316 ) ORDER BY id desc LIMIT 1   [ RunTime:0.0001s ]
SQL: SELECT `status` FROM `ge_contents` WHERE ( flag = 0 and id_order = 1316 ) ORDER BY id desc LIMIT 1   [ RunTime:0.0001s ]
SQL: SELECT `status` FROM `ge_contents` WHERE ( flag = 0 and id_order = 1316 ) ORDER BY id desc LIMIT 1   [ RunTime:0.0001s ]
SQL: SELECT * FROM `ge_members_info` WHERE ( uid = 41 ) LIMIT 1   [ RunTime:0.0001s ]
SQL: SELECT * FROM `ge_members` WHERE ( id = 41 ) LIMIT 1   [ RunTime:0.0001s ]
SQL: SELECT * FROM `ge_members_info` WHERE ( uid = 41 ) LIMIT 1   [ RunTime:0.0001s ]
SQL: SELECT `status` FROM `ge_contents` WHERE ( flag = 0 and id_order = 1315 ) ORDER BY id desc LIMIT 1   [ RunTime:0.0001s ]
SQL: SELECT `status` FROM `ge_contents` WHERE ( flag = 0 and id_order = 1315 ) ORDER BY id desc LIMIT 1   [ RunTime:0.0001s ]
SQL: SELECT `status` FROM `ge_contents` WHERE ( flag = 0 and id_order = 1315 ) ORDER BY id desc LIMIT 1   [ RunTime:0.0001s ]
SQL: SELECT * FROM `ge_members_info` WHERE ( uid = 60 ) LIMIT 1   [ RunTime:0.0001s ]
SQL: SELECT * FROM `ge_members` WHERE ( id = 60 ) LIMIT 1   [ RunTime:0.0002s ]
SQL: SELECT * FROM `ge_members_info` WHERE ( uid = 60 ) LIMIT 1   [ RunTime:0.0001s ]
SQL: SELECT `status` FROM `ge_contents` WHERE ( flag = 0 and id_order = 1314 ) ORDER BY id desc LIMIT 1   [ RunTime:0.0001s ]
SQL: SELECT `status` FROM `ge_contents` WHERE ( flag = 0 and id_order = 1314 ) ORDER BY id desc LIMIT 1   [ RunTime:0.0001s ]
SQL: SELECT `status` FROM `ge_contents` WHERE ( flag = 0 and id_order = 1314 ) ORDER BY id desc LIMIT 1   [ RunTime:0.0001s ]
SQL: SELECT * FROM `ge_members_info` WHERE ( uid = 41 ) LIMIT 1   [ RunTime:0.0001s ]
SQL: SELECT * FROM `ge_members` WHERE ( id = 41 ) LIMIT 1   [ RunTime:0.0001s ]
SQL: SELECT * FROM `ge_members_info` WHERE ( uid = 41 ) LIMIT 1   [ RunTime:0.0001s ]
SQL: SELECT `status` FROM `ge_contents` WHERE ( flag = 0 and id_order = 1313 ) ORDER BY id desc LIMIT 1   [ RunTime:0.0001s ]
SQL: SELECT `status` FROM `ge_contents` WHERE ( flag = 0 and id_order = 1313 ) ORDER BY id desc LIMIT 1   [ RunTime:0.0001s ]
SQL: SELECT `status` FROM `ge_contents` WHERE ( flag = 0 and id_order = 1313 ) ORDER BY id desc LIMIT 1   [ RunTime:0.0001s ]
SQL: SELECT * FROM `ge_members_info` WHERE ( uid = 41 ) LIMIT 1   [ RunTime:0.0001s ]
SQL: SELECT * FROM `ge_members` WHERE ( id = 41 ) LIMIT 1   [ RunTime:0.0001s ]
SQL: SELECT * FROM `ge_members_info` WHERE ( uid = 41 ) LIMIT 1   [ RunTime:0.0001s ]
SQL: SELECT `status` FROM `ge_contents` WHERE ( flag = 0 and id_order = 1312 ) ORDER BY id desc LIMIT 1   [ RunTime:0.0001s ]
SQL: SELECT `status` FROM `ge_contents` WHERE ( flag = 0 and id_order = 1312 ) ORDER BY id desc LIMIT 1   [ RunTime:0.0001s ]
SQL: SELECT `status` FROM `ge_contents` WHERE ( flag = 0 and id_order = 1312 ) ORDER BY id desc LIMIT 1   [ RunTime:0.0001s ]
SQL: SELECT * FROM `ge_members_info` WHERE ( uid = 41 ) LIMIT 1   [ RunTime:0.0001s ]
SQL: SELECT * FROM `ge_members` WHERE ( id = 41 ) LIMIT 1   [ RunTime:0.0001s ]
SQL: SELECT * FROM `ge_members_info` WHERE ( uid = 41 ) LIMIT 1   [ RunTime:0.0001s ]
SQL: SELECT `status` FROM `ge_contents` WHERE ( flag = 0 and id_order = 1311 ) ORDER BY id desc LIMIT 1   [ RunTime:0.0001s ]
SQL: SELECT `status` FROM `ge_contents` WHERE ( flag = 0 and id_order = 1311 ) ORDER BY id desc LIMIT 1   [ RunTime:0.0001s ]
SQL: SELECT `status` FROM `ge_contents` WHERE ( flag = 0 and id_order = 1311 ) ORDER BY id desc LIMIT 1   [ RunTime:0.0001s ]
SQL: SELECT * FROM `ge_members_info` WHERE ( uid = 57 ) LIMIT 1   [ RunTime:0.0001s ]
SQL: SELECT * FROM `ge_members` WHERE ( id = 57 ) LIMIT 1   [ RunTime:0.0002s ]
SQL: SELECT * FROM `ge_members_info` WHERE ( uid = 57 ) LIMIT 1   [ RunTime:0.0001s ]
SQL: SELECT `status` FROM `ge_contents` WHERE ( flag = 0 and id_order = 1310 ) ORDER BY id desc LIMIT 1   [ RunTime:0.0001s ]
SQL: SELECT `status` FROM `ge_contents` WHERE ( flag = 0 and id_order = 1310 ) ORDER BY id desc LIMIT 1   [ RunTime:0.0001s ]
SQL: SELECT `status` FROM `ge_contents` WHERE ( flag = 0 and id_order = 1310 ) ORDER BY id desc LIMIT 1   [ RunTime:0.0001s ]
SQL: SELECT * FROM `ge_members_info` WHERE ( uid = 41 ) LIMIT 1   [ RunTime:0.0001s ]
SQL: SELECT * FROM `ge_members` WHERE ( id = 41 ) LIMIT 1   [ RunTime:0.0001s ]
SQL: SELECT * FROM `ge_members_info` WHERE ( uid = 41 ) LIMIT 1   [ RunTime:0.0001s ]
SQL: SELECT `status` FROM `ge_contents` WHERE ( flag = 0 and id_order = 1308 ) ORDER BY id desc LIMIT 1   [ RunTime:0.0001s ]
SQL: SELECT `status` FROM `ge_contents` WHERE ( flag = 0 and id_order = 1308 ) ORDER BY id desc LIMIT 1   [ RunTime:0.0001s ]
SQL: SELECT `status` FROM `ge_contents` WHERE ( flag = 0 and id_order = 1308 ) ORDER BY id desc LIMIT 1   [ RunTime:0.0001s ]
SQL: SELECT * FROM `ge_members_info` WHERE ( uid = 41 ) LIMIT 1   [ RunTime:0.0001s ]
SQL: SELECT * FROM `ge_members` WHERE ( id = 41 ) LIMIT 1   [ RunTime:0.0001s ]
SQL: SELECT * FROM `ge_members_info` WHERE ( uid = 41 ) LIMIT 1   [ RunTime:0.0001s ]
SQL: SELECT `status` FROM `ge_contents` WHERE ( flag = 0 and id_order = 1307 ) ORDER BY id desc LIMIT 1   [ RunTime:0.0001s ]
SQL: SELECT `status` FROM `ge_contents` WHERE ( flag = 0 and id_order = 1307 ) ORDER BY id desc LIMIT 1   [ RunTime:0.0001s ]
SQL: SELECT `status` FROM `ge_contents` WHERE ( flag = 0 and id_order = 1307 ) ORDER BY id desc LIMIT 1   [ RunTime:0.0001s ]
SQL: SELECT * FROM `ge_members_info` WHERE ( uid = 41 ) LIMIT 1   [ RunTime:0.0001s ]
SQL: SELECT * FROM `ge_members` WHERE ( id = 41 ) LIMIT 1   [ RunTime:0.0001s ]
SQL: SELECT * FROM `ge_members_info` WHERE ( uid = 41 ) LIMIT 1   [ RunTime:0.0001s ]
SQL: SELECT `status` FROM `ge_contents` WHERE ( flag = 0 and id_order = 1306 ) ORDER BY id desc LIMIT 1   [ RunTime:0.0001s ]
SQL: SELECT `status` FROM `ge_contents` WHERE ( flag = 0 and id_order = 1306 ) ORDER BY id desc LIMIT 1   [ RunTime:0.0001s ]
SQL: SELECT `status` FROM `ge_contents` WHERE ( flag = 0 and id_order = 1306 ) ORDER BY id desc LIMIT 1   [ RunTime:0.0001s ]
SQL: SELECT * FROM `ge_members_info` WHERE ( uid = 41 ) LIMIT 1   [ RunTime:0.0001s ]
SQL: SELECT * FROM `ge_members` WHERE ( id = 41 ) LIMIT 1   [ RunTime:0.0001s ]
SQL: SELECT * FROM `ge_members_info` WHERE ( uid = 41 ) LIMIT 1   [ RunTime:0.0001s ]
SQL: SELECT `status` FROM `ge_contents` WHERE ( flag = 0 and id_order = 1305 ) ORDER BY id desc LIMIT 1   [ RunTime:0.0001s ]
SQL: SELECT `status` FROM `ge_contents` WHERE ( flag = 0 and id_order = 1305 ) ORDER BY id desc LIMIT 1   [ RunTime:0.0001s ]
SQL: SELECT `status` FROM `ge_contents` WHERE ( flag = 0 and id_order = 1305 ) ORDER BY id desc LIMIT 1   [ RunTime:0.0001s ]
SQL: SELECT * FROM `ge_members_info` WHERE ( uid = 41 ) LIMIT 1   [ RunTime:0.0001s ]
SQL: SELECT * FROM `ge_members` WHERE ( id = 41 ) LIMIT 1   [ RunTime:0.0001s ]
SQL: SELECT * FROM `ge_members_info` WHERE ( uid = 41 ) LIMIT 1   [ RunTime:0.0001s ]
SQL: SELECT `status` FROM `ge_contents` WHERE ( flag = 0 and id_order = 1304 ) ORDER BY id desc LIMIT 1   [ RunTime:0.0001s ]
SQL: SELECT `status` FROM `ge_contents` WHERE ( flag = 0 and id_order = 1304 ) ORDER BY id desc LIMIT 1   [ RunTime:0.0001s ]
SQL: SELECT `status` FROM `ge_contents` WHERE ( flag = 0 and id_order = 1304 ) ORDER BY id desc LIMIT 1   [ RunTime:0.0001s ]
INFO: Run Behavior\ParseTemplateBehavior [ RunTime:0.069345s ]
INFO: [ view_parse ] --END-- [ RunTime:0.069400s ]
INFO: [ view_filter ] --START--
INFO: Run Behavior\WriteHtmlCacheBehavior [ RunTime:0.000281s ]
INFO: [ view_filter ] --END-- [ RunTime:0.000328s ]
INFO: [ app_end ] --START--
INFO: Run Behavior\ShowPageTraceBehavior [ RunTime:0.000515s ]
INFO: [ app_end ] --END-- [ RunTime:0.000571s ]

[ 2016-02-20T19:11:05+08:00 ] 223.81.193.105 /index.php/Manage.html
INFO: [ app_init ] --START--
INFO: Run Behavior\BuildLiteBehavior [ RunTime:0.000015s ]
INFO: [ app_init ] --END-- [ RunTime:0.000324s ]
INFO: [ app_begin ] --START--
INFO: Run Behavior\ReadHtmlCacheBehavior [ RunTime:0.000542s ]
INFO: [ app_begin ] --END-- [ RunTime:0.000611s ]

[ 2016-02-20T19:11:06+08:00 ] 223.81.193.105 /index.php/Manage/User/index.html
INFO: [ app_init ] --START--
INFO: Run Behavior\BuildLiteBehavior [ RunTime:0.000015s ]
INFO: [ app_init ] --END-- [ RunTime:0.000323s ]
INFO: [ app_begin ] --START--
INFO: Run Behavior\ReadHtmlCacheBehavior [ RunTime:0.000459s ]
INFO: [ app_begin ] --END-- [ RunTime:0.000548s ]
INFO: [ view_parse ] --START--
INFO: [ template_filter ] --START--
INFO: Run Behavior\ContentReplaceBehavior [ RunTime:0.000036s ]
INFO: [ template_filter ] --END-- [ RunTime:0.000110s ]
INFO: Run Behavior\ParseTemplateBehavior [ RunTime:0.090536s ]
INFO: [ view_parse ] --END-- [ RunTime:0.090636s ]
INFO: [ view_filter ] --START--
INFO: Run Behavior\WriteHtmlCacheBehavior [ RunTime:0.000276s ]
INFO: [ view_filter ] --END-- [ RunTime:0.000331s ]
INFO: [ app_end ] --START--
INFO: Run Behavior\ShowPageTraceBehavior [ RunTime:0.000518s ]
INFO: [ app_end ] --END-- [ RunTime:0.000572s ]

[ 2016-02-20T19:11:07+08:00 ] 223.81.193.105 /index.php/Manage/User/verify.html
INFO: [ app_init ] --START--
INFO: Run Behavior\BuildLiteBehavior [ RunTime:0.000014s ]
INFO: [ app_init ] --END-- [ RunTime:0.000297s ]
INFO: [ app_begin ] --START--
INFO: Run Behavior\ReadHtmlCacheBehavior [ RunTime:0.000411s ]
INFO: [ app_begin ] --END-- [ RunTime:0.000473s ]
INFO: [ app_end ] --START--
INFO: Run Behavior\ShowPageTraceBehavior [ RunTime:0.000577s ]
INFO: [ app_end ] --END-- [ RunTime:0.000675s ]

