[ 2015-11-16T07:31:56+08:00 ] 183.61.236.109 /plus/mytag_js.php?aid=511348
INFO: [ app_init ] --START--
INFO: Run Behavior\BuildLiteBehavior [ RunTime:0.000034s ]
INFO: [ app_init ] --END-- [ RunTime:0.001403s ]
INFO: [ app_begin ] --START--
INFO: Run Behavior\ReadHtmlCacheBehavior [ RunTime:0.022989s ]
INFO: [ app_begin ] --END-- [ RunTime:0.023165s ]
ERR: 无法加载控制器:Plus

[ 2015-11-16T07:31:56+08:00 ] 183.61.236.109 /plus/mytag_js.php?aid=9527
INFO: [ app_init ] --START--
INFO: Run Behavior\BuildLiteBehavior [ RunTime:0.000019s ]
INFO: [ app_init ] --END-- [ RunTime:0.000346s ]
INFO: [ app_begin ] --START--
INFO: Run Behavior\ReadHtmlCacheBehavior [ RunTime:0.000473s ]
INFO: [ app_begin ] --END-- [ RunTime:0.000547s ]
ERR: 无法加载控制器:Plus

[ 2015-11-16T07:31:57+08:00 ] 183.61.236.109 /plus/mytag_j.php?aid=6022
INFO: [ app_init ] --START--
INFO: Run Behavior\BuildLiteBehavior [ RunTime:0.000016s ]
INFO: [ app_init ] --END-- [ RunTime:0.000397s ]
INFO: [ app_begin ] --START--
INFO: Run Behavior\ReadHtmlCacheBehavior [ RunTime:0.000508s ]
INFO: [ app_begin ] --END-- [ RunTime:0.000591s ]
ERR: 无法加载控制器:Plus

[ 2015-11-16T07:31:57+08:00 ] 183.61.236.109 /plus/mytag_js.php?aid=8080
INFO: [ app_init ] --START--
INFO: Run Behavior\BuildLiteBehavior [ RunTime:0.000019s ]
INFO: [ app_init ] --END-- [ RunTime:0.000340s ]
INFO: [ app_begin ] --START--
INFO: Run Behavior\ReadHtmlCacheBehavior [ RunTime:0.000480s ]
INFO: [ app_begin ] --END-- [ RunTime:0.000554s ]
ERR: 无法加载控制器:Plus

[ 2015-11-16T07:31:57+08:00 ] 183.61.236.109 /plus/mytag_js.php?aid=9090
INFO: [ app_init ] --START--
INFO: Run Behavior\BuildLiteBehavior [ RunTime:0.000019s ]
INFO: [ app_init ] --END-- [ RunTime:0.000352s ]
INFO: [ app_begin ] --START--
INFO: Run Behavior\ReadHtmlCacheBehavior [ RunTime:0.000514s ]
INFO: [ app_begin ] --END-- [ RunTime:0.000618s ]
ERR: 无法加载控制器:Plus

[ 2015-11-16T07:31:58+08:00 ] 183.61.236.109 /plus/mytag_js.php?aid=9191
INFO: [ app_init ] --START--
INFO: Run Behavior\BuildLiteBehavior [ RunTime:0.000022s ]
INFO: [ app_init ] --END-- [ RunTime:0.000441s ]
INFO: [ app_begin ] --START--
INFO: Run Behavior\ReadHtmlCacheBehavior [ RunTime:0.000453s ]
INFO: [ app_begin ] --END-- [ RunTime:0.000528s ]
ERR: 无法加载控制器:Plus

[ 2015-11-16T07:31:58+08:00 ] 183.61.236.109 /include/code/mp.php
INFO: [ app_init ] --START--
INFO: Run Behavior\BuildLiteBehavior [ RunTime:0.000021s ]
INFO: [ app_init ] --END-- [ RunTime:0.000377s ]
INFO: [ app_begin ] --START--
INFO: Run Behavior\ReadHtmlCacheBehavior [ RunTime:0.000460s ]
INFO: [ app_begin ] --END-- [ RunTime:0.000565s ]
ERR: 无法加载控制器:Include

[ 2015-11-16T07:31:58+08:00 ] 183.61.236.109 /include/helpers/cookie.helpea.php
INFO: [ app_init ] --START--
INFO: Run Behavior\BuildLiteBehavior [ RunTime:0.000021s ]
INFO: [ app_init ] --END-- [ RunTime:0.000339s ]
INFO: [ app_begin ] --START--
INFO: Run Behavior\ReadHtmlCacheBehavior [ RunTime:0.000427s ]
INFO: [ app_begin ] --END-- [ RunTime:0.000511s ]
ERR: 无法加载控制器:Include

[ 2015-11-16T07:31:58+08:00 ] 183.61.236.109 /templets/plus/sky.php
INFO: [ app_init ] --START--
INFO: Run Behavior\BuildLiteBehavior [ RunTime:0.000019s ]
INFO: [ app_init ] --END-- [ RunTime:0.000347s ]
INFO: [ app_begin ] --START--
INFO: Run Behavior\ReadHtmlCacheBehavior [ RunTime:0.000563s ]
INFO: [ app_begin ] --END-- [ RunTime:0.000653s ]
ERR: 无法加载控制器:Templets

[ 2015-11-16T07:31:59+08:00 ] 183.61.236.109 /plus/cere.php
INFO: [ app_init ] --START--
INFO: Run Behavior\BuildLiteBehavior [ RunTime:0.000025s ]
INFO: [ app_init ] --END-- [ RunTime:0.000522s ]
INFO: [ app_begin ] --START--
INFO: Run Behavior\ReadHtmlCacheBehavior [ RunTime:0.000557s ]
INFO: [ app_begin ] --END-- [ RunTime:0.000649s ]
ERR: 无法加载控制器:Plus

[ 2015-11-16T07:31:59+08:00 ] 183.61.236.109 /plus/360.php
INFO: [ app_init ] --START--
INFO: Run Behavior\BuildLiteBehavior [ RunTime:0.000019s ]
INFO: [ app_init ] --END-- [ RunTime:0.000346s ]
INFO: [ app_begin ] --START--
INFO: Run Behavior\ReadHtmlCacheBehavior [ RunTime:0.000538s ]
INFO: [ app_begin ] --END-- [ RunTime:0.000665s ]
ERR: 无法加载控制器:Plus

[ 2015-11-16T07:32:00+08:00 ] 183.61.236.109 /data/safe/360.php
INFO: [ app_init ] --START--
INFO: Run Behavior\BuildLiteBehavior [ RunTime:0.000020s ]
INFO: [ app_init ] --END-- [ RunTime:0.000321s ]
INFO: [ app_begin ] --START--
INFO: Run Behavior\ReadHtmlCacheBehavior [ RunTime:0.000414s ]
INFO: [ app_begin ] --END-- [ RunTime:0.000476s ]
ERR: 无法加载控制器:Data

[ 2015-11-16T07:32:00+08:00 ] 183.61.236.109 /include/helperss/filter.helpear.php
INFO: [ app_init ] --START--
INFO: Run Behavior\BuildLiteBehavior [ RunTime:0.000021s ]
INFO: [ app_init ] --END-- [ RunTime:0.000348s ]
INFO: [ app_begin ] --START--
INFO: Run Behavior\ReadHtmlCacheBehavior [ RunTime:0.000643s ]
INFO: [ app_begin ] --END-- [ RunTime:0.000753s ]
ERR: 无法加载控制器:Include

[ 2015-11-16T07:32:01+08:00 ] 183.61.236.109 /dxyylc/1ndex.php
INFO: [ app_init ] --START--
INFO: Run Behavior\BuildLiteBehavior [ RunTime:0.000022s ]
INFO: [ app_init ] --END-- [ RunTime:0.000382s ]
INFO: [ app_begin ] --START--
INFO: Run Behavior\ReadHtmlCacheBehavior [ RunTime:0.000476s ]
INFO: [ app_begin ] --END-- [ RunTime:0.000556s ]
ERR: 无法加载控制器:Dxyylc

[ 2015-11-16T07:32:01+08:00 ] 183.61.236.109 /dxyylc/md5.php
INFO: [ app_init ] --START--
INFO: Run Behavior\BuildLiteBehavior [ RunTime:0.000021s ]
INFO: [ app_init ] --END-- [ RunTime:0.000345s ]
INFO: [ app_begin ] --START--
INFO: Run Behavior\ReadHtmlCacheBehavior [ RunTime:0.000568s ]
INFO: [ app_begin ] --END-- [ RunTime:0.000670s ]
ERR: 无法加载控制器:Dxyylc

[ 2015-11-16T07:32:01+08:00 ] 183.61.236.109 /plus/bakup.php
INFO: [ app_init ] --START--
INFO: Run Behavior\BuildLiteBehavior [ RunTime:0.000015s ]
INFO: [ app_init ] --END-- [ RunTime:0.000317s ]
INFO: [ app_begin ] --START--
INFO: Run Behavior\ReadHtmlCacheBehavior [ RunTime:0.000431s ]
INFO: [ app_begin ] --END-- [ RunTime:0.000495s ]
ERR: 无法加载控制器:Plus

[ 2015-11-16T07:32:02+08:00 ] 183.61.236.109 /plus/e7xue.php
INFO: [ app_init ] --START--
INFO: Run Behavior\BuildLiteBehavior [ RunTime:0.000040s ]
INFO: [ app_init ] --END-- [ RunTime:0.000379s ]
INFO: [ app_begin ] --START--
INFO: Run Behavior\ReadHtmlCacheBehavior [ RunTime:0.000497s ]
INFO: [ app_begin ] --END-- [ RunTime:0.000571s ]
ERR: 无法加载控制器:Plus

[ 2015-11-16T07:32:02+08:00 ] 183.61.236.109 /images/swfupload/images/uploadye.php
INFO: [ app_init ] --START--
INFO: Run Behavior\BuildLiteBehavior [ RunTime:0.000020s ]
INFO: [ app_init ] --END-- [ RunTime:0.000346s ]
INFO: [ app_begin ] --START--
INFO: Run Behavior\ReadHtmlCacheBehavior [ RunTime:0.000481s ]
INFO: [ app_begin ] --END-- [ RunTime:0.000561s ]
ERR: 无法加载控制器:Images

[ 2015-11-16T07:32:03+08:00 ] 183.61.236.109 /plus/mybak.php
INFO: [ app_init ] --START--
INFO: Run Behavior\BuildLiteBehavior [ RunTime:0.000020s ]
INFO: [ app_init ] --END-- [ RunTime:0.000397s ]
INFO: [ app_begin ] --START--
INFO: Run Behavior\ReadHtmlCacheBehavior [ RunTime:0.000461s ]
INFO: [ app_begin ] --END-- [ RunTime:0.000563s ]
ERR: 无法加载控制器:Plus

[ 2015-11-16T07:32:03+08:00 ] 183.61.236.109 /plus/xsvip.php
INFO: [ app_init ] --START--
INFO: Run Behavior\BuildLiteBehavior [ RunTime:0.000015s ]
INFO: [ app_init ] --END-- [ RunTime:0.000319s ]
INFO: [ app_begin ] --START--
INFO: Run Behavior\ReadHtmlCacheBehavior [ RunTime:0.000456s ]
INFO: [ app_begin ] --END-- [ RunTime:0.000521s ]
ERR: 无法加载控制器:Plus

[ 2015-11-16T07:32:03+08:00 ] 183.61.236.109 /plus/laobiao.php
INFO: [ app_init ] --START--
INFO: Run Behavior\BuildLiteBehavior [ RunTime:0.000018s ]
INFO: [ app_init ] --END-- [ RunTime:0.000340s ]
INFO: [ app_begin ] --START--
INFO: Run Behavior\ReadHtmlCacheBehavior [ RunTime:0.000550s ]
INFO: [ app_begin ] --END-- [ RunTime:0.000644s ]
ERR: 无法加载控制器:Plus

[ 2015-11-16T07:32:04+08:00 ] 183.61.236.109 /data/admin/sky.php
INFO: [ app_init ] --START--
INFO: Run Behavior\BuildLiteBehavior [ RunTime:0.000019s ]
INFO: [ app_init ] --END-- [ RunTime:0.000363s ]
INFO: [ app_begin ] --START--
INFO: Run Behavior\ReadHtmlCacheBehavior [ RunTime:0.000458s ]
INFO: [ app_begin ] --END-- [ RunTime:0.000572s ]
ERR: 无法加载控制器:Data

[ 2015-11-16T07:32:04+08:00 ] 183.61.236.109 /plus/90sec.php
INFO: [ app_init ] --START--
INFO: Run Behavior\BuildLiteBehavior [ RunTime:0.000016s ]
INFO: [ app_init ] --END-- [ RunTime:0.000324s ]
INFO: [ app_begin ] --START--
INFO: Run Behavior\ReadHtmlCacheBehavior [ RunTime:0.000529s ]
INFO: [ app_begin ] --END-- [ RunTime:0.000605s ]
ERR: 无法加载控制器:Plus

[ 2015-11-16T07:32:04+08:00 ] 183.61.236.109 /include/data/fonts/uddatasql.php
INFO: [ app_init ] --START--
INFO: Run Behavior\BuildLiteBehavior [ RunTime:0.000043s ]
INFO: [ app_init ] --END-- [ RunTime:0.000346s ]
INFO: [ app_begin ] --START--
INFO: Run Behavior\ReadHtmlCacheBehavior [ RunTime:0.000431s ]
INFO: [ app_begin ] --END-- [ RunTime:0.000495s ]
ERR: 无法加载控制器:Include

[ 2015-11-16T07:32:05+08:00 ] 183.61.236.109 /include/ckeditor/plugins/pagebreak/images/inCahe.php
INFO: [ app_init ] --START--
INFO: Run Behavior\BuildLiteBehavior [ RunTime:0.000021s ]
INFO: [ app_init ] --END-- [ RunTime:0.000346s ]
INFO: [ app_begin ] --START--
INFO: Run Behavior\ReadHtmlCacheBehavior [ RunTime:0.000549s ]
INFO: [ app_begin ] --END-- [ RunTime:0.000650s ]
ERR: 无法加载控制器:Include

[ 2015-11-16T07:32:05+08:00 ] 183.61.236.109 /plus/av.php
INFO: [ app_init ] --START--
INFO: Run Behavior\BuildLiteBehavior [ RunTime:0.000015s ]
INFO: [ app_init ] --END-- [ RunTime:0.000332s ]
INFO: [ app_begin ] --START--
INFO: Run Behavior\ReadHtmlCacheBehavior [ RunTime:0.000552s ]
INFO: [ app_begin ] --END-- [ RunTime:0.000625s ]
ERR: 无法加载控制器:Plus

[ 2015-11-16T07:32:05+08:00 ] 183.61.236.109 /plus/long.php
INFO: [ app_init ] --START--
INFO: Run Behavior\BuildLiteBehavior [ RunTime:0.000016s ]
INFO: [ app_init ] --END-- [ RunTime:0.000327s ]
INFO: [ app_begin ] --START--
INFO: Run Behavior\ReadHtmlCacheBehavior [ RunTime:0.000507s ]
INFO: [ app_begin ] --END-- [ RunTime:0.000607s ]
ERR: 无法加载控制器:Plus

[ 2015-11-16T07:32:06+08:00 ] 183.61.236.109 /xiaolei.php
INFO: [ app_init ] --START--
INFO: Run Behavior\BuildLiteBehavior [ RunTime:0.000024s ]
INFO: [ app_init ] --END-- [ RunTime:0.000470s ]
INFO: [ app_begin ] --START--
INFO: Run Behavior\ReadHtmlCacheBehavior [ RunTime:0.000500s ]
INFO: [ app_begin ] --END-- [ RunTime:0.000580s ]
ERR: 无法加载控制器:Xiaolei.php

[ 2015-11-16T07:32:06+08:00 ] 183.61.236.109 /plus/myjs.php
INFO: [ app_init ] --START--
INFO: Run Behavior\BuildLiteBehavior [ RunTime:0.000017s ]
INFO: [ app_init ] --END-- [ RunTime:0.000374s ]
INFO: [ app_begin ] --START--
INFO: Run Behavior\ReadHtmlCacheBehavior [ RunTime:0.000484s ]
INFO: [ app_begin ] --END-- [ RunTime:0.000567s ]
ERR: 无法加载控制器:Plus

[ 2015-11-16T07:32:06+08:00 ] 183.61.236.109 /uploads/allimg/xm.php
INFO: [ app_init ] --START--
INFO: Run Behavior\BuildLiteBehavior [ RunTime:0.000022s ]
INFO: [ app_init ] --END-- [ RunTime:0.000422s ]
INFO: [ app_begin ] --START--
INFO: Run Behavior\ReadHtmlCacheBehavior [ RunTime:0.000481s ]
INFO: [ app_begin ] --END-- [ RunTime:0.000568s ]
ERR: 无法加载控制器:Uploads

[ 2015-11-16T07:32:07+08:00 ] 183.61.236.109 /utility/convert/data/config.inc.php
INFO: [ app_init ] --START--
INFO: Run Behavior\BuildLiteBehavior [ RunTime:0.000016s ]
INFO: [ app_init ] --END-- [ RunTime:0.000339s ]
INFO: [ app_begin ] --START--
INFO: Run Behavior\ReadHtmlCacheBehavior [ RunTime:0.000464s ]
INFO: [ app_begin ] --END-- [ RunTime:0.000538s ]
ERR: 无法加载控制器:Utility

[ 2015-11-16T07:32:07+08:00 ] 183.61.236.109 /utility/convert/data/config.inc.php
INFO: [ app_init ] --START--
INFO: Run Behavior\BuildLiteBehavior [ RunTime:0.000023s ]
INFO: [ app_init ] --END-- [ RunTime:0.000357s ]
INFO: [ app_begin ] --START--
INFO: Run Behavior\ReadHtmlCacheBehavior [ RunTime:0.000413s ]
INFO: [ app_begin ] --END-- [ RunTime:0.000475s ]
ERR: 无法加载控制器:Utility

[ 2015-11-16T07:32:08+08:00 ] 183.61.236.109 /utility/convert/data/config.inc.php
INFO: [ app_init ] --START--
INFO: Run Behavior\BuildLiteBehavior [ RunTime:0.000025s ]
INFO: [ app_init ] --END-- [ RunTime:0.000385s ]
INFO: [ app_begin ] --START--
INFO: Run Behavior\ReadHtmlCacheBehavior [ RunTime:0.000603s ]
INFO: [ app_begin ] --END-- [ RunTime:0.000727s ]
ERR: 无法加载控制器:Utility

[ 2015-11-16T07:32:09+08:00 ] 183.61.236.109 /utility/convert/data/rom2823.php
INFO: [ app_init ] --START--
INFO: Run Behavior\BuildLiteBehavior [ RunTime:0.000019s ]
INFO: [ app_init ] --END-- [ RunTime:0.000329s ]
INFO: [ app_begin ] --START--
INFO: Run Behavior\ReadHtmlCacheBehavior [ RunTime:0.000451s ]
INFO: [ app_begin ] --END-- [ RunTime:0.000522s ]
ERR: 无法加载控制器:Utility

[ 2015-11-16T07:32:09+08:00 ] 183.61.236.109 /utility/convert/include/rom2823.php
INFO: [ app_init ] --START--
INFO: Run Behavior\BuildLiteBehavior [ RunTime:0.000019s ]
INFO: [ app_init ] --END-- [ RunTime:0.000341s ]
INFO: [ app_begin ] --START--
INFO: Run Behavior\ReadHtmlCacheBehavior [ RunTime:0.000493s ]
INFO: [ app_begin ] --END-- [ RunTime:0.000569s ]
ERR: 无法加载控制器:Utility

[ 2015-11-16T07:32:10+08:00 ] 183.61.236.109 /utility/convert/include/phpmp.php
INFO: [ app_init ] --START--
INFO: Run Behavior\BuildLiteBehavior [ RunTime:0.000019s ]
INFO: [ app_init ] --END-- [ RunTime:0.000357s ]
INFO: [ app_begin ] --START--
INFO: Run Behavior\ReadHtmlCacheBehavior [ RunTime:0.000500s ]
INFO: [ app_begin ] --END-- [ RunTime:0.000625s ]
ERR: 无法加载控制器:Utility

[ 2015-11-16T07:32:10+08:00 ] 183.61.236.109 /utility/convert/data/config.inc.php
INFO: [ app_init ] --START--
INFO: Run Behavior\BuildLiteBehavior [ RunTime:0.000023s ]
INFO: [ app_init ] --END-- [ RunTime:0.000533s ]
INFO: [ app_begin ] --START--
INFO: Run Behavior\ReadHtmlCacheBehavior [ RunTime:0.000660s ]
INFO: [ app_begin ] --END-- [ RunTime:0.000809s ]
ERR: 无法加载控制器:Utility

[ 2015-11-16T07:32:10+08:00 ] 183.61.236.109 /utility/convert/data/config.inc.php
INFO: [ app_init ] --START--
INFO: Run Behavior\BuildLiteBehavior [ RunTime:0.000031s ]
INFO: [ app_init ] --END-- [ RunTime:0.000528s ]
INFO: [ app_begin ] --START--
INFO: Run Behavior\ReadHtmlCacheBehavior [ RunTime:0.000637s ]
INFO: [ app_begin ] --END-- [ RunTime:0.000730s ]
ERR: 无法加载控制器:Utility

[ 2015-11-16T07:32:10+08:00 ] 183.61.236.109 /config/AspCms_Config.asp
INFO: [ app_init ] --START--
INFO: Run Behavior\BuildLiteBehavior [ RunTime:0.000021s ]
INFO: [ app_init ] --END-- [ RunTime:0.000439s ]
INFO: [ app_begin ] --START--
INFO: Run Behavior\ReadHtmlCacheBehavior [ RunTime:0.000458s ]
INFO: [ app_begin ] --END-- [ RunTime:0.000555s ]
ERR: 无法加载控制器:Config

[ 2015-11-16T07:32:11+08:00 ] 183.61.236.109 /config/AspCms_Config.asp
INFO: [ app_init ] --START--
INFO: Run Behavior\BuildLiteBehavior [ RunTime:0.000019s ]
INFO: [ app_init ] --END-- [ RunTime:0.000315s ]
INFO: [ app_begin ] --START--
INFO: Run Behavior\ReadHtmlCacheBehavior [ RunTime:0.000432s ]
INFO: [ app_begin ] --END-- [ RunTime:0.000501s ]
ERR: 无法加载控制器:Config

[ 2015-11-16T07:32:11+08:00 ] 183.61.236.109 /config/AspCms_Conn.asp
INFO: [ app_init ] --START--
INFO: Run Behavior\BuildLiteBehavior [ RunTime:0.000026s ]
INFO: [ app_init ] --END-- [ RunTime:0.000360s ]
INFO: [ app_begin ] --START--
INFO: Run Behavior\ReadHtmlCacheBehavior [ RunTime:0.000459s ]
INFO: [ app_begin ] --END-- [ RunTime:0.000539s ]
ERR: 无法加载控制器:Config

[ 2015-11-16T07:32:11+08:00 ] 183.61.236.109 /wp-content/uploads/ftp.php
INFO: [ app_init ] --START--
INFO: Run Behavior\BuildLiteBehavior [ RunTime:0.000021s ]
INFO: [ app_init ] --END-- [ RunTime:0.000343s ]
INFO: [ app_begin ] --START--
INFO: Run Behavior\ReadHtmlCacheBehavior [ RunTime:0.000710s ]
INFO: [ app_begin ] --END-- [ RunTime:0.000858s ]
ERR: 无法加载控制器:Wp-content

[ 2015-11-16T07:32:11+08:00 ] 183.61.236.109 /wp-admin/js/edit.php
INFO: [ app_init ] --START--
INFO: Run Behavior\BuildLiteBehavior [ RunTime:0.000029s ]
INFO: [ app_init ] --END-- [ RunTime:0.000372s ]
INFO: [ app_begin ] --START--
INFO: Run Behavior\ReadHtmlCacheBehavior [ RunTime:0.000675s ]
INFO: [ app_begin ] --END-- [ RunTime:0.000754s ]
ERR: 无法加载控制器:Wp-admin

[ 2015-11-16T07:32:11+08:00 ] 183.61.236.109 /wp-admin/newfile.php
INFO: [ app_init ] --START--
INFO: Run Behavior\BuildLiteBehavior [ RunTime:0.000018s ]
INFO: [ app_init ] --END-- [ RunTime:0.000329s ]
INFO: [ app_begin ] --START--
INFO: Run Behavior\ReadHtmlCacheBehavior [ RunTime:0.000431s ]
INFO: [ app_begin ] --END-- [ RunTime:0.000493s ]
ERR: 无法加载控制器:Wp-admin

[ 2015-11-16T07:32:12+08:00 ] 183.61.236.109 /wp-content/themes/inline/edit.php
INFO: [ app_init ] --START--
INFO: Run Behavior\BuildLiteBehavior [ RunTime:0.000018s ]
INFO: [ app_init ] --END-- [ RunTime:0.000335s ]
INFO: [ app_begin ] --START--
INFO: Run Behavior\ReadHtmlCacheBehavior [ RunTime:0.000447s ]
INFO: [ app_begin ] --END-- [ RunTime:0.000522s ]
ERR: 无法加载控制器:Wp-content

[ 2015-11-16T07:32:12+08:00 ] 183.61.236.109 /wp-includes/css/log.php
INFO: [ app_init ] --START--
INFO: Run Behavior\BuildLiteBehavior [ RunTime:0.000021s ]
INFO: [ app_init ] --END-- [ RunTime:0.000365s ]
INFO: [ app_begin ] --START--
INFO: Run Behavior\ReadHtmlCacheBehavior [ RunTime:0.000507s ]
INFO: [ app_begin ] --END-- [ RunTime:0.000587s ]
ERR: 无法加载控制器:Wp-includes

[ 2015-11-16T07:32:13+08:00 ] 183.61.236.109 /wp-includes/theme-compat/qiaogua.php
INFO: [ app_init ] --START--
INFO: Run Behavior\BuildLiteBehavior [ RunTime:0.000016s ]
INFO: [ app_init ] --END-- [ RunTime:0.000325s ]
INFO: [ app_begin ] --START--
INFO: Run Behavior\ReadHtmlCacheBehavior [ RunTime:0.000484s ]
INFO: [ app_begin ] --END-- [ RunTime:0.000561s ]
ERR: 无法加载控制器:Wp-includes

[ 2015-11-16T07:32:13+08:00 ] 183.61.236.109 /wp-content/themes/light/log.php
INFO: [ app_init ] --START--
INFO: Run Behavior\BuildLiteBehavior [ RunTime:0.000015s ]
INFO: [ app_init ] --END-- [ RunTime:0.000304s ]
INFO: [ app_begin ] --START--
INFO: Run Behavior\ReadHtmlCacheBehavior [ RunTime:0.000456s ]
INFO: [ app_begin ] --END-- [ RunTime:0.000518s ]
ERR: 无法加载控制器:Wp-content

[ 2015-11-16T07:32:14+08:00 ] 183.61.236.109 /wp-includes/images/wlwlog.php
INFO: [ app_init ] --START--
INFO: Run Behavior\BuildLiteBehavior [ RunTime:0.000019s ]
INFO: [ app_init ] --END-- [ RunTime:0.000338s ]
INFO: [ app_begin ] --START--
INFO: Run Behavior\ReadHtmlCacheBehavior [ RunTime:0.000695s ]
INFO: [ app_begin ] --END-- [ RunTime:0.000814s ]
ERR: 无法加载控制器:Wp-includes

[ 2015-11-16T07:32:15+08:00 ] 183.61.236.109 /phpcms/plugin/tangshi.PHp
INFO: [ app_init ] --START--
INFO: Run Behavior\BuildLiteBehavior [ RunTime:0.000020s ]
INFO: [ app_init ] --END-- [ RunTime:0.000359s ]
INFO: [ app_begin ] --START--
INFO: Run Behavior\ReadHtmlCacheBehavior [ RunTime:0.000519s ]
INFO: [ app_begin ] --END-- [ RunTime:0.000633s ]
ERR: 无法加载控制器:Phpcms

[ 2015-11-16T07:32:15+08:00 ] 183.61.236.109 /phpcms/plugin/weibo/tan.php
INFO: [ app_init ] --START--
INFO: Run Behavior\BuildLiteBehavior [ RunTime:0.000017s ]
INFO: [ app_init ] --END-- [ RunTime:0.000351s ]
INFO: [ app_begin ] --START--
INFO: Run Behavior\ReadHtmlCacheBehavior [ RunTime:0.000509s ]
INFO: [ app_begin ] --END-- [ RunTime:0.000604s ]
ERR: 无法加载控制器:Phpcms

[ 2015-11-16T07:32:16+08:00 ] 183.61.236.109 /phpsso_server/phpcms/modules/admin/top.php
INFO: [ app_init ] --START--
INFO: Run Behavior\BuildLiteBehavior [ RunTime:0.000016s ]
INFO: [ app_init ] --END-- [ RunTime:0.000345s ]
INFO: [ app_begin ] --START--
INFO: Run Behavior\ReadHtmlCacheBehavior [ RunTime:0.000455s ]
INFO: [ app_begin ] --END-- [ RunTime:0.000516s ]
ERR: 无法加载控制器:Phpsso_server

[ 2015-11-16T07:32:16+08:00 ] 183.61.236.109 /phpsso_server/phpcms/modules/admin/map.php
INFO: [ app_init ] --START--
INFO: Run Behavior\BuildLiteBehavior [ RunTime:0.000019s ]
INFO: [ app_init ] --END-- [ RunTime:0.000336s ]
INFO: [ app_begin ] --START--
INFO: Run Behavior\ReadHtmlCacheBehavior [ RunTime:0.000455s ]
INFO: [ app_begin ] --END-- [ RunTime:0.000529s ]
ERR: 无法加载控制器:Phpsso_server

[ 2015-11-16T07:32:16+08:00 ] 183.61.236.109 /phpsso_server/api/uc_client/model/cachebase.php
INFO: [ app_init ] --START--
INFO: Run Behavior\BuildLiteBehavior [ RunTime:0.000022s ]
INFO: [ app_init ] --END-- [ RunTime:0.000387s ]
INFO: [ app_begin ] --START--
INFO: Run Behavior\ReadHtmlCacheBehavior [ RunTime:0.000505s ]
INFO: [ app_begin ] --END-- [ RunTime:0.000584s ]
ERR: 无法加载控制器:Phpsso_server

[ 2015-11-16T07:32:17+08:00 ] 183.61.236.109 /phpsso_server/phpcms/libs/functions/global.top.php
INFO: [ app_init ] --START--
INFO: Run Behavior\BuildLiteBehavior [ RunTime:0.000032s ]
INFO: [ app_init ] --END-- [ RunTime:0.000469s ]
INFO: [ app_begin ] --START--
INFO: Run Behavior\ReadHtmlCacheBehavior [ RunTime:0.000661s ]
INFO: [ app_begin ] --END-- [ RunTime:0.000802s ]
ERR: 无法加载控制器:Phpsso_server

[ 2015-11-16T07:32:18+08:00 ] 183.61.236.109 /weki.asp
INFO: [ app_init ] --START--
INFO: Run Behavior\BuildLiteBehavior [ RunTime:0.000016s ]
INFO: [ app_init ] --END-- [ RunTime:0.000299s ]
INFO: [ app_begin ] --START--
INFO: Run Behavior\ReadHtmlCacheBehavior [ RunTime:0.000446s ]
INFO: [ app_begin ] --END-- [ RunTime:0.000537s ]
ERR: 无法加载控制器:Weki.asp

[ 2015-11-16T07:32:18+08:00 ] 183.61.236.109 /data/s.asp
INFO: [ app_init ] --START--
INFO: Run Behavior\BuildLiteBehavior [ RunTime:0.000023s ]
INFO: [ app_init ] --END-- [ RunTime:0.000380s ]
INFO: [ app_begin ] --START--
INFO: Run Behavior\ReadHtmlCacheBehavior [ RunTime:0.000645s ]
INFO: [ app_begin ] --END-- [ RunTime:0.000726s ]
ERR: 无法加载控制器:Data

[ 2015-11-16T07:32:19+08:00 ] 183.61.236.109 /dxyylc/md5.asp
INFO: [ app_init ] --START--
INFO: Run Behavior\BuildLiteBehavior [ RunTime:0.000022s ]
INFO: [ app_init ] --END-- [ RunTime:0.000350s ]
INFO: [ app_begin ] --START--
INFO: Run Behavior\ReadHtmlCacheBehavior [ RunTime:0.000577s ]
INFO: [ app_begin ] --END-- [ RunTime:0.000672s ]
ERR: 无法加载控制器:Dxyylc

[ 2015-11-16T07:32:19+08:00 ] 183.61.236.109 /Somnus/Somnus.asp
INFO: [ app_init ] --START--
INFO: Run Behavior\BuildLiteBehavior [ RunTime:0.000019s ]
INFO: [ app_init ] --END-- [ RunTime:0.000380s ]
INFO: [ app_begin ] --START--
INFO: Run Behavior\ReadHtmlCacheBehavior [ RunTime:0.000556s ]
INFO: [ app_begin ] --END-- [ RunTime:0.000640s ]
ERR: 无法加载控制器:Somnus

[ 2015-11-16T07:32:20+08:00 ] 183.61.236.109 /kdatebase/index_.asp
INFO: [ app_init ] --START--
INFO: Run Behavior\BuildLiteBehavior [ RunTime:0.000018s ]
INFO: [ app_init ] --END-- [ RunTime:0.000376s ]
INFO: [ app_begin ] --START--
INFO: Run Behavior\ReadHtmlCacheBehavior [ RunTime:0.000485s ]
INFO: [ app_begin ] --END-- [ RunTime:0.000548s ]
ERR: 无法加载控制器:Kdatebase

[ 2015-11-16T07:32:20+08:00 ] 183.61.236.109 /sitemap/templates/met/SqlIn.asp
INFO: [ app_init ] --START--
INFO: Run Behavior\BuildLiteBehavior [ RunTime:0.000015s ]
INFO: [ app_init ] --END-- [ RunTime:0.000347s ]
INFO: [ app_begin ] --START--
INFO: Run Behavior\ReadHtmlCacheBehavior [ RunTime:0.000463s ]
INFO: [ app_begin ] --END-- [ RunTime:0.000543s ]
ERR: 无法加载控制器:Sitemap

[ 2015-11-16T07:32:20+08:00 ] 183.61.236.109 /weki.php
INFO: [ app_init ] --START--
INFO: Run Behavior\BuildLiteBehavior [ RunTime:0.000016s ]
INFO: [ app_init ] --END-- [ RunTime:0.000357s ]
INFO: [ app_begin ] --START--
INFO: Run Behavior\ReadHtmlCacheBehavior [ RunTime:0.000520s ]
INFO: [ app_begin ] --END-- [ RunTime:0.000604s ]
ERR: 无法加载控制器:Weki.php

[ 2015-11-16T07:32:20+08:00 ] 183.61.236.109 /data/s.php
INFO: [ app_init ] --START--
INFO: Run Behavior\BuildLiteBehavior [ RunTime:0.000016s ]
INFO: [ app_init ] --END-- [ RunTime:0.000369s ]
INFO: [ app_begin ] --START--
INFO: Run Behavior\ReadHtmlCacheBehavior [ RunTime:0.000521s ]
INFO: [ app_begin ] --END-- [ RunTime:0.000616s ]
ERR: 无法加载控制器:Data

[ 2015-11-16T07:32:21+08:00 ] 183.61.236.109 /php168/1ist.php
INFO: [ app_init ] --START--
INFO: Run Behavior\BuildLiteBehavior [ RunTime:0.000019s ]
INFO: [ app_init ] --END-- [ RunTime:0.000310s ]
INFO: [ app_begin ] --START--
INFO: Run Behavior\ReadHtmlCacheBehavior [ RunTime:0.000438s ]
INFO: [ app_begin ] --END-- [ RunTime:0.000499s ]
ERR: 无法加载控制器:Php168

[ 2015-11-16T07:32:21+08:00 ] 183.61.236.109 /data/data/index.php
INFO: [ app_init ] --START--
INFO: Run Behavior\BuildLiteBehavior [ RunTime:0.000020s ]
INFO: [ app_init ] --END-- [ RunTime:0.000379s ]
INFO: [ app_begin ] --START--
INFO: Run Behavior\ReadHtmlCacheBehavior [ RunTime:0.000478s ]
INFO: [ app_begin ] --END-- [ RunTime:0.000577s ]
ERR: 无法加载控制器:Data

[ 2015-11-16T07:32:21+08:00 ] 183.61.236.109 /data/conn/config.php
INFO: [ app_init ] --START--
INFO: Run Behavior\BuildLiteBehavior [ RunTime:0.000025s ]
INFO: [ app_init ] --END-- [ RunTime:0.000347s ]
INFO: [ app_begin ] --START--
INFO: Run Behavior\ReadHtmlCacheBehavior [ RunTime:0.000532s ]
INFO: [ app_begin ] --END-- [ RunTime:0.000623s ]
ERR: 无法加载控制器:Data

[ 2015-11-16T07:32:22+08:00 ] 183.61.236.109 /book/story_dod_hjkdsafon.php
INFO: [ app_init ] --START--
INFO: Run Behavior\BuildLiteBehavior [ RunTime:0.000015s ]
INFO: [ app_init ] --END-- [ RunTime:0.000332s ]
INFO: [ app_begin ] --START--
INFO: Run Behavior\ReadHtmlCacheBehavior [ RunTime:0.000497s ]
INFO: [ app_begin ] --END-- [ RunTime:0.000634s ]
ERR: 无法加载控制器:Book

[ 2015-11-16T08:39:14+08:00 ] 117.34.111.135 /index.php/Home/User.html
INFO: [ app_init ] --START--
INFO: Run Behavior\BuildLiteBehavior [ RunTime:0.000019s ]
INFO: [ app_init ] --END-- [ RunTime:0.000364s ]
INFO: [ app_begin ] --START--
INFO: Run Behavior\ReadHtmlCacheBehavior [ RunTime:0.000535s ]
INFO: [ app_begin ] --END-- [ RunTime:0.000610s ]
INFO: [ view_parse ] --START--
INFO: [ template_filter ] --START--
INFO: Run Behavior\ContentReplaceBehavior [ RunTime:0.000065s ]
INFO: [ template_filter ] --END-- [ RunTime:0.000198s ]
INFO: Run Behavior\ParseTemplateBehavior [ RunTime:0.129412s ]
INFO: [ view_parse ] --END-- [ RunTime:0.129583s ]
INFO: [ view_filter ] --START--
INFO: Run Behavior\WriteHtmlCacheBehavior [ RunTime:0.011004s ]
INFO: [ view_filter ] --END-- [ RunTime:0.011147s ]
INFO: [ app_end ] --START--
INFO: Run Behavior\ShowPageTraceBehavior [ RunTime:0.008328s ]
INFO: [ app_end ] --END-- [ RunTime:0.008486s ]

[ 2015-11-16T08:39:14+08:00 ] 117.34.111.85 /favicon.ico
INFO: [ app_init ] --START--
INFO: Run Behavior\BuildLiteBehavior [ RunTime:0.000021s ]
INFO: [ app_init ] --END-- [ RunTime:0.000371s ]

[ 2015-11-16T08:47:15+08:00 ] 117.34.111.140 /
INFO: [ app_init ] --START--
INFO: Run Behavior\BuildLiteBehavior [ RunTime:0.000021s ]
INFO: [ app_init ] --END-- [ RunTime:0.000603s ]
INFO: [ app_begin ] --START--
INFO: Run Behavior\ReadHtmlCacheBehavior [ RunTime:0.000488s ]
INFO: [ app_begin ] --END-- [ RunTime:0.000581s ]
NOTIC: [2048] Non-static method Home\Controller\UserController::isLogin() should not be called statically, assuming $this from incompatible context /www/web/order_genecreate_cn/public_html/Application/Home/Controller/IndexController.class.php 第 10 行.

[ 2015-11-16T08:47:15+08:00 ] 117.34.111.140 /index.php/Home/User.html
INFO: [ app_init ] --START--
INFO: Run Behavior\BuildLiteBehavior [ RunTime:0.000027s ]
INFO: [ app_init ] --END-- [ RunTime:0.000491s ]
INFO: [ app_begin ] --START--
INFO: Run Behavior\ReadHtmlCacheBehavior [ RunTime:0.000502s ]
INFO: [ app_begin ] --END-- [ RunTime:0.000582s ]
INFO: [ view_parse ] --START--
INFO: [ template_filter ] --START--
INFO: Run Behavior\ContentReplaceBehavior [ RunTime:0.000039s ]
INFO: [ template_filter ] --END-- [ RunTime:0.000101s ]
INFO: Run Behavior\ParseTemplateBehavior [ RunTime:0.005325s ]
INFO: [ view_parse ] --END-- [ RunTime:0.005380s ]
INFO: [ view_filter ] --START--
INFO: Run Behavior\WriteHtmlCacheBehavior [ RunTime:0.000202s ]
INFO: [ view_filter ] --END-- [ RunTime:0.000252s ]
INFO: [ app_end ] --START--
INFO: Run Behavior\ShowPageTraceBehavior [ RunTime:0.000445s ]
INFO: [ app_end ] --END-- [ RunTime:0.000496s ]

[ 2015-11-16T08:47:15+08:00 ] 117.34.111.85 /favicon.ico
INFO: [ app_init ] --START--
INFO: Run Behavior\BuildLiteBehavior [ RunTime:0.000019s ]
INFO: [ app_init ] --END-- [ RunTime:0.000324s ]

[ 2015-11-16T09:04:19+08:00 ] 117.34.111.85 /favicon.ico
INFO: [ app_init ] --START--
INFO: Run Behavior\BuildLiteBehavior [ RunTime:0.000018s ]
INFO: [ app_init ] --END-- [ RunTime:0.000475s ]

[ 2015-11-16T09:08:09+08:00 ] 61.54.46.39 /favicon.ico
INFO: [ app_init ] --START--
INFO: Run Behavior\BuildLiteBehavior [ RunTime:0.000019s ]
INFO: [ app_init ] --END-- [ RunTime:0.000325s ]

[ 2015-11-16T09:13:35+08:00 ] 61.54.46.39 /favicon.ico
INFO: [ app_init ] --START--
INFO: Run Behavior\BuildLiteBehavior [ RunTime:0.000020s ]
INFO: [ app_init ] --END-- [ RunTime:0.000362s ]

[ 2015-11-16T09:17:13+08:00 ] 117.34.111.85 /favicon.ico
INFO: [ app_init ] --START--
INFO: Run Behavior\BuildLiteBehavior [ RunTime:0.000027s ]
INFO: [ app_init ] --END-- [ RunTime:0.000363s ]

[ 2015-11-16T09:19:36+08:00 ] 61.54.46.39 /favicon.ico
INFO: [ app_init ] --START--
INFO: Run Behavior\BuildLiteBehavior [ RunTime:0.000020s ]
INFO: [ app_init ] --END-- [ RunTime:0.000386s ]

[ 2015-11-16T09:25:36+08:00 ] 61.54.46.39 /favicon.ico
INFO: [ app_init ] --START--
INFO: Run Behavior\BuildLiteBehavior [ RunTime:0.000019s ]
INFO: [ app_init ] --END-- [ RunTime:0.000332s ]

[ 2015-11-16T09:31:37+08:00 ] 61.54.46.39 /favicon.ico
INFO: [ app_init ] --START--
INFO: Run Behavior\BuildLiteBehavior [ RunTime:0.000031s ]
INFO: [ app_init ] --END-- [ RunTime:0.000521s ]

[ 2015-11-16T09:37:38+08:00 ] 61.54.46.39 /favicon.ico
INFO: [ app_init ] --START--
INFO: Run Behavior\BuildLiteBehavior [ RunTime:0.000015s ]
INFO: [ app_init ] --END-- [ RunTime:0.000312s ]

[ 2015-11-16T09:43:39+08:00 ] 61.54.46.39 /favicon.ico
INFO: [ app_init ] --START--
INFO: Run Behavior\BuildLiteBehavior [ RunTime:0.000015s ]
INFO: [ app_init ] --END-- [ RunTime:0.000304s ]

[ 2015-11-16T09:49:39+08:00 ] 61.54.46.39 /favicon.ico
INFO: [ app_init ] --START--
INFO: Run Behavior\BuildLiteBehavior [ RunTime:0.000016s ]
INFO: [ app_init ] --END-- [ RunTime:0.000366s ]

[ 2015-11-16T09:55:40+08:00 ] 61.54.46.39 /favicon.ico
INFO: [ app_init ] --START--
INFO: Run Behavior\BuildLiteBehavior [ RunTime:0.000020s ]
INFO: [ app_init ] --END-- [ RunTime:0.000341s ]

[ 2015-11-16T10:04:44+08:00 ] 61.54.46.39 /favicon.ico
INFO: [ app_init ] --START--
INFO: Run Behavior\BuildLiteBehavior [ RunTime:0.000019s ]
INFO: [ app_init ] --END-- [ RunTime:0.000359s ]

[ 2015-11-16T10:10:41+08:00 ] 61.54.46.39 /favicon.ico
INFO: [ app_init ] --START--
INFO: Run Behavior\BuildLiteBehavior [ RunTime:0.000021s ]
INFO: [ app_init ] --END-- [ RunTime:0.000347s ]

[ 2015-11-16T10:16:42+08:00 ] 61.54.46.39 /favicon.ico
INFO: [ app_init ] --START--
INFO: Run Behavior\BuildLiteBehavior [ RunTime:0.000016s ]
INFO: [ app_init ] --END-- [ RunTime:0.000301s ]

[ 2015-11-16T10:27:27+08:00 ] 117.34.111.85 /favicon.ico
INFO: [ app_init ] --START--
INFO: Run Behavior\BuildLiteBehavior [ RunTime:0.000029s ]
INFO: [ app_init ] --END-- [ RunTime:0.000504s ]

[ 2015-11-16T10:45:15+08:00 ] 117.34.111.85 /favicon.ico
INFO: [ app_init ] --START--
INFO: Run Behavior\BuildLiteBehavior [ RunTime:0.000018s ]
INFO: [ app_init ] --END-- [ RunTime:0.000351s ]

[ 2015-11-16T11:30:14+08:00 ] 61.54.46.39 /favicon.ico
INFO: [ app_init ] --START--
INFO: Run Behavior\BuildLiteBehavior [ RunTime:0.000020s ]
INFO: [ app_init ] --END-- [ RunTime:0.000314s ]

[ 2015-11-16T11:36:23+08:00 ] 61.54.46.39 /favicon.ico
INFO: [ app_init ] --START--
INFO: Run Behavior\BuildLiteBehavior [ RunTime:0.000015s ]
INFO: [ app_init ] --END-- [ RunTime:0.000291s ]

[ 2015-11-16T11:41:28+08:00 ] 116.31.126.78 /plus/mytag_js.php?aid=511348
INFO: [ app_init ] --START--
INFO: Run Behavior\BuildLiteBehavior [ RunTime:0.000018s ]
INFO: [ app_init ] --END-- [ RunTime:0.000337s ]
INFO: [ app_begin ] --START--
INFO: Run Behavior\ReadHtmlCacheBehavior [ RunTime:0.000442s ]
INFO: [ app_begin ] --END-- [ RunTime:0.000524s ]
ERR: 无法加载控制器:Plus

[ 2015-11-16T11:41:29+08:00 ] 116.31.126.78 /plus/mytag_js.php?aid=9527
INFO: [ app_init ] --START--
INFO: Run Behavior\BuildLiteBehavior [ RunTime:0.000017s ]
INFO: [ app_init ] --END-- [ RunTime:0.000332s ]
INFO: [ app_begin ] --START--
INFO: Run Behavior\ReadHtmlCacheBehavior [ RunTime:0.000526s ]
INFO: [ app_begin ] --END-- [ RunTime:0.000601s ]
ERR: 无法加载控制器:Plus

[ 2015-11-16T11:41:29+08:00 ] 116.31.126.78 /plus/mytag_j.php?aid=6022
INFO: [ app_init ] --START--
INFO: Run Behavior\BuildLiteBehavior [ RunTime:0.000016s ]
INFO: [ app_init ] --END-- [ RunTime:0.000415s ]
INFO: [ app_begin ] --START--
INFO: Run Behavior\ReadHtmlCacheBehavior [ RunTime:0.000549s ]
INFO: [ app_begin ] --END-- [ RunTime:0.000649s ]
ERR: 无法加载控制器:Plus

[ 2015-11-16T11:41:29+08:00 ] 116.31.126.78 /plus/mytag_js.php?aid=8080
INFO: [ app_init ] --START--
INFO: Run Behavior\BuildLiteBehavior [ RunTime:0.000019s ]
INFO: [ app_init ] --END-- [ RunTime:0.000396s ]
INFO: [ app_begin ] --START--
INFO: Run Behavior\ReadHtmlCacheBehavior [ RunTime:0.000516s ]
INFO: [ app_begin ] --END-- [ RunTime:0.000616s ]
ERR: 无法加载控制器:Plus

[ 2015-11-16T11:41:29+08:00 ] 116.31.126.78 /plus/mytag_js.php?aid=9090
INFO: [ app_init ] --START--
INFO: Run Behavior\BuildLiteBehavior [ RunTime:0.000018s ]
INFO: [ app_init ] --END-- [ RunTime:0.000429s ]
INFO: [ app_begin ] --START--
INFO: Run Behavior\ReadHtmlCacheBehavior [ RunTime:0.000528s ]
INFO: [ app_begin ] --END-- [ RunTime:0.000625s ]
ERR: 无法加载控制器:Plus

[ 2015-11-16T11:41:29+08:00 ] 116.31.126.78 /plus/mytag_js.php?aid=9191
INFO: [ app_init ] --START--
INFO: Run Behavior\BuildLiteBehavior [ RunTime:0.000016s ]
INFO: [ app_init ] --END-- [ RunTime:0.000332s ]
INFO: [ app_begin ] --START--
INFO: Run Behavior\ReadHtmlCacheBehavior [ RunTime:0.000465s ]
INFO: [ app_begin ] --END-- [ RunTime:0.000529s ]
ERR: 无法加载控制器:Plus

[ 2015-11-16T11:41:29+08:00 ] 116.31.126.78 /include/code/mp.php
INFO: [ app_init ] --START--
INFO: Run Behavior\BuildLiteBehavior [ RunTime:0.000017s ]
INFO: [ app_init ] --END-- [ RunTime:0.000301s ]
INFO: [ app_begin ] --START--
INFO: Run Behavior\ReadHtmlCacheBehavior [ RunTime:0.000528s ]
INFO: [ app_begin ] --END-- [ RunTime:0.000614s ]
ERR: 无法加载控制器:Include

[ 2015-11-16T11:41:29+08:00 ] 116.31.126.78 /include/helpers/cookie.helpea.php
INFO: [ app_init ] --START--
INFO: Run Behavior\BuildLiteBehavior [ RunTime:0.000018s ]
INFO: [ app_init ] --END-- [ RunTime:0.000310s ]
INFO: [ app_begin ] --START--
INFO: Run Behavior\ReadHtmlCacheBehavior [ RunTime:0.000434s ]
INFO: [ app_begin ] --END-- [ RunTime:0.000509s ]
ERR: 无法加载控制器:Include

[ 2015-11-16T11:41:29+08:00 ] 116.31.126.78 /templets/plus/sky.php
INFO: [ app_init ] --START--
INFO: Run Behavior\BuildLiteBehavior [ RunTime:0.000019s ]
INFO: [ app_init ] --END-- [ RunTime:0.000328s ]
INFO: [ app_begin ] --START--
INFO: Run Behavior\ReadHtmlCacheBehavior [ RunTime:0.000416s ]
INFO: [ app_begin ] --END-- [ RunTime:0.000478s ]
ERR: 无法加载控制器:Templets

[ 2015-11-16T11:41:29+08:00 ] 116.31.126.78 /plus/cere.php
INFO: [ app_init ] --START--
INFO: Run Behavior\BuildLiteBehavior [ RunTime:0.000015s ]
INFO: [ app_init ] --END-- [ RunTime:0.000313s ]
INFO: [ app_begin ] --START--
INFO: Run Behavior\ReadHtmlCacheBehavior [ RunTime:0.000411s ]
INFO: [ app_begin ] --END-- [ RunTime:0.000495s ]
ERR: 无法加载控制器:Plus

[ 2015-11-16T11:41:30+08:00 ] 116.31.126.78 /plus/360.php
INFO: [ app_init ] --START--
INFO: Run Behavior\BuildLiteBehavior [ RunTime:0.000019s ]
INFO: [ app_init ] --END-- [ RunTime:0.000363s ]
INFO: [ app_begin ] --START--
INFO: Run Behavior\ReadHtmlCacheBehavior [ RunTime:0.000633s ]
INFO: [ app_begin ] --END-- [ RunTime:0.000735s ]
ERR: 无法加载控制器:Plus

[ 2015-11-16T11:41:30+08:00 ] 116.31.126.78 /data/safe/360.php
INFO: [ app_init ] --START--
INFO: Run Behavior\BuildLiteBehavior [ RunTime:0.000015s ]
INFO: [ app_init ] --END-- [ RunTime:0.000322s ]
INFO: [ app_begin ] --START--
INFO: Run Behavior\ReadHtmlCacheBehavior [ RunTime:0.000528s ]
INFO: [ app_begin ] --END-- [ RunTime:0.000603s ]
ERR: 无法加载控制器:Data

[ 2015-11-16T11:41:30+08:00 ] 116.31.126.78 /include/helperss/filter.helpear.php
INFO: [ app_init ] --START--
INFO: Run Behavior\BuildLiteBehavior [ RunTime:0.000017s ]
INFO: [ app_init ] --END-- [ RunTime:0.000317s ]
INFO: [ app_begin ] --START--
INFO: Run Behavior\ReadHtmlCacheBehavior [ RunTime:0.000435s ]
INFO: [ app_begin ] --END-- [ RunTime:0.000535s ]
ERR: 无法加载控制器:Include

[ 2015-11-16T11:41:30+08:00 ] 116.31.126.78 /dxyylc/1ndex.php
INFO: [ app_init ] --START--
INFO: Run Behavior\BuildLiteBehavior [ RunTime:0.000021s ]
INFO: [ app_init ] --END-- [ RunTime:0.000348s ]
INFO: [ app_begin ] --START--
INFO: Run Behavior\ReadHtmlCacheBehavior [ RunTime:0.000438s ]
INFO: [ app_begin ] --END-- [ RunTime:0.000527s ]
ERR: 无法加载控制器:Dxyylc

[ 2015-11-16T11:41:30+08:00 ] 116.31.126.78 /dxyylc/md5.php
INFO: [ app_init ] --START--
INFO: Run Behavior\BuildLiteBehavior [ RunTime:0.000021s ]
INFO: [ app_init ] --END-- [ RunTime:0.000338s ]
INFO: [ app_begin ] --START--
INFO: Run Behavior\ReadHtmlCacheBehavior [ RunTime:0.000431s ]
INFO: [ app_begin ] --END-- [ RunTime:0.000494s ]
ERR: 无法加载控制器:Dxyylc

[ 2015-11-16T11:41:30+08:00 ] 116.31.126.78 /plus/bakup.php
INFO: [ app_init ] --START--
INFO: Run Behavior\BuildLiteBehavior [ RunTime:0.000019s ]
INFO: [ app_init ] --END-- [ RunTime:0.000308s ]
INFO: [ app_begin ] --START--
INFO: Run Behavior\ReadHtmlCacheBehavior [ RunTime:0.000408s ]
INFO: [ app_begin ] --END-- [ RunTime:0.000468s ]
ERR: 无法加载控制器:Plus

[ 2015-11-16T11:41:30+08:00 ] 116.31.126.78 /plus/e7xue.php
INFO: [ app_init ] --START--
INFO: Run Behavior\BuildLiteBehavior [ RunTime:0.000018s ]
INFO: [ app_init ] --END-- [ RunTime:0.000329s ]
INFO: [ app_begin ] --START--
INFO: Run Behavior\ReadHtmlCacheBehavior [ RunTime:0.000462s ]
INFO: [ app_begin ] --END-- [ RunTime:0.000543s ]
ERR: 无法加载控制器:Plus

[ 2015-11-16T11:41:30+08:00 ] 116.31.126.78 /images/swfupload/images/uploadye.php
INFO: [ app_init ] --START--
INFO: Run Behavior\BuildLiteBehavior [ RunTime:0.000014s ]
INFO: [ app_init ] --END-- [ RunTime:0.000319s ]
INFO: [ app_begin ] --START--
INFO: Run Behavior\ReadHtmlCacheBehavior [ RunTime:0.000522s ]
INFO: [ app_begin ] --END-- [ RunTime:0.000615s ]
ERR: 无法加载控制器:Images

[ 2015-11-16T11:41:30+08:00 ] 116.31.126.78 /plus/mybak.php
INFO: [ app_init ] --START--
INFO: Run Behavior\BuildLiteBehavior [ RunTime:0.000022s ]
INFO: [ app_init ] --END-- [ RunTime:0.000357s ]
INFO: [ app_begin ] --START--
INFO: Run Behavior\ReadHtmlCacheBehavior [ RunTime:0.000464s ]
INFO: [ app_begin ] --END-- [ RunTime:0.000541s ]
ERR: 无法加载控制器:Plus

[ 2015-11-16T11:41:31+08:00 ] 116.31.126.78 /plus/xsvip.php
INFO: [ app_init ] --START--
INFO: Run Behavior\BuildLiteBehavior [ RunTime:0.000020s ]
INFO: [ app_init ] --END-- [ RunTime:0.000341s ]
INFO: [ app_begin ] --START--
INFO: Run Behavior\ReadHtmlCacheBehavior [ RunTime:0.000456s ]
INFO: [ app_begin ] --END-- [ RunTime:0.000530s ]
ERR: 无法加载控制器:Plus

[ 2015-11-16T11:41:31+08:00 ] 116.31.126.78 /plus/laobiao.php
INFO: [ app_init ] --START--
INFO: Run Behavior\BuildLiteBehavior [ RunTime:0.000021s ]
INFO: [ app_init ] --END-- [ RunTime:0.000345s ]
INFO: [ app_begin ] --START--
INFO: Run Behavior\ReadHtmlCacheBehavior [ RunTime:0.000544s ]
INFO: [ app_begin ] --END-- [ RunTime:0.000637s ]
ERR: 无法加载控制器:Plus

[ 2015-11-16T11:41:31+08:00 ] 116.31.126.78 /data/admin/sky.php
INFO: [ app_init ] --START--
INFO: Run Behavior\BuildLiteBehavior [ RunTime:0.000018s ]
INFO: [ app_init ] --END-- [ RunTime:0.000328s ]
INFO: [ app_begin ] --START--
INFO: Run Behavior\ReadHtmlCacheBehavior [ RunTime:0.000460s ]
INFO: [ app_begin ] --END-- [ RunTime:0.000541s ]
ERR: 无法加载控制器:Data

[ 2015-11-16T11:41:31+08:00 ] 116.31.126.78 /plus/90sec.php
INFO: [ app_init ] --START--
INFO: Run Behavior\BuildLiteBehavior [ RunTime:0.000024s ]
INFO: [ app_init ] --END-- [ RunTime:0.000444s ]
INFO: [ app_begin ] --START--
INFO: Run Behavior\ReadHtmlCacheBehavior [ RunTime:0.000442s ]
INFO: [ app_begin ] --END-- [ RunTime:0.000553s ]
ERR: 无法加载控制器:Plus

[ 2015-11-16T11:41:31+08:00 ] 116.31.126.78 /include/data/fonts/uddatasql.php
INFO: [ app_init ] --START--
INFO: Run Behavior\BuildLiteBehavior [ RunTime:0.000016s ]
INFO: [ app_init ] --END-- [ RunTime:0.000330s ]
INFO: [ app_begin ] --START--
INFO: Run Behavior\ReadHtmlCacheBehavior [ RunTime:0.000467s ]
INFO: [ app_begin ] --END-- [ RunTime:0.000546s ]
ERR: 无法加载控制器:Include

[ 2015-11-16T11:41:31+08:00 ] 116.31.126.78 /include/ckeditor/plugins/pagebreak/images/inCahe.php
INFO: [ app_init ] --START--
INFO: Run Behavior\BuildLiteBehavior [ RunTime:0.000018s ]
INFO: [ app_init ] --END-- [ RunTime:0.000347s ]
INFO: [ app_begin ] --START--
INFO: Run Behavior\ReadHtmlCacheBehavior [ RunTime:0.000485s ]
INFO: [ app_begin ] --END-- [ RunTime:0.000599s ]
ERR: 无法加载控制器:Include

[ 2015-11-16T11:41:31+08:00 ] 116.31.126.78 /plus/av.php
INFO: [ app_init ] --START--
INFO: Run Behavior\BuildLiteBehavior [ RunTime:0.000030s ]
INFO: [ app_init ] --END-- [ RunTime:0.000443s ]
INFO: [ app_begin ] --START--
INFO: Run Behavior\ReadHtmlCacheBehavior [ RunTime:0.000472s ]
INFO: [ app_begin ] --END-- [ RunTime:0.000541s ]
ERR: 无法加载控制器:Plus

[ 2015-11-16T11:41:31+08:00 ] 116.31.126.78 /plus/long.php
INFO: [ app_init ] --START--
INFO: Run Behavior\BuildLiteBehavior [ RunTime:0.000020s ]
INFO: [ app_init ] --END-- [ RunTime:0.000344s ]
INFO: [ app_begin ] --START--
INFO: Run Behavior\ReadHtmlCacheBehavior [ RunTime:0.000449s ]
INFO: [ app_begin ] --END-- [ RunTime:0.000524s ]
ERR: 无法加载控制器:Plus

[ 2015-11-16T11:41:32+08:00 ] 116.31.126.78 /xiaolei.php
INFO: [ app_init ] --START--
INFO: Run Behavior\BuildLiteBehavior [ RunTime:0.000019s ]
INFO: [ app_init ] --END-- [ RunTime:0.000319s ]
INFO: [ app_begin ] --START--
INFO: Run Behavior\ReadHtmlCacheBehavior [ RunTime:0.000491s ]
INFO: [ app_begin ] --END-- [ RunTime:0.000586s ]
ERR: 无法加载控制器:Xiaolei.php

[ 2015-11-16T11:41:32+08:00 ] 116.31.126.78 /plus/myjs.php
INFO: [ app_init ] --START--
INFO: Run Behavior\BuildLiteBehavior [ RunTime:0.000015s ]
INFO: [ app_init ] --END-- [ RunTime:0.000325s ]
INFO: [ app_begin ] --START--
INFO: Run Behavior\ReadHtmlCacheBehavior [ RunTime:0.000456s ]
INFO: [ app_begin ] --END-- [ RunTime:0.000520s ]
ERR: 无法加载控制器:Plus

[ 2015-11-16T11:41:32+08:00 ] 116.31.126.78 /uploads/allimg/xm.php
INFO: [ app_init ] --START--
INFO: Run Behavior\BuildLiteBehavior [ RunTime:0.000019s ]
INFO: [ app_init ] --END-- [ RunTime:0.000334s ]
INFO: [ app_begin ] --START--
INFO: Run Behavior\ReadHtmlCacheBehavior [ RunTime:0.000725s ]
INFO: [ app_begin ] --END-- [ RunTime:0.000820s ]
ERR: 无法加载控制器:Uploads

[ 2015-11-16T11:41:32+08:00 ] 116.31.126.78 /utility/convert/data/config.inc.php
INFO: [ app_init ] --START--
INFO: Run Behavior\BuildLiteBehavior [ RunTime:0.000021s ]
INFO: [ app_init ] --END-- [ RunTime:0.000365s ]
INFO: [ app_begin ] --START--
INFO: Run Behavior\ReadHtmlCacheBehavior [ RunTime:0.000456s ]
INFO: [ app_begin ] --END-- [ RunTime:0.000525s ]
ERR: 无法加载控制器:Utility

[ 2015-11-16T11:41:32+08:00 ] 116.31.126.78 /utility/convert/data/config.inc.php
INFO: [ app_init ] --START--
INFO: Run Behavior\BuildLiteBehavior [ RunTime:0.000017s ]
INFO: [ app_init ] --END-- [ RunTime:0.000325s ]
INFO: [ app_begin ] --START--
INFO: Run Behavior\ReadHtmlCacheBehavior [ RunTime:0.000417s ]
INFO: [ app_begin ] --END-- [ RunTime:0.000480s ]
ERR: 无法加载控制器:Utility

[ 2015-11-16T11:41:32+08:00 ] 116.31.126.78 /utility/convert/data/config.inc.php
INFO: [ app_init ] --START--
INFO: Run Behavior\BuildLiteBehavior [ RunTime:0.000050s ]
INFO: [ app_init ] --END-- [ RunTime:0.000365s ]
INFO: [ app_begin ] --START--
INFO: Run Behavior\ReadHtmlCacheBehavior [ RunTime:0.000688s ]
INFO: [ app_begin ] --END-- [ RunTime:0.000781s ]
ERR: 无法加载控制器:Utility

[ 2015-11-16T11:41:32+08:00 ] 116.31.126.78 /utility/convert/data/rom2823.php
INFO: [ app_init ] --START--
INFO: Run Behavior\BuildLiteBehavior [ RunTime:0.000020s ]
INFO: [ app_init ] --END-- [ RunTime:0.000354s ]
INFO: [ app_begin ] --START--
INFO: Run Behavior\ReadHtmlCacheBehavior [ RunTime:0.000476s ]
INFO: [ app_begin ] --END-- [ RunTime:0.000557s ]
ERR: 无法加载控制器:Utility

[ 2015-11-16T11:41:32+08:00 ] 116.31.126.78 /utility/convert/include/rom2823.php
INFO: [ app_init ] --START--
INFO: Run Behavior\BuildLiteBehavior [ RunTime:0.000020s ]
INFO: [ app_init ] --END-- [ RunTime:0.000345s ]
INFO: [ app_begin ] --START--
INFO: Run Behavior\ReadHtmlCacheBehavior [ RunTime:0.000581s ]
INFO: [ app_begin ] --END-- [ RunTime:0.000661s ]
ERR: 无法加载控制器:Utility

[ 2015-11-16T11:41:32+08:00 ] 116.31.126.78 /utility/convert/include/phpmp.php
INFO: [ app_init ] --START--
INFO: Run Behavior\BuildLiteBehavior [ RunTime:0.000018s ]
INFO: [ app_init ] --END-- [ RunTime:0.000343s ]
INFO: [ app_begin ] --START--
INFO: Run Behavior\ReadHtmlCacheBehavior [ RunTime:0.000688s ]
INFO: [ app_begin ] --END-- [ RunTime:0.000781s ]
ERR: 无法加载控制器:Utility

[ 2015-11-16T11:41:33+08:00 ] 116.31.126.78 /utility/convert/data/config.inc.php
INFO: [ app_init ] --START--
INFO: Run Behavior\BuildLiteBehavior [ RunTime:0.000017s ]
INFO: [ app_init ] --END-- [ RunTime:0.000330s ]
INFO: [ app_begin ] --START--
INFO: Run Behavior\ReadHtmlCacheBehavior [ RunTime:0.000696s ]
INFO: [ app_begin ] --END-- [ RunTime:0.000879s ]
ERR: 无法加载控制器:Utility

[ 2015-11-16T11:41:33+08:00 ] 116.31.126.78 /utility/convert/data/config.inc.php
INFO: [ app_init ] --START--
INFO: Run Behavior\BuildLiteBehavior [ RunTime:0.000017s ]
INFO: [ app_init ] --END-- [ RunTime:0.000334s ]
INFO: [ app_begin ] --START--
INFO: Run Behavior\ReadHtmlCacheBehavior [ RunTime:0.000430s ]
INFO: [ app_begin ] --END-- [ RunTime:0.000514s ]
ERR: 无法加载控制器:Utility

[ 2015-11-16T11:41:33+08:00 ] 116.31.126.78 /config/AspCms_Config.asp
INFO: [ app_init ] --START--
INFO: Run Behavior\BuildLiteBehavior [ RunTime:0.000016s ]
INFO: [ app_init ] --END-- [ RunTime:0.000312s ]
INFO: [ app_begin ] --START--
INFO: Run Behavior\ReadHtmlCacheBehavior [ RunTime:0.000504s ]
INFO: [ app_begin ] --END-- [ RunTime:0.000596s ]
ERR: 无法加载控制器:Config

[ 2015-11-16T11:41:33+08:00 ] 116.31.126.78 /config/AspCms_Config.asp
INFO: [ app_init ] --START--
INFO: Run Behavior\BuildLiteBehavior [ RunTime:0.000018s ]
INFO: [ app_init ] --END-- [ RunTime:0.000366s ]
INFO: [ app_begin ] --START--
INFO: Run Behavior\ReadHtmlCacheBehavior [ RunTime:0.000473s ]
INFO: [ app_begin ] --END-- [ RunTime:0.000541s ]
ERR: 无法加载控制器:Config

[ 2015-11-16T11:41:33+08:00 ] 116.31.126.78 /config/AspCms_Conn.asp
INFO: [ app_init ] --START--
INFO: Run Behavior\BuildLiteBehavior [ RunTime:0.000015s ]
INFO: [ app_init ] --END-- [ RunTime:0.000303s ]
INFO: [ app_begin ] --START--
INFO: Run Behavior\ReadHtmlCacheBehavior [ RunTime:0.000432s ]
INFO: [ app_begin ] --END-- [ RunTime:0.000493s ]
ERR: 无法加载控制器:Config

[ 2015-11-16T11:41:33+08:00 ] 116.31.126.78 /wp-content/uploads/ftp.php
INFO: [ app_init ] --START--
INFO: Run Behavior\BuildLiteBehavior [ RunTime:0.000024s ]
INFO: [ app_init ] --END-- [ RunTime:0.000346s ]
INFO: [ app_begin ] --START--
INFO: Run Behavior\ReadHtmlCacheBehavior [ RunTime:0.000407s ]
INFO: [ app_begin ] --END-- [ RunTime:0.000489s ]
ERR: 无法加载控制器:Wp-content

[ 2015-11-16T11:41:33+08:00 ] 116.31.126.78 /wp-admin/js/edit.php
INFO: [ app_init ] --START--
INFO: Run Behavior\BuildLiteBehavior [ RunTime:0.000024s ]
INFO: [ app_init ] --END-- [ RunTime:0.000403s ]
INFO: [ app_begin ] --START--
INFO: Run Behavior\ReadHtmlCacheBehavior [ RunTime:0.000536s ]
INFO: [ app_begin ] --END-- [ RunTime:0.000621s ]
ERR: 无法加载控制器:Wp-admin

[ 2015-11-16T11:41:33+08:00 ] 116.31.126.78 /wp-admin/newfile.php
INFO: [ app_init ] --START--
INFO: Run Behavior\BuildLiteBehavior [ RunTime:0.000020s ]
INFO: [ app_init ] --END-- [ RunTime:0.000328s ]
INFO: [ app_begin ] --START--
INFO: Run Behavior\ReadHtmlCacheBehavior [ RunTime:0.000440s ]
INFO: [ app_begin ] --END-- [ RunTime:0.000524s ]
ERR: 无法加载控制器:Wp-admin

[ 2015-11-16T11:41:33+08:00 ] 116.31.126.78 /wp-content/themes/inline/edit.php
INFO: [ app_init ] --START--
INFO: Run Behavior\BuildLiteBehavior [ RunTime:0.000026s ]
INFO: [ app_init ] --END-- [ RunTime:0.000477s ]
INFO: [ app_begin ] --START--
INFO: Run Behavior\ReadHtmlCacheBehavior [ RunTime:0.000561s ]
INFO: [ app_begin ] --END-- [ RunTime:0.000648s ]
ERR: 无法加载控制器:Wp-content

[ 2015-11-16T11:41:33+08:00 ] 116.31.126.78 /wp-includes/css/log.php
INFO: [ app_init ] --START--
INFO: Run Behavior\BuildLiteBehavior [ RunTime:0.000016s ]
INFO: [ app_init ] --END-- [ RunTime:0.000320s ]
INFO: [ app_begin ] --START--
INFO: Run Behavior\ReadHtmlCacheBehavior [ RunTime:0.000606s ]
INFO: [ app_begin ] --END-- [ RunTime:0.000712s ]
ERR: 无法加载控制器:Wp-includes

[ 2015-11-16T11:41:34+08:00 ] 116.31.126.78 /wp-includes/theme-compat/qiaogua.php
INFO: [ app_init ] --START--
INFO: Run Behavior\BuildLiteBehavior [ RunTime:0.000018s ]
INFO: [ app_init ] --END-- [ RunTime:0.000315s ]
INFO: [ app_begin ] --START--
INFO: Run Behavior\ReadHtmlCacheBehavior [ RunTime:0.000465s ]
INFO: [ app_begin ] --END-- [ RunTime:0.000556s ]
ERR: 无法加载控制器:Wp-includes

[ 2015-11-16T11:41:34+08:00 ] 116.31.126.78 /wp-content/themes/light/log.php
INFO: [ app_init ] --START--
INFO: Run Behavior\BuildLiteBehavior [ RunTime:0.000015s ]
INFO: [ app_init ] --END-- [ RunTime:0.000296s ]
INFO: [ app_begin ] --START--
INFO: Run Behavior\ReadHtmlCacheBehavior [ RunTime:0.000455s ]
INFO: [ app_begin ] --END-- [ RunTime:0.000524s ]
ERR: 无法加载控制器:Wp-content

[ 2015-11-16T11:41:34+08:00 ] 116.31.126.78 /wp-includes/images/wlwlog.php
INFO: [ app_init ] --START--
INFO: Run Behavior\BuildLiteBehavior [ RunTime:0.000015s ]
INFO: [ app_init ] --END-- [ RunTime:0.000329s ]
INFO: [ app_begin ] --START--
INFO: Run Behavior\ReadHtmlCacheBehavior [ RunTime:0.000432s ]
INFO: [ app_begin ] --END-- [ RunTime:0.000493s ]
ERR: 无法加载控制器:Wp-includes

[ 2015-11-16T11:41:34+08:00 ] 116.31.126.78 /phpcms/plugin/tangshi.PHp
INFO: [ app_init ] --START--
INFO: Run Behavior\BuildLiteBehavior [ RunTime:0.000017s ]
INFO: [ app_init ] --END-- [ RunTime:0.000351s ]
INFO: [ app_begin ] --START--
INFO: Run Behavior\ReadHtmlCacheBehavior [ RunTime:0.000581s ]
INFO: [ app_begin ] --END-- [ RunTime:0.000678s ]
ERR: 无法加载控制器:Phpcms

[ 2015-11-16T11:41:34+08:00 ] 116.31.126.78 /phpcms/plugin/weibo/tan.php
INFO: [ app_init ] --START--
INFO: Run Behavior\BuildLiteBehavior [ RunTime:0.000018s ]
INFO: [ app_init ] --END-- [ RunTime:0.000342s ]
INFO: [ app_begin ] --START--
INFO: Run Behavior\ReadHtmlCacheBehavior [ RunTime:0.000657s ]
INFO: [ app_begin ] --END-- [ RunTime:0.000751s ]
ERR: 无法加载控制器:Phpcms

[ 2015-11-16T11:41:34+08:00 ] 116.31.126.78 /phpsso_server/phpcms/modules/admin/top.php
INFO: [ app_init ] --START--
INFO: Run Behavior\BuildLiteBehavior [ RunTime:0.000016s ]
INFO: [ app_init ] --END-- [ RunTime:0.000363s ]
INFO: [ app_begin ] --START--
INFO: Run Behavior\ReadHtmlCacheBehavior [ RunTime:0.000506s ]
INFO: [ app_begin ] --END-- [ RunTime:0.000582s ]
ERR: 无法加载控制器:Phpsso_server

[ 2015-11-16T11:41:34+08:00 ] 116.31.126.78 /phpsso_server/phpcms/modules/admin/map.php
INFO: [ app_init ] --START--
INFO: Run Behavior\BuildLiteBehavior [ RunTime:0.000021s ]
INFO: [ app_init ] --END-- [ RunTime:0.000420s ]
INFO: [ app_begin ] --START--
INFO: Run Behavior\ReadHtmlCacheBehavior [ RunTime:0.000682s ]
INFO: [ app_begin ] --END-- [ RunTime:0.000777s ]
ERR: 无法加载控制器:Phpsso_server

[ 2015-11-16T11:41:34+08:00 ] 116.31.126.78 /phpsso_server/api/uc_client/model/cachebase.php
INFO: [ app_init ] --START--
INFO: Run Behavior\BuildLiteBehavior [ RunTime:0.000018s ]
INFO: [ app_init ] --END-- [ RunTime:0.000339s ]
INFO: [ app_begin ] --START--
INFO: Run Behavior\ReadHtmlCacheBehavior [ RunTime:0.000437s ]
INFO: [ app_begin ] --END-- [ RunTime:0.000520s ]
ERR: 无法加载控制器:Phpsso_server

[ 2015-11-16T11:41:34+08:00 ] 116.31.126.78 /phpsso_server/phpcms/libs/functions/global.top.php
INFO: [ app_init ] --START--
INFO: Run Behavior\BuildLiteBehavior [ RunTime:0.000019s ]
INFO: [ app_init ] --END-- [ RunTime:0.000335s ]
INFO: [ app_begin ] --START--
INFO: Run Behavior\ReadHtmlCacheBehavior [ RunTime:0.000428s ]
INFO: [ app_begin ] --END-- [ RunTime:0.000488s ]
ERR: 无法加载控制器:Phpsso_server

[ 2015-11-16T11:41:35+08:00 ] 116.31.126.78 /weki.asp
INFO: [ app_init ] --START--
INFO: Run Behavior\BuildLiteBehavior [ RunTime:0.000023s ]
INFO: [ app_init ] --END-- [ RunTime:0.000500s ]
INFO: [ app_begin ] --START--
INFO: Run Behavior\ReadHtmlCacheBehavior [ RunTime:0.000453s ]
INFO: [ app_begin ] --END-- [ RunTime:0.000538s ]
ERR: 无法加载控制器:Weki.asp

[ 2015-11-16T11:41:35+08:00 ] 116.31.126.78 /data/s.asp
INFO: [ app_init ] --START--
INFO: Run Behavior\BuildLiteBehavior [ RunTime:0.000020s ]
INFO: [ app_init ] --END-- [ RunTime:0.000315s ]
INFO: [ app_begin ] --START--
INFO: Run Behavior\ReadHtmlCacheBehavior [ RunTime:0.000418s ]
INFO: [ app_begin ] --END-- [ RunTime:0.000479s ]
ERR: 无法加载控制器:Data

[ 2015-11-16T11:41:35+08:00 ] 116.31.126.78 /dxyylc/md5.asp
INFO: [ app_init ] --START--
INFO: Run Behavior\BuildLiteBehavior [ RunTime:0.000019s ]
INFO: [ app_init ] --END-- [ RunTime:0.000317s ]
INFO: [ app_begin ] --START--
INFO: Run Behavior\ReadHtmlCacheBehavior [ RunTime:0.000413s ]
INFO: [ app_begin ] --END-- [ RunTime:0.000474s ]
ERR: 无法加载控制器:Dxyylc

[ 2015-11-16T11:41:35+08:00 ] 116.31.126.78 /Somnus/Somnus.asp
INFO: [ app_init ] --START--
INFO: Run Behavior\BuildLiteBehavior [ RunTime:0.000015s ]
INFO: [ app_init ] --END-- [ RunTime:0.000370s ]
INFO: [ app_begin ] --START--
INFO: Run Behavior\ReadHtmlCacheBehavior [ RunTime:0.000505s ]
INFO: [ app_begin ] --END-- [ RunTime:0.000597s ]
ERR: 无法加载控制器:Somnus

[ 2015-11-16T11:41:35+08:00 ] 116.31.126.78 /kdatebase/index_.asp
INFO: [ app_init ] --START--
INFO: Run Behavior\BuildLiteBehavior [ RunTime:0.000027s ]
INFO: [ app_init ] --END-- [ RunTime:0.000371s ]
INFO: [ app_begin ] --START--
INFO: Run Behavior\ReadHtmlCacheBehavior [ RunTime:0.000413s ]
INFO: [ app_begin ] --END-- [ RunTime:0.000474s ]
ERR: 无法加载控制器:Kdatebase

[ 2015-11-16T11:41:35+08:00 ] 116.31.126.78 /sitemap/templates/met/SqlIn.asp
INFO: [ app_init ] --START--
INFO: Run Behavior\BuildLiteBehavior [ RunTime:0.000023s ]
INFO: [ app_init ] --END-- [ RunTime:0.000474s ]
INFO: [ app_begin ] --START--
INFO: Run Behavior\ReadHtmlCacheBehavior [ RunTime:0.000435s ]
INFO: [ app_begin ] --END-- [ RunTime:0.000520s ]
ERR: 无法加载控制器:Sitemap

[ 2015-11-16T11:41:35+08:00 ] 116.31.126.78 /weki.php
INFO: [ app_init ] --START--
INFO: Run Behavior\BuildLiteBehavior [ RunTime:0.000024s ]
INFO: [ app_init ] --END-- [ RunTime:0.000470s ]
INFO: [ app_begin ] --START--
INFO: Run Behavior\ReadHtmlCacheBehavior [ RunTime:0.000468s ]
INFO: [ app_begin ] --END-- [ RunTime:0.000539s ]
ERR: 无法加载控制器:Weki.php

[ 2015-11-16T11:41:35+08:00 ] 116.31.126.78 /data/s.php
INFO: [ app_init ] --START--
INFO: Run Behavior\BuildLiteBehavior [ RunTime:0.000016s ]
INFO: [ app_init ] --END-- [ RunTime:0.000332s ]
INFO: [ app_begin ] --START--
INFO: Run Behavior\ReadHtmlCacheBehavior [ RunTime:0.000537s ]
INFO: [ app_begin ] --END-- [ RunTime:0.000602s ]
ERR: 无法加载控制器:Data

[ 2015-11-16T11:41:35+08:00 ] 116.31.126.78 /php168/1ist.php
INFO: [ app_init ] --START--
INFO: Run Behavior\BuildLiteBehavior [ RunTime:0.000020s ]
INFO: [ app_init ] --END-- [ RunTime:0.000326s ]
INFO: [ app_begin ] --START--
INFO: Run Behavior\ReadHtmlCacheBehavior [ RunTime:0.000445s ]
INFO: [ app_begin ] --END-- [ RunTime:0.000521s ]
ERR: 无法加载控制器:Php168

[ 2015-11-16T11:41:35+08:00 ] 116.31.126.78 /data/data/index.php
INFO: [ app_init ] --START--
INFO: Run Behavior\BuildLiteBehavior [ RunTime:0.000024s ]
INFO: [ app_init ] --END-- [ RunTime:0.000436s ]
INFO: [ app_begin ] --START--
INFO: Run Behavior\ReadHtmlCacheBehavior [ RunTime:0.000436s ]
INFO: [ app_begin ] --END-- [ RunTime:0.000501s ]
ERR: 无法加载控制器:Data

[ 2015-11-16T11:41:36+08:00 ] 116.31.126.78 /data/conn/config.php
INFO: [ app_init ] --START--
INFO: Run Behavior\BuildLiteBehavior [ RunTime:0.000027s ]
INFO: [ app_init ] --END-- [ RunTime:0.000389s ]
INFO: [ app_begin ] --START--
INFO: Run Behavior\ReadHtmlCacheBehavior [ RunTime:0.000595s ]
INFO: [ app_begin ] --END-- [ RunTime:0.000670s ]
ERR: 无法加载控制器:Data

[ 2015-11-16T11:41:36+08:00 ] 116.31.126.78 /book/story_dod_hjkdsafon.php
INFO: [ app_init ] --START--
INFO: Run Behavior\BuildLiteBehavior [ RunTime:0.000016s ]
INFO: [ app_init ] --END-- [ RunTime:0.000338s ]
INFO: [ app_begin ] --START--
INFO: Run Behavior\ReadHtmlCacheBehavior [ RunTime:0.000464s ]
INFO: [ app_begin ] --END-- [ RunTime:0.000544s ]
ERR: 无法加载控制器:Book

[ 2015-11-16T11:50:22+08:00 ] 61.54.46.39 /favicon.ico
INFO: [ app_init ] --START--
INFO: Run Behavior\BuildLiteBehavior [ RunTime:0.000016s ]
INFO: [ app_init ] --END-- [ RunTime:0.000333s ]

[ 2015-11-16T11:56:00+08:00 ] 61.54.46.39 /favicon.ico
INFO: [ app_init ] --START--
INFO: Run Behavior\BuildLiteBehavior [ RunTime:0.000021s ]
INFO: [ app_init ] --END-- [ RunTime:0.000434s ]

[ 2015-11-16T13:17:26+08:00 ] 117.34.111.85 /favicon.ico
INFO: [ app_init ] --START--
INFO: Run Behavior\BuildLiteBehavior [ RunTime:0.000021s ]
INFO: [ app_init ] --END-- [ RunTime:0.000327s ]

[ 2015-11-16T13:42:11+08:00 ] 117.34.111.85 /favicon.ico
INFO: [ app_init ] --START--
INFO: Run Behavior\BuildLiteBehavior [ RunTime:0.000018s ]
INFO: [ app_init ] --END-- [ RunTime:0.000316s ]

[ 2015-11-16T15:24:49+08:00 ] 117.34.111.135 /index.php/Home/User.html
INFO: [ app_init ] --START--
INFO: Run Behavior\BuildLiteBehavior [ RunTime:0.000020s ]
INFO: [ app_init ] --END-- [ RunTime:0.000340s ]
INFO: [ app_begin ] --START--
INFO: Run Behavior\ReadHtmlCacheBehavior [ RunTime:0.000477s ]
INFO: [ app_begin ] --END-- [ RunTime:0.000556s ]
INFO: [ view_parse ] --START--
INFO: [ template_filter ] --START--
INFO: Run Behavior\ContentReplaceBehavior [ RunTime:0.000037s ]
INFO: [ template_filter ] --END-- [ RunTime:0.000101s ]
INFO: Run Behavior\ParseTemplateBehavior [ RunTime:0.005792s ]
INFO: [ view_parse ] --END-- [ RunTime:0.005874s ]
INFO: [ view_filter ] --START--
INFO: Run Behavior\WriteHtmlCacheBehavior [ RunTime:0.000191s ]
INFO: [ view_filter ] --END-- [ RunTime:0.000240s ]
INFO: [ app_end ] --START--
INFO: Run Behavior\ShowPageTraceBehavior [ RunTime:0.000464s ]
INFO: [ app_end ] --END-- [ RunTime:0.000522s ]

[ 2015-11-16T15:24:56+08:00 ] 117.34.111.85 /favicon.ico
INFO: [ app_init ] --START--
INFO: Run Behavior\BuildLiteBehavior [ RunTime:0.000021s ]
INFO: [ app_init ] --END-- [ RunTime:0.000352s ]

[ 2015-11-16T17:48:00+08:00 ] 61.54.46.39 /favicon.ico
INFO: [ app_init ] --START--
INFO: Run Behavior\BuildLiteBehavior [ RunTime:0.000021s ]
INFO: [ app_init ] --END-- [ RunTime:0.000345s ]

[ 2015-11-16T17:51:48+08:00 ] 117.34.111.85 /favicon.ico
INFO: [ app_init ] --START--
INFO: Run Behavior\BuildLiteBehavior [ RunTime:0.000021s ]
INFO: [ app_init ] --END-- [ RunTime:0.000373s ]

[ 2015-11-16T17:58:56+08:00 ] 61.54.46.39 /favicon.ico
INFO: [ app_init ] --START--
INFO: Run Behavior\BuildLiteBehavior [ RunTime:0.000020s ]
INFO: [ app_init ] --END-- [ RunTime:0.000347s ]

[ 2015-11-16T18:06:07+08:00 ] 61.54.46.39 /favicon.ico
INFO: [ app_init ] --START--
INFO: Run Behavior\BuildLiteBehavior [ RunTime:0.000031s ]
INFO: [ app_init ] --END-- [ RunTime:0.000479s ]

[ 2015-11-16T18:12:08+08:00 ] 61.54.46.39 /favicon.ico
INFO: [ app_init ] --START--
INFO: Run Behavior\BuildLiteBehavior [ RunTime:0.000043s ]
INFO: [ app_init ] --END-- [ RunTime:0.000378s ]

[ 2015-11-16T18:18:08+08:00 ] 61.54.46.39 /favicon.ico
INFO: [ app_init ] --START--
INFO: Run Behavior\BuildLiteBehavior [ RunTime:0.000021s ]
INFO: [ app_init ] --END-- [ RunTime:0.000397s ]

[ 2015-11-16T18:24:08+08:00 ] 61.54.46.39 /favicon.ico
INFO: [ app_init ] --START--
INFO: Run Behavior\BuildLiteBehavior [ RunTime:0.000022s ]
INFO: [ app_init ] --END-- [ RunTime:0.000336s ]

[ 2015-11-16T18:30:09+08:00 ] 61.54.46.39 /favicon.ico
INFO: [ app_init ] --START--
INFO: Run Behavior\BuildLiteBehavior [ RunTime:0.000019s ]
INFO: [ app_init ] --END-- [ RunTime:0.000312s ]

[ 2015-11-16T18:36:10+08:00 ] 61.54.46.39 /favicon.ico
INFO: [ app_init ] --START--
INFO: Run Behavior\BuildLiteBehavior [ RunTime:0.000017s ]
INFO: [ app_init ] --END-- [ RunTime:0.000358s ]

[ 2015-11-16T18:42:10+08:00 ] 61.54.46.39 /favicon.ico
INFO: [ app_init ] --START--
INFO: Run Behavior\BuildLiteBehavior [ RunTime:0.000020s ]
INFO: [ app_init ] --END-- [ RunTime:0.000336s ]

[ 2015-11-16T19:18:42+08:00 ] 61.54.46.39 /favicon.ico
INFO: [ app_init ] --START--
INFO: Run Behavior\BuildLiteBehavior [ RunTime:0.000031s ]
INFO: [ app_init ] --END-- [ RunTime:0.000517s ]

[ 2015-11-16T19:24:25+08:00 ] 61.54.46.39 /favicon.ico
INFO: [ app_init ] --START--
INFO: Run Behavior\BuildLiteBehavior [ RunTime:0.000023s ]
INFO: [ app_init ] --END-- [ RunTime:0.000371s ]

[ 2015-11-16T19:47:41+08:00 ] 182.150.0.152 /favicon.ico
INFO: [ app_init ] --START--
INFO: Run Behavior\BuildLiteBehavior [ RunTime:0.000020s ]
INFO: [ app_init ] --END-- [ RunTime:0.000330s ]

[ 2015-11-16T20:20:12+08:00 ] 61.54.46.39 /favicon.ico
INFO: [ app_init ] --START--
INFO: Run Behavior\BuildLiteBehavior [ RunTime:0.000025s ]
INFO: [ app_init ] --END-- [ RunTime:0.000428s ]

[ 2015-11-16T21:10:44+08:00 ] 162.158.56.203 /index.php/Home/User.html
INFO: [ app_init ] --START--
INFO: Run Behavior\BuildLiteBehavior [ RunTime:0.000028s ]
INFO: [ app_init ] --END-- [ RunTime:0.000513s ]
INFO: [ app_begin ] --START--
INFO: Run Behavior\ReadHtmlCacheBehavior [ RunTime:0.000615s ]
INFO: [ app_begin ] --END-- [ RunTime:0.000721s ]
INFO: [ view_parse ] --START--
INFO: [ template_filter ] --START--
INFO: Run Behavior\ContentReplaceBehavior [ RunTime:0.000042s ]
INFO: [ template_filter ] --END-- [ RunTime:0.000118s ]
INFO: Run Behavior\ParseTemplateBehavior [ RunTime:0.006105s ]
INFO: [ view_parse ] --END-- [ RunTime:0.006206s ]
INFO: [ view_filter ] --START--
INFO: Run Behavior\WriteHtmlCacheBehavior [ RunTime:0.000261s ]
INFO: [ view_filter ] --END-- [ RunTime:0.000335s ]
INFO: [ app_end ] --START--
INFO: Run Behavior\ShowPageTraceBehavior [ RunTime:0.000508s ]
INFO: [ app_end ] --END-- [ RunTime:0.000575s ]

[ 2015-11-16T21:11:07+08:00 ] 162.158.56.185 /favicon.ico
INFO: [ app_init ] --START--
INFO: Run Behavior\BuildLiteBehavior [ RunTime:0.000023s ]
INFO: [ app_init ] --END-- [ RunTime:0.000458s ]

[ 2015-11-16T21:11:07+08:00 ] 162.158.56.203 /index.php/Home/User/register.html
INFO: [ app_init ] --START--
INFO: Run Behavior\BuildLiteBehavior [ RunTime:0.000022s ]
INFO: [ app_init ] --END-- [ RunTime:0.000347s ]
INFO: [ app_begin ] --START--
INFO: Run Behavior\ReadHtmlCacheBehavior [ RunTime:0.000486s ]
INFO: [ app_begin ] --END-- [ RunTime:0.000556s ]
SQL: SHOW COLUMNS FROM `ge_area` [ RunTime:0.0008s ]
SQL: SELECT * FROM `ge_area` WHERE (  reid = 0 )  [ RunTime:0.0001s ]
INFO: [ view_parse ] --START--
INFO: [ template_filter ] --START--
INFO: Run Behavior\ContentReplaceBehavior [ RunTime:0.000073s ]
INFO: [ template_filter ] --END-- [ RunTime:0.000174s ]
NOTIC: [8] Undefined variable: userInfo /www/web/order_genecreate_cn/public_html/Application/Runtime/Cache/Home/015e3576f39cd349a536d1ba186b013a.php 第 538 行.
NOTIC: [8] Undefined variable: userInfo /www/web/order_genecreate_cn/public_html/Application/Runtime/Cache/Home/015e3576f39cd349a536d1ba186b013a.php 第 538 行.
NOTIC: [8] Undefined variable: userInfo /www/web/order_genecreate_cn/public_html/Application/Runtime/Cache/Home/015e3576f39cd349a536d1ba186b013a.php 第 538 行.
NOTIC: [8] Undefined variable: userInfo /www/web/order_genecreate_cn/public_html/Application/Runtime/Cache/Home/015e3576f39cd349a536d1ba186b013a.php 第 538 行.
NOTIC: [8] Undefined variable: userInfo /www/web/order_genecreate_cn/public_html/Application/Runtime/Cache/Home/015e3576f39cd349a536d1ba186b013a.php 第 538 行.
NOTIC: [8] Undefined variable: userInfo /www/web/order_genecreate_cn/public_html/Application/Runtime/Cache/Home/015e3576f39cd349a536d1ba186b013a.php 第 538 行.
NOTIC: [8] Undefined variable: userInfo /www/web/order_genecreate_cn/public_html/Application/Runtime/Cache/Home/015e3576f39cd349a536d1ba186b013a.php 第 538 行.
NOTIC: [8] Undefined variable: userInfo /www/web/order_genecreate_cn/public_html/Application/Runtime/Cache/Home/015e3576f39cd349a536d1ba186b013a.php 第 538 行.
NOTIC: [8] Undefined variable: userInfo /www/web/order_genecreate_cn/public_html/Application/Runtime/Cache/Home/015e3576f39cd349a536d1ba186b013a.php 第 538 行.
NOTIC: [8] Undefined variable: userInfo /www/web/order_genecreate_cn/public_html/Application/Runtime/Cache/Home/015e3576f39cd349a536d1ba186b013a.php 第 538 行.
NOTIC: [8] Undefined variable: userInfo /www/web/order_genecreate_cn/public_html/Application/Runtime/Cache/Home/015e3576f39cd349a536d1ba186b013a.php 第 538 行.
NOTIC: [8] Undefined variable: userInfo /www/web/order_genecreate_cn/public_html/Application/Runtime/Cache/Home/015e3576f39cd349a536d1ba186b013a.php 第 538 行.
NOTIC: [8] Undefined variable: userInfo /www/web/order_genecreate_cn/public_html/Application/Runtime/Cache/Home/015e3576f39cd349a536d1ba186b013a.php 第 538 行.
NOTIC: [8] Undefined variable: userInfo /www/web/order_genecreate_cn/public_html/Application/Runtime/Cache/Home/015e3576f39cd349a536d1ba186b013a.php 第 538 行.
NOTIC: [8] Undefined variable: userInfo /www/web/order_genecreate_cn/public_html/Application/Runtime/Cache/Home/015e3576f39cd349a536d1ba186b013a.php 第 538 行.
NOTIC: [8] Undefined variable: userInfo /www/web/order_genecreate_cn/public_html/Application/Runtime/Cache/Home/015e3576f39cd349a536d1ba186b013a.php 第 538 行.
NOTIC: [8] Undefined variable: userInfo /www/web/order_genecreate_cn/public_html/Application/Runtime/Cache/Home/015e3576f39cd349a536d1ba186b013a.php 第 538 行.
NOTIC: [8] Undefined variable: userInfo /www/web/order_genecreate_cn/public_html/Application/Runtime/Cache/Home/015e3576f39cd349a536d1ba186b013a.php 第 538 行.
NOTIC: [8] Undefined variable: userInfo /www/web/order_genecreate_cn/public_html/Application/Runtime/Cache/Home/015e3576f39cd349a536d1ba186b013a.php 第 538 行.
NOTIC: [8] Undefined variable: userInfo /www/web/order_genecreate_cn/public_html/Application/Runtime/Cache/Home/015e3576f39cd349a536d1ba186b013a.php 第 538 行.
NOTIC: [8] Undefined variable: userInfo /www/web/order_genecreate_cn/public_html/Application/Runtime/Cache/Home/015e3576f39cd349a536d1ba186b013a.php 第 538 行.
NOTIC: [8] Undefined variable: userInfo /www/web/order_genecreate_cn/public_html/Application/Runtime/Cache/Home/015e3576f39cd349a536d1ba186b013a.php 第 538 行.
NOTIC: [8] Undefined variable: userInfo /www/web/order_genecreate_cn/public_html/Application/Runtime/Cache/Home/015e3576f39cd349a536d1ba186b013a.php 第 538 行.
NOTIC: [8] Undefined variable: userInfo /www/web/order_genecreate_cn/public_html/Application/Runtime/Cache/Home/015e3576f39cd349a536d1ba186b013a.php 第 538 行.
NOTIC: [8] Undefined variable: userInfo /www/web/order_genecreate_cn/public_html/Application/Runtime/Cache/Home/015e3576f39cd349a536d1ba186b013a.php 第 538 行.
NOTIC: [8] Undefined variable: userInfo /www/web/order_genecreate_cn/public_html/Application/Runtime/Cache/Home/015e3576f39cd349a536d1ba186b013a.php 第 538 行.
NOTIC: [8] Undefined variable: userInfo /www/web/order_genecreate_cn/public_html/Application/Runtime/Cache/Home/015e3576f39cd349a536d1ba186b013a.php 第 538 行.
NOTIC: [8] Undefined variable: userInfo /www/web/order_genecreate_cn/public_html/Application/Runtime/Cache/Home/015e3576f39cd349a536d1ba186b013a.php 第 538 行.
NOTIC: [8] Undefined variable: userInfo /www/web/order_genecreate_cn/public_html/Application/Runtime/Cache/Home/015e3576f39cd349a536d1ba186b013a.php 第 538 行.
NOTIC: [8] Undefined variable: userInfo /www/web/order_genecreate_cn/public_html/Application/Runtime/Cache/Home/015e3576f39cd349a536d1ba186b013a.php 第 538 行.
NOTIC: [8] Undefined variable: userInfo /www/web/order_genecreate_cn/public_html/Application/Runtime/Cache/Home/015e3576f39cd349a536d1ba186b013a.php 第 538 行.
NOTIC: [8] Undefined variable: userInfo /www/web/order_genecreate_cn/public_html/Application/Runtime/Cache/Home/015e3576f39cd349a536d1ba186b013a.php 第 538 行.
NOTIC: [8] Undefined variable: userInfo /www/web/order_genecreate_cn/public_html/Application/Runtime/Cache/Home/015e3576f39cd349a536d1ba186b013a.php 第 538 行.
NOTIC: [8] Undefined variable: userInfo /www/web/order_genecreate_cn/public_html/Application/Runtime/Cache/Home/015e3576f39cd349a536d1ba186b013a.php 第 538 行.
NOTIC: [8] Undefined variable: userInfo /www/web/order_genecreate_cn/public_html/Application/Runtime/Cache/Home/015e3576f39cd349a536d1ba186b013a.php 第 552 行.
INFO: Run Behavior\ParseTemplateBehavior [ RunTime:0.040473s ]
INFO: [ view_parse ] --END-- [ RunTime:0.040529s ]
INFO: [ view_filter ] --START--
INFO: Run Behavior\WriteHtmlCacheBehavior [ RunTime:0.000211s ]
INFO: [ view_filter ] --END-- [ RunTime:0.000261s ]
INFO: [ app_end ] --START--
INFO: Run Behavior\ShowPageTraceBehavior [ RunTime:0.000443s ]
INFO: [ app_end ] --END-- [ RunTime:0.000498s ]

[ 2015-11-16T21:11:15+08:00 ] 162.158.56.203 /index.php/Home/User/login.html
INFO: [ app_init ] --START--
INFO: Run Behavior\BuildLiteBehavior [ RunTime:0.000022s ]
INFO: [ app_init ] --END-- [ RunTime:0.000433s ]
INFO: [ app_begin ] --START--
INFO: Run Behavior\ReadHtmlCacheBehavior [ RunTime:0.000477s ]
INFO: [ app_begin ] --END-- [ RunTime:0.000543s ]
SQL: SHOW COLUMNS FROM `ge_members` [ RunTime:0.0007s ]
SQL: SELECT * FROM `ge_members` WHERE ( username = '944906562@qq.com'  ) LIMIT 1   [ RunTime:0.0002s ]
INFO: [ view_parse ] --START--
INFO: [ template_filter ] --START--
INFO: Run Behavior\ContentReplaceBehavior [ RunTime:0.000040s ]
INFO: [ template_filter ] --END-- [ RunTime:0.000094s ]
INFO: Run Behavior\ParseTemplateBehavior [ RunTime:0.004901s ]
INFO: [ view_parse ] --END-- [ RunTime:0.004959s ]
INFO: [ view_filter ] --START--
INFO: Run Behavior\WriteHtmlCacheBehavior [ RunTime:0.000188s ]
INFO: [ view_filter ] --END-- [ RunTime:0.000235s ]

[ 2015-11-16T21:11:30+08:00 ] 162.158.56.203 /index.php/Home/User/login.html
INFO: [ app_init ] --START--
INFO: Run Behavior\BuildLiteBehavior [ RunTime:0.000019s ]
INFO: [ app_init ] --END-- [ RunTime:0.000328s ]
INFO: [ app_begin ] --START--
INFO: Run Behavior\ReadHtmlCacheBehavior [ RunTime:0.000435s ]
INFO: [ app_begin ] --END-- [ RunTime:0.000497s ]
SQL: SHOW COLUMNS FROM `ge_members` [ RunTime:0.0007s ]
SQL: SELECT * FROM `ge_members` WHERE ( username = '944906562@qq.com'  ) LIMIT 1   [ RunTime:0.0001s ]
INFO: [ view_parse ] --START--
INFO: [ template_filter ] --START--
INFO: Run Behavior\ContentReplaceBehavior [ RunTime:0.000043s ]
INFO: [ template_filter ] --END-- [ RunTime:0.000114s ]
INFO: Run Behavior\ParseTemplateBehavior [ RunTime:0.006674s ]
INFO: [ view_parse ] --END-- [ RunTime:0.006737s ]
INFO: [ view_filter ] --START--
INFO: Run Behavior\WriteHtmlCacheBehavior [ RunTime:0.000187s ]
INFO: [ view_filter ] --END-- [ RunTime:0.000233s ]

[ 2015-11-16T21:11:39+08:00 ] 162.158.56.203 /index.php/Home/User.html
INFO: [ app_init ] --START--
INFO: Run Behavior\BuildLiteBehavior [ RunTime:0.000020s ]
INFO: [ app_init ] --END-- [ RunTime:0.000348s ]
INFO: [ app_begin ] --START--
INFO: Run Behavior\ReadHtmlCacheBehavior [ RunTime:0.000487s ]
INFO: [ app_begin ] --END-- [ RunTime:0.000565s ]
INFO: [ view_parse ] --START--
INFO: [ template_filter ] --START--
INFO: Run Behavior\ContentReplaceBehavior [ RunTime:0.000045s ]
INFO: [ template_filter ] --END-- [ RunTime:0.000132s ]
INFO: Run Behavior\ParseTemplateBehavior [ RunTime:0.005754s ]
INFO: [ view_parse ] --END-- [ RunTime:0.005831s ]
INFO: [ view_filter ] --START--
INFO: Run Behavior\WriteHtmlCacheBehavior [ RunTime:0.000213s ]
INFO: [ view_filter ] --END-- [ RunTime:0.000260s ]
INFO: [ app_end ] --START--
INFO: Run Behavior\ShowPageTraceBehavior [ RunTime:0.000505s ]
INFO: [ app_end ] --END-- [ RunTime:0.000561s ]

[ 2015-11-16T21:11:54+08:00 ] 162.158.56.203 /index.php/Home/User/login.html
INFO: [ app_init ] --START--
INFO: Run Behavior\BuildLiteBehavior [ RunTime:0.000018s ]
INFO: [ app_init ] --END-- [ RunTime:0.000313s ]
INFO: [ app_begin ] --START--
INFO: Run Behavior\ReadHtmlCacheBehavior [ RunTime:0.000419s ]
INFO: [ app_begin ] --END-- [ RunTime:0.000479s ]
SQL: SHOW COLUMNS FROM `ge_members` [ RunTime:0.0008s ]
SQL: SELECT * FROM `ge_members` WHERE ( username = '944906562@qq.com'  ) LIMIT 1   [ RunTime:0.0001s ]
INFO: [ view_parse ] --START--
INFO: [ template_filter ] --START--
INFO: Run Behavior\ContentReplaceBehavior [ RunTime:0.000066s ]
INFO: [ template_filter ] --END-- [ RunTime:0.000142s ]
INFO: Run Behavior\ParseTemplateBehavior [ RunTime:0.005668s ]
INFO: [ view_parse ] --END-- [ RunTime:0.005792s ]
INFO: [ view_filter ] --START--
INFO: Run Behavior\WriteHtmlCacheBehavior [ RunTime:0.000210s ]
INFO: [ view_filter ] --END-- [ RunTime:0.000270s ]

[ 2015-11-16T21:35:10+08:00 ] 116.31.126.12 /favicon.ico
INFO: [ app_init ] --START--
INFO: Run Behavior\BuildLiteBehavior [ RunTime:0.000019s ]
INFO: [ app_init ] --END-- [ RunTime:0.000360s ]

[ 2015-11-16T21:42:23+08:00 ] 61.54.46.39 /favicon.ico
INFO: [ app_init ] --START--
INFO: Run Behavior\BuildLiteBehavior [ RunTime:0.000042s ]
INFO: [ app_init ] --END-- [ RunTime:0.000364s ]

[ 2015-11-16T21:49:38+08:00 ] 61.54.46.39 /favicon.ico
INFO: [ app_init ] --START--
INFO: Run Behavior\BuildLiteBehavior [ RunTime:0.000025s ]
INFO: [ app_init ] --END-- [ RunTime:0.000333s ]

[ 2015-11-16T21:54:49+08:00 ] 61.54.46.39 /favicon.ico
INFO: [ app_init ] --START--
INFO: Run Behavior\BuildLiteBehavior [ RunTime:0.000025s ]
INFO: [ app_init ] --END-- [ RunTime:0.000443s ]

[ 2015-11-16T22:05:49+08:00 ] 117.34.111.85 /favicon.ico
INFO: [ app_init ] --START--
INFO: Run Behavior\BuildLiteBehavior [ RunTime:0.000018s ]
INFO: [ app_init ] --END-- [ RunTime:0.000309s ]

[ 2015-11-16T22:20:13+08:00 ] 61.54.46.39 /favicon.ico
INFO: [ app_init ] --START--
INFO: Run Behavior\BuildLiteBehavior [ RunTime:0.000026s ]
INFO: [ app_init ] --END-- [ RunTime:0.000533s ]

[ 2015-11-16T22:27:43+08:00 ] 61.54.46.39 /favicon.ico
INFO: [ app_init ] --START--
INFO: Run Behavior\BuildLiteBehavior [ RunTime:0.000044s ]
INFO: [ app_init ] --END-- [ RunTime:0.000367s ]

[ 2015-11-16T22:33:12+08:00 ] 61.54.46.39 /favicon.ico
INFO: [ app_init ] --START--
INFO: Run Behavior\BuildLiteBehavior [ RunTime:0.000015s ]
INFO: [ app_init ] --END-- [ RunTime:0.000330s ]

[ 2015-11-16T22:38:59+08:00 ] 116.31.126.66 /news/html/?0'union/**/select/**/1/**/from/**/(select/**/count(*),concat(floor(rand(0)*2),0x3a,(select/**/concat(user,0x3a,password)/**/from/**/pwn_base_admin/**/limit/**/0,1),0x3a)a/**/from/**/information_schema.tables/**/group/**/by/**/a)b/**/where'1'='1.html
INFO: [ app_init ] --START--
INFO: Run Behavior\BuildLiteBehavior [ RunTime:0.000022s ]
INFO: [ app_init ] --END-- [ RunTime:0.000363s ]
INFO: [ app_begin ] --START--
INFO: Run Behavior\ReadHtmlCacheBehavior [ RunTime:0.000563s ]
INFO: [ app_begin ] --END-- [ RunTime:0.000662s ]
ERR: 无法加载控制器:News

[ 2015-11-16T23:21:50+08:00 ] 116.31.126.66 /index.php/home/user.html
INFO: [ app_init ] --START--
INFO: Run Behavior\BuildLiteBehavior [ RunTime:0.000026s ]
INFO: [ app_init ] --END-- [ RunTime:0.000447s ]
INFO: [ app_begin ] --START--
INFO: Run Behavior\ReadHtmlCacheBehavior [ RunTime:0.000665s ]
INFO: [ app_begin ] --END-- [ RunTime:0.000777s ]
INFO: [ view_parse ] --START--
INFO: [ template_filter ] --START--
INFO: Run Behavior\ContentReplaceBehavior [ RunTime:0.000040s ]
INFO: [ template_filter ] --END-- [ RunTime:0.000118s ]
INFO: Run Behavior\ParseTemplateBehavior [ RunTime:0.006345s ]
INFO: [ view_parse ] --END-- [ RunTime:0.006420s ]
INFO: [ view_filter ] --START--
INFO: Run Behavior\WriteHtmlCacheBehavior [ RunTime:0.000200s ]
INFO: [ view_filter ] --END-- [ RunTime:0.000247s ]
INFO: [ app_end ] --START--
INFO: Run Behavior\ShowPageTraceBehavior [ RunTime:0.000478s ]
INFO: [ app_end ] --END-- [ RunTime:0.000534s ]

[ 2015-11-16T23:21:50+08:00 ] 116.31.126.66 /index.php/home/user/register.html
INFO: [ app_init ] --START--
INFO: Run Behavior\BuildLiteBehavior [ RunTime:0.000019s ]
INFO: [ app_init ] --END-- [ RunTime:0.000321s ]
INFO: [ app_begin ] --START--
INFO: Run Behavior\ReadHtmlCacheBehavior [ RunTime:0.000416s ]
INFO: [ app_begin ] --END-- [ RunTime:0.000474s ]
SQL: SHOW COLUMNS FROM `ge_area` [ RunTime:0.0007s ]
SQL: SELECT * FROM `ge_area` WHERE (  reid = 0 )  [ RunTime:0.0001s ]
INFO: [ view_parse ] --START--
INFO: [ template_filter ] --START--
INFO: Run Behavior\ContentReplaceBehavior [ RunTime:0.000065s ]
INFO: [ template_filter ] --END-- [ RunTime:0.000138s ]
NOTIC: [8] Undefined variable: userInfo /www/web/order_genecreate_cn/public_html/Application/Runtime/Cache/Home/015e3576f39cd349a536d1ba186b013a.php 第 538 行.
NOTIC: [8] Undefined variable: userInfo /www/web/order_genecreate_cn/public_html/Application/Runtime/Cache/Home/015e3576f39cd349a536d1ba186b013a.php 第 538 行.
NOTIC: [8] Undefined variable: userInfo /www/web/order_genecreate_cn/public_html/Application/Runtime/Cache/Home/015e3576f39cd349a536d1ba186b013a.php 第 538 行.
NOTIC: [8] Undefined variable: userInfo /www/web/order_genecreate_cn/public_html/Application/Runtime/Cache/Home/015e3576f39cd349a536d1ba186b013a.php 第 538 行.
NOTIC: [8] Undefined variable: userInfo /www/web/order_genecreate_cn/public_html/Application/Runtime/Cache/Home/015e3576f39cd349a536d1ba186b013a.php 第 538 行.
NOTIC: [8] Undefined variable: userInfo /www/web/order_genecreate_cn/public_html/Application/Runtime/Cache/Home/015e3576f39cd349a536d1ba186b013a.php 第 538 行.
NOTIC: [8] Undefined variable: userInfo /www/web/order_genecreate_cn/public_html/Application/Runtime/Cache/Home/015e3576f39cd349a536d1ba186b013a.php 第 538 行.
NOTIC: [8] Undefined variable: userInfo /www/web/order_genecreate_cn/public_html/Application/Runtime/Cache/Home/015e3576f39cd349a536d1ba186b013a.php 第 538 行.
NOTIC: [8] Undefined variable: userInfo /www/web/order_genecreate_cn/public_html/Application/Runtime/Cache/Home/015e3576f39cd349a536d1ba186b013a.php 第 538 行.
NOTIC: [8] Undefined variable: userInfo /www/web/order_genecreate_cn/public_html/Application/Runtime/Cache/Home/015e3576f39cd349a536d1ba186b013a.php 第 538 行.
NOTIC: [8] Undefined variable: userInfo /www/web/order_genecreate_cn/public_html/Application/Runtime/Cache/Home/015e3576f39cd349a536d1ba186b013a.php 第 538 行.
NOTIC: [8] Undefined variable: userInfo /www/web/order_genecreate_cn/public_html/Application/Runtime/Cache/Home/015e3576f39cd349a536d1ba186b013a.php 第 538 行.
NOTIC: [8] Undefined variable: userInfo /www/web/order_genecreate_cn/public_html/Application/Runtime/Cache/Home/015e3576f39cd349a536d1ba186b013a.php 第 538 行.
NOTIC: [8] Undefined variable: userInfo /www/web/order_genecreate_cn/public_html/Application/Runtime/Cache/Home/015e3576f39cd349a536d1ba186b013a.php 第 538 行.
NOTIC: [8] Undefined variable: userInfo /www/web/order_genecreate_cn/public_html/Application/Runtime/Cache/Home/015e3576f39cd349a536d1ba186b013a.php 第 538 行.
NOTIC: [8] Undefined variable: userInfo /www/web/order_genecreate_cn/public_html/Application/Runtime/Cache/Home/015e3576f39cd349a536d1ba186b013a.php 第 538 行.
NOTIC: [8] Undefined variable: userInfo /www/web/order_genecreate_cn/public_html/Application/Runtime/Cache/Home/015e3576f39cd349a536d1ba186b013a.php 第 538 行.
NOTIC: [8] Undefined variable: userInfo /www/web/order_genecreate_cn/public_html/Application/Runtime/Cache/Home/015e3576f39cd349a536d1ba186b013a.php 第 538 行.
NOTIC: [8] Undefined variable: userInfo /www/web/order_genecreate_cn/public_html/Application/Runtime/Cache/Home/015e3576f39cd349a536d1ba186b013a.php 第 538 行.
NOTIC: [8] Undefined variable: userInfo /www/web/order_genecreate_cn/public_html/Application/Runtime/Cache/Home/015e3576f39cd349a536d1ba186b013a.php 第 538 行.
NOTIC: [8] Undefined variable: userInfo /www/web/order_genecreate_cn/public_html/Application/Runtime/Cache/Home/015e3576f39cd349a536d1ba186b013a.php 第 538 行.
NOTIC: [8] Undefined variable: userInfo /www/web/order_genecreate_cn/public_html/Application/Runtime/Cache/Home/015e3576f39cd349a536d1ba186b013a.php 第 538 行.
NOTIC: [8] Undefined variable: userInfo /www/web/order_genecreate_cn/public_html/Application/Runtime/Cache/Home/015e3576f39cd349a536d1ba186b013a.php 第 538 行.
NOTIC: [8] Undefined variable: userInfo /www/web/order_genecreate_cn/public_html/Application/Runtime/Cache/Home/015e3576f39cd349a536d1ba186b013a.php 第 538 行.
NOTIC: [8] Undefined variable: userInfo /www/web/order_genecreate_cn/public_html/Application/Runtime/Cache/Home/015e3576f39cd349a536d1ba186b013a.php 第 538 行.
NOTIC: [8] Undefined variable: userInfo /www/web/order_genecreate_cn/public_html/Application/Runtime/Cache/Home/015e3576f39cd349a536d1ba186b013a.php 第 538 行.
NOTIC: [8] Undefined variable: userInfo /www/web/order_genecreate_cn/public_html/Application/Runtime/Cache/Home/015e3576f39cd349a536d1ba186b013a.php 第 538 行.
NOTIC: [8] Undefined variable: userInfo /www/web/order_genecreate_cn/public_html/Application/Runtime/Cache/Home/015e3576f39cd349a536d1ba186b013a.php 第 538 行.
NOTIC: [8] Undefined variable: userInfo /www/web/order_genecreate_cn/public_html/Application/Runtime/Cache/Home/015e3576f39cd349a536d1ba186b013a.php 第 538 行.
NOTIC: [8] Undefined variable: userInfo /www/web/order_genecreate_cn/public_html/Application/Runtime/Cache/Home/015e3576f39cd349a536d1ba186b013a.php 第 538 行.
NOTIC: [8] Undefined variable: userInfo /www/web/order_genecreate_cn/public_html/Application/Runtime/Cache/Home/015e3576f39cd349a536d1ba186b013a.php 第 538 行.
NOTIC: [8] Undefined variable: userInfo /www/web/order_genecreate_cn/public_html/Application/Runtime/Cache/Home/015e3576f39cd349a536d1ba186b013a.php 第 538 行.
NOTIC: [8] Undefined variable: userInfo /www/web/order_genecreate_cn/public_html/Application/Runtime/Cache/Home/015e3576f39cd349a536d1ba186b013a.php 第 538 行.
NOTIC: [8] Undefined variable: userInfo /www/web/order_genecreate_cn/public_html/Application/Runtime/Cache/Home/015e3576f39cd349a536d1ba186b013a.php 第 538 行.
NOTIC: [8] Undefined variable: userInfo /www/web/order_genecreate_cn/public_html/Application/Runtime/Cache/Home/015e3576f39cd349a536d1ba186b013a.php 第 552 行.
INFO: Run Behavior\ParseTemplateBehavior [ RunTime:0.010160s ]
INFO: [ view_parse ] --END-- [ RunTime:0.010217s ]
INFO: [ view_filter ] --START--
INFO: Run Behavior\WriteHtmlCacheBehavior [ RunTime:0.000212s ]
INFO: [ view_filter ] --END-- [ RunTime:0.000260s ]
INFO: [ app_end ] --START--
INFO: Run Behavior\ShowPageTraceBehavior [ RunTime:0.000484s ]
INFO: [ app_end ] --END-- [ RunTime:0.000542s ]

[ 2015-11-16T23:28:51+08:00 ] 117.34.111.85 /favicon.ico
INFO: [ app_init ] --START--
INFO: Run Behavior\BuildLiteBehavior [ RunTime:0.000020s ]
INFO: [ app_init ] --END-- [ RunTime:0.000327s ]

