[ 2015-11-13T04:13:15+08:00 ] 108.162.223.209 /index.php/home/user/register.html
INFO: [ app_init ] --START--
INFO: Run Behavior\BuildLiteBehavior [ RunTime:0.000015s ]
INFO: [ app_init ] --END-- [ RunTime:0.000329s ]
INFO: [ app_begin ] --START--
INFO: Run Behavior\ReadHtmlCacheBehavior [ RunTime:0.000496s ]
INFO: [ app_begin ] --END-- [ RunTime:0.000570s ]
SQL: SHOW COLUMNS FROM `ge_area` [ RunTime:0.0007s ]
SQL: SELECT * FROM `ge_area` WHERE (  reid = 0 )  [ RunTime:0.0001s ]
INFO: [ view_parse ] --START--
INFO: [ template_filter ] --START--
INFO: Run Behavior\ContentReplaceBehavior [ RunTime:0.000070s ]
INFO: [ template_filter ] --END-- [ RunTime:0.000155s ]
NOTIC: [8] Undefined variable: userInfo /www/web/order_genecreate_cn/public_html/Application/Runtime/Cache/Home/015e3576f39cd349a536d1ba186b013a.php 第 538 行.
NOTIC: [8] Undefined variable: userInfo /www/web/order_genecreate_cn/public_html/Application/Runtime/Cache/Home/015e3576f39cd349a536d1ba186b013a.php 第 538 行.
NOTIC: [8] Undefined variable: userInfo /www/web/order_genecreate_cn/public_html/Application/Runtime/Cache/Home/015e3576f39cd349a536d1ba186b013a.php 第 538 行.
NOTIC: [8] Undefined variable: userInfo /www/web/order_genecreate_cn/public_html/Application/Runtime/Cache/Home/015e3576f39cd349a536d1ba186b013a.php 第 538 行.
NOTIC: [8] Undefined variable: userInfo /www/web/order_genecreate_cn/public_html/Application/Runtime/Cache/Home/015e3576f39cd349a536d1ba186b013a.php 第 538 行.
NOTIC: [8] Undefined variable: userInfo /www/web/order_genecreate_cn/public_html/Application/Runtime/Cache/Home/015e3576f39cd349a536d1ba186b013a.php 第 538 行.
NOTIC: [8] Undefined variable: userInfo /www/web/order_genecreate_cn/public_html/Application/Runtime/Cache/Home/015e3576f39cd349a536d1ba186b013a.php 第 538 行.
NOTIC: [8] Undefined variable: userInfo /www/web/order_genecreate_cn/public_html/Application/Runtime/Cache/Home/015e3576f39cd349a536d1ba186b013a.php 第 538 行.
NOTIC: [8] Undefined variable: userInfo /www/web/order_genecreate_cn/public_html/Application/Runtime/Cache/Home/015e3576f39cd349a536d1ba186b013a.php 第 538 行.
NOTIC: [8] Undefined variable: userInfo /www/web/order_genecreate_cn/public_html/Application/Runtime/Cache/Home/015e3576f39cd349a536d1ba186b013a.php 第 538 行.
NOTIC: [8] Undefined variable: userInfo /www/web/order_genecreate_cn/public_html/Application/Runtime/Cache/Home/015e3576f39cd349a536d1ba186b013a.php 第 538 行.
NOTIC: [8] Undefined variable: userInfo /www/web/order_genecreate_cn/public_html/Application/Runtime/Cache/Home/015e3576f39cd349a536d1ba186b013a.php 第 538 行.
NOTIC: [8] Undefined variable: userInfo /www/web/order_genecreate_cn/public_html/Application/Runtime/Cache/Home/015e3576f39cd349a536d1ba186b013a.php 第 538 行.
NOTIC: [8] Undefined variable: userInfo /www/web/order_genecreate_cn/public_html/Application/Runtime/Cache/Home/015e3576f39cd349a536d1ba186b013a.php 第 538 行.
NOTIC: [8] Undefined variable: userInfo /www/web/order_genecreate_cn/public_html/Application/Runtime/Cache/Home/015e3576f39cd349a536d1ba186b013a.php 第 538 行.
NOTIC: [8] Undefined variable: userInfo /www/web/order_genecreate_cn/public_html/Application/Runtime/Cache/Home/015e3576f39cd349a536d1ba186b013a.php 第 538 行.
NOTIC: [8] Undefined variable: userInfo /www/web/order_genecreate_cn/public_html/Application/Runtime/Cache/Home/015e3576f39cd349a536d1ba186b013a.php 第 538 行.
NOTIC: [8] Undefined variable: userInfo /www/web/order_genecreate_cn/public_html/Application/Runtime/Cache/Home/015e3576f39cd349a536d1ba186b013a.php 第 538 行.
NOTIC: [8] Undefined variable: userInfo /www/web/order_genecreate_cn/public_html/Application/Runtime/Cache/Home/015e3576f39cd349a536d1ba186b013a.php 第 538 行.
NOTIC: [8] Undefined variable: userInfo /www/web/order_genecreate_cn/public_html/Application/Runtime/Cache/Home/015e3576f39cd349a536d1ba186b013a.php 第 538 行.
NOTIC: [8] Undefined variable: userInfo /www/web/order_genecreate_cn/public_html/Application/Runtime/Cache/Home/015e3576f39cd349a536d1ba186b013a.php 第 538 行.
NOTIC: [8] Undefined variable: userInfo /www/web/order_genecreate_cn/public_html/Application/Runtime/Cache/Home/015e3576f39cd349a536d1ba186b013a.php 第 538 行.
NOTIC: [8] Undefined variable: userInfo /www/web/order_genecreate_cn/public_html/Application/Runtime/Cache/Home/015e3576f39cd349a536d1ba186b013a.php 第 538 行.
NOTIC: [8] Undefined variable: userInfo /www/web/order_genecreate_cn/public_html/Application/Runtime/Cache/Home/015e3576f39cd349a536d1ba186b013a.php 第 538 行.
NOTIC: [8] Undefined variable: userInfo /www/web/order_genecreate_cn/public_html/Application/Runtime/Cache/Home/015e3576f39cd349a536d1ba186b013a.php 第 538 行.
NOTIC: [8] Undefined variable: userInfo /www/web/order_genecreate_cn/public_html/Application/Runtime/Cache/Home/015e3576f39cd349a536d1ba186b013a.php 第 538 行.
NOTIC: [8] Undefined variable: userInfo /www/web/order_genecreate_cn/public_html/Application/Runtime/Cache/Home/015e3576f39cd349a536d1ba186b013a.php 第 538 行.
NOTIC: [8] Undefined variable: userInfo /www/web/order_genecreate_cn/public_html/Application/Runtime/Cache/Home/015e3576f39cd349a536d1ba186b013a.php 第 538 行.
NOTIC: [8] Undefined variable: userInfo /www/web/order_genecreate_cn/public_html/Application/Runtime/Cache/Home/015e3576f39cd349a536d1ba186b013a.php 第 538 行.
NOTIC: [8] Undefined variable: userInfo /www/web/order_genecreate_cn/public_html/Application/Runtime/Cache/Home/015e3576f39cd349a536d1ba186b013a.php 第 538 行.
NOTIC: [8] Undefined variable: userInfo /www/web/order_genecreate_cn/public_html/Application/Runtime/Cache/Home/015e3576f39cd349a536d1ba186b013a.php 第 538 行.
NOTIC: [8] Undefined variable: userInfo /www/web/order_genecreate_cn/public_html/Application/Runtime/Cache/Home/015e3576f39cd349a536d1ba186b013a.php 第 538 行.
NOTIC: [8] Undefined variable: userInfo /www/web/order_genecreate_cn/public_html/Application/Runtime/Cache/Home/015e3576f39cd349a536d1ba186b013a.php 第 538 行.
NOTIC: [8] Undefined variable: userInfo /www/web/order_genecreate_cn/public_html/Application/Runtime/Cache/Home/015e3576f39cd349a536d1ba186b013a.php 第 538 行.
NOTIC: [8] Undefined variable: userInfo /www/web/order_genecreate_cn/public_html/Application/Runtime/Cache/Home/015e3576f39cd349a536d1ba186b013a.php 第 552 行.
INFO: Run Behavior\ParseTemplateBehavior [ RunTime:0.010870s ]
INFO: [ view_parse ] --END-- [ RunTime:0.010956s ]
INFO: [ view_filter ] --START--
INFO: Run Behavior\WriteHtmlCacheBehavior [ RunTime:0.000236s ]
INFO: [ view_filter ] --END-- [ RunTime:0.000284s ]
INFO: [ app_end ] --START--
INFO: Run Behavior\ShowPageTraceBehavior [ RunTime:0.000525s ]
INFO: [ app_end ] --END-- [ RunTime:0.000587s ]

[ 2015-11-13T08:18:43+08:00 ] 108.162.223.209 /index.php/home/user.html
INFO: [ app_init ] --START--
INFO: Run Behavior\BuildLiteBehavior [ RunTime:0.000019s ]
INFO: [ app_init ] --END-- [ RunTime:0.000346s ]
INFO: [ app_begin ] --START--
INFO: Run Behavior\ReadHtmlCacheBehavior [ RunTime:0.000570s ]
INFO: [ app_begin ] --END-- [ RunTime:0.000677s ]
INFO: [ view_parse ] --START--
INFO: [ template_filter ] --START--
INFO: Run Behavior\ContentReplaceBehavior [ RunTime:0.000044s ]
INFO: [ template_filter ] --END-- [ RunTime:0.000132s ]
INFO: Run Behavior\ParseTemplateBehavior [ RunTime:0.054894s ]
INFO: [ view_parse ] --END-- [ RunTime:0.055156s ]
INFO: [ view_filter ] --START--
INFO: Run Behavior\WriteHtmlCacheBehavior [ RunTime:0.000544s ]
INFO: [ view_filter ] --END-- [ RunTime:0.000604s ]
INFO: [ app_end ] --START--
INFO: Run Behavior\ShowPageTraceBehavior [ RunTime:0.000625s ]
INFO: [ app_end ] --END-- [ RunTime:0.000711s ]

[ 2015-11-13T08:49:50+08:00 ] 117.34.111.135 /index.php/Home/User.html
INFO: [ app_init ] --START--
INFO: Run Behavior\BuildLiteBehavior [ RunTime:0.000021s ]
INFO: [ app_init ] --END-- [ RunTime:0.000459s ]
INFO: [ app_begin ] --START--
INFO: Run Behavior\ReadHtmlCacheBehavior [ RunTime:0.000565s ]
INFO: [ app_begin ] --END-- [ RunTime:0.000664s ]
INFO: [ view_parse ] --START--
INFO: [ template_filter ] --START--
INFO: Run Behavior\ContentReplaceBehavior [ RunTime:0.000042s ]
INFO: [ template_filter ] --END-- [ RunTime:0.000117s ]
INFO: Run Behavior\ParseTemplateBehavior [ RunTime:0.006161s ]
INFO: [ view_parse ] --END-- [ RunTime:0.006250s ]
INFO: [ view_filter ] --START--
INFO: Run Behavior\WriteHtmlCacheBehavior [ RunTime:0.000250s ]
INFO: [ view_filter ] --END-- [ RunTime:0.000317s ]
INFO: [ app_end ] --START--
INFO: Run Behavior\ShowPageTraceBehavior [ RunTime:0.000468s ]
INFO: [ app_end ] --END-- [ RunTime:0.000524s ]

[ 2015-11-13T08:49:51+08:00 ] 117.34.111.85 /favicon.ico
INFO: [ app_init ] --START--
INFO: Run Behavior\BuildLiteBehavior [ RunTime:0.000022s ]
INFO: [ app_init ] --END-- [ RunTime:0.000415s ]

[ 2015-11-13T09:26:09+08:00 ] 117.34.111.85 /favicon.ico
INFO: [ app_init ] --START--
INFO: Run Behavior\BuildLiteBehavior [ RunTime:0.000019s ]
INFO: [ app_init ] --END-- [ RunTime:0.000376s ]

[ 2015-11-13T09:55:58+08:00 ] 117.34.111.85 /favicon.ico
INFO: [ app_init ] --START--
INFO: Run Behavior\BuildLiteBehavior [ RunTime:0.000020s ]
INFO: [ app_init ] --END-- [ RunTime:0.000320s ]

[ 2015-11-13T10:53:42+08:00 ] 117.34.111.85 /favicon.ico
INFO: [ app_init ] --START--
INFO: Run Behavior\BuildLiteBehavior [ RunTime:0.000020s ]
INFO: [ app_init ] --END-- [ RunTime:0.000406s ]

[ 2015-11-13T12:12:03+08:00 ] 117.34.111.85 /favicon.ico
INFO: [ app_init ] --START--
INFO: Run Behavior\BuildLiteBehavior [ RunTime:0.000020s ]
INFO: [ app_init ] --END-- [ RunTime:0.000374s ]

[ 2015-11-13T12:28:16+08:00 ] 117.34.111.85 /favicon.ico
INFO: [ app_init ] --START--
INFO: Run Behavior\BuildLiteBehavior [ RunTime:0.000019s ]
INFO: [ app_init ] --END-- [ RunTime:0.000314s ]

[ 2015-11-13T13:50:39+08:00 ] 117.34.111.85 /favicon.ico
INFO: [ app_init ] --START--
INFO: Run Behavior\BuildLiteBehavior [ RunTime:0.000025s ]
INFO: [ app_init ] --END-- [ RunTime:0.000457s ]

[ 2015-11-13T14:28:14+08:00 ] 117.34.111.85 /favicon.ico
INFO: [ app_init ] --START--
INFO: Run Behavior\BuildLiteBehavior [ RunTime:0.000019s ]
INFO: [ app_init ] --END-- [ RunTime:0.000347s ]

[ 2015-11-13T14:28:14+08:00 ] 117.34.111.120 /index.php/Index.html
INFO: [ app_init ] --START--
INFO: Run Behavior\BuildLiteBehavior [ RunTime:0.000026s ]
INFO: [ app_init ] --END-- [ RunTime:0.000337s ]
INFO: [ app_begin ] --START--
INFO: Run Behavior\ReadHtmlCacheBehavior [ RunTime:0.000493s ]
INFO: [ app_begin ] --END-- [ RunTime:0.000603s ]
NOTIC: [2048] Non-static method Home\Controller\UserController::isLogin() should not be called statically, assuming $this from incompatible context /www/web/order_genecreate_cn/public_html/Application/Home/Controller/IndexController.class.php 第 10 行.

[ 2015-11-13T14:28:14+08:00 ] 117.34.111.120 /index.php/Home/User.html
INFO: [ app_init ] --START--
INFO: Run Behavior\BuildLiteBehavior [ RunTime:0.000020s ]
INFO: [ app_init ] --END-- [ RunTime:0.000326s ]
INFO: [ app_begin ] --START--
INFO: Run Behavior\ReadHtmlCacheBehavior [ RunTime:0.000422s ]
INFO: [ app_begin ] --END-- [ RunTime:0.000492s ]
INFO: [ view_parse ] --START--
INFO: [ template_filter ] --START--
INFO: Run Behavior\ContentReplaceBehavior [ RunTime:0.000061s ]
INFO: [ template_filter ] --END-- [ RunTime:0.000145s ]
INFO: Run Behavior\ParseTemplateBehavior [ RunTime:0.005483s ]
INFO: [ view_parse ] --END-- [ RunTime:0.005546s ]
INFO: [ view_filter ] --START--
INFO: Run Behavior\WriteHtmlCacheBehavior [ RunTime:0.000190s ]
INFO: [ view_filter ] --END-- [ RunTime:0.000307s ]
INFO: [ app_end ] --START--
INFO: Run Behavior\ShowPageTraceBehavior [ RunTime:0.000465s ]
INFO: [ app_end ] --END-- [ RunTime:0.000526s ]

[ 2015-11-13T14:28:25+08:00 ] 117.34.111.100 /index.php/Home/User/login.html
INFO: [ app_init ] --START--
INFO: Run Behavior\BuildLiteBehavior [ RunTime:0.000018s ]
INFO: [ app_init ] --END-- [ RunTime:0.000314s ]
INFO: [ app_begin ] --START--
INFO: Run Behavior\ReadHtmlCacheBehavior [ RunTime:0.000487s ]
INFO: [ app_begin ] --END-- [ RunTime:0.000579s ]
SQL: SHOW COLUMNS FROM `ge_members` [ RunTime:0.0007s ]
SQL: SELECT * FROM `ge_members` WHERE ( username = '1031625716@qq.com'  ) LIMIT 1   [ RunTime:0.0003s ]
SQL: UPDATE `ge_members` SET `logintime`='1447396105',`loginip`='117.34.111.100' WHERE ( id = 57 ) [ RunTime:0.0002s ]
INFO: [ view_parse ] --START--
INFO: [ template_filter ] --START--
INFO: Run Behavior\ContentReplaceBehavior [ RunTime:0.000039s ]
INFO: [ template_filter ] --END-- [ RunTime:0.000099s ]
INFO: Run Behavior\ParseTemplateBehavior [ RunTime:0.005164s ]
INFO: [ view_parse ] --END-- [ RunTime:0.005243s ]
INFO: [ view_filter ] --START--
INFO: Run Behavior\WriteHtmlCacheBehavior [ RunTime:0.000189s ]
INFO: [ view_filter ] --END-- [ RunTime:0.000238s ]
INFO: [ app_end ] --START--
INFO: Run Behavior\ShowPageTraceBehavior [ RunTime:0.000478s ]
INFO: [ app_end ] --END-- [ RunTime:0.000530s ]

[ 2015-11-13T14:28:26+08:00 ] 117.34.111.120 /index.php/Index/index.html
INFO: [ app_init ] --START--
INFO: Run Behavior\BuildLiteBehavior [ RunTime:0.000021s ]
INFO: [ app_init ] --END-- [ RunTime:0.000324s ]
INFO: [ app_begin ] --START--
INFO: Run Behavior\ReadHtmlCacheBehavior [ RunTime:0.000472s ]
INFO: [ app_begin ] --END-- [ RunTime:0.000572s ]
NOTIC: [2048] Non-static method Home\Controller\UserController::isLogin() should not be called statically, assuming $this from incompatible context /www/web/order_genecreate_cn/public_html/Application/Home/Controller/IndexController.class.php 第 10 行.
SQL: SHOW COLUMNS FROM `ge_members` [ RunTime:0.0007s ]
SQL: SELECT * FROM `ge_members` WHERE (  id = '57'  ) LIMIT 1   [ RunTime:0.0003s ]
SQL: SHOW COLUMNS FROM `ge_orders` [ RunTime:0.0007s ]
SQL: SELECT `id`,`code`,`code_yw`,`uid`,`description`,`info`,`addtime`,`ordertype`,`status`,`num_yinwu`,`gid`,`num`,`synthesis` FROM `ge_orders` WHERE (  uid = '57' and status != 3 and ordertype = 1 ) ORDER BY id desc LIMIT 3   [ RunTime:0.0143s ]
SQL: SELECT `id`,`code`,`code_yw`,`uid`,`description`,`info`,`addtime`,`ordertype`,`status`,`num_yinwu`,`gid`,`num`,`synthesis` FROM `ge_orders` WHERE (  uid = '57' and status != 3 and ordertype = 2 ) ORDER BY id desc LIMIT 3   [ RunTime:0.0006s ]
SQL: SELECT `id`,`code`,`code_yw`,`uid`,`description`,`info`,`addtime`,`ordertype`,`status`,`num_yinwu`,`gid`,`num`,`synthesis` FROM `ge_orders` WHERE (  uid = '57' and status != 3 and ordertype = 3 ) ORDER BY id desc LIMIT 3   [ RunTime:0.0004s ]
SQL: SELECT `id`,`code`,`uid`,`description`,`info`,`addtime`,`ordertype`,`status`,`num_yinwu`,`gid`,`num` FROM `ge_orders` WHERE (  uid = '57' and status != 3 and ordertype = 4 ) ORDER BY id desc LIMIT 3   [ RunTime:0.0004s ]
SQL: SELECT `id`,`code`,`uid`,`description`,`info`,`addtime`,`ordertype`,`status`,`num_yinwu`,`gid`,`num` FROM `ge_orders` WHERE (  uid = '57' and status != 3 and ordertype = 5 ) ORDER BY id desc LIMIT 3   [ RunTime:0.0004s ]
SQL: SELECT `id`,`code`,`uid`,`description`,`info`,`addtime`,`ordertype`,`status`,`num_yinwu`,`gid`,`num` FROM `ge_orders` WHERE (  uid = '57' and status != 3 and ordertype = 6 ) ORDER BY id desc LIMIT 3   [ RunTime:0.0004s ]
SQL: SELECT * FROM `ge_orders` WHERE (  uid = 57 and status = 3 ) LIMIT 5   [ RunTime:0.0004s ]
SQL: SHOW COLUMNS FROM `ge_members_info` [ RunTime:0.0008s ]
SQL: SELECT * FROM `ge_members_info` WHERE ( uid = 57 ) LIMIT 1   [ RunTime:0.0001s ]
INFO: [ view_parse ] --START--
INFO: [ template_filter ] --START--
INFO: Run Behavior\ContentReplaceBehavior [ RunTime:0.000132s ]
INFO: [ template_filter ] --END-- [ RunTime:0.000229s ]
SQL: SHOW COLUMNS FROM `ge_orders_primers` [ RunTime:0.0009s ]
SQL: SELECT SUM(basenum) AS tp_Sum FROM `ge_orders_primers` WHERE (  orderid = 924 ) LIMIT 1   [ RunTime:0.0285s ]
SQL: SELECT SUM(basenum) AS tp_Sum FROM `ge_orders_primers` WHERE (  orderid = 921 ) LIMIT 1   [ RunTime:0.0008s ]
SQL: SELECT SUM(basenum) AS tp_Sum FROM `ge_orders_primers` WHERE (  orderid = 920 ) LIMIT 1   [ RunTime:0.0005s ]
INFO: Run Behavior\ParseTemplateBehavior [ RunTime:0.137299s ]
INFO: [ view_parse ] --END-- [ RunTime:0.137375s ]
INFO: [ view_filter ] --START--
INFO: Run Behavior\WriteHtmlCacheBehavior [ RunTime:0.000345s ]
INFO: [ view_filter ] --END-- [ RunTime:0.000400s ]
INFO: [ app_end ] --START--
INFO: Run Behavior\ShowPageTraceBehavior [ RunTime:0.000480s ]
INFO: [ app_end ] --END-- [ RunTime:0.000545s ]

[ 2015-11-13T14:28:54+08:00 ] 117.34.111.100 /index.php/Home/Primer/Create.html
INFO: [ app_init ] --START--
INFO: Run Behavior\BuildLiteBehavior [ RunTime:0.000021s ]
INFO: [ app_init ] --END-- [ RunTime:0.000336s ]
INFO: [ app_begin ] --START--
INFO: Run Behavior\ReadHtmlCacheBehavior [ RunTime:0.000473s ]
INFO: [ app_begin ] --END-- [ RunTime:0.000564s ]
NOTIC: [2048] Non-static method Home\Controller\UserController::isLogin() should not be called statically, assuming $this from incompatible context /www/web/order_genecreate_cn/public_html/Application/Home/Controller/PrimerController.class.php 第 21 行.
SQL: SHOW COLUMNS FROM `ge_members` [ RunTime:0.0007s ]
SQL: SELECT * FROM `ge_members` WHERE (  id = '57'  ) LIMIT 1   [ RunTime:0.0001s ]
SQL: SHOW COLUMNS FROM `ge_members_info` [ RunTime:0.0006s ]
SQL: SELECT * FROM `ge_members_info` WHERE ( uid = 57 ) LIMIT 1   [ RunTime:0.0001s ]
INFO: [ view_parse ] --START--
INFO: [ template_filter ] --START--
INFO: Run Behavior\ContentReplaceBehavior [ RunTime:0.000087s ]
INFO: [ template_filter ] --END-- [ RunTime:0.000174s ]
INFO: Run Behavior\ParseTemplateBehavior [ RunTime:0.059280s ]
INFO: [ view_parse ] --END-- [ RunTime:0.059347s ]
INFO: [ view_filter ] --START--
INFO: Run Behavior\WriteHtmlCacheBehavior [ RunTime:0.000232s ]
INFO: [ view_filter ] --END-- [ RunTime:0.000281s ]
INFO: [ app_end ] --START--
INFO: Run Behavior\ShowPageTraceBehavior [ RunTime:0.000489s ]
INFO: [ app_end ] --END-- [ RunTime:0.000557s ]

[ 2015-11-13T14:28:54+08:00 ] 117.34.111.120 /index.php/Home/Primer/Create.html
INFO: [ app_init ] --START--
INFO: Run Behavior\BuildLiteBehavior [ RunTime:0.000016s ]
INFO: [ app_init ] --END-- [ RunTime:0.000348s ]
INFO: [ app_begin ] --START--
INFO: Run Behavior\ReadHtmlCacheBehavior [ RunTime:0.000597s ]
INFO: [ app_begin ] --END-- [ RunTime:0.000694s ]
NOTIC: [2048] Non-static method Home\Controller\UserController::isLogin() should not be called statically, assuming $this from incompatible context /www/web/order_genecreate_cn/public_html/Application/Home/Controller/PrimerController.class.php 第 21 行.
SQL: SHOW COLUMNS FROM `ge_members` [ RunTime:0.0007s ]
SQL: SELECT * FROM `ge_members` WHERE (  id = '57'  ) LIMIT 1   [ RunTime:0.0001s ]
SQL: SHOW COLUMNS FROM `ge_members_info` [ RunTime:0.0006s ]
SQL: SELECT * FROM `ge_members_info` WHERE ( uid = 57 ) LIMIT 1   [ RunTime:0.0001s ]
INFO: [ view_parse ] --START--
INFO: [ template_filter ] --START--
INFO: Run Behavior\ContentReplaceBehavior [ RunTime:0.000076s ]
INFO: [ template_filter ] --END-- [ RunTime:0.000193s ]
INFO: Run Behavior\ParseTemplateBehavior [ RunTime:0.011061s ]
INFO: [ view_parse ] --END-- [ RunTime:0.011152s ]
INFO: [ view_filter ] --START--
INFO: Run Behavior\WriteHtmlCacheBehavior [ RunTime:0.000262s ]
INFO: [ view_filter ] --END-- [ RunTime:0.000315s ]
INFO: [ app_end ] --START--
INFO: Run Behavior\ShowPageTraceBehavior [ RunTime:0.000676s ]
INFO: [ app_end ] --END-- [ RunTime:0.000775s ]

[ 2015-11-13T14:29:22+08:00 ] 117.34.111.120 /index.php/Home/Primer/step.html
INFO: [ app_init ] --START--
INFO: Run Behavior\BuildLiteBehavior [ RunTime:0.000020s ]
INFO: [ app_init ] --END-- [ RunTime:0.000345s ]
INFO: [ app_begin ] --START--
INFO: Run Behavior\ReadHtmlCacheBehavior [ RunTime:0.000471s ]
INFO: [ app_begin ] --END-- [ RunTime:0.000533s ]
NOTIC: [2048] Non-static method Home\Controller\UserController::isLogin() should not be called statically, assuming $this from incompatible context /www/web/order_genecreate_cn/public_html/Application/Home/Controller/PrimerController.class.php 第 31 行.
SQL: SHOW COLUMNS FROM `ge_members` [ RunTime:0.0007s ]
SQL: SELECT * FROM `ge_members` WHERE (  id = '57'  ) LIMIT 1   [ RunTime:0.0001s ]
SQL: SHOW COLUMNS FROM `ge_members_info` [ RunTime:0.0008s ]
SQL: SELECT * FROM `ge_members_info` WHERE ( uid = 57 ) LIMIT 1   [ RunTime:0.0001s ]
NOTIC: [2] call_user_func() expects parameter 1 to be a valid callback, no array or string given /www/web/order_genecreate_cn/public_html/ThinkPHP/Library/Think/Upload.class.php 第 170 行.
SQL: SHOW COLUMNS FROM `ge_orders` [ RunTime:0.0011s ]
SQL: SELECT * FROM `ge_orders` WHERE (  code = 'JKR-4548775753'  ) LIMIT 1   [ RunTime:0.0004s ]
SQL: SELECT COUNT(*) AS tp_count FROM `ge_orders` WHERE `code_yw` LIKE 'YW-1511%' LIMIT 1   [ RunTime:0.0004s ]
SQL: INSERT INTO `ge_orders` (`code`,`code_yw`,`uid`,`addtime`,`excelurl`,`ordertype`,`status`) VALUES ('JKR-4548775753','YW-15110012','57','1447396160','./Uploads/Excel/2015-11-13/56458340bd177.xlsx','2','2') [ RunTime:0.0003s ]
NOTIC: [4096] Argument 1 passed to PHPExcel_Calculation::getInstance() must be an instance of PHPExcel, instance of Think\PHPExcel given, called in /www/web/order_genecreate_cn/public_html/ThinkPHP/Library/Think/PHPExcel.class.php on line 360 and defined /www/web/order_genecreate_cn/public_html/ThinkPHP/Library/Think/PHPExcel/Calculation.php 第 1762 行.
NOTIC: [4096] Argument 1 passed to PHPExcel_Calculation::__construct() must be an instance of PHPExcel, instance of Think\PHPExcel given, called in /www/web/order_genecreate_cn/public_html/ThinkPHP/Library/Think/PHPExcel/Calculation.php on line 1767 and defined /www/web/order_genecreate_cn/public_html/ThinkPHP/Library/Think/PHPExcel/Calculation.php 第 1721 行.
NOTIC: [4096] Argument 1 passed to PHPExcel_Worksheet::__construct() must be an instance of PHPExcel, instance of Think\PHPExcel given, called in /www/web/order_genecreate_cn/public_html/ThinkPHP/Library/Think/PHPExcel.class.php on line 364 and defined /www/web/order_genecreate_cn/public_html/ThinkPHP/Library/Think/PHPExcel/Worksheet.php 第 341 行.
NOTIC: [4096] Argument 1 passed to PHPExcel_Calculation::getInstance() must be an instance of PHPExcel, instance of Think\PHPExcel given, called in /www/web/order_genecreate_cn/public_html/ThinkPHP/Library/Think/PHPExcel/Worksheet.php on line 880 and defined /www/web/order_genecreate_cn/public_html/ThinkPHP/Library/Think/PHPExcel/Calculation.php 第 1762 行.
NOTIC: [4096] Argument 1 passed to Think\PHPExcel::addCellXf() must be an instance of Think\PHPExcel_Style, instance of PHPExcel_Style given, called in /www/web/order_genecreate_cn/public_html/ThinkPHP/Library/Think/PHPExcel.class.php on line 381 and defined /www/web/order_genecreate_cn/public_html/ThinkPHP/Library/Think/PHPExcel.class.php 第 938 行.
NOTIC: [4096] Argument 1 passed to Think\PHPExcel::addCellStyleXf() must be an instance of Think\PHPExcel_Style, instance of PHPExcel_Style given, called in /www/web/order_genecreate_cn/public_html/ThinkPHP/Library/Think/PHPExcel.class.php on line 382 and defined /www/web/order_genecreate_cn/public_html/ThinkPHP/Library/Think/PHPExcel.class.php 第 1027 行.
SQL: SELECT `excelurl` FROM `ge_orders` WHERE ( id = 929 ) LIMIT 1   [ RunTime:0.0004s ]
NOTIC: [8] Undefined variable: options /www/web/order_genecreate_cn/public_html/ThinkPHP/Library/Think/PHPExcel/Settings.php 第 384 行.
NOTIC: [4096] Argument 1 passed to PHPExcel_Calculation::getInstance() must be an instance of PHPExcel, instance of Think\PHPExcel given, called in /www/web/order_genecreate_cn/public_html/ThinkPHP/Library/Think/PHPExcel.class.php on line 360 and defined /www/web/order_genecreate_cn/public_html/ThinkPHP/Library/Think/PHPExcel/Calculation.php 第 1762 行.
NOTIC: [4096] Argument 1 passed to PHPExcel_Calculation::__construct() must be an instance of PHPExcel, instance of Think\PHPExcel given, called in /www/web/order_genecreate_cn/public_html/ThinkPHP/Library/Think/PHPExcel/Calculation.php on line 1767 and defined /www/web/order_genecreate_cn/public_html/ThinkPHP/Library/Think/PHPExcel/Calculation.php 第 1721 行.
NOTIC: [4096] Argument 1 passed to PHPExcel_Worksheet::__construct() must be an instance of PHPExcel, instance of Think\PHPExcel given, called in /www/web/order_genecreate_cn/public_html/ThinkPHP/Library/Think/PHPExcel.class.php on line 364 and defined /www/web/order_genecreate_cn/public_html/ThinkPHP/Library/Think/PHPExcel/Worksheet.php 第 341 行.
NOTIC: [4096] Argument 1 passed to PHPExcel_Calculation::getInstance() must be an instance of PHPExcel, instance of Think\PHPExcel given, called in /www/web/order_genecreate_cn/public_html/ThinkPHP/Library/Think/PHPExcel/Worksheet.php on line 880 and defined /www/web/order_genecreate_cn/public_html/ThinkPHP/Library/Think/PHPExcel/Calculation.php 第 1762 行.
NOTIC: [4096] Argument 1 passed to Think\PHPExcel::addCellXf() must be an instance of Think\PHPExcel_Style, instance of PHPExcel_Style given, called in /www/web/order_genecreate_cn/public_html/ThinkPHP/Library/Think/PHPExcel.class.php on line 381 and defined /www/web/order_genecreate_cn/public_html/ThinkPHP/Library/Think/PHPExcel.class.php 第 938 行.
NOTIC: [4096] Argument 1 passed to Think\PHPExcel::addCellStyleXf() must be an instance of Think\PHPExcel_Style, instance of PHPExcel_Style given, called in /www/web/order_genecreate_cn/public_html/ThinkPHP/Library/Think/PHPExcel.class.php on line 382 and defined /www/web/order_genecreate_cn/public_html/ThinkPHP/Library/Think/PHPExcel.class.php 第 1027 行.
NOTIC: [8] Undefined variable: options /www/web/order_genecreate_cn/public_html/ThinkPHP/Library/Think/PHPExcel/Settings.php 第 384 行.
NOTIC: [8] Undefined variable: options /www/web/order_genecreate_cn/public_html/ThinkPHP/Library/Think/PHPExcel/Settings.php 第 384 行.
NOTIC: [8] Undefined variable: options /www/web/order_genecreate_cn/public_html/ThinkPHP/Library/Think/PHPExcel/Settings.php 第 384 行.
NOTIC: [8] Undefined variable: options /www/web/order_genecreate_cn/public_html/ThinkPHP/Library/Think/PHPExcel/Settings.php 第 384 行.
NOTIC: [8] Undefined variable: options /www/web/order_genecreate_cn/public_html/ThinkPHP/Library/Think/PHPExcel/Settings.php 第 384 行.
NOTIC: [8] Undefined variable: options /www/web/order_genecreate_cn/public_html/ThinkPHP/Library/Think/PHPExcel/Settings.php 第 384 行.
NOTIC: [8] Undefined variable: options /www/web/order_genecreate_cn/public_html/ThinkPHP/Library/Think/PHPExcel/Settings.php 第 384 行.
NOTIC: [8] Undefined variable: options /www/web/order_genecreate_cn/public_html/ThinkPHP/Library/Think/PHPExcel/Settings.php 第 384 行.
NOTIC: [4096] Argument 1 passed to Think\PHPExcel::addCellXf() must be an instance of Think\PHPExcel_Style, instance of PHPExcel_Style given, called in /www/web/order_genecreate_cn/public_html/ThinkPHP/Library/Think/PHPExcel/Reader/Excel2007.php on line 551 and defined /www/web/order_genecreate_cn/public_html/ThinkPHP/Library/Think/PHPExcel.class.php 第 938 行.
NOTIC: [4096] Argument 1 passed to Think\PHPExcel::addCellXf() must be an instance of Think\PHPExcel_Style, instance of PHPExcel_Style given, called in /www/web/order_genecreate_cn/public_html/ThinkPHP/Library/Think/PHPExcel/Reader/Excel2007.php on line 551 and defined /www/web/order_genecreate_cn/public_html/ThinkPHP/Library/Think/PHPExcel.class.php 第 938 行.
NOTIC: [4096] Argument 1 passed to Think\PHPExcel::addCellXf() must be an instance of Think\PHPExcel_Style, instance of PHPExcel_Style given, called in /www/web/order_genecreate_cn/public_html/ThinkPHP/Library/Think/PHPExcel/Reader/Excel2007.php on line 551 and defined /www/web/order_genecreate_cn/public_html/ThinkPHP/Library/Think/PHPExcel.class.php 第 938 行.
NOTIC: [4096] Argument 1 passed to Think\PHPExcel::addCellXf() must be an instance of Think\PHPExcel_Style, instance of PHPExcel_Style given, called in /www/web/order_genecreate_cn/public_html/ThinkPHP/Library/Think/PHPExcel/Reader/Excel2007.php on line 551 and defined /www/web/order_genecreate_cn/public_html/ThinkPHP/Library/Think/PHPExcel.class.php 第 938 行.
NOTIC: [4096] Argument 1 passed to Think\PHPExcel::addCellXf() must be an instance of Think\PHPExcel_Style, instance of PHPExcel_Style given, called in /www/web/order_genecreate_cn/public_html/ThinkPHP/Library/Think/PHPExcel/Reader/Excel2007.php on line 551 and defined /www/web/order_genecreate_cn/public_html/ThinkPHP/Library/Think/PHPExcel.class.php 第 938 行.
NOTIC: [4096] Argument 1 passed to Think\PHPExcel::addCellXf() must be an instance of Think\PHPExcel_Style, instance of PHPExcel_Style given, called in /www/web/order_genecreate_cn/public_html/ThinkPHP/Library/Think/PHPExcel/Reader/Excel2007.php on line 551 and defined /www/web/order_genecreate_cn/public_html/ThinkPHP/Library/Think/PHPExcel.class.php 第 938 行.
NOTIC: [4096] Argument 1 passed to Think\PHPExcel::addCellXf() must be an instance of Think\PHPExcel_Style, instance of PHPExcel_Style given, called in /www/web/order_genecreate_cn/public_html/ThinkPHP/Library/Think/PHPExcel/Reader/Excel2007.php on line 551 and defined /www/web/order_genecreate_cn/public_html/ThinkPHP/Library/Think/PHPExcel.class.php 第 938 行.
NOTIC: [4096] Argument 1 passed to Think\PHPExcel::addCellXf() must be an instance of Think\PHPExcel_Style, instance of PHPExcel_Style given, called in /www/web/order_genecreate_cn/public_html/ThinkPHP/Library/Think/PHPExcel/Reader/Excel2007.php on line 551 and defined /www/web/order_genecreate_cn/public_html/ThinkPHP/Library/Think/PHPExcel.class.php 第 938 行.
NOTIC: [4096] Argument 1 passed to Think\PHPExcel::addCellXf() must be an instance of Think\PHPExcel_Style, instance of PHPExcel_Style given, called in /www/web/order_genecreate_cn/public_html/ThinkPHP/Library/Think/PHPExcel/Reader/Excel2007.php on line 551 and defined /www/web/order_genecreate_cn/public_html/ThinkPHP/Library/Think/PHPExcel.class.php 第 938 行.
NOTIC: [4096] Argument 1 passed to Think\PHPExcel::addCellXf() must be an instance of Think\PHPExcel_Style, instance of PHPExcel_Style given, called in /www/web/order_genecreate_cn/public_html/ThinkPHP/Library/Think/PHPExcel/Reader/Excel2007.php on line 551 and defined /www/web/order_genecreate_cn/public_html/ThinkPHP/Library/Think/PHPExcel.class.php 第 938 行.
NOTIC: [4096] Argument 1 passed to Think\PHPExcel::addCellXf() must be an instance of Think\PHPExcel_Style, instance of PHPExcel_Style given, called in /www/web/order_genecreate_cn/public_html/ThinkPHP/Library/Think/PHPExcel/Reader/Excel2007.php on line 551 and defined /www/web/order_genecreate_cn/public_html/ThinkPHP/Library/Think/PHPExcel.class.php 第 938 行.
NOTIC: [4096] Argument 1 passed to Think\PHPExcel::addCellXf() must be an instance of Think\PHPExcel_Style, instance of PHPExcel_Style given, called in /www/web/order_genecreate_cn/public_html/ThinkPHP/Library/Think/PHPExcel/Reader/Excel2007.php on line 551 and defined /www/web/order_genecreate_cn/public_html/ThinkPHP/Library/Think/PHPExcel.class.php 第 938 行.
NOTIC: [4096] Argument 1 passed to Think\PHPExcel::addCellXf() must be an instance of Think\PHPExcel_Style, instance of PHPExcel_Style given, called in /www/web/order_genecreate_cn/public_html/ThinkPHP/Library/Think/PHPExcel/Reader/Excel2007.php on line 551 and defined /www/web/order_genecreate_cn/public_html/ThinkPHP/Library/Think/PHPExcel.class.php 第 938 行.
NOTIC: [4096] Argument 1 passed to Think\PHPExcel::addCellXf() must be an instance of Think\PHPExcel_Style, instance of PHPExcel_Style given, called in /www/web/order_genecreate_cn/public_html/ThinkPHP/Library/Think/PHPExcel/Reader/Excel2007.php on line 551 and defined /www/web/order_genecreate_cn/public_html/ThinkPHP/Library/Think/PHPExcel.class.php 第 938 行.
NOTIC: [4096] Argument 1 passed to Think\PHPExcel::addCellXf() must be an instance of Think\PHPExcel_Style, instance of PHPExcel_Style given, called in /www/web/order_genecreate_cn/public_html/ThinkPHP/Library/Think/PHPExcel/Reader/Excel2007.php on line 551 and defined /www/web/order_genecreate_cn/public_html/ThinkPHP/Library/Think/PHPExcel.class.php 第 938 行.
NOTIC: [4096] Argument 1 passed to Think\PHPExcel::addCellXf() must be an instance of Think\PHPExcel_Style, instance of PHPExcel_Style given, called in /www/web/order_genecreate_cn/public_html/ThinkPHP/Library/Think/PHPExcel/Reader/Excel2007.php on line 551 and defined /www/web/order_genecreate_cn/public_html/ThinkPHP/Library/Think/PHPExcel.class.php 第 938 行.
NOTIC: [4096] Argument 1 passed to Think\PHPExcel::addCellXf() must be an instance of Think\PHPExcel_Style, instance of PHPExcel_Style given, called in /www/web/order_genecreate_cn/public_html/ThinkPHP/Library/Think/PHPExcel/Reader/Excel2007.php on line 551 and defined /www/web/order_genecreate_cn/public_html/ThinkPHP/Library/Think/PHPExcel.class.php 第 938 行.
NOTIC: [4096] Argument 1 passed to Think\PHPExcel::addCellXf() must be an instance of Think\PHPExcel_Style, instance of PHPExcel_Style given, called in /www/web/order_genecreate_cn/public_html/ThinkPHP/Library/Think/PHPExcel/Reader/Excel2007.php on line 551 and defined /www/web/order_genecreate_cn/public_html/ThinkPHP/Library/Think/PHPExcel.class.php 第 938 行.
NOTIC: [4096] Argument 1 passed to Think\PHPExcel::addCellXf() must be an instance of Think\PHPExcel_Style, instance of PHPExcel_Style given, called in /www/web/order_genecreate_cn/public_html/ThinkPHP/Library/Think/PHPExcel/Reader/Excel2007.php on line 551 and defined /www/web/order_genecreate_cn/public_html/ThinkPHP/Library/Think/PHPExcel.class.php 第 938 行.
NOTIC: [4096] Argument 1 passed to Think\PHPExcel::addCellXf() must be an instance of Think\PHPExcel_Style, instance of PHPExcel_Style given, called in /www/web/order_genecreate_cn/public_html/ThinkPHP/Library/Think/PHPExcel/Reader/Excel2007.php on line 551 and defined /www/web/order_genecreate_cn/public_html/ThinkPHP/Library/Think/PHPExcel.class.php 第 938 行.
NOTIC: [4096] Argument 1 passed to Think\PHPExcel::addCellXf() must be an instance of Think\PHPExcel_Style, instance of PHPExcel_Style given, called in /www/web/order_genecreate_cn/public_html/ThinkPHP/Library/Think/PHPExcel/Reader/Excel2007.php on line 551 and defined /www/web/order_genecreate_cn/public_html/ThinkPHP/Library/Think/PHPExcel.class.php 第 938 行.
NOTIC: [4096] Argument 1 passed to Think\PHPExcel::addCellXf() must be an instance of Think\PHPExcel_Style, instance of PHPExcel_Style given, called in /www/web/order_genecreate_cn/public_html/ThinkPHP/Library/Think/PHPExcel/Reader/Excel2007.php on line 551 and defined /www/web/order_genecreate_cn/public_html/ThinkPHP/Library/Think/PHPExcel.class.php 第 938 行.
NOTIC: [4096] Argument 1 passed to Think\PHPExcel::addCellXf() must be an instance of Think\PHPExcel_Style, instance of PHPExcel_Style given, called in /www/web/order_genecreate_cn/public_html/ThinkPHP/Library/Think/PHPExcel/Reader/Excel2007.php on line 551 and defined /www/web/order_genecreate_cn/public_html/ThinkPHP/Library/Think/PHPExcel.class.php 第 938 行.
NOTIC: [4096] Argument 1 passed to Think\PHPExcel::addCellXf() must be an instance of Think\PHPExcel_Style, instance of PHPExcel_Style given, called in /www/web/order_genecreate_cn/public_html/ThinkPHP/Library/Think/PHPExcel/Reader/Excel2007.php on line 551 and defined /www/web/order_genecreate_cn/public_html/ThinkPHP/Library/Think/PHPExcel.class.php 第 938 行.
NOTIC: [4096] Argument 1 passed to Think\PHPExcel::addCellXf() must be an instance of Think\PHPExcel_Style, instance of PHPExcel_Style given, called in /www/web/order_genecreate_cn/public_html/ThinkPHP/Library/Think/PHPExcel/Reader/Excel2007.php on line 551 and defined /www/web/order_genecreate_cn/public_html/ThinkPHP/Library/Think/PHPExcel.class.php 第 938 行.
NOTIC: [4096] Argument 1 passed to Think\PHPExcel::addCellXf() must be an instance of Think\PHPExcel_Style, instance of PHPExcel_Style given, called in /www/web/order_genecreate_cn/public_html/ThinkPHP/Library/Think/PHPExcel/Reader/Excel2007.php on line 551 and defined /www/web/order_genecreate_cn/public_html/ThinkPHP/Library/Think/PHPExcel.class.php 第 938 行.
NOTIC: [4096] Argument 1 passed to Think\PHPExcel::addCellXf() must be an instance of Think\PHPExcel_Style, instance of PHPExcel_Style given, called in /www/web/order_genecreate_cn/public_html/ThinkPHP/Library/Think/PHPExcel/Reader/Excel2007.php on line 551 and defined /www/web/order_genecreate_cn/public_html/ThinkPHP/Library/Think/PHPExcel.class.php 第 938 行.
NOTIC: [4096] Argument 1 passed to Think\PHPExcel::addCellXf() must be an instance of Think\PHPExcel_Style, instance of PHPExcel_Style given, called in /www/web/order_genecreate_cn/public_html/ThinkPHP/Library/Think/PHPExcel/Reader/Excel2007.php on line 551 and defined /www/web/order_genecreate_cn/public_html/ThinkPHP/Library/Think/PHPExcel.class.php 第 938 行.
NOTIC: [4096] Argument 1 passed to Think\PHPExcel::addCellXf() must be an instance of Think\PHPExcel_Style, instance of PHPExcel_Style given, called in /www/web/order_genecreate_cn/public_html/ThinkPHP/Library/Think/PHPExcel/Reader/Excel2007.php on line 551 and defined /www/web/order_genecreate_cn/public_html/ThinkPHP/Library/Think/PHPExcel.class.php 第 938 行.
NOTIC: [4096] Argument 1 passed to Think\PHPExcel::addCellXf() must be an instance of Think\PHPExcel_Style, instance of PHPExcel_Style given, called in /www/web/order_genecreate_cn/public_html/ThinkPHP/Library/Think/PHPExcel/Reader/Excel2007.php on line 551 and defined /www/web/order_genecreate_cn/public_html/ThinkPHP/Library/Think/PHPExcel.class.php 第 938 行.
NOTIC: [4096] Argument 1 passed to Think\PHPExcel::addCellXf() must be an instance of Think\PHPExcel_Style, instance of PHPExcel_Style given, called in /www/web/order_genecreate_cn/public_html/ThinkPHP/Library/Think/PHPExcel/Reader/Excel2007.php on line 551 and defined /www/web/order_genecreate_cn/public_html/ThinkPHP/Library/Think/PHPExcel.class.php 第 938 行.
NOTIC: [4096] Argument 1 passed to Think\PHPExcel::addCellXf() must be an instance of Think\PHPExcel_Style, instance of PHPExcel_Style given, called in /www/web/order_genecreate_cn/public_html/ThinkPHP/Library/Think/PHPExcel/Reader/Excel2007.php on line 551 and defined /www/web/order_genecreate_cn/public_html/ThinkPHP/Library/Think/PHPExcel.class.php 第 938 行.
NOTIC: [4096] Argument 1 passed to Think\PHPExcel::addCellXf() must be an instance of Think\PHPExcel_Style, instance of PHPExcel_Style given, called in /www/web/order_genecreate_cn/public_html/ThinkPHP/Library/Think/PHPExcel/Reader/Excel2007.php on line 551 and defined /www/web/order_genecreate_cn/public_html/ThinkPHP/Library/Think/PHPExcel.class.php 第 938 行.
NOTIC: [4096] Argument 1 passed to Think\PHPExcel::addCellXf() must be an instance of Think\PHPExcel_Style, instance of PHPExcel_Style given, called in /www/web/order_genecreate_cn/public_html/ThinkPHP/Library/Think/PHPExcel/Reader/Excel2007.php on line 551 and defined /www/web/order_genecreate_cn/public_html/ThinkPHP/Library/Think/PHPExcel.class.php 第 938 行.
NOTIC: [4096] Argument 1 passed to Think\PHPExcel::addCellXf() must be an instance of Think\PHPExcel_Style, instance of PHPExcel_Style given, called in /www/web/order_genecreate_cn/public_html/ThinkPHP/Library/Think/PHPExcel/Reader/Excel2007.php on line 551 and defined /www/web/order_genecreate_cn/public_html/ThinkPHP/Library/Think/PHPExcel.class.php 第 938 行.
NOTIC: [4096] Argument 1 passed to Think\PHPExcel::addCellXf() must be an instance of Think\PHPExcel_Style, instance of PHPExcel_Style given, called in /www/web/order_genecreate_cn/public_html/ThinkPHP/Library/Think/PHPExcel/Reader/Excel2007.php on line 551 and defined /www/web/order_genecreate_cn/public_html/ThinkPHP/Library/Think/PHPExcel.class.php 第 938 行.
NOTIC: [4096] Argument 1 passed to Think\PHPExcel::addCellXf() must be an instance of Think\PHPExcel_Style, instance of PHPExcel_Style given, called in /www/web/order_genecreate_cn/public_html/ThinkPHP/Library/Think/PHPExcel/Reader/Excel2007.php on line 551 and defined /www/web/order_genecreate_cn/public_html/ThinkPHP/Library/Think/PHPExcel.class.php 第 938 行.
NOTIC: [4096] Argument 1 passed to Think\PHPExcel::addCellXf() must be an instance of Think\PHPExcel_Style, instance of PHPExcel_Style given, called in /www/web/order_genecreate_cn/public_html/ThinkPHP/Library/Think/PHPExcel/Reader/Excel2007.php on line 551 and defined /www/web/order_genecreate_cn/public_html/ThinkPHP/Library/Think/PHPExcel.class.php 第 938 行.
NOTIC: [4096] Argument 1 passed to Think\PHPExcel::addCellXf() must be an instance of Think\PHPExcel_Style, instance of PHPExcel_Style given, called in /www/web/order_genecreate_cn/public_html/ThinkPHP/Library/Think/PHPExcel/Reader/Excel2007.php on line 551 and defined /www/web/order_genecreate_cn/public_html/ThinkPHP/Library/Think/PHPExcel.class.php 第 938 行.
NOTIC: [4096] Argument 1 passed to Think\PHPExcel::addCellXf() must be an instance of Think\PHPExcel_Style, instance of PHPExcel_Style given, called in /www/web/order_genecreate_cn/public_html/ThinkPHP/Library/Think/PHPExcel/Reader/Excel2007.php on line 551 and defined /www/web/order_genecreate_cn/public_html/ThinkPHP/Library/Think/PHPExcel.class.php 第 938 行.
NOTIC: [4096] Argument 1 passed to Think\PHPExcel::addCellXf() must be an instance of Think\PHPExcel_Style, instance of PHPExcel_Style given, called in /www/web/order_genecreate_cn/public_html/ThinkPHP/Library/Think/PHPExcel/Reader/Excel2007.php on line 551 and defined /www/web/order_genecreate_cn/public_html/ThinkPHP/Library/Think/PHPExcel.class.php 第 938 行.
NOTIC: [4096] Argument 1 passed to Think\PHPExcel::addCellXf() must be an instance of Think\PHPExcel_Style, instance of PHPExcel_Style given, called in /www/web/order_genecreate_cn/public_html/ThinkPHP/Library/Think/PHPExcel/Reader/Excel2007.php on line 551 and defined /www/web/order_genecreate_cn/public_html/ThinkPHP/Library/Think/PHPExcel.class.php 第 938 行.
NOTIC: [4096] Argument 1 passed to Think\PHPExcel::addCellXf() must be an instance of Think\PHPExcel_Style, instance of PHPExcel_Style given, called in /www/web/order_genecreate_cn/public_html/ThinkPHP/Library/Think/PHPExcel/Reader/Excel2007.php on line 551 and defined /www/web/order_genecreate_cn/public_html/ThinkPHP/Library/Think/PHPExcel.class.php 第 938 行.
NOTIC: [4096] Argument 1 passed to Think\PHPExcel::addCellXf() must be an instance of Think\PHPExcel_Style, instance of PHPExcel_Style given, called in /www/web/order_genecreate_cn/public_html/ThinkPHP/Library/Think/PHPExcel/Reader/Excel2007.php on line 551 and defined /www/web/order_genecreate_cn/public_html/ThinkPHP/Library/Think/PHPExcel.class.php 第 938 行.
NOTIC: [4096] Argument 1 passed to Think\PHPExcel::addCellXf() must be an instance of Think\PHPExcel_Style, instance of PHPExcel_Style given, called in /www/web/order_genecreate_cn/public_html/ThinkPHP/Library/Think/PHPExcel/Reader/Excel2007.php on line 551 and defined /www/web/order_genecreate_cn/public_html/ThinkPHP/Library/Think/PHPExcel.class.php 第 938 行.
NOTIC: [4096] Argument 1 passed to Think\PHPExcel::addCellXf() must be an instance of Think\PHPExcel_Style, instance of PHPExcel_Style given, called in /www/web/order_genecreate_cn/public_html/ThinkPHP/Library/Think/PHPExcel/Reader/Excel2007.php on line 551 and defined /www/web/order_genecreate_cn/public_html/ThinkPHP/Library/Think/PHPExcel.class.php 第 938 行.
NOTIC: [4096] Argument 1 passed to Think\PHPExcel::addCellXf() must be an instance of Think\PHPExcel_Style, instance of PHPExcel_Style given, called in /www/web/order_genecreate_cn/public_html/ThinkPHP/Library/Think/PHPExcel/Reader/Excel2007.php on line 551 and defined /www/web/order_genecreate_cn/public_html/ThinkPHP/Library/Think/PHPExcel.class.php 第 938 行.
NOTIC: [4096] Argument 1 passed to Think\PHPExcel::addCellXf() must be an instance of Think\PHPExcel_Style, instance of PHPExcel_Style given, called in /www/web/order_genecreate_cn/public_html/ThinkPHP/Library/Think/PHPExcel/Reader/Excel2007.php on line 551 and defined /www/web/order_genecreate_cn/public_html/ThinkPHP/Library/Think/PHPExcel.class.php 第 938 行.
NOTIC: [4096] Argument 1 passed to Think\PHPExcel::addCellXf() must be an instance of Think\PHPExcel_Style, instance of PHPExcel_Style given, called in /www/web/order_genecreate_cn/public_html/ThinkPHP/Library/Think/PHPExcel/Reader/Excel2007.php on line 551 and defined /www/web/order_genecreate_cn/public_html/ThinkPHP/Library/Think/PHPExcel.class.php 第 938 行.
NOTIC: [4096] Argument 1 passed to Think\PHPExcel::addCellXf() must be an instance of Think\PHPExcel_Style, instance of PHPExcel_Style given, called in /www/web/order_genecreate_cn/public_html/ThinkPHP/Library/Think/PHPExcel/Reader/Excel2007.php on line 551 and defined /www/web/order_genecreate_cn/public_html/ThinkPHP/Library/Think/PHPExcel.class.php 第 938 行.
NOTIC: [4096] Argument 1 passed to Think\PHPExcel::addCellXf() must be an instance of Think\PHPExcel_Style, instance of PHPExcel_Style given, called in /www/web/order_genecreate_cn/public_html/ThinkPHP/Library/Think/PHPExcel/Reader/Excel2007.php on line 551 and defined /www/web/order_genecreate_cn/public_html/ThinkPHP/Library/Think/PHPExcel.class.php 第 938 行.
NOTIC: [4096] Argument 1 passed to Think\PHPExcel::addCellXf() must be an instance of Think\PHPExcel_Style, instance of PHPExcel_Style given, called in /www/web/order_genecreate_cn/public_html/ThinkPHP/Library/Think/PHPExcel/Reader/Excel2007.php on line 551 and defined /www/web/order_genecreate_cn/public_html/ThinkPHP/Library/Think/PHPExcel.class.php 第 938 行.
NOTIC: [4096] Argument 1 passed to Think\PHPExcel::addCellXf() must be an instance of Think\PHPExcel_Style, instance of PHPExcel_Style given, called in /www/web/order_genecreate_cn/public_html/ThinkPHP/Library/Think/PHPExcel/Reader/Excel2007.php on line 551 and defined /www/web/order_genecreate_cn/public_html/ThinkPHP/Library/Think/PHPExcel.class.php 第 938 行.
NOTIC: [4096] Argument 1 passed to Think\PHPExcel::addCellXf() must be an instance of Think\PHPExcel_Style, instance of PHPExcel_Style given, called in /www/web/order_genecreate_cn/public_html/ThinkPHP/Library/Think/PHPExcel/Reader/Excel2007.php on line 551 and defined /www/web/order_genecreate_cn/public_html/ThinkPHP/Library/Think/PHPExcel.class.php 第 938 行.
NOTIC: [4096] Argument 1 passed to Think\PHPExcel::addCellXf() must be an instance of Think\PHPExcel_Style, instance of PHPExcel_Style given, called in /www/web/order_genecreate_cn/public_html/ThinkPHP/Library/Think/PHPExcel/Reader/Excel2007.php on line 551 and defined /www/web/order_genecreate_cn/public_html/ThinkPHP/Library/Think/PHPExcel.class.php 第 938 行.
NOTIC: [4096] Argument 1 passed to Think\PHPExcel::addCellXf() must be an instance of Think\PHPExcel_Style, instance of PHPExcel_Style given, called in /www/web/order_genecreate_cn/public_html/ThinkPHP/Library/Think/PHPExcel/Reader/Excel2007.php on line 551 and defined /www/web/order_genecreate_cn/public_html/ThinkPHP/Library/Think/PHPExcel.class.php 第 938 行.
NOTIC: [4096] Argument 1 passed to Think\PHPExcel::addCellXf() must be an instance of Think\PHPExcel_Style, instance of PHPExcel_Style given, called in /www/web/order_genecreate_cn/public_html/ThinkPHP/Library/Think/PHPExcel/Reader/Excel2007.php on line 551 and defined /www/web/order_genecreate_cn/public_html/ThinkPHP/Library/Think/PHPExcel.class.php 第 938 行.
NOTIC: [4096] Argument 1 passed to Think\PHPExcel::addCellXf() must be an instance of Think\PHPExcel_Style, instance of PHPExcel_Style given, called in /www/web/order_genecreate_cn/public_html/ThinkPHP/Library/Think/PHPExcel/Reader/Excel2007.php on line 551 and defined /www/web/order_genecreate_cn/public_html/ThinkPHP/Library/Think/PHPExcel.class.php 第 938 行.
NOTIC: [4096] Argument 1 passed to Think\PHPExcel::addCellXf() must be an instance of Think\PHPExcel_Style, instance of PHPExcel_Style given, called in /www/web/order_genecreate_cn/public_html/ThinkPHP/Library/Think/PHPExcel/Reader/Excel2007.php on line 551 and defined /www/web/order_genecreate_cn/public_html/ThinkPHP/Library/Think/PHPExcel.class.php 第 938 行.
NOTIC: [4096] Argument 1 passed to Think\PHPExcel::addCellXf() must be an instance of Think\PHPExcel_Style, instance of PHPExcel_Style given, called in /www/web/order_genecreate_cn/public_html/ThinkPHP/Library/Think/PHPExcel/Reader/Excel2007.php on line 551 and defined /www/web/order_genecreate_cn/public_html/ThinkPHP/Library/Think/PHPExcel.class.php 第 938 行.
NOTIC: [4096] Argument 1 passed to Think\PHPExcel::addCellXf() must be an instance of Think\PHPExcel_Style, instance of PHPExcel_Style given, called in /www/web/order_genecreate_cn/public_html/ThinkPHP/Library/Think/PHPExcel/Reader/Excel2007.php on line 551 and defined /www/web/order_genecreate_cn/public_html/ThinkPHP/Library/Think/PHPExcel.class.php 第 938 行.
NOTIC: [4096] Argument 1 passed to Think\PHPExcel::addCellXf() must be an instance of Think\PHPExcel_Style, instance of PHPExcel_Style given, called in /www/web/order_genecreate_cn/public_html/ThinkPHP/Library/Think/PHPExcel/Reader/Excel2007.php on line 551 and defined /www/web/order_genecreate_cn/public_html/ThinkPHP/Library/Think/PHPExcel.class.php 第 938 行.
NOTIC: [4096] Argument 1 passed to Think\PHPExcel::addCellXf() must be an instance of Think\PHPExcel_Style, instance of PHPExcel_Style given, called in /www/web/order_genecreate_cn/public_html/ThinkPHP/Library/Think/PHPExcel/Reader/Excel2007.php on line 551 and defined /www/web/order_genecreate_cn/public_html/ThinkPHP/Library/Think/PHPExcel.class.php 第 938 行.
NOTIC: [4096] Argument 1 passed to Think\PHPExcel::addCellXf() must be an instance of Think\PHPExcel_Style, instance of PHPExcel_Style given, called in /www/web/order_genecreate_cn/public_html/ThinkPHP/Library/Think/PHPExcel/Reader/Excel2007.php on line 551 and defined /www/web/order_genecreate_cn/public_html/ThinkPHP/Library/Think/PHPExcel.class.php 第 938 行.
NOTIC: [4096] Argument 1 passed to Think\PHPExcel::addCellXf() must be an instance of Think\PHPExcel_Style, instance of PHPExcel_Style given, called in /www/web/order_genecreate_cn/public_html/ThinkPHP/Library/Think/PHPExcel/Reader/Excel2007.php on line 551 and defined /www/web/order_genecreate_cn/public_html/ThinkPHP/Library/Think/PHPExcel.class.php 第 938 行.
NOTIC: [4096] Argument 1 passed to Think\PHPExcel::addCellXf() must be an instance of Think\PHPExcel_Style, instance of PHPExcel_Style given, called in /www/web/order_genecreate_cn/public_html/ThinkPHP/Library/Think/PHPExcel/Reader/Excel2007.php on line 551 and defined /www/web/order_genecreate_cn/public_html/ThinkPHP/Library/Think/PHPExcel.class.php 第 938 行.
NOTIC: [4096] Argument 1 passed to Think\PHPExcel::addCellXf() must be an instance of Think\PHPExcel_Style, instance of PHPExcel_Style given, called in /www/web/order_genecreate_cn/public_html/ThinkPHP/Library/Think/PHPExcel/Reader/Excel2007.php on line 551 and defined /www/web/order_genecreate_cn/public_html/ThinkPHP/Library/Think/PHPExcel.class.php 第 938 行.
NOTIC: [4096] Argument 1 passed to Think\PHPExcel::addCellXf() must be an instance of Think\PHPExcel_Style, instance of PHPExcel_Style given, called in /www/web/order_genecreate_cn/public_html/ThinkPHP/Library/Think/PHPExcel/Reader/Excel2007.php on line 551 and defined /www/web/order_genecreate_cn/public_html/ThinkPHP/Library/Think/PHPExcel.class.php 第 938 行.
NOTIC: [4096] Argument 1 passed to Think\PHPExcel::addCellXf() must be an instance of Think\PHPExcel_Style, instance of PHPExcel_Style given, called in /www/web/order_genecreate_cn/public_html/ThinkPHP/Library/Think/PHPExcel/Reader/Excel2007.php on line 551 and defined /www/web/order_genecreate_cn/public_html/ThinkPHP/Library/Think/PHPExcel.class.php 第 938 行.
NOTIC: [4096] Argument 1 passed to Think\PHPExcel::addCellXf() must be an instance of Think\PHPExcel_Style, instance of PHPExcel_Style given, called in /www/web/order_genecreate_cn/public_html/ThinkPHP/Library/Think/PHPExcel/Reader/Excel2007.php on line 551 and defined /www/web/order_genecreate_cn/public_html/ThinkPHP/Library/Think/PHPExcel.class.php 第 938 行.
NOTIC: [4096] Argument 1 passed to Think\PHPExcel::addCellXf() must be an instance of Think\PHPExcel_Style, instance of PHPExcel_Style given, called in /www/web/order_genecreate_cn/public_html/ThinkPHP/Library/Think/PHPExcel/Reader/Excel2007.php on line 551 and defined /www/web/order_genecreate_cn/public_html/ThinkPHP/Library/Think/PHPExcel.class.php 第 938 行.
NOTIC: [4096] Argument 1 passed to Think\PHPExcel::addCellXf() must be an instance of Think\PHPExcel_Style, instance of PHPExcel_Style given, called in /www/web/order_genecreate_cn/public_html/ThinkPHP/Library/Think/PHPExcel/Reader/Excel2007.php on line 551 and defined /www/web/order_genecreate_cn/public_html/ThinkPHP/Library/Think/PHPExcel.class.php 第 938 行.
NOTIC: [4096] Argument 1 passed to Think\PHPExcel::addCellXf() must be an instance of Think\PHPExcel_Style, instance of PHPExcel_Style given, called in /www/web/order_genecreate_cn/public_html/ThinkPHP/Library/Think/PHPExcel/Reader/Excel2007.php on line 551 and defined /www/web/order_genecreate_cn/public_html/ThinkPHP/Library/Think/PHPExcel.class.php 第 938 行.
NOTIC: [4096] Argument 1 passed to Think\PHPExcel::addCellXf() must be an instance of Think\PHPExcel_Style, instance of PHPExcel_Style given, called in /www/web/order_genecreate_cn/public_html/ThinkPHP/Library/Think/PHPExcel/Reader/Excel2007.php on line 551 and defined /www/web/order_genecreate_cn/public_html/ThinkPHP/Library/Think/PHPExcel.class.php 第 938 行.
NOTIC: [4096] Argument 1 passed to Think\PHPExcel::addCellXf() must be an instance of Think\PHPExcel_Style, instance of PHPExcel_Style given, called in /www/web/order_genecreate_cn/public_html/ThinkPHP/Library/Think/PHPExcel/Reader/Excel2007.php on line 551 and defined /www/web/order_genecreate_cn/public_html/ThinkPHP/Library/Think/PHPExcel.class.php 第 938 行.
NOTIC: [4096] Argument 1 passed to Think\PHPExcel::addCellXf() must be an instance of Think\PHPExcel_Style, instance of PHPExcel_Style given, called in /www/web/order_genecreate_cn/public_html/ThinkPHP/Library/Think/PHPExcel/Reader/Excel2007.php on line 551 and defined /www/web/order_genecreate_cn/public_html/ThinkPHP/Library/Think/PHPExcel.class.php 第 938 行.
NOTIC: [4096] Argument 1 passed to Think\PHPExcel::addCellXf() must be an instance of Think\PHPExcel_Style, instance of PHPExcel_Style given, called in /www/web/order_genecreate_cn/public_html/ThinkPHP/Library/Think/PHPExcel/Reader/Excel2007.php on line 551 and defined /www/web/order_genecreate_cn/public_html/ThinkPHP/Library/Think/PHPExcel.class.php 第 938 行.
NOTIC: [4096] Argument 1 passed to Think\PHPExcel::addCellXf() must be an instance of Think\PHPExcel_Style, instance of PHPExcel_Style given, called in /www/web/order_genecreate_cn/public_html/ThinkPHP/Library/Think/PHPExcel/Reader/Excel2007.php on line 551 and defined /www/web/order_genecreate_cn/public_html/ThinkPHP/Library/Think/PHPExcel.class.php 第 938 行.
NOTIC: [4096] Argument 1 passed to Think\PHPExcel::addCellStyleXf() must be an instance of Think\PHPExcel_Style, instance of PHPExcel_Style given, called in /www/web/order_genecreate_cn/public_html/ThinkPHP/Library/Think/PHPExcel/Reader/Excel2007.php on line 579 and defined /www/web/order_genecreate_cn/public_html/ThinkPHP/Library/Think/PHPExcel.class.php 第 1027 行.
NOTIC: [4096] Argument 1 passed to Think\PHPExcel::addCellStyleXf() must be an instance of Think\PHPExcel_Style, instance of PHPExcel_Style given, called in /www/web/order_genecreate_cn/public_html/ThinkPHP/Library/Think/PHPExcel/Reader/Excel2007.php on line 579 and defined /www/web/order_genecreate_cn/public_html/ThinkPHP/Library/Think/PHPExcel.class.php 第 1027 行.
NOTIC: [4096] Argument 1 passed to Think\PHPExcel::addCellStyleXf() must be an instance of Think\PHPExcel_Style, instance of PHPExcel_Style given, called in /www/web/order_genecreate_cn/public_html/ThinkPHP/Library/Think/PHPExcel/Reader/Excel2007.php on line 579 and defined /www/web/order_genecreate_cn/public_html/ThinkPHP/Library/Think/PHPExcel.class.php 第 1027 行.
NOTIC: [4096] Argument 1 passed to Think\PHPExcel::addCellStyleXf() must be an instance of Think\PHPExcel_Style, instance of PHPExcel_Style given, called in /www/web/order_genecreate_cn/public_html/ThinkPHP/Library/Think/PHPExcel/Reader/Excel2007.php on line 579 and defined /www/web/order_genecreate_cn/public_html/ThinkPHP/Library/Think/PHPExcel.class.php 第 1027 行.
NOTIC: [8] Undefined variable: options /www/web/order_genecreate_cn/public_html/ThinkPHP/Library/Think/PHPExcel/Settings.php 第 384 行.
NOTIC: [4096] Argument 1 passed to PHPExcel_Worksheet::__construct() must be an instance of PHPExcel, instance of Think\PHPExcel given, called in /www/web/order_genecreate_cn/public_html/ThinkPHP/Library/Think/PHPExcel.class.php on line 479 and defined /www/web/order_genecreate_cn/public_html/ThinkPHP/Library/Think/PHPExcel/Worksheet.php 第 341 行.
NOTIC: [4096] Argument 1 passed to PHPExcel_Calculation::getInstance() must be an instance of PHPExcel, instance of Think\PHPExcel given, called in /www/web/order_genecreate_cn/public_html/ThinkPHP/Library/Think/PHPExcel/Worksheet.php on line 880 and defined /www/web/order_genecreate_cn/public_html/ThinkPHP/Library/Think/PHPExcel/Calculation.php 第 1762 行.
NOTIC: [4096] Argument 1 passed to Think\PHPExcel::addSheet() must be an instance of Think\PHPExcel_Worksheet, instance of PHPExcel_Worksheet given, called in /www/web/order_genecreate_cn/public_html/ThinkPHP/Library/Think/PHPExcel.class.php on line 480 and defined /www/web/order_genecreate_cn/public_html/ThinkPHP/Library/Think/PHPExcel.class.php 第 503 行.
NOTIC: [4096] Argument 1 passed to PHPExcel_Calculation::getInstance() must be an instance of PHPExcel, instance of Think\PHPExcel given, called in /www/web/order_genecreate_cn/public_html/ThinkPHP/Library/Think/PHPExcel/Worksheet.php on line 880 and defined /www/web/order_genecreate_cn/public_html/ThinkPHP/Library/Think/PHPExcel/Calculation.php 第 1762 行.
NOTIC: [8] Undefined variable: options /www/web/order_genecreate_cn/public_html/ThinkPHP/Library/Think/PHPExcel/Settings.php 第 384 行.
NOTIC: [4096] Argument 1 passed to PHPExcel_Calculation::getInstance() must be an instance of PHPExcel, instance of Think\PHPExcel given, called in /www/web/order_genecreate_cn/public_html/ThinkPHP/Library/Think/PHPExcel/Worksheet.php on line 402 and defined /www/web/order_genecreate_cn/public_html/ThinkPHP/Library/Think/PHPExcel/Calculation.php 第 1762 行.
NOTIC: [8] Undefined variable: options /www/web/order_genecreate_cn/public_html/ThinkPHP/Library/Think/PHPExcel/Settings.php 第 384 行.
NOTIC: [8] Undefined variable: options /www/web/order_genecreate_cn/public_html/ThinkPHP/Library/Think/PHPExcel/Settings.php 第 384 行.
NOTIC: [8] Undefined variable: options /www/web/order_genecreate_cn/public_html/ThinkPHP/Library/Think/PHPExcel/Settings.php 第 384 行.
NOTIC: [8] Undefined variable: options /www/web/order_genecreate_cn/public_html/ThinkPHP/Library/Think/PHPExcel/Settings.php 第 384 行.
NOTIC: [8] Undefined variable: options /www/web/order_genecreate_cn/public_html/ThinkPHP/Library/Think/PHPExcel/Settings.php 第 384 行.
NOTIC: [8] Undefined variable: options /www/web/order_genecreate_cn/public_html/ThinkPHP/Library/Think/PHPExcel/Settings.php 第 384 行.
NOTIC: [8] Undefined variable: options /www/web/order_genecreate_cn/public_html/ThinkPHP/Library/Think/PHPExcel/Settings.php 第 384 行.
NOTIC: [4096] Argument 1 passed to PHPExcel_Worksheet::__construct() must be an instance of PHPExcel, instance of Think\PHPExcel given, called in /www/web/order_genecreate_cn/public_html/ThinkPHP/Library/Think/PHPExcel.class.php on line 479 and defined /www/web/order_genecreate_cn/public_html/ThinkPHP/Library/Think/PHPExcel/Worksheet.php 第 341 行.
NOTIC: [4096] Argument 1 passed to PHPExcel_Calculation::getInstance() must be an instance of PHPExcel, instance of Think\PHPExcel given, called in /www/web/order_genecreate_cn/public_html/ThinkPHP/Library/Think/PHPExcel/Worksheet.php on line 880 and defined /www/web/order_genecreate_cn/public_html/ThinkPHP/Library/Think/PHPExcel/Calculation.php 第 1762 行.
NOTIC: [4096] Argument 1 passed to Think\PHPExcel::addSheet() must be an instance of Think\PHPExcel_Worksheet, instance of PHPExcel_Worksheet given, called in /www/web/order_genecreate_cn/public_html/ThinkPHP/Library/Think/PHPExcel.class.php on line 480 and defined /www/web/order_genecreate_cn/public_html/ThinkPHP/Library/Think/PHPExcel.class.php 第 503 行.
NOTIC: [4096] Argument 1 passed to PHPExcel_Calculation::getInstance() must be an instance of PHPExcel, instance of Think\PHPExcel given, called in /www/web/order_genecreate_cn/public_html/ThinkPHP/Library/Think/PHPExcel/Worksheet.php on line 880 and defined /www/web/order_genecreate_cn/public_html/ThinkPHP/Library/Think/PHPExcel/Calculation.php 第 1762 行.
NOTIC: [8] Undefined variable: options /www/web/order_genecreate_cn/public_html/ThinkPHP/Library/Think/PHPExcel/Settings.php 第 384 行.
NOTIC: [4096] Argument 1 passed to PHPExcel_Worksheet::__construct() must be an instance of PHPExcel, instance of Think\PHPExcel given, called in /www/web/order_genecreate_cn/public_html/ThinkPHP/Library/Think/PHPExcel.class.php on line 479 and defined /www/web/order_genecreate_cn/public_html/ThinkPHP/Library/Think/PHPExcel/Worksheet.php 第 341 行.
NOTIC: [4096] Argument 1 passed to PHPExcel_Calculation::getInstance() must be an instance of PHPExcel, instance of Think\PHPExcel given, called in /www/web/order_genecreate_cn/public_html/ThinkPHP/Library/Think/PHPExcel/Worksheet.php on line 880 and defined /www/web/order_genecreate_cn/public_html/ThinkPHP/Library/Think/PHPExcel/Calculation.php 第 1762 行.
NOTIC: [4096] Argument 1 passed to Think\PHPExcel::addSheet() must be an instance of Think\PHPExcel_Worksheet, instance of PHPExcel_Worksheet given, called in /www/web/order_genecreate_cn/public_html/ThinkPHP/Library/Think/PHPExcel.class.php on line 480 and defined /www/web/order_genecreate_cn/public_html/ThinkPHP/Library/Think/PHPExcel.class.php 第 503 行.
NOTIC: [4096] Argument 1 passed to PHPExcel_Calculation::getInstance() must be an instance of PHPExcel, instance of Think\PHPExcel given, called in /www/web/order_genecreate_cn/public_html/ThinkPHP/Library/Think/PHPExcel/Worksheet.php on line 880 and defined /www/web/order_genecreate_cn/public_html/ThinkPHP/Library/Think/PHPExcel/Calculation.php 第 1762 行.
NOTIC: [8] Undefined variable: options /www/web/order_genecreate_cn/public_html/ThinkPHP/Library/Think/PHPExcel/Settings.php 第 384 行.
NOTIC: [8] Undefined variable: options /www/web/order_genecreate_cn/public_html/ThinkPHP/Library/Think/PHPExcel/Settings.php 第 384 行.
SQL: SHOW COLUMNS FROM `ge_orders_primers` [ RunTime:0.0009s ]
SQL: INSERT INTO `ge_orders_primers` (`orderid`,`primername`,`sequence`,`basenum`,`demand`,`tubenum`,`puremthod`,`fmodification`,`tmodification`,`othermod`,`isreserve`,`addtime`) VALUES ('929','ECY-VII-F','GACTATGGAACAGGTTGCAG','20','2','1','2','0','0','0','1','1447396162') [ RunTime:0.0006s ]
SQL: INSERT INTO `ge_orders_primers` (`orderid`,`primername`,`sequence`,`basenum`,`demand`,`tubenum`,`puremthod`,`fmodification`,`tmodification`,`othermod`,`isreserve`,`addtime`) VALUES ('929','ECY-VII-R','GGCCTTTAACGCTGACCACCGGC','23','2','1','2','0','0','0','1','1447396162') [ RunTime:0.0073s ]
SQL: INSERT INTO `ge_orders_primers` (`orderid`,`primername`,`sequence`,`basenum`,`demand`,`tubenum`,`puremthod`,`fmodification`,`tmodification`,`othermod`,`isreserve`,`addtime`) VALUES ('929','ECY-IX-F','GACTATGAGCGTTCTGGTTT','20','2','1','2','0','0','0','1','1447396162') [ RunTime:0.0002s ]
SQL: INSERT INTO `ge_orders_primers` (`orderid`,`primername`,`sequence`,`basenum`,`demand`,`tubenum`,`puremthod`,`fmodification`,`tmodification`,`othermod`,`isreserve`,`addtime`) VALUES ('929','ECY-IX-R','GGCCTTTAGCTGCTGGTTTCCAT','23','2','1','2','0','0','0','1','1447396162') [ RunTime:0.0002s ]
SQL: INSERT INTO `ge_orders_primers` (`orderid`,`primername`,`sequence`,`basenum`,`demand`,`tubenum`,`puremthod`,`fmodification`,`tmodification`,`othermod`,`isreserve`,`addtime`) VALUES ('929','H-BPIFA1-F','GACTCAGTTTGGAGGCCTG','19','2','1','2','0','0','0','1','1447396162') [ RunTime:0.0002s ]
SQL: INSERT INTO `ge_orders_primers` (`orderid`,`primername`,`sequence`,`basenum`,`demand`,`tubenum`,`puremthod`,`fmodification`,`tmodification`,`othermod`,`isreserve`,`addtime`) VALUES ('929','H-BPIFA1-R','GGCCTTTAGACCTTGATGACAAAC','24','2','1','2','0','0','0','1','1447396162') [ RunTime:0.0002s ]
SQL: INSERT INTO `ge_orders_primers` (`orderid`,`primername`,`sequence`,`basenum`,`demand`,`tubenum`,`puremthod`,`fmodification`,`tmodification`,`othermod`,`isreserve`,`addtime`) VALUES ('929','DOA-ROS1-F','GACTATGGAAAAACAGCGTC','20','2','1','2','0','0','0','1','1447396162') [ RunTime:0.0002s ]
SQL: INSERT INTO `ge_orders_primers` (`orderid`,`primername`,`sequence`,`basenum`,`demand`,`tubenum`,`puremthod`,`fmodification`,`tmodification`,`othermod`,`isreserve`,`addtime`) VALUES ('929','DOA-ROS1-R','GGCCTTTAAATTGCATCATAACG','23','2','1','2','0','0','0','1','1447396162') [ RunTime:0.0002s ]
SQL: INSERT INTO `ge_orders_primers` (`orderid`,`primername`,`sequence`,`basenum`,`demand`,`tubenum`,`puremthod`,`fmodification`,`tmodification`,`othermod`,`isreserve`,`addtime`) VALUES ('929','DOA-DME-F','GACTATGAATAGCCGTGCAG','20','2','1','2','0','0','0','1','1447396162') [ RunTime:0.0002s ]
SQL: INSERT INTO `ge_orders_primers` (`orderid`,`primername`,`sequence`,`basenum`,`demand`,`tubenum`,`puremthod`,`fmodification`,`tmodification`,`othermod`,`isreserve`,`addtime`) VALUES ('929','DOA-DME-R','GGCCTTTATTTACGAGGTTTGCG','23','2','1','2','0','0','0','1','1447396162') [ RunTime:0.0002s ]
SQL: INSERT INTO `ge_orders_primers` (`orderid`,`primername`,`sequence`,`basenum`,`demand`,`tubenum`,`puremthod`,`fmodification`,`tmodification`,`othermod`,`isreserve`,`addtime`) VALUES ('929','FMW-Pbp3-F','GACTCAGGATTTTACCATTGC','21','2','1','2','0','0','0','1','1447396162') [ RunTime:0.0002s ]
SQL: INSERT INTO `ge_orders_primers` (`orderid`,`primername`,`sequence`,`basenum`,`demand`,`tubenum`,`puremthod`,`fmodification`,`tmodification`,`othermod`,`isreserve`,`addtime`) VALUES ('929','FMW-Pbp3-R','GGCCTTTACTTTTCGATTTTCTT','23','2','1','2','0','0','0','1','1447396162') [ RunTime:0.0002s ]
SQL: INSERT INTO `ge_orders_primers` (`orderid`,`primername`,`sequence`,`basenum`,`demand`,`tubenum`,`puremthod`,`fmodification`,`tmodification`,`othermod`,`isreserve`,`addtime`) VALUES ('929','pPic9k-sumostar-F','ATGCTACGTACATCACCATCATCATCACGGGTCCCTGCAGGACTCAGA','48','2','1','2','0','0','0','1','1447396162') [ RunTime:0.0196s ]
SQL: INSERT INTO `ge_orders_primers` (`orderid`,`primername`,`sequence`,`basenum`,`demand`,`tubenum`,`puremthod`,`fmodification`,`tmodification`,`othermod`,`isreserve`,`addtime`) VALUES ('929','pPic9k-sumostar-R','ATCGGAATTCGCTGCCGCGCGGCACCAGACCTCCAATCTGTTCTCTGTG','49','2','1','2','0','0','0','1','1447396162') [ RunTime:0.0003s ]
SQL: INSERT INTO `ge_orders_primers` (`orderid`,`primername`,`sequence`,`basenum`,`demand`,`tubenum`,`puremthod`,`fmodification`,`tmodification`,`othermod`,`isreserve`,`addtime`) VALUES ('929','EGFP-S22','TCAGGGATCCATGCATCATCACCATCATCATATGGTGAGCAAGGGCGAGG','50','2','1','2','0','0','0','1','1447396162') [ RunTime:0.0002s ]
SQL: INSERT INTO `ge_orders_primers` (`orderid`,`primername`,`sequence`,`basenum`,`demand`,`tubenum`,`puremthod`,`fmodification`,`tmodification`,`othermod`,`isreserve`,`addtime`) VALUES ('929','H-MORN2-F','GACTATGAATGGTTTTGGAAG','21','2','1','2','0','0','0','1','1447396162') [ RunTime:0.0002s ]
SQL: INSERT INTO `ge_orders_primers` (`orderid`,`primername`,`sequence`,`basenum`,`demand`,`tubenum`,`puremthod`,`fmodification`,`tmodification`,`othermod`,`isreserve`,`addtime`) VALUES ('929','H-MORN2-R','GGCCTTTACATGTGAAGCTTTAAT','24','2','1','2','0','0','0','1','1447396162') [ RunTime:0.0002s ]
SQL: INSERT INTO `ge_orders_primers` (`orderid`,`primername`,`sequence`,`basenum`,`demand`,`tubenum`,`puremthod`,`fmodification`,`tmodification`,`othermod`,`isreserve`,`addtime`) VALUES ('929','H-CSH2-F','GACTGTCCAAACCGTTCCG','19','2','1','2','0','0','0','1','1447396162') [ RunTime:0.0002s ]
SQL: INSERT INTO `ge_orders_primers` (`orderid`,`primername`,`sequence`,`basenum`,`demand`,`tubenum`,`puremthod`,`fmodification`,`tmodification`,`othermod`,`isreserve`,`addtime`) VALUES ('929','H-CSH2-R','GGCCTTTAGAAGCCACAGCTACC','23','2','1','2','0','0','0','1','1447396162') [ RunTime:0.0002s ]
SQL: INSERT INTO `ge_orders_primers` (`orderid`,`primername`,`sequence`,`basenum`,`demand`,`tubenum`,`puremthod`,`fmodification`,`tmodification`,`othermod`,`isreserve`,`addtime`) VALUES ('929','H-G6PC2-F','GACTCATCGACCTTACTGGTGG','22','2','1','2','0','0','0','1','1447396162') [ RunTime:0.0002s ]
SQL: INSERT INTO `ge_orders_primers` (`orderid`,`primername`,`sequence`,`basenum`,`demand`,`tubenum`,`puremthod`,`fmodification`,`tmodification`,`othermod`,`isreserve`,`addtime`) VALUES ('929','H-G6PC2-R','GGCCTTTAATGGCCAGATGGACT','23','2','1','2','0','0','0','1','1447396162') [ RunTime:0.0002s ]
SQL: INSERT INTO `ge_orders_primers` (`orderid`,`primername`,`sequence`,`basenum`,`demand`,`tubenum`,`puremthod`,`fmodification`,`tmodification`,`othermod`,`isreserve`,`addtime`) VALUES ('929','H-NPSR1-F','GACTATGCCAGCCAACTTCAC','21','2','1','2','0','0','0','1','1447396162') [ RunTime:0.0002s ]
SQL: INSERT INTO `ge_orders_primers` (`orderid`,`primername`,`sequence`,`basenum`,`demand`,`tubenum`,`puremthod`,`fmodification`,`tmodification`,`othermod`,`isreserve`,`addtime`) VALUES ('929','H-NPSR1-R','GGCCTTTATTGCTCAGTCTTAAAG','24','2','1','2','0','0','0','1','1447396162') [ RunTime:0.0002s ]
SQL: INSERT INTO `ge_orders_primers` (`orderid`,`primername`,`sequence`,`basenum`,`demand`,`tubenum`,`puremthod`,`fmodification`,`tmodification`,`othermod`,`isreserve`,`addtime`) VALUES ('929','H-WISP3-F','GACTCCATTACTACAGCAGCT','21','2','1','2','0','0','0','1','1447396162') [ RunTime:0.0002s ]
SQL: INSERT INTO `ge_orders_primers` (`orderid`,`primername`,`sequence`,`basenum`,`demand`,`tubenum`,`puremthod`,`fmodification`,`tmodification`,`othermod`,`isreserve`,`addtime`) VALUES ('929','H-WISP3-R','GGCCTTTACAGAATCTTGAGCTC','23','2','1','2','0','0','0','1','1447396162') [ RunTime:0.0002s ]
SQL: INSERT INTO `ge_orders_primers` (`orderid`,`primername`,`sequence`,`basenum`,`demand`,`tubenum`,`puremthod`,`fmodification`,`tmodification`,`othermod`,`isreserve`,`addtime`) VALUES ('929','H-FAM65B-F','GACTATGTTGGTAGGATCCCAG','22','2','1','2','0','0','0','1','1447396162') [ RunTime:0.0002s ]
SQL: INSERT INTO `ge_orders_primers` (`orderid`,`primername`,`sequence`,`basenum`,`demand`,`tubenum`,`puremthod`,`fmodification`,`tmodification`,`othermod`,`isreserve`,`addtime`) VALUES ('929','H-FAM65B-R','GGCCTTTATCCATCCCAGCTCTG','23','2','1','2','0','0','0','1','1447396162') [ RunTime:0.0002s ]
SQL: INSERT INTO `ge_orders_primers` (`orderid`,`primername`,`sequence`,`basenum`,`demand`,`tubenum`,`puremthod`,`fmodification`,`tmodification`,`othermod`,`isreserve`,`addtime`) VALUES ('929','H-TTC19-F','GACTATGAAAGATGAGCCAGAAG','23','2','1','2','0','0','0','1','1447396162') [ RunTime:0.0002s ]
SQL: INSERT INTO `ge_orders_primers` (`orderid`,`primername`,`sequence`,`basenum`,`demand`,`tubenum`,`puremthod`,`fmodification`,`tmodification`,`othermod`,`isreserve`,`addtime`) VALUES ('929','H-TTC19-R','GGCCTTTAGAGCTTGACAGAATT','23','2','1','2','0','0','0','1','1447396162') [ RunTime:0.0002s ]
SQL: INSERT INTO `ge_orders_primers` (`orderid`,`primername`,`sequence`,`basenum`,`demand`,`tubenum`,`puremthod`,`fmodification`,`tmodification`,`othermod`,`isreserve`,`addtime`) VALUES ('929','H-HFM1-F','GACTCTGACATATGCTTCTCAG','22','2','1','2','0','0','0','1','1447396162') [ RunTime:0.0002s ]
SQL: INSERT INTO `ge_orders_primers` (`orderid`,`primername`,`sequence`,`basenum`,`demand`,`tubenum`,`puremthod`,`fmodification`,`tmodification`,`othermod`,`isreserve`,`addtime`) VALUES ('929','H-HFM1-R','GGCCTTTAATTTTCATCTTTTAC','23','2','1','2','0','0','0','1','1447396162') [ RunTime:0.0002s ]
SQL: INSERT INTO `ge_orders_primers` (`orderid`,`primername`,`sequence`,`basenum`,`demand`,`tubenum`,`puremthod`,`fmodification`,`tmodification`,`othermod`,`isreserve`,`addtime`) VALUES ('929','H-CCZ1-F','GACTATGACTTATTTGAAAATCC','23','2','1','2','0','0','0','1','1447396162') [ RunTime:0.0002s ]
SQL: INSERT INTO `ge_orders_primers` (`orderid`,`primername`,`sequence`,`basenum`,`demand`,`tubenum`,`puremthod`,`fmodification`,`tmodification`,`othermod`,`isreserve`,`addtime`) VALUES ('929','H-CCZ1-R','GGCCTTTAATCCAAGAAGAAGATG','24','2','1','2','0','0','0','1','1447396162') [ RunTime:0.0002s ]
SQL: INSERT INTO `ge_orders_primers` (`orderid`,`primername`,`sequence`,`basenum`,`demand`,`tubenum`,`puremthod`,`fmodification`,`tmodification`,`othermod`,`isreserve`,`addtime`) VALUES ('929','H-MIER1-F','GACTATGCCAATTCATGAACT','21','2','1','2','0','0','0','1','1447396162') [ RunTime:0.0002s ]
SQL: INSERT INTO `ge_orders_primers` (`orderid`,`primername`,`sequence`,`basenum`,`demand`,`tubenum`,`puremthod`,`fmodification`,`tmodification`,`othermod`,`isreserve`,`addtime`) VALUES ('929','H-MIER1-R','GGCCTTTAGCATTTAACCAATTC','23','2','1','2','0','0','0','1','1447396162') [ RunTime:0.0002s ]
SQL: INSERT INTO `ge_orders_primers` (`orderid`,`primername`,`sequence`,`basenum`,`demand`,`tubenum`,`puremthod`,`fmodification`,`tmodification`,`othermod`,`isreserve`,`addtime`) VALUES ('929','H-PXK-F','GACTATGGCCTTCATGGAGAAG','22','2','1','2','0','0','0','1','1447396162') [ RunTime:0.0001s ]
SQL: INSERT INTO `ge_orders_primers` (`orderid`,`primername`,`sequence`,`basenum`,`demand`,`tubenum`,`puremthod`,`fmodification`,`tmodification`,`othermod`,`isreserve`,`addtime`) VALUES ('929','H-PXK-R','GGCCTTTAAAGTTTGATTAGACAC','24','2','1','2','0','0','0','1','1447396162') [ RunTime:0.0001s ]
SQL: INSERT INTO `ge_orders_primers` (`orderid`,`primername`,`sequence`,`basenum`,`demand`,`tubenum`,`puremthod`,`fmodification`,`tmodification`,`othermod`,`isreserve`,`addtime`) VALUES ('929','H-CRCP-F','GACTATGGAAGTGAAGGATGCC','22','2','1','2','0','0','0','1','1447396162') [ RunTime:0.0002s ]
SQL: INSERT INTO `ge_orders_primers` (`orderid`,`primername`,`sequence`,`basenum`,`demand`,`tubenum`,`puremthod`,`fmodification`,`tmodification`,`othermod`,`isreserve`,`addtime`) VALUES ('929','H-CRCP-R','GGCCTTTATGCTGGGTCCTCTTCG','24','2','1','2','0','0','0','1','1447396162') [ RunTime:0.0002s ]
SQL: INSERT INTO `ge_orders_primers` (`orderid`,`primername`,`sequence`,`basenum`,`demand`,`tubenum`,`puremthod`,`fmodification`,`tmodification`,`othermod`,`isreserve`,`addtime`) VALUES ('929','H-B4GALT7-F','GACTAGCTGCTCTGGGGACGT','21','2','1','2','0','0','0','1','1447396162') [ RunTime:0.0002s ]
SQL: INSERT INTO `ge_orders_primers` (`orderid`,`primername`,`sequence`,`basenum`,`demand`,`tubenum`,`puremthod`,`fmodification`,`tmodification`,`othermod`,`isreserve`,`addtime`) VALUES ('929','H-B4GALT7-R','GGCCTTTAGCTGAATGTGCACCAG','24','2','1','2','0','0','0','1','1447396162') [ RunTime:0.0002s ]
SQL: INSERT INTO `ge_orders_primers` (`orderid`,`primername`,`sequence`,`basenum`,`demand`,`tubenum`,`puremthod`,`fmodification`,`tmodification`,`othermod`,`isreserve`,`addtime`) VALUES ('929','H-C12orf65-F','GACTATAGCTGTCACTCCGGT','21','2','1','2','0','0','0','1','1447396162') [ RunTime:0.0002s ]
SQL: INSERT INTO `ge_orders_primers` (`orderid`,`primername`,`sequence`,`basenum`,`demand`,`tubenum`,`puremthod`,`fmodification`,`tmodification`,`othermod`,`isreserve`,`addtime`) VALUES ('929','H-C12orf65-R','GGCCTTTAGTGGACCTTTTTACT','23','2','1','2','0','0','0','1','1447396162') [ RunTime:0.0002s ]
SQL: INSERT INTO `ge_orders_primers` (`orderid`,`primername`,`sequence`,`basenum`,`demand`,`tubenum`,`puremthod`,`fmodification`,`tmodification`,`othermod`,`isreserve`,`addtime`) VALUES ('929','H-DEPDC1B-F','GACTATGCCACCCCTGTGTG','20','2','1','2','0','0','0','1','1447396162') [ RunTime:0.0002s ]
SQL: INSERT INTO `ge_orders_primers` (`orderid`,`primername`,`sequence`,`basenum`,`demand`,`tubenum`,`puremthod`,`fmodification`,`tmodification`,`othermod`,`isreserve`,`addtime`) VALUES ('929','H-DEPDC1B-R','GGCCTTTACATTCGAAAACTTCT','23','2','1','2','0','0','0','1','1447396162') [ RunTime:0.0002s ]
SQL: INSERT INTO `ge_orders_primers` (`orderid`,`primername`,`sequence`,`basenum`,`demand`,`tubenum`,`puremthod`,`fmodification`,`tmodification`,`othermod`,`isreserve`,`addtime`) VALUES ('929','DOA-ROS1-F','GACTATGGAAAAACAGCGTC','20','2','1','2','0','0','0','1','1447396162') [ RunTime:0.0004s ]
SQL: INSERT INTO `ge_orders_primers` (`orderid`,`primername`,`sequence`,`basenum`,`demand`,`tubenum`,`puremthod`,`fmodification`,`tmodification`,`othermod`,`isreserve`,`addtime`) VALUES ('929','DOA-ROS1-R','GGCCTTTAAATTGCATCATAACG','23','2','1','2','0','0','0','1','1447396162') [ RunTime:0.0002s ]
SQL: INSERT INTO `ge_orders_primers` (`orderid`,`primername`,`sequence`,`basenum`,`demand`,`tubenum`,`puremthod`,`fmodification`,`tmodification`,`othermod`,`isreserve`,`addtime`) VALUES ('929','H-SLC6A13-F','GACTATGGATAGCAGGGTCTC','21','2','1','2','0','0','0','1','1447396162') [ RunTime:0.0002s ]
SQL: INSERT INTO `ge_orders_primers` (`orderid`,`primername`,`sequence`,`basenum`,`demand`,`tubenum`,`puremthod`,`fmodification`,`tmodification`,`othermod`,`isreserve`,`addtime`) VALUES ('929','H-SLC6A13-R','GGCCTTTACTCCATCTTGTTGTT','23','2','1','2','0','0','0','1','1447396162') [ RunTime:0.0002s ]
SQL: INSERT INTO `ge_orders_primers` (`orderid`,`primername`,`sequence`,`basenum`,`demand`,`tubenum`,`puremthod`,`fmodification`,`tmodification`,`othermod`,`isreserve`,`addtime`) VALUES ('929','H-MMS19-F','GACTCTCGCTGAGGAGCTGCG','21','2','1','2','0','0','0','1','1447396162') [ RunTime:0.0002s ]
SQL: INSERT INTO `ge_orders_primers` (`orderid`,`primername`,`sequence`,`basenum`,`demand`,`tubenum`,`puremthod`,`fmodification`,`tmodification`,`othermod`,`isreserve`,`addtime`) VALUES ('929','H-MMS19-R','GGCCTTTACTGCCCTGAGGAGCC','23','2','1','2','0','0','0','1','1447396162') [ RunTime:0.0002s ]
SQL: INSERT INTO `ge_orders_primers` (`orderid`,`primername`,`sequence`,`basenum`,`demand`,`tubenum`,`puremthod`,`fmodification`,`tmodification`,`othermod`,`isreserve`,`addtime`) VALUES ('929','H-SMOC1-F','GACTGGGCGCCCGCTGCCT','19','2','1','2','0','0','0','1','1447396162') [ RunTime:0.0002s ]
SQL: INSERT INTO `ge_orders_primers` (`orderid`,`primername`,`sequence`,`basenum`,`demand`,`tubenum`,`puremthod`,`fmodification`,`tmodification`,`othermod`,`isreserve`,`addtime`) VALUES ('929','H-SMOC1-R','GGCCTTTACCGCTTGTTAATGTC','23','2','1','2','0','0','0','1','1447396162') [ RunTime:0.0002s ]
SQL: INSERT INTO `ge_orders_primers` (`orderid`,`primername`,`sequence`,`basenum`,`demand`,`tubenum`,`puremthod`,`fmodification`,`tmodification`,`othermod`,`isreserve`,`addtime`) VALUES ('929','H-SNX10-F','GACTATGTTTCCGGAACAACAG','22','2','1','2','0','0','0','1','1447396162') [ RunTime:0.0002s ]
SQL: INSERT INTO `ge_orders_primers` (`orderid`,`primername`,`sequence`,`basenum`,`demand`,`tubenum`,`puremthod`,`fmodification`,`tmodification`,`othermod`,`isreserve`,`addtime`) VALUES ('929','H-SNX10-R','GGCCTTTATTCCACAGAGTACTT','23','2','1','2','0','0','0','1','1447396162') [ RunTime:0.0002s ]
SQL: INSERT INTO `ge_orders_primers` (`orderid`,`primername`,`sequence`,`basenum`,`demand`,`tubenum`,`puremthod`,`fmodification`,`tmodification`,`othermod`,`isreserve`,`addtime`) VALUES ('929','H-TBC1D15-F','GACTGCTATTCCAGGTCTAAAG','22','2','1','2','0','0','0','1','1447396162') [ RunTime:0.0002s ]
SQL: INSERT INTO `ge_orders_primers` (`orderid`,`primername`,`sequence`,`basenum`,`demand`,`tubenum`,`puremthod`,`fmodification`,`tmodification`,`othermod`,`isreserve`,`addtime`) VALUES ('929','H-TBC1D15-R','GGCCTTTATAACCTCGAATTTCT','23','2','1','2','0','0','0','1','1447396162') [ RunTime:0.0002s ]
SQL: INSERT INTO `ge_orders_primers` (`orderid`,`primername`,`sequence`,`basenum`,`demand`,`tubenum`,`puremthod`,`fmodification`,`tmodification`,`othermod`,`isreserve`,`addtime`) VALUES ('929','H-ZCWPW1-F','GACTAACGGATCTAACAGTAATG','23','2','1','2','0','0','0','1','1447396162') [ RunTime:0.0002s ]
SQL: INSERT INTO `ge_orders_primers` (`orderid`,`primername`,`sequence`,`basenum`,`demand`,`tubenum`,`puremthod`,`fmodification`,`tmodification`,`othermod`,`isreserve`,`addtime`) VALUES ('929','H-ZCWPW1-R','GGCCTTTAGAAGTCCTCGCCATC','23','2','1','2','0','0','0','1','1447396162') [ RunTime:0.0002s ]
SQL: INSERT INTO `ge_orders_primers` (`orderid`,`primername`,`sequence`,`basenum`,`demand`,`tubenum`,`puremthod`,`fmodification`,`tmodification`,`othermod`,`isreserve`,`addtime`) VALUES ('929','H-VRTN-F','GACTCCTGGCATCTCACGGTC','21','2','1','2','0','0','0','1','1447396162') [ RunTime:0.0002s ]
SQL: INSERT INTO `ge_orders_primers` (`orderid`,`primername`,`sequence`,`basenum`,`demand`,`tubenum`,`puremthod`,`fmodification`,`tmodification`,`othermod`,`isreserve`,`addtime`) VALUES ('929','H-VRTN-R','GGCCTTTAGCCATCCCTGCCACC','23','2','1','2','0','0','0','1','1447396162') [ RunTime:0.0002s ]
SQL: INSERT INTO `ge_orders_primers` (`orderid`,`primername`,`sequence`,`basenum`,`demand`,`tubenum`,`puremthod`,`fmodification`,`tmodification`,`othermod`,`isreserve`,`addtime`) VALUES ('929','pFUSEKss-CLIg-hk-F','CCTGAGATCAACATGTACAATGAAATACCTATTGCC','36','2','1','2','0','0','0','1','1447396162') [ RunTime:0.0002s ]
SQL: INSERT INTO `ge_orders_primers` (`orderid`,`primername`,`sequence`,`basenum`,`demand`,`tubenum`,`puremthod`,`fmodification`,`tmodification`,`othermod`,`isreserve`,`addtime`) VALUES ('929','pFUSEKss-CLIg-hk-F1','ATTACTCGCGGCCCAGCCGGCCATGGCCCCATGGCGTGTCGACatggtgagcaagggcg','59','2','1','2','0','0','0','1','1447396162') [ RunTime:0.0002s ]
SQL: INSERT INTO `ge_orders_primers` (`orderid`,`primername`,`sequence`,`basenum`,`demand`,`tubenum`,`puremthod`,`fmodification`,`tmodification`,`othermod`,`isreserve`,`addtime`) VALUES ('929','pFUSEKss-CLIg-hk-F2','ATGAAATACCTATTGCCTACGGCAGCCGCTGGATTGTTATTACTCGCGGCCCAG','54','2','1','2','0','0','0','1','1447396162') [ RunTime:0.0002s ]
SQL: INSERT INTO `ge_orders_primers` (`orderid`,`primername`,`sequence`,`basenum`,`demand`,`tubenum`,`puremthod`,`fmodification`,`tmodification`,`othermod`,`isreserve`,`addtime`) VALUES ('929','pFUSEKss-CLIg-hk-R','CCATGGTGACCGGTGAATTCCTTGTACAGCTCGTCCATG','39','2','1','2','0','0','0','1','1447396162') [ RunTime:0.0002s ]
SQL: INSERT INTO `ge_orders_primers` (`orderid`,`primername`,`sequence`,`basenum`,`demand`,`tubenum`,`puremthod`,`fmodification`,`tmodification`,`othermod`,`isreserve`,`addtime`) VALUES ('929','pFUSEKss-CHIg-hG1-F','ATGCCGATCGCTCCGGTGCCCGTC','24','2','1','2','0','0','0','1','1447396162') [ RunTime:0.0002s ]
SQL: INSERT INTO `ge_orders_primers` (`orderid`,`primername`,`sequence`,`basenum`,`demand`,`tubenum`,`puremthod`,`fmodification`,`tmodification`,`othermod`,`isreserve`,`addtime`) VALUES ('929','pFUSEKss-CHIg-hG1-R1','GCAACGAGGAAAACCCAGCTCAGCCCAAACTCCATGGTGGCCCTCCTTCGCC','52','2','1','2','0','0','0','1','1447396162') [ RunTime:0.0002s ]
SQL: INSERT INTO `ge_orders_primers` (`orderid`,`primername`,`sequence`,`basenum`,`demand`,`tubenum`,`puremthod`,`fmodification`,`tmodification`,`othermod`,`isreserve`,`addtime`) VALUES ('929','pFUSEKss-CHIg-hG1-R','ATCGGAATTCACACTGGACACCTCTAAAAAGAGCAACGAGGAAAACCCAG','50','2','1','2','0','0','0','1','1447396162') [ RunTime:0.0002s ]
SQL: INSERT INTO `ge_orders_primers` (`orderid`,`primername`,`sequence`,`basenum`,`demand`,`tubenum`,`puremthod`,`fmodification`,`tmodification`,`othermod`,`isreserve`,`addtime`) VALUES ('929','NGAL-S23','GACTAAGCTTATGTACAGGATGCAACTCCTGTCTTGCATTGCACTAAGTCTT','52','2','1','2','0','0','0','1','1447396162') [ RunTime:0.0002s ]
SQL: INSERT INTO `ge_orders_primers` (`orderid`,`primername`,`sequence`,`basenum`,`demand`,`tubenum`,`puremthod`,`fmodification`,`tmodification`,`othermod`,`isreserve`,`addtime`) VALUES ('929','NGAL-S22','ATTGCACTAAGTCTTGCACTTGTCACGAATTCACAGGACTCCACCTCAG','49','2','1','2','0','0','0','1','1447396162') [ RunTime:0.0002s ]
SQL: INSERT INTO `ge_orders_primers` (`orderid`,`primername`,`sequence`,`basenum`,`demand`,`tubenum`,`puremthod`,`fmodification`,`tmodification`,`othermod`,`isreserve`,`addtime`) VALUES ('929','NGAL-A22','CTGCTCGTGATGATGATGATGATGATGGTGATGATGGCCGTCGATACACT','50','2','1','2','0','0','0','1','1447396162') [ RunTime:0.0002s ]
SQL: INSERT INTO `ge_orders_primers` (`orderid`,`primername`,`sequence`,`basenum`,`demand`,`tubenum`,`puremthod`,`fmodification`,`tmodification`,`othermod`,`isreserve`,`addtime`) VALUES ('929','NGAL-A23','CTAGGCGGCCGCTTACAGATCCTCTTCTGAGATGAGTTTCTGCTCGTGATGATGA','55','2','1','2','0','0','0','1','1447396162') [ RunTime:0.0002s ]
SQL: INSERT INTO `ge_orders_primers` (`orderid`,`primername`,`sequence`,`basenum`,`demand`,`tubenum`,`puremthod`,`fmodification`,`tmodification`,`othermod`,`isreserve`,`addtime`) VALUES ('929','NGAL-S24','GACTAAGCTTATGCAGGACTCCACCTCAGAC','31','2','1','2','0','0','0','1','1447396162') [ RunTime:0.0002s ]
SQL: INSERT INTO `ge_orders_primers` (`orderid`,`primername`,`sequence`,`basenum`,`demand`,`tubenum`,`puremthod`,`fmodification`,`tmodification`,`othermod`,`isreserve`,`addtime`) VALUES ('929','BO-C3-F','GACTAGCGATCTGGATGATG','20','2','1','2','0','0','0','1','1447396162') [ RunTime:0.0001s ]
SQL: INSERT INTO `ge_orders_primers` (`orderid`,`primername`,`sequence`,`basenum`,`demand`,`tubenum`,`puremthod`,`fmodification`,`tmodification`,`othermod`,`isreserve`,`addtime`) VALUES ('929','BO-C3-R','GGCCTTTACTGACCCAGATGTTC','23','2','1','2','0','0','0','1','1447396162') [ RunTime:0.0002s ]
SQL: INSERT INTO `ge_orders_primers` (`orderid`,`primername`,`sequence`,`basenum`,`demand`,`tubenum`,`puremthod`,`fmodification`,`tmodification`,`othermod`,`isreserve`,`addtime`) VALUES ('929','HEC-S-F','GACTGGTGGTTGGTCATCTAAG','22','2','1','2','0','0','0','1','1447396162') [ RunTime:0.0002s ]
SQL: INSERT INTO `ge_orders_primers` (`orderid`,`primername`,`sequence`,`basenum`,`demand`,`tubenum`,`puremthod`,`fmodification`,`tmodification`,`othermod`,`isreserve`,`addtime`) VALUES ('929','HEC-S-R','GGCCTTTAACCGGAAGTAGTGTT','23','2','1','2','0','0','0','1','1447396162') [ RunTime:0.0001s ]
SQL: INSERT INTO `ge_orders_primers` (`orderid`,`primername`,`sequence`,`basenum`,`demand`,`tubenum`,`puremthod`,`fmodification`,`tmodification`,`othermod`,`isreserve`,`addtime`) VALUES ('929','H-FHL1-F','GACTGCGGAGAAGTTTGACTG','21','2','1','2','0','0','0','1','1447396162') [ RunTime:0.0001s ]
SQL: INSERT INTO `ge_orders_primers` (`orderid`,`primername`,`sequence`,`basenum`,`demand`,`tubenum`,`puremthod`,`fmodification`,`tmodification`,`othermod`,`isreserve`,`addtime`) VALUES ('929','H-FHL1-R','GGCCTTTACGGAGCATTTTTTGC','23','2','1','2','0','0','0','1','1447396162') [ RunTime:0.0002s ]
SQL: INSERT INTO `ge_orders_primers` (`orderid`,`primername`,`sequence`,`basenum`,`demand`,`tubenum`,`puremthod`,`fmodification`,`tmodification`,`othermod`,`isreserve`,`addtime`) VALUES ('929','3AOX1','GCAAATGGCATTCTGACATCC','21','10','5','2','0','0','0','1','1447396162') [ RunTime:0.0002s ]
SQL: UPDATE `ge_orders` SET `num_yinwu`='80' WHERE `id` = 929 [ RunTime:0.0002s ]
INFO: [ view_parse ] --START--
INFO: [ template_filter ] --START--
INFO: Run Behavior\ContentReplaceBehavior [ RunTime:0.000041s ]
INFO: [ template_filter ] --END-- [ RunTime:0.000106s ]
INFO: Run Behavior\ParseTemplateBehavior [ RunTime:0.005532s ]
INFO: [ view_parse ] --END-- [ RunTime:0.005590s ]
INFO: [ view_filter ] --START--
INFO: Run Behavior\WriteHtmlCacheBehavior [ RunTime:0.000224s ]
INFO: [ view_filter ] --END-- [ RunTime:0.000272s ]

[ 2015-11-13T14:29:24+08:00 ] 117.34.111.120 /index.php/Index.html
INFO: [ app_init ] --START--
INFO: Run Behavior\BuildLiteBehavior [ RunTime:0.000020s ]
INFO: [ app_init ] --END-- [ RunTime:0.000403s ]
INFO: [ app_begin ] --START--
INFO: Run Behavior\ReadHtmlCacheBehavior [ RunTime:0.000482s ]
INFO: [ app_begin ] --END-- [ RunTime:0.000544s ]
NOTIC: [2048] Non-static method Home\Controller\UserController::isLogin() should not be called statically, assuming $this from incompatible context /www/web/order_genecreate_cn/public_html/Application/Home/Controller/IndexController.class.php 第 10 行.
SQL: SHOW COLUMNS FROM `ge_members` [ RunTime:0.0007s ]
SQL: SELECT * FROM `ge_members` WHERE (  id = '57'  ) LIMIT 1   [ RunTime:0.0001s ]
SQL: SHOW COLUMNS FROM `ge_orders` [ RunTime:0.0011s ]
SQL: SELECT `id`,`code`,`code_yw`,`uid`,`description`,`info`,`addtime`,`ordertype`,`status`,`num_yinwu`,`gid`,`num`,`synthesis` FROM `ge_orders` WHERE (  uid = '57' and status != 3 and ordertype = 1 ) ORDER BY id desc LIMIT 3   [ RunTime:0.0006s ]
SQL: SELECT `id`,`code`,`code_yw`,`uid`,`description`,`info`,`addtime`,`ordertype`,`status`,`num_yinwu`,`gid`,`num`,`synthesis` FROM `ge_orders` WHERE (  uid = '57' and status != 3 and ordertype = 2 ) ORDER BY id desc LIMIT 3   [ RunTime:0.0003s ]
SQL: SELECT `id`,`code`,`code_yw`,`uid`,`description`,`info`,`addtime`,`ordertype`,`status`,`num_yinwu`,`gid`,`num`,`synthesis` FROM `ge_orders` WHERE (  uid = '57' and status != 3 and ordertype = 3 ) ORDER BY id desc LIMIT 3   [ RunTime:0.0004s ]
SQL: SELECT `id`,`code`,`uid`,`description`,`info`,`addtime`,`ordertype`,`status`,`num_yinwu`,`gid`,`num` FROM `ge_orders` WHERE (  uid = '57' and status != 3 and ordertype = 4 ) ORDER BY id desc LIMIT 3   [ RunTime:0.0004s ]
SQL: SELECT `id`,`code`,`uid`,`description`,`info`,`addtime`,`ordertype`,`status`,`num_yinwu`,`gid`,`num` FROM `ge_orders` WHERE (  uid = '57' and status != 3 and ordertype = 5 ) ORDER BY id desc LIMIT 3   [ RunTime:0.0003s ]
SQL: SELECT `id`,`code`,`uid`,`description`,`info`,`addtime`,`ordertype`,`status`,`num_yinwu`,`gid`,`num` FROM `ge_orders` WHERE (  uid = '57' and status != 3 and ordertype = 6 ) ORDER BY id desc LIMIT 3   [ RunTime:0.0003s ]
SQL: SELECT * FROM `ge_orders` WHERE (  uid = 57 and status = 3 ) LIMIT 5   [ RunTime:0.0002s ]
SQL: SHOW COLUMNS FROM `ge_members_info` [ RunTime:0.0007s ]
SQL: SELECT * FROM `ge_members_info` WHERE ( uid = 57 ) LIMIT 1   [ RunTime:0.0001s ]
INFO: [ view_parse ] --START--
INFO: [ template_filter ] --START--
INFO: Run Behavior\ContentReplaceBehavior [ RunTime:0.000131s ]
INFO: [ template_filter ] --END-- [ RunTime:0.000224s ]
SQL: SHOW COLUMNS FROM `ge_orders_primers` [ RunTime:0.0009s ]
SQL: SELECT SUM(basenum) AS tp_Sum FROM `ge_orders_primers` WHERE (  orderid = 929 ) LIMIT 1   [ RunTime:0.0008s ]
SQL: SELECT SUM(basenum) AS tp_Sum FROM `ge_orders_primers` WHERE (  orderid = 924 ) LIMIT 1   [ RunTime:0.0007s ]
SQL: SELECT SUM(basenum) AS tp_Sum FROM `ge_orders_primers` WHERE (  orderid = 921 ) LIMIT 1   [ RunTime:0.0006s ]
INFO: Run Behavior\ParseTemplateBehavior [ RunTime:0.058983s ]
INFO: [ view_parse ] --END-- [ RunTime:0.059080s ]
INFO: [ view_filter ] --START--
INFO: Run Behavior\WriteHtmlCacheBehavior [ RunTime:0.000431s ]
INFO: [ view_filter ] --END-- [ RunTime:0.000484s ]
INFO: [ app_end ] --START--
INFO: Run Behavior\ShowPageTraceBehavior [ RunTime:0.000491s ]
INFO: [ app_end ] --END-- [ RunTime:0.000554s ]

[ 2015-11-13T17:05:06+08:00 ] 117.34.111.85 /favicon.ico
INFO: [ app_init ] --START--
INFO: Run Behavior\BuildLiteBehavior [ RunTime:0.000093s ]
INFO: [ app_init ] --END-- [ RunTime:0.000513s ]

[ 2015-11-13T17:40:48+08:00 ] 61.54.46.39 /favicon.ico
INFO: [ app_init ] --START--
INFO: Run Behavior\BuildLiteBehavior [ RunTime:0.000016s ]
INFO: [ app_init ] --END-- [ RunTime:0.000314s ]

[ 2015-11-13T18:18:35+08:00 ] 108.162.223.209 /index.php/home/user.html
INFO: [ app_init ] --START--
INFO: Run Behavior\BuildLiteBehavior [ RunTime:0.000019s ]
INFO: [ app_init ] --END-- [ RunTime:0.000349s ]
INFO: [ app_begin ] --START--
INFO: Run Behavior\ReadHtmlCacheBehavior [ RunTime:0.000463s ]
INFO: [ app_begin ] --END-- [ RunTime:0.000522s ]
INFO: [ view_parse ] --START--
INFO: [ template_filter ] --START--
INFO: Run Behavior\ContentReplaceBehavior [ RunTime:0.000034s ]
INFO: [ template_filter ] --END-- [ RunTime:0.000093s ]
INFO: Run Behavior\ParseTemplateBehavior [ RunTime:0.005359s ]
INFO: [ view_parse ] --END-- [ RunTime:0.005420s ]
INFO: [ view_filter ] --START--
INFO: Run Behavior\WriteHtmlCacheBehavior [ RunTime:0.000188s ]
INFO: [ view_filter ] --END-- [ RunTime:0.000233s ]
INFO: [ app_end ] --START--
INFO: Run Behavior\ShowPageTraceBehavior [ RunTime:0.000555s ]
INFO: [ app_end ] --END-- [ RunTime:0.000622s ]

[ 2015-11-13T18:33:49+08:00 ] 61.54.46.39 /favicon.ico
INFO: [ app_init ] --START--
INFO: Run Behavior\BuildLiteBehavior [ RunTime:0.000024s ]
INFO: [ app_init ] --END-- [ RunTime:0.000472s ]

[ 2015-11-13T18:44:31+08:00 ] 61.54.46.39 /favicon.ico
INFO: [ app_init ] --START--
INFO: Run Behavior\BuildLiteBehavior [ RunTime:0.000026s ]
INFO: [ app_init ] --END-- [ RunTime:0.000389s ]

[ 2015-11-13T19:03:00+08:00 ] 61.54.46.39 /favicon.ico
INFO: [ app_init ] --START--
INFO: Run Behavior\BuildLiteBehavior [ RunTime:0.000020s ]
INFO: [ app_init ] --END-- [ RunTime:0.000348s ]

[ 2015-11-13T19:09:44+08:00 ] 61.54.46.39 /favicon.ico
INFO: [ app_init ] --START--
INFO: Run Behavior\BuildLiteBehavior [ RunTime:0.000018s ]
INFO: [ app_init ] --END-- [ RunTime:0.000341s ]

[ 2015-11-13T19:15:51+08:00 ] 61.54.46.39 /favicon.ico
INFO: [ app_init ] --START--
INFO: Run Behavior\BuildLiteBehavior [ RunTime:0.000020s ]
INFO: [ app_init ] --END-- [ RunTime:0.000392s ]

[ 2015-11-13T19:47:03+08:00 ] 116.31.126.66 /news/html/?0'union/**/select/**/1/**/from/**/(select/**/count(*),concat(floor(rand(0)*2),0x3a,(select/**/concat(user,0x3a,password)/**/from/**/pwn_base_admin/**/limit/**/0,1),0x3a)a/**/from/**/information_schema.tables/**/group/**/by/**/a)b/**/where'1'='1.html
INFO: [ app_init ] --START--
INFO: Run Behavior\BuildLiteBehavior [ RunTime:0.000017s ]
INFO: [ app_init ] --END-- [ RunTime:0.000363s ]
INFO: [ app_begin ] --START--
INFO: Run Behavior\ReadHtmlCacheBehavior [ RunTime:0.000470s ]
INFO: [ app_begin ] --END-- [ RunTime:0.000542s ]
ERR: 无法加载控制器:News

[ 2015-11-13T23:24:39+08:00 ] 61.54.46.39 /favicon.ico
INFO: [ app_init ] --START--
INFO: Run Behavior\BuildLiteBehavior [ RunTime:0.000017s ]
INFO: [ app_init ] --END-- [ RunTime:0.000368s ]

[ 2015-11-13T23:31:44+08:00 ] 61.54.46.39 /favicon.ico
INFO: [ app_init ] --START--
INFO: Run Behavior\BuildLiteBehavior [ RunTime:0.000016s ]
INFO: [ app_init ] --END-- [ RunTime:0.000297s ]

