[ 2015-11-28T07:58:41+08:00 ] 101.71.55.130 /
INFO: [ app_init ] --START--
INFO: Run Behavior\BuildLiteBehavior [ RunTime:0.000040s ]
INFO: [ app_init ] --END-- [ RunTime:0.001618s ]
INFO: [ app_begin ] --START--
INFO: Run Behavior\ReadHtmlCacheBehavior [ RunTime:0.019180s ]
INFO: [ app_begin ] --END-- [ RunTime:0.019345s ]
NOTIC: [2048] Non-static method Home\Controller\UserController::isLogin() should not be called statically, assuming $this from incompatible context /www/web/order_genecreate_cn/public_html/Application/Home/Controller/IndexController.class.php 第 10 行.

[ 2015-11-28T10:52:00+08:00 ] 117.34.111.85 /favicon.ico
INFO: [ app_init ] --START--
INFO: Run Behavior\BuildLiteBehavior [ RunTime:0.000019s ]
INFO: [ app_init ] --END-- [ RunTime:0.000332s ]

[ 2015-11-28T11:24:01+08:00 ] 117.34.111.85 /favicon.ico
INFO: [ app_init ] --START--
INFO: Run Behavior\BuildLiteBehavior [ RunTime:0.000016s ]
INFO: [ app_init ] --END-- [ RunTime:0.000396s ]

[ 2015-11-28T12:15:51+08:00 ] 116.31.126.24 /index.php/home/user/register.html
INFO: [ app_init ] --START--
INFO: Run Behavior\BuildLiteBehavior [ RunTime:0.000026s ]
INFO: [ app_init ] --END-- [ RunTime:0.000377s ]
INFO: [ app_begin ] --START--
INFO: Run Behavior\ReadHtmlCacheBehavior [ RunTime:0.000457s ]
INFO: [ app_begin ] --END-- [ RunTime:0.000563s ]
SQL: SHOW COLUMNS FROM `ge_area` [ RunTime:0.0007s ]
SQL: SELECT * FROM `ge_area` WHERE (  reid = 0 )  [ RunTime:0.0001s ]
INFO: [ view_parse ] --START--
INFO: [ template_filter ] --START--
INFO: Run Behavior\ContentReplaceBehavior [ RunTime:0.000094s ]
INFO: [ template_filter ] --END-- [ RunTime:0.000202s ]
NOTIC: [8] Undefined variable: userInfo /www/web/order_genecreate_cn/public_html/Application/Runtime/Cache/Home/015e3576f39cd349a536d1ba186b013a.php 第 538 行.
NOTIC: [8] Undefined variable: userInfo /www/web/order_genecreate_cn/public_html/Application/Runtime/Cache/Home/015e3576f39cd349a536d1ba186b013a.php 第 538 行.
NOTIC: [8] Undefined variable: userInfo /www/web/order_genecreate_cn/public_html/Application/Runtime/Cache/Home/015e3576f39cd349a536d1ba186b013a.php 第 538 行.
NOTIC: [8] Undefined variable: userInfo /www/web/order_genecreate_cn/public_html/Application/Runtime/Cache/Home/015e3576f39cd349a536d1ba186b013a.php 第 538 行.
NOTIC: [8] Undefined variable: userInfo /www/web/order_genecreate_cn/public_html/Application/Runtime/Cache/Home/015e3576f39cd349a536d1ba186b013a.php 第 538 行.
NOTIC: [8] Undefined variable: userInfo /www/web/order_genecreate_cn/public_html/Application/Runtime/Cache/Home/015e3576f39cd349a536d1ba186b013a.php 第 538 行.
NOTIC: [8] Undefined variable: userInfo /www/web/order_genecreate_cn/public_html/Application/Runtime/Cache/Home/015e3576f39cd349a536d1ba186b013a.php 第 538 行.
NOTIC: [8] Undefined variable: userInfo /www/web/order_genecreate_cn/public_html/Application/Runtime/Cache/Home/015e3576f39cd349a536d1ba186b013a.php 第 538 行.
NOTIC: [8] Undefined variable: userInfo /www/web/order_genecreate_cn/public_html/Application/Runtime/Cache/Home/015e3576f39cd349a536d1ba186b013a.php 第 538 行.
NOTIC: [8] Undefined variable: userInfo /www/web/order_genecreate_cn/public_html/Application/Runtime/Cache/Home/015e3576f39cd349a536d1ba186b013a.php 第 538 行.
NOTIC: [8] Undefined variable: userInfo /www/web/order_genecreate_cn/public_html/Application/Runtime/Cache/Home/015e3576f39cd349a536d1ba186b013a.php 第 538 行.
NOTIC: [8] Undefined variable: userInfo /www/web/order_genecreate_cn/public_html/Application/Runtime/Cache/Home/015e3576f39cd349a536d1ba186b013a.php 第 538 行.
NOTIC: [8] Undefined variable: userInfo /www/web/order_genecreate_cn/public_html/Application/Runtime/Cache/Home/015e3576f39cd349a536d1ba186b013a.php 第 538 行.
NOTIC: [8] Undefined variable: userInfo /www/web/order_genecreate_cn/public_html/Application/Runtime/Cache/Home/015e3576f39cd349a536d1ba186b013a.php 第 538 行.
NOTIC: [8] Undefined variable: userInfo /www/web/order_genecreate_cn/public_html/Application/Runtime/Cache/Home/015e3576f39cd349a536d1ba186b013a.php 第 538 行.
NOTIC: [8] Undefined variable: userInfo /www/web/order_genecreate_cn/public_html/Application/Runtime/Cache/Home/015e3576f39cd349a536d1ba186b013a.php 第 538 行.
NOTIC: [8] Undefined variable: userInfo /www/web/order_genecreate_cn/public_html/Application/Runtime/Cache/Home/015e3576f39cd349a536d1ba186b013a.php 第 538 行.
NOTIC: [8] Undefined variable: userInfo /www/web/order_genecreate_cn/public_html/Application/Runtime/Cache/Home/015e3576f39cd349a536d1ba186b013a.php 第 538 行.
NOTIC: [8] Undefined variable: userInfo /www/web/order_genecreate_cn/public_html/Application/Runtime/Cache/Home/015e3576f39cd349a536d1ba186b013a.php 第 538 行.
NOTIC: [8] Undefined variable: userInfo /www/web/order_genecreate_cn/public_html/Application/Runtime/Cache/Home/015e3576f39cd349a536d1ba186b013a.php 第 538 行.
NOTIC: [8] Undefined variable: userInfo /www/web/order_genecreate_cn/public_html/Application/Runtime/Cache/Home/015e3576f39cd349a536d1ba186b013a.php 第 538 行.
NOTIC: [8] Undefined variable: userInfo /www/web/order_genecreate_cn/public_html/Application/Runtime/Cache/Home/015e3576f39cd349a536d1ba186b013a.php 第 538 行.
NOTIC: [8] Undefined variable: userInfo /www/web/order_genecreate_cn/public_html/Application/Runtime/Cache/Home/015e3576f39cd349a536d1ba186b013a.php 第 538 行.
NOTIC: [8] Undefined variable: userInfo /www/web/order_genecreate_cn/public_html/Application/Runtime/Cache/Home/015e3576f39cd349a536d1ba186b013a.php 第 538 行.
NOTIC: [8] Undefined variable: userInfo /www/web/order_genecreate_cn/public_html/Application/Runtime/Cache/Home/015e3576f39cd349a536d1ba186b013a.php 第 538 行.
NOTIC: [8] Undefined variable: userInfo /www/web/order_genecreate_cn/public_html/Application/Runtime/Cache/Home/015e3576f39cd349a536d1ba186b013a.php 第 538 行.
NOTIC: [8] Undefined variable: userInfo /www/web/order_genecreate_cn/public_html/Application/Runtime/Cache/Home/015e3576f39cd349a536d1ba186b013a.php 第 538 行.
NOTIC: [8] Undefined variable: userInfo /www/web/order_genecreate_cn/public_html/Application/Runtime/Cache/Home/015e3576f39cd349a536d1ba186b013a.php 第 538 行.
NOTIC: [8] Undefined variable: userInfo /www/web/order_genecreate_cn/public_html/Application/Runtime/Cache/Home/015e3576f39cd349a536d1ba186b013a.php 第 538 行.
NOTIC: [8] Undefined variable: userInfo /www/web/order_genecreate_cn/public_html/Application/Runtime/Cache/Home/015e3576f39cd349a536d1ba186b013a.php 第 538 行.
NOTIC: [8] Undefined variable: userInfo /www/web/order_genecreate_cn/public_html/Application/Runtime/Cache/Home/015e3576f39cd349a536d1ba186b013a.php 第 538 行.
NOTIC: [8] Undefined variable: userInfo /www/web/order_genecreate_cn/public_html/Application/Runtime/Cache/Home/015e3576f39cd349a536d1ba186b013a.php 第 538 行.
NOTIC: [8] Undefined variable: userInfo /www/web/order_genecreate_cn/public_html/Application/Runtime/Cache/Home/015e3576f39cd349a536d1ba186b013a.php 第 538 行.
NOTIC: [8] Undefined variable: userInfo /www/web/order_genecreate_cn/public_html/Application/Runtime/Cache/Home/015e3576f39cd349a536d1ba186b013a.php 第 538 行.
NOTIC: [8] Undefined variable: userInfo /www/web/order_genecreate_cn/public_html/Application/Runtime/Cache/Home/015e3576f39cd349a536d1ba186b013a.php 第 552 行.
INFO: Run Behavior\ParseTemplateBehavior [ RunTime:0.043805s ]
INFO: [ view_parse ] --END-- [ RunTime:0.043899s ]
INFO: [ view_filter ] --START--
INFO: Run Behavior\WriteHtmlCacheBehavior [ RunTime:0.000259s ]
INFO: [ view_filter ] --END-- [ RunTime:0.000309s ]
INFO: [ app_end ] --START--
INFO: Run Behavior\ShowPageTraceBehavior [ RunTime:0.000482s ]
INFO: [ app_end ] --END-- [ RunTime:0.000538s ]

[ 2015-11-28T12:15:52+08:00 ] 116.31.126.24 /index.php/home/user.html
INFO: [ app_init ] --START--
INFO: Run Behavior\BuildLiteBehavior [ RunTime:0.000017s ]
INFO: [ app_init ] --END-- [ RunTime:0.000308s ]
INFO: [ app_begin ] --START--
INFO: Run Behavior\ReadHtmlCacheBehavior [ RunTime:0.000642s ]
INFO: [ app_begin ] --END-- [ RunTime:0.000750s ]
INFO: [ view_parse ] --START--
INFO: [ template_filter ] --START--
INFO: Run Behavior\ContentReplaceBehavior [ RunTime:0.000043s ]
INFO: [ template_filter ] --END-- [ RunTime:0.000122s ]
INFO: Run Behavior\ParseTemplateBehavior [ RunTime:0.024931s ]
INFO: [ view_parse ] --END-- [ RunTime:0.025005s ]
INFO: [ view_filter ] --START--
INFO: Run Behavior\WriteHtmlCacheBehavior [ RunTime:0.000187s ]
INFO: [ view_filter ] --END-- [ RunTime:0.000233s ]
INFO: [ app_end ] --START--
INFO: Run Behavior\ShowPageTraceBehavior [ RunTime:0.000415s ]
INFO: [ app_end ] --END-- [ RunTime:0.000465s ]

[ 2015-11-28T14:34:31+08:00 ] 116.31.126.42 /
INFO: [ app_init ] --START--
INFO: Run Behavior\BuildLiteBehavior [ RunTime:0.000019s ]
INFO: [ app_init ] --END-- [ RunTime:0.000307s ]
INFO: [ app_begin ] --START--
INFO: Run Behavior\ReadHtmlCacheBehavior [ RunTime:0.000446s ]
INFO: [ app_begin ] --END-- [ RunTime:0.000509s ]
NOTIC: [2048] Non-static method Home\Controller\UserController::isLogin() should not be called statically, assuming $this from incompatible context /www/web/order_genecreate_cn/public_html/Application/Home/Controller/IndexController.class.php 第 10 行.

[ 2015-11-28T14:34:33+08:00 ] 116.31.126.18 /index.php/Home/User.html
INFO: [ app_init ] --START--
INFO: Run Behavior\BuildLiteBehavior [ RunTime:0.000019s ]
INFO: [ app_init ] --END-- [ RunTime:0.000319s ]
INFO: [ app_begin ] --START--
INFO: Run Behavior\ReadHtmlCacheBehavior [ RunTime:0.000456s ]
INFO: [ app_begin ] --END-- [ RunTime:0.000526s ]
INFO: [ view_parse ] --START--
INFO: [ template_filter ] --START--
INFO: Run Behavior\ContentReplaceBehavior [ RunTime:0.000043s ]
INFO: [ template_filter ] --END-- [ RunTime:0.000123s ]
INFO: Run Behavior\ParseTemplateBehavior [ RunTime:0.005615s ]
INFO: [ view_parse ] --END-- [ RunTime:0.005675s ]
INFO: [ view_filter ] --START--
INFO: Run Behavior\WriteHtmlCacheBehavior [ RunTime:0.000222s ]
INFO: [ view_filter ] --END-- [ RunTime:0.000269s ]
INFO: [ app_end ] --START--
INFO: Run Behavior\ShowPageTraceBehavior [ RunTime:0.000501s ]
INFO: [ app_end ] --END-- [ RunTime:0.000551s ]

[ 2015-11-28T16:23:26+08:00 ] 173.245.48.28 /favicon.ico
INFO: [ app_init ] --START--
INFO: Run Behavior\BuildLiteBehavior [ RunTime:0.000019s ]
INFO: [ app_init ] --END-- [ RunTime:0.000399s ]

[ 2015-11-28T17:22:03+08:00 ] 116.31.126.36 /index.php/home/user.html
INFO: [ app_init ] --START--
INFO: Run Behavior\BuildLiteBehavior [ RunTime:0.000021s ]
INFO: [ app_init ] --END-- [ RunTime:0.000402s ]
INFO: [ app_begin ] --START--
INFO: Run Behavior\ReadHtmlCacheBehavior [ RunTime:0.000484s ]
INFO: [ app_begin ] --END-- [ RunTime:0.000581s ]
INFO: [ view_parse ] --START--
INFO: [ template_filter ] --START--
INFO: Run Behavior\ContentReplaceBehavior [ RunTime:0.000045s ]
INFO: [ template_filter ] --END-- [ RunTime:0.000139s ]
INFO: Run Behavior\ParseTemplateBehavior [ RunTime:0.006103s ]
INFO: [ view_parse ] --END-- [ RunTime:0.006201s ]
INFO: [ view_filter ] --START--
INFO: Run Behavior\WriteHtmlCacheBehavior [ RunTime:0.000214s ]
INFO: [ view_filter ] --END-- [ RunTime:0.000267s ]
INFO: [ app_end ] --START--
INFO: Run Behavior\ShowPageTraceBehavior [ RunTime:0.000504s ]
INFO: [ app_end ] --END-- [ RunTime:0.000565s ]

[ 2015-11-28T17:22:03+08:00 ] 116.31.126.36 /index.php/home/user/register.html
INFO: [ app_init ] --START--
INFO: Run Behavior\BuildLiteBehavior [ RunTime:0.000015s ]
INFO: [ app_init ] --END-- [ RunTime:0.000371s ]
INFO: [ app_begin ] --START--
INFO: Run Behavior\ReadHtmlCacheBehavior [ RunTime:0.000440s ]
INFO: [ app_begin ] --END-- [ RunTime:0.000499s ]
SQL: SHOW COLUMNS FROM `ge_area` [ RunTime:0.0006s ]
SQL: SELECT * FROM `ge_area` WHERE (  reid = 0 )  [ RunTime:0.0001s ]
INFO: [ view_parse ] --START--
INFO: [ template_filter ] --START--
INFO: Run Behavior\ContentReplaceBehavior [ RunTime:0.000119s ]
INFO: [ template_filter ] --END-- [ RunTime:0.000212s ]
NOTIC: [8] Undefined variable: userInfo /www/web/order_genecreate_cn/public_html/Application/Runtime/Cache/Home/015e3576f39cd349a536d1ba186b013a.php 第 538 行.
NOTIC: [8] Undefined variable: userInfo /www/web/order_genecreate_cn/public_html/Application/Runtime/Cache/Home/015e3576f39cd349a536d1ba186b013a.php 第 538 行.
NOTIC: [8] Undefined variable: userInfo /www/web/order_genecreate_cn/public_html/Application/Runtime/Cache/Home/015e3576f39cd349a536d1ba186b013a.php 第 538 行.
NOTIC: [8] Undefined variable: userInfo /www/web/order_genecreate_cn/public_html/Application/Runtime/Cache/Home/015e3576f39cd349a536d1ba186b013a.php 第 538 行.
NOTIC: [8] Undefined variable: userInfo /www/web/order_genecreate_cn/public_html/Application/Runtime/Cache/Home/015e3576f39cd349a536d1ba186b013a.php 第 538 行.
NOTIC: [8] Undefined variable: userInfo /www/web/order_genecreate_cn/public_html/Application/Runtime/Cache/Home/015e3576f39cd349a536d1ba186b013a.php 第 538 行.
NOTIC: [8] Undefined variable: userInfo /www/web/order_genecreate_cn/public_html/Application/Runtime/Cache/Home/015e3576f39cd349a536d1ba186b013a.php 第 538 行.
NOTIC: [8] Undefined variable: userInfo /www/web/order_genecreate_cn/public_html/Application/Runtime/Cache/Home/015e3576f39cd349a536d1ba186b013a.php 第 538 行.
NOTIC: [8] Undefined variable: userInfo /www/web/order_genecreate_cn/public_html/Application/Runtime/Cache/Home/015e3576f39cd349a536d1ba186b013a.php 第 538 行.
NOTIC: [8] Undefined variable: userInfo /www/web/order_genecreate_cn/public_html/Application/Runtime/Cache/Home/015e3576f39cd349a536d1ba186b013a.php 第 538 行.
NOTIC: [8] Undefined variable: userInfo /www/web/order_genecreate_cn/public_html/Application/Runtime/Cache/Home/015e3576f39cd349a536d1ba186b013a.php 第 538 行.
NOTIC: [8] Undefined variable: userInfo /www/web/order_genecreate_cn/public_html/Application/Runtime/Cache/Home/015e3576f39cd349a536d1ba186b013a.php 第 538 行.
NOTIC: [8] Undefined variable: userInfo /www/web/order_genecreate_cn/public_html/Application/Runtime/Cache/Home/015e3576f39cd349a536d1ba186b013a.php 第 538 行.
NOTIC: [8] Undefined variable: userInfo /www/web/order_genecreate_cn/public_html/Application/Runtime/Cache/Home/015e3576f39cd349a536d1ba186b013a.php 第 538 行.
NOTIC: [8] Undefined variable: userInfo /www/web/order_genecreate_cn/public_html/Application/Runtime/Cache/Home/015e3576f39cd349a536d1ba186b013a.php 第 538 行.
NOTIC: [8] Undefined variable: userInfo /www/web/order_genecreate_cn/public_html/Application/Runtime/Cache/Home/015e3576f39cd349a536d1ba186b013a.php 第 538 行.
NOTIC: [8] Undefined variable: userInfo /www/web/order_genecreate_cn/public_html/Application/Runtime/Cache/Home/015e3576f39cd349a536d1ba186b013a.php 第 538 行.
NOTIC: [8] Undefined variable: userInfo /www/web/order_genecreate_cn/public_html/Application/Runtime/Cache/Home/015e3576f39cd349a536d1ba186b013a.php 第 538 行.
NOTIC: [8] Undefined variable: userInfo /www/web/order_genecreate_cn/public_html/Application/Runtime/Cache/Home/015e3576f39cd349a536d1ba186b013a.php 第 538 行.
NOTIC: [8] Undefined variable: userInfo /www/web/order_genecreate_cn/public_html/Application/Runtime/Cache/Home/015e3576f39cd349a536d1ba186b013a.php 第 538 行.
NOTIC: [8] Undefined variable: userInfo /www/web/order_genecreate_cn/public_html/Application/Runtime/Cache/Home/015e3576f39cd349a536d1ba186b013a.php 第 538 行.
NOTIC: [8] Undefined variable: userInfo /www/web/order_genecreate_cn/public_html/Application/Runtime/Cache/Home/015e3576f39cd349a536d1ba186b013a.php 第 538 行.
NOTIC: [8] Undefined variable: userInfo /www/web/order_genecreate_cn/public_html/Application/Runtime/Cache/Home/015e3576f39cd349a536d1ba186b013a.php 第 538 行.
NOTIC: [8] Undefined variable: userInfo /www/web/order_genecreate_cn/public_html/Application/Runtime/Cache/Home/015e3576f39cd349a536d1ba186b013a.php 第 538 行.
NOTIC: [8] Undefined variable: userInfo /www/web/order_genecreate_cn/public_html/Application/Runtime/Cache/Home/015e3576f39cd349a536d1ba186b013a.php 第 538 行.
NOTIC: [8] Undefined variable: userInfo /www/web/order_genecreate_cn/public_html/Application/Runtime/Cache/Home/015e3576f39cd349a536d1ba186b013a.php 第 538 行.
NOTIC: [8] Undefined variable: userInfo /www/web/order_genecreate_cn/public_html/Application/Runtime/Cache/Home/015e3576f39cd349a536d1ba186b013a.php 第 538 行.
NOTIC: [8] Undefined variable: userInfo /www/web/order_genecreate_cn/public_html/Application/Runtime/Cache/Home/015e3576f39cd349a536d1ba186b013a.php 第 538 行.
NOTIC: [8] Undefined variable: userInfo /www/web/order_genecreate_cn/public_html/Application/Runtime/Cache/Home/015e3576f39cd349a536d1ba186b013a.php 第 538 行.
NOTIC: [8] Undefined variable: userInfo /www/web/order_genecreate_cn/public_html/Application/Runtime/Cache/Home/015e3576f39cd349a536d1ba186b013a.php 第 538 行.
NOTIC: [8] Undefined variable: userInfo /www/web/order_genecreate_cn/public_html/Application/Runtime/Cache/Home/015e3576f39cd349a536d1ba186b013a.php 第 538 行.
NOTIC: [8] Undefined variable: userInfo /www/web/order_genecreate_cn/public_html/Application/Runtime/Cache/Home/015e3576f39cd349a536d1ba186b013a.php 第 538 行.
NOTIC: [8] Undefined variable: userInfo /www/web/order_genecreate_cn/public_html/Application/Runtime/Cache/Home/015e3576f39cd349a536d1ba186b013a.php 第 538 行.
NOTIC: [8] Undefined variable: userInfo /www/web/order_genecreate_cn/public_html/Application/Runtime/Cache/Home/015e3576f39cd349a536d1ba186b013a.php 第 538 行.
NOTIC: [8] Undefined variable: userInfo /www/web/order_genecreate_cn/public_html/Application/Runtime/Cache/Home/015e3576f39cd349a536d1ba186b013a.php 第 552 行.
INFO: Run Behavior\ParseTemplateBehavior [ RunTime:0.009688s ]
INFO: [ view_parse ] --END-- [ RunTime:0.009747s ]
INFO: [ view_filter ] --START--
INFO: Run Behavior\WriteHtmlCacheBehavior [ RunTime:0.000201s ]
INFO: [ view_filter ] --END-- [ RunTime:0.000250s ]
INFO: [ app_end ] --START--
INFO: Run Behavior\ShowPageTraceBehavior [ RunTime:0.000443s ]
INFO: [ app_end ] --END-- [ RunTime:0.000498s ]

[ 2015-11-28T19:24:40+08:00 ] 120.52.113.95 /favicon.ico
INFO: [ app_init ] --START--
INFO: Run Behavior\BuildLiteBehavior [ RunTime:0.000017s ]
INFO: [ app_init ] --END-- [ RunTime:0.000341s ]

[ 2015-11-28T21:59:40+08:00 ] 101.71.55.130 /
INFO: [ app_init ] --START--
INFO: Run Behavior\BuildLiteBehavior [ RunTime:0.000020s ]
INFO: [ app_init ] --END-- [ RunTime:0.000480s ]
INFO: [ app_begin ] --START--
INFO: Run Behavior\ReadHtmlCacheBehavior [ RunTime:0.000464s ]
INFO: [ app_begin ] --END-- [ RunTime:0.000537s ]
NOTIC: [2048] Non-static method Home\Controller\UserController::isLogin() should not be called statically, assuming $this from incompatible context /www/web/order_genecreate_cn/public_html/Application/Home/Controller/IndexController.class.php 第 10 行.

[ 2015-11-28T22:42:56+08:00 ] 199.27.128.174 /
INFO: [ app_init ] --START--
INFO: Run Behavior\BuildLiteBehavior [ RunTime:0.000022s ]
INFO: [ app_init ] --END-- [ RunTime:0.000336s ]
INFO: [ app_begin ] --START--
INFO: Run Behavior\ReadHtmlCacheBehavior [ RunTime:0.000508s ]
INFO: [ app_begin ] --END-- [ RunTime:0.000604s ]
NOTIC: [2048] Non-static method Home\Controller\UserController::isLogin() should not be called statically, assuming $this from incompatible context /www/web/order_genecreate_cn/public_html/Application/Home/Controller/IndexController.class.php 第 10 行.

[ 2015-11-28T22:42:57+08:00 ] 199.27.128.174 /plus/mytag_js.php?aid=511348
INFO: [ app_init ] --START--
INFO: Run Behavior\BuildLiteBehavior [ RunTime:0.000021s ]
INFO: [ app_init ] --END-- [ RunTime:0.000327s ]
INFO: [ app_begin ] --START--
INFO: Run Behavior\ReadHtmlCacheBehavior [ RunTime:0.000425s ]
INFO: [ app_begin ] --END-- [ RunTime:0.000492s ]
ERR: 无法加载控制器:Plus

[ 2015-11-28T22:42:58+08:00 ] 199.27.128.174 /plus/mytag_js.php?aid=9527
INFO: [ app_init ] --START--
INFO: Run Behavior\BuildLiteBehavior [ RunTime:0.000025s ]
INFO: [ app_init ] --END-- [ RunTime:0.000432s ]
INFO: [ app_begin ] --START--
INFO: Run Behavior\ReadHtmlCacheBehavior [ RunTime:0.000481s ]
INFO: [ app_begin ] --END-- [ RunTime:0.000548s ]
ERR: 无法加载控制器:Plus

[ 2015-11-28T22:43:32+08:00 ] 199.27.133.191 /lrrpv51331.asp;.jpg
INFO: [ app_init ] --START--
INFO: Run Behavior\BuildLiteBehavior [ RunTime:0.000019s ]
INFO: [ app_init ] --END-- [ RunTime:0.000355s ]

[ 2015-11-28T22:43:32+08:00 ] 199.27.128.231 /zzz.asp;.jpg
INFO: [ app_init ] --START--
INFO: Run Behavior\BuildLiteBehavior [ RunTime:0.000018s ]
INFO: [ app_init ] --END-- [ RunTime:0.000400s ]

[ 2015-11-28T22:43:33+08:00 ] 199.27.128.227 /jycpcx.asp;.jpg
INFO: [ app_init ] --START--
INFO: Run Behavior\BuildLiteBehavior [ RunTime:0.000042s ]
INFO: [ app_init ] --END-- [ RunTime:0.000415s ]

[ 2015-11-28T22:43:33+08:00 ] 162.158.255.188 /l0s4r.asp;.jpg
INFO: [ app_init ] --START--
INFO: Run Behavior\BuildLiteBehavior [ RunTime:0.000017s ]
INFO: [ app_init ] --END-- [ RunTime:0.000316s ]

[ 2015-11-28T22:43:34+08:00 ] 162.158.255.147 /Ac2.asp;.jpg
INFO: [ app_init ] --START--
INFO: Run Behavior\BuildLiteBehavior [ RunTime:0.000027s ]
INFO: [ app_init ] --END-- [ RunTime:0.000525s ]

[ 2015-11-28T22:43:34+08:00 ] 162.158.255.145 /zixi.asp;.jpg
INFO: [ app_init ] --START--
INFO: Run Behavior\BuildLiteBehavior [ RunTime:0.000015s ]
INFO: [ app_init ] --END-- [ RunTime:0.000301s ]

[ 2015-11-28T22:43:35+08:00 ] 199.27.128.138 /jjasp.asp;.jpg
INFO: [ app_init ] --START--
INFO: Run Behavior\BuildLiteBehavior [ RunTime:0.000021s ]
INFO: [ app_init ] --END-- [ RunTime:0.000375s ]

[ 2015-11-28T22:43:35+08:00 ] 199.27.133.134 /miaojcx.asp;.jpg
INFO: [ app_init ] --START--
INFO: Run Behavior\BuildLiteBehavior [ RunTime:0.000016s ]
INFO: [ app_init ] --END-- [ RunTime:0.000345s ]

[ 2015-11-28T22:43:36+08:00 ] 162.158.255.171 /xk_com.asp;.jpg
INFO: [ app_init ] --START--
INFO: Run Behavior\BuildLiteBehavior [ RunTime:0.000024s ]
INFO: [ app_init ] --END-- [ RunTime:0.000337s ]

[ 2015-11-28T23:08:09+08:00 ] 120.52.113.95 /favicon.ico
INFO: [ app_init ] --START--
INFO: Run Behavior\BuildLiteBehavior [ RunTime:0.000026s ]
INFO: [ app_init ] --END-- [ RunTime:0.000451s ]

[ 2015-11-28T23:57:28+08:00 ] 116.31.126.36 /kkwwy44002.txt
INFO: [ app_init ] --START--
INFO: Run Behavior\BuildLiteBehavior [ RunTime:0.000020s ]
INFO: [ app_init ] --END-- [ RunTime:0.000358s ]
INFO: [ app_begin ] --START--
INFO: Run Behavior\ReadHtmlCacheBehavior [ RunTime:0.000458s ]
INFO: [ app_begin ] --END-- [ RunTime:0.000532s ]
ERR: 无法加载控制器:Kkwwy44002.txt

