[ 2015-11-14T00:25:02+08:00 ] 108.162.223.209 /index.php/home/user/register.html
INFO: [ app_init ] --START--
INFO: Run Behavior\BuildLiteBehavior [ RunTime:0.000018s ]
INFO: [ app_init ] --END-- [ RunTime:0.000362s ]
INFO: [ app_begin ] --START--
INFO: Run Behavior\ReadHtmlCacheBehavior [ RunTime:0.000662s ]
INFO: [ app_begin ] --END-- [ RunTime:0.000747s ]
SQL: SHOW COLUMNS FROM `ge_area` [ RunTime:0.0008s ]
SQL: SELECT * FROM `ge_area` WHERE (  reid = 0 )  [ RunTime:0.0001s ]
INFO: [ view_parse ] --START--
INFO: [ template_filter ] --START--
INFO: Run Behavior\ContentReplaceBehavior [ RunTime:0.000102s ]
INFO: [ template_filter ] --END-- [ RunTime:0.000246s ]
NOTIC: [8] Undefined variable: userInfo /www/web/order_genecreate_cn/public_html/Application/Runtime/Cache/Home/015e3576f39cd349a536d1ba186b013a.php 第 538 行.
NOTIC: [8] Undefined variable: userInfo /www/web/order_genecreate_cn/public_html/Application/Runtime/Cache/Home/015e3576f39cd349a536d1ba186b013a.php 第 538 行.
NOTIC: [8] Undefined variable: userInfo /www/web/order_genecreate_cn/public_html/Application/Runtime/Cache/Home/015e3576f39cd349a536d1ba186b013a.php 第 538 行.
NOTIC: [8] Undefined variable: userInfo /www/web/order_genecreate_cn/public_html/Application/Runtime/Cache/Home/015e3576f39cd349a536d1ba186b013a.php 第 538 行.
NOTIC: [8] Undefined variable: userInfo /www/web/order_genecreate_cn/public_html/Application/Runtime/Cache/Home/015e3576f39cd349a536d1ba186b013a.php 第 538 行.
NOTIC: [8] Undefined variable: userInfo /www/web/order_genecreate_cn/public_html/Application/Runtime/Cache/Home/015e3576f39cd349a536d1ba186b013a.php 第 538 行.
NOTIC: [8] Undefined variable: userInfo /www/web/order_genecreate_cn/public_html/Application/Runtime/Cache/Home/015e3576f39cd349a536d1ba186b013a.php 第 538 行.
NOTIC: [8] Undefined variable: userInfo /www/web/order_genecreate_cn/public_html/Application/Runtime/Cache/Home/015e3576f39cd349a536d1ba186b013a.php 第 538 行.
NOTIC: [8] Undefined variable: userInfo /www/web/order_genecreate_cn/public_html/Application/Runtime/Cache/Home/015e3576f39cd349a536d1ba186b013a.php 第 538 行.
NOTIC: [8] Undefined variable: userInfo /www/web/order_genecreate_cn/public_html/Application/Runtime/Cache/Home/015e3576f39cd349a536d1ba186b013a.php 第 538 行.
NOTIC: [8] Undefined variable: userInfo /www/web/order_genecreate_cn/public_html/Application/Runtime/Cache/Home/015e3576f39cd349a536d1ba186b013a.php 第 538 行.
NOTIC: [8] Undefined variable: userInfo /www/web/order_genecreate_cn/public_html/Application/Runtime/Cache/Home/015e3576f39cd349a536d1ba186b013a.php 第 538 行.
NOTIC: [8] Undefined variable: userInfo /www/web/order_genecreate_cn/public_html/Application/Runtime/Cache/Home/015e3576f39cd349a536d1ba186b013a.php 第 538 行.
NOTIC: [8] Undefined variable: userInfo /www/web/order_genecreate_cn/public_html/Application/Runtime/Cache/Home/015e3576f39cd349a536d1ba186b013a.php 第 538 行.
NOTIC: [8] Undefined variable: userInfo /www/web/order_genecreate_cn/public_html/Application/Runtime/Cache/Home/015e3576f39cd349a536d1ba186b013a.php 第 538 行.
NOTIC: [8] Undefined variable: userInfo /www/web/order_genecreate_cn/public_html/Application/Runtime/Cache/Home/015e3576f39cd349a536d1ba186b013a.php 第 538 行.
NOTIC: [8] Undefined variable: userInfo /www/web/order_genecreate_cn/public_html/Application/Runtime/Cache/Home/015e3576f39cd349a536d1ba186b013a.php 第 538 行.
NOTIC: [8] Undefined variable: userInfo /www/web/order_genecreate_cn/public_html/Application/Runtime/Cache/Home/015e3576f39cd349a536d1ba186b013a.php 第 538 行.
NOTIC: [8] Undefined variable: userInfo /www/web/order_genecreate_cn/public_html/Application/Runtime/Cache/Home/015e3576f39cd349a536d1ba186b013a.php 第 538 行.
NOTIC: [8] Undefined variable: userInfo /www/web/order_genecreate_cn/public_html/Application/Runtime/Cache/Home/015e3576f39cd349a536d1ba186b013a.php 第 538 行.
NOTIC: [8] Undefined variable: userInfo /www/web/order_genecreate_cn/public_html/Application/Runtime/Cache/Home/015e3576f39cd349a536d1ba186b013a.php 第 538 行.
NOTIC: [8] Undefined variable: userInfo /www/web/order_genecreate_cn/public_html/Application/Runtime/Cache/Home/015e3576f39cd349a536d1ba186b013a.php 第 538 行.
NOTIC: [8] Undefined variable: userInfo /www/web/order_genecreate_cn/public_html/Application/Runtime/Cache/Home/015e3576f39cd349a536d1ba186b013a.php 第 538 行.
NOTIC: [8] Undefined variable: userInfo /www/web/order_genecreate_cn/public_html/Application/Runtime/Cache/Home/015e3576f39cd349a536d1ba186b013a.php 第 538 行.
NOTIC: [8] Undefined variable: userInfo /www/web/order_genecreate_cn/public_html/Application/Runtime/Cache/Home/015e3576f39cd349a536d1ba186b013a.php 第 538 行.
NOTIC: [8] Undefined variable: userInfo /www/web/order_genecreate_cn/public_html/Application/Runtime/Cache/Home/015e3576f39cd349a536d1ba186b013a.php 第 538 行.
NOTIC: [8] Undefined variable: userInfo /www/web/order_genecreate_cn/public_html/Application/Runtime/Cache/Home/015e3576f39cd349a536d1ba186b013a.php 第 538 行.
NOTIC: [8] Undefined variable: userInfo /www/web/order_genecreate_cn/public_html/Application/Runtime/Cache/Home/015e3576f39cd349a536d1ba186b013a.php 第 538 行.
NOTIC: [8] Undefined variable: userInfo /www/web/order_genecreate_cn/public_html/Application/Runtime/Cache/Home/015e3576f39cd349a536d1ba186b013a.php 第 538 行.
NOTIC: [8] Undefined variable: userInfo /www/web/order_genecreate_cn/public_html/Application/Runtime/Cache/Home/015e3576f39cd349a536d1ba186b013a.php 第 538 行.
NOTIC: [8] Undefined variable: userInfo /www/web/order_genecreate_cn/public_html/Application/Runtime/Cache/Home/015e3576f39cd349a536d1ba186b013a.php 第 538 行.
NOTIC: [8] Undefined variable: userInfo /www/web/order_genecreate_cn/public_html/Application/Runtime/Cache/Home/015e3576f39cd349a536d1ba186b013a.php 第 538 行.
NOTIC: [8] Undefined variable: userInfo /www/web/order_genecreate_cn/public_html/Application/Runtime/Cache/Home/015e3576f39cd349a536d1ba186b013a.php 第 538 行.
NOTIC: [8] Undefined variable: userInfo /www/web/order_genecreate_cn/public_html/Application/Runtime/Cache/Home/015e3576f39cd349a536d1ba186b013a.php 第 538 行.
NOTIC: [8] Undefined variable: userInfo /www/web/order_genecreate_cn/public_html/Application/Runtime/Cache/Home/015e3576f39cd349a536d1ba186b013a.php 第 552 行.
INFO: Run Behavior\ParseTemplateBehavior [ RunTime:0.046694s ]
INFO: [ view_parse ] --END-- [ RunTime:0.046775s ]
INFO: [ view_filter ] --START--
INFO: Run Behavior\WriteHtmlCacheBehavior [ RunTime:0.000216s ]
INFO: [ view_filter ] --END-- [ RunTime:0.000267s ]
INFO: [ app_end ] --START--
INFO: Run Behavior\ShowPageTraceBehavior [ RunTime:0.000490s ]
INFO: [ app_end ] --END-- [ RunTime:0.000568s ]

[ 2015-11-14T07:23:18+08:00 ] 117.34.111.85 /favicon.ico
INFO: [ app_init ] --START--
INFO: Run Behavior\BuildLiteBehavior [ RunTime:0.000022s ]
INFO: [ app_init ] --END-- [ RunTime:0.000474s ]

[ 2015-11-14T08:09:14+08:00 ] 117.34.111.85 /favicon.ico
INFO: [ app_init ] --START--
INFO: Run Behavior\BuildLiteBehavior [ RunTime:0.000023s ]
INFO: [ app_init ] --END-- [ RunTime:0.000344s ]

[ 2015-11-14T09:46:37+08:00 ] 61.54.46.39 /favicon.ico
INFO: [ app_init ] --START--
INFO: Run Behavior\BuildLiteBehavior [ RunTime:0.000018s ]
INFO: [ app_init ] --END-- [ RunTime:0.000455s ]

[ 2015-11-14T10:12:04+08:00 ] 117.34.111.120 /
INFO: [ app_init ] --START--
INFO: Run Behavior\BuildLiteBehavior [ RunTime:0.000020s ]
INFO: [ app_init ] --END-- [ RunTime:0.000369s ]
INFO: [ app_begin ] --START--
INFO: Run Behavior\ReadHtmlCacheBehavior [ RunTime:0.000509s ]
INFO: [ app_begin ] --END-- [ RunTime:0.000611s ]
NOTIC: [2048] Non-static method Home\Controller\UserController::isLogin() should not be called statically, assuming $this from incompatible context /www/web/order_genecreate_cn/public_html/Application/Home/Controller/IndexController.class.php 第 10 行.

[ 2015-11-14T10:12:04+08:00 ] 171.13.14.58 /
INFO: [ app_init ] --START--
INFO: Run Behavior\BuildLiteBehavior [ RunTime:0.000037s ]
INFO: [ app_init ] --END-- [ RunTime:0.000330s ]
INFO: [ app_begin ] --START--
INFO: Run Behavior\ReadHtmlCacheBehavior [ RunTime:0.000420s ]
INFO: [ app_begin ] --END-- [ RunTime:0.000487s ]
NOTIC: [2048] Non-static method Home\Controller\UserController::isLogin() should not be called statically, assuming $this from incompatible context /www/web/order_genecreate_cn/public_html/Application/Home/Controller/IndexController.class.php 第 10 行.

[ 2015-11-14T10:12:04+08:00 ] 120.52.113.125 /
INFO: [ app_init ] --START--
INFO: Run Behavior\BuildLiteBehavior [ RunTime:0.000017s ]
INFO: [ app_init ] --END-- [ RunTime:0.000417s ]
INFO: [ app_begin ] --START--
INFO: Run Behavior\ReadHtmlCacheBehavior [ RunTime:0.000454s ]
INFO: [ app_begin ] --END-- [ RunTime:0.000513s ]
NOTIC: [2048] Non-static method Home\Controller\UserController::isLogin() should not be called statically, assuming $this from incompatible context /www/web/order_genecreate_cn/public_html/Application/Home/Controller/IndexController.class.php 第 10 行.

[ 2015-11-14T11:06:12+08:00 ] 120.52.113.95 /favicon.ico
INFO: [ app_init ] --START--
INFO: Run Behavior\BuildLiteBehavior [ RunTime:0.000020s ]
INFO: [ app_init ] --END-- [ RunTime:0.000341s ]

[ 2015-11-14T11:25:33+08:00 ] 198.41.243.6 /index.php/Home/User.html
INFO: [ app_init ] --START--
INFO: Run Behavior\BuildLiteBehavior [ RunTime:0.000020s ]
INFO: [ app_init ] --END-- [ RunTime:0.000322s ]
INFO: [ app_begin ] --START--
INFO: Run Behavior\ReadHtmlCacheBehavior [ RunTime:0.000498s ]
INFO: [ app_begin ] --END-- [ RunTime:0.000579s ]
INFO: [ view_parse ] --START--
INFO: [ template_filter ] --START--
INFO: Run Behavior\ContentReplaceBehavior [ RunTime:0.000045s ]
INFO: [ template_filter ] --END-- [ RunTime:0.000135s ]
INFO: Run Behavior\ParseTemplateBehavior [ RunTime:0.034908s ]
INFO: [ view_parse ] --END-- [ RunTime:0.034984s ]
INFO: [ view_filter ] --START--
INFO: Run Behavior\WriteHtmlCacheBehavior [ RunTime:0.000199s ]
INFO: [ view_filter ] --END-- [ RunTime:0.000250s ]
INFO: [ app_end ] --START--
INFO: Run Behavior\ShowPageTraceBehavior [ RunTime:0.000473s ]
INFO: [ app_end ] --END-- [ RunTime:0.000537s ]

[ 2015-11-14T13:52:39+08:00 ] 101.71.55.130 /
INFO: [ app_init ] --START--
INFO: Run Behavior\BuildLiteBehavior [ RunTime:0.000020s ]
INFO: [ app_init ] --END-- [ RunTime:0.000350s ]
INFO: [ app_begin ] --START--
INFO: Run Behavior\ReadHtmlCacheBehavior [ RunTime:0.000469s ]
INFO: [ app_begin ] --END-- [ RunTime:0.000547s ]
NOTIC: [2048] Non-static method Home\Controller\UserController::isLogin() should not be called statically, assuming $this from incompatible context /www/web/order_genecreate_cn/public_html/Application/Home/Controller/IndexController.class.php 第 10 行.

[ 2015-11-14T13:52:39+08:00 ] 101.71.55.130 /
INFO: [ app_init ] --START--
INFO: Run Behavior\BuildLiteBehavior [ RunTime:0.000015s ]
INFO: [ app_init ] --END-- [ RunTime:0.000315s ]
INFO: [ app_begin ] --START--
INFO: Run Behavior\ReadHtmlCacheBehavior [ RunTime:0.000480s ]
INFO: [ app_begin ] --END-- [ RunTime:0.000563s ]
NOTIC: [2048] Non-static method Home\Controller\UserController::isLogin() should not be called statically, assuming $this from incompatible context /www/web/order_genecreate_cn/public_html/Application/Home/Controller/IndexController.class.php 第 10 行.

[ 2015-11-14T13:52:39+08:00 ] 183.136.190.62 /
INFO: [ app_init ] --START--
INFO: Run Behavior\BuildLiteBehavior [ RunTime:0.000016s ]
INFO: [ app_init ] --END-- [ RunTime:0.000348s ]
INFO: [ app_begin ] --START--
INFO: Run Behavior\ReadHtmlCacheBehavior [ RunTime:0.000449s ]
INFO: [ app_begin ] --END-- [ RunTime:0.000516s ]
NOTIC: [2048] Non-static method Home\Controller\UserController::isLogin() should not be called statically, assuming $this from incompatible context /www/web/order_genecreate_cn/public_html/Application/Home/Controller/IndexController.class.php 第 10 行.

[ 2015-11-14T15:21:53+08:00 ] 116.31.126.66 /index.php/Home/User.html
INFO: [ app_init ] --START--
INFO: Run Behavior\BuildLiteBehavior [ RunTime:0.000020s ]
INFO: [ app_init ] --END-- [ RunTime:0.000315s ]
INFO: [ app_begin ] --START--
INFO: Run Behavior\ReadHtmlCacheBehavior [ RunTime:0.000583s ]
INFO: [ app_begin ] --END-- [ RunTime:0.000682s ]
INFO: [ view_parse ] --START--
INFO: [ template_filter ] --START--
INFO: Run Behavior\ContentReplaceBehavior [ RunTime:0.000059s ]
INFO: [ template_filter ] --END-- [ RunTime:0.000165s ]
INFO: Run Behavior\ParseTemplateBehavior [ RunTime:0.005436s ]
INFO: [ view_parse ] --END-- [ RunTime:0.005494s ]
INFO: [ view_filter ] --START--
INFO: Run Behavior\WriteHtmlCacheBehavior [ RunTime:0.000226s ]
INFO: [ view_filter ] --END-- [ RunTime:0.000272s ]
INFO: [ app_end ] --START--
INFO: Run Behavior\ShowPageTraceBehavior [ RunTime:0.000462s ]
INFO: [ app_end ] --END-- [ RunTime:0.000521s ]

[ 2015-11-14T21:20:07+08:00 ] 123.125.71.22 /
INFO: [ app_init ] --START--
INFO: Run Behavior\BuildLiteBehavior [ RunTime:0.000020s ]
INFO: [ app_init ] --END-- [ RunTime:0.000358s ]
INFO: [ app_begin ] --START--
INFO: Run Behavior\ReadHtmlCacheBehavior [ RunTime:0.000459s ]
INFO: [ app_begin ] --END-- [ RunTime:0.000539s ]
NOTIC: [2048] Non-static method Home\Controller\UserController::isLogin() should not be called statically, assuming $this from incompatible context /www/web/order_genecreate_cn/public_html/Application/Home/Controller/IndexController.class.php 第 10 行.

[ 2015-11-14T21:20:08+08:00 ] 123.125.71.60 /index.php/Home/User.html
INFO: [ app_init ] --START--
INFO: Run Behavior\BuildLiteBehavior [ RunTime:0.000018s ]
INFO: [ app_init ] --END-- [ RunTime:0.000316s ]
INFO: [ app_begin ] --START--
INFO: Run Behavior\ReadHtmlCacheBehavior [ RunTime:0.000425s ]
INFO: [ app_begin ] --END-- [ RunTime:0.000497s ]
INFO: [ view_parse ] --START--
INFO: [ template_filter ] --START--
INFO: Run Behavior\ContentReplaceBehavior [ RunTime:0.000042s ]
INFO: [ template_filter ] --END-- [ RunTime:0.000127s ]
INFO: Run Behavior\ParseTemplateBehavior [ RunTime:0.005813s ]
INFO: [ view_parse ] --END-- [ RunTime:0.005910s ]
INFO: [ view_filter ] --START--
INFO: Run Behavior\WriteHtmlCacheBehavior [ RunTime:0.000208s ]
INFO: [ view_filter ] --END-- [ RunTime:0.000258s ]
INFO: [ app_end ] --START--
INFO: Run Behavior\ShowPageTraceBehavior [ RunTime:0.000539s ]
INFO: [ app_end ] --END-- [ RunTime:0.000596s ]

[ 2015-11-14T21:20:09+08:00 ] 220.181.108.147 /
INFO: [ app_init ] --START--
INFO: Run Behavior\BuildLiteBehavior [ RunTime:0.000022s ]
INFO: [ app_init ] --END-- [ RunTime:0.000355s ]
INFO: [ app_begin ] --START--
INFO: Run Behavior\ReadHtmlCacheBehavior [ RunTime:0.000471s ]
INFO: [ app_begin ] --END-- [ RunTime:0.000538s ]
NOTIC: [2048] Non-static method Home\Controller\UserController::isLogin() should not be called statically, assuming $this from incompatible context /www/web/order_genecreate_cn/public_html/Application/Home/Controller/IndexController.class.php 第 10 行.

[ 2015-11-14T21:20:09+08:00 ] 220.181.108.181 /index.php/Home/User.html
INFO: [ app_init ] --START--
INFO: Run Behavior\BuildLiteBehavior [ RunTime:0.000018s ]
INFO: [ app_init ] --END-- [ RunTime:0.000309s ]
INFO: [ app_begin ] --START--
INFO: Run Behavior\ReadHtmlCacheBehavior [ RunTime:0.000510s ]
INFO: [ app_begin ] --END-- [ RunTime:0.000588s ]
INFO: [ view_parse ] --START--
INFO: [ template_filter ] --START--
INFO: Run Behavior\ContentReplaceBehavior [ RunTime:0.000057s ]
INFO: [ template_filter ] --END-- [ RunTime:0.000153s ]
INFO: Run Behavior\ParseTemplateBehavior [ RunTime:0.005788s ]
INFO: [ view_parse ] --END-- [ RunTime:0.005894s ]
INFO: [ view_filter ] --START--
INFO: Run Behavior\WriteHtmlCacheBehavior [ RunTime:0.000232s ]
INFO: [ view_filter ] --END-- [ RunTime:0.000287s ]
INFO: [ app_end ] --START--
INFO: Run Behavior\ShowPageTraceBehavior [ RunTime:0.000428s ]
INFO: [ app_end ] --END-- [ RunTime:0.000479s ]

[ 2015-11-14T21:53:28+08:00 ] 123.125.71.116 /index.php/Home/User.html
INFO: [ app_init ] --START--
INFO: Run Behavior\BuildLiteBehavior [ RunTime:0.000021s ]
INFO: [ app_init ] --END-- [ RunTime:0.000367s ]
INFO: [ app_begin ] --START--
INFO: Run Behavior\ReadHtmlCacheBehavior [ RunTime:0.000442s ]
INFO: [ app_begin ] --END-- [ RunTime:0.000507s ]
INFO: [ view_parse ] --START--
INFO: [ template_filter ] --START--
INFO: Run Behavior\ContentReplaceBehavior [ RunTime:0.000043s ]
INFO: [ template_filter ] --END-- [ RunTime:0.000142s ]
INFO: Run Behavior\ParseTemplateBehavior [ RunTime:0.006844s ]
INFO: [ view_parse ] --END-- [ RunTime:0.006943s ]
INFO: [ view_filter ] --START--
INFO: Run Behavior\WriteHtmlCacheBehavior [ RunTime:0.000198s ]
INFO: [ view_filter ] --END-- [ RunTime:0.000247s ]
INFO: [ app_end ] --START--
INFO: Run Behavior\ShowPageTraceBehavior [ RunTime:0.000456s ]
INFO: [ app_end ] --END-- [ RunTime:0.000509s ]

[ 2015-11-14T21:53:31+08:00 ] 220.181.108.181 /index.php/Home/User.html
INFO: [ app_init ] --START--
INFO: Run Behavior\BuildLiteBehavior [ RunTime:0.000019s ]
INFO: [ app_init ] --END-- [ RunTime:0.000315s ]
INFO: [ app_begin ] --START--
INFO: Run Behavior\ReadHtmlCacheBehavior [ RunTime:0.000527s ]
INFO: [ app_begin ] --END-- [ RunTime:0.000589s ]
INFO: [ view_parse ] --START--
INFO: [ template_filter ] --START--
INFO: Run Behavior\ContentReplaceBehavior [ RunTime:0.000059s ]
INFO: [ template_filter ] --END-- [ RunTime:0.000148s ]
INFO: Run Behavior\ParseTemplateBehavior [ RunTime:0.005767s ]
INFO: [ view_parse ] --END-- [ RunTime:0.005856s ]
INFO: [ view_filter ] --START--
INFO: Run Behavior\WriteHtmlCacheBehavior [ RunTime:0.000295s ]
INFO: [ view_filter ] --END-- [ RunTime:0.000367s ]
INFO: [ app_end ] --START--
INFO: Run Behavior\ShowPageTraceBehavior [ RunTime:0.000630s ]
INFO: [ app_end ] --END-- [ RunTime:0.000709s ]

[ 2015-11-14T22:26:48+08:00 ] 123.125.71.48 /index.php/Home/
INFO: [ app_init ] --START--
INFO: Run Behavior\BuildLiteBehavior [ RunTime:0.000027s ]
INFO: [ app_init ] --END-- [ RunTime:0.000539s ]
INFO: [ app_begin ] --START--
INFO: Run Behavior\ReadHtmlCacheBehavior [ RunTime:0.000468s ]
INFO: [ app_begin ] --END-- [ RunTime:0.000529s ]
NOTIC: [2048] Non-static method Home\Controller\UserController::isLogin() should not be called statically, assuming $this from incompatible context /www/web/order_genecreate_cn/public_html/Application/Home/Controller/IndexController.class.php 第 10 行.

[ 2015-11-14T22:26:48+08:00 ] 123.125.71.41 /index.php/Home/User.html
INFO: [ app_init ] --START--
INFO: Run Behavior\BuildLiteBehavior [ RunTime:0.000017s ]
INFO: [ app_init ] --END-- [ RunTime:0.000301s ]
INFO: [ app_begin ] --START--
INFO: Run Behavior\ReadHtmlCacheBehavior [ RunTime:0.000441s ]
INFO: [ app_begin ] --END-- [ RunTime:0.000524s ]
INFO: [ view_parse ] --START--
INFO: [ template_filter ] --START--
INFO: Run Behavior\ContentReplaceBehavior [ RunTime:0.000034s ]
INFO: [ template_filter ] --END-- [ RunTime:0.000096s ]
INFO: Run Behavior\ParseTemplateBehavior [ RunTime:0.005566s ]
INFO: [ view_parse ] --END-- [ RunTime:0.005628s ]
INFO: [ view_filter ] --START--
INFO: Run Behavior\WriteHtmlCacheBehavior [ RunTime:0.000217s ]
INFO: [ view_filter ] --END-- [ RunTime:0.000264s ]
INFO: [ app_end ] --START--
INFO: Run Behavior\ShowPageTraceBehavior [ RunTime:0.000445s ]
INFO: [ app_end ] --END-- [ RunTime:0.000494s ]

